#
# There is insufficient memory for the Java Runtime Environment to continue.
# Native memory allocation (malloc) failed to allocate 1036832 bytes for Chunk::new
# Possible reasons:
#   The system is out of physical RAM or swap space
#   The process is running with CompressedOops enabled, and the Java Heap may be blocking the growth of the native heap
# Possible solutions:
#   Reduce memory load on the system
#   Increase physical memory or swap space
#   Check if swap backing store is full
#   Decrease Java heap size (-Xmx/-Xms)
#   Decrease number of Java threads
#   Decrease Java thread stack sizes (-Xss)
#   Set larger code cache with -XX:ReservedCodeCacheSize=
#   JVM is running with Unscaled Compressed Oops mode in which the Java heap is
#     placed in the first 4GB address space. The Java Heap base address is the
#     maximum limit for the native heap growth. Please use -XX:HeapBaseMinAddress
#     to set the Java Heap base and to place the Java Heap above 4GB virtual address.
# This output file may be truncated or incomplete.
#
#  Out of Memory Error (arena.cpp:189), pid=17788, tid=260
#
# JRE version: Java(TM) SE Runtime Environment (17.0.1+12) (build 17.0.1+12-LTS-39)
# Java VM: Java HotSpot(TM) 64-Bit Server VM (17.0.1+12-LTS-39, mixed mode, sharing, tiered, compressed oops, compressed class ptrs, g1 gc, windows-amd64)
# No core dump will be written. Minidumps are not enabled by default on client versions of Windows
#

---------------  S U M M A R Y ------------

Command Line: -XX:MaxMetaspaceSize=512m --add-opens=java.base/java.util=ALL-UNNAMED --add-opens=java.base/java.lang=ALL-UNNAMED --add-opens=java.base/java.lang.invoke=ALL-UNNAMED --add-opens=java.prefs/java.util.prefs=ALL-UNNAMED --add-opens=java.base/java.nio.charset=ALL-UNNAMED --add-opens=java.base/java.net=ALL-UNNAMED --add-opens=java.base/java.util.concurrent.atomic=ALL-UNNAMED -Xmx2048m -Dfile.encoding=utf8 -Duser.country=IN -Duser.language=en -Duser.variant -javaagent:C:\Users\91939\.gradle\wrapper\dists\gradle-8.1.1-all\bs1rrjki8hh9bujwbsqnxtuzr\gradle-8.1.1\lib\agents\gradle-instrumentation-agent-8.1.1.jar org.gradle.launcher.daemon.bootstrap.GradleDaemon 8.1.1

Host: 11th Gen Intel(R) Core(TM) i3-1115G4 @ 3.00GHz, 4 cores, 7G,  Windows 10 , 64 bit Build 19041 (10.0.19041.3636)
Time: Sun Mar 24 21:31:06 2024 India Standard Time elapsed time: 79.452335 seconds (0d 0h 1m 19s)

---------------  T H R E A D  ---------------

Current thread (0x000001efd95b8bb0):  JavaThread "C2 CompilerThread0" daemon [_thread_in_native, id=260, stack(0x000000aae1100000,0x000000aae1200000)]


Current CompileTask:
C2:  79452 11753       4       org.gradle.internal.service.DefaultServiceRegistry$SingletonService::get (5 bytes)

Stack: [0x000000aae1100000,0x000000aae1200000]
Native frames: (J=compiled Java code, j=interpreted, Vv=VM code, C=native code)
V  [jvm.dll+0x66fa1a]
V  [jvm.dll+0x7ce5a4]
V  [jvm.dll+0x7cfd4e]
V  [jvm.dll+0x7d03b3]
V  [jvm.dll+0x242b05]
V  [jvm.dll+0xaa05b]
V  [jvm.dll+0xaa5ec]
V  [jvm.dll+0x35fa07]
V  [jvm.dll+0x329f51]
V  [jvm.dll+0x3293fa]
V  [jvm.dll+0x215bf1]
V  [jvm.dll+0x215011]
V  [jvm.dll+0x1a168d]
V  [jvm.dll+0x224848]
V  [jvm.dll+0x2229ac]
V  [jvm.dll+0x78435b]
V  [jvm.dll+0x77e91a]
V  [jvm.dll+0x66e845]
C  [ucrtbase.dll+0x21bb2]
C  [KERNEL32.DLL+0x17344]
C  [ntdll.dll+0x526b1]


---------------  P R O C E S S  ---------------

Threads class SMR info:
_java_thread_list=0x000001efde718a70, length=43, elements={
0x000001efbbd2a630, 0x000001efd959fe50, 0x000001efd95a2920, 0x000001efd95b1db0,
0x000001efd95b2870, 0x000001efd95b7650, 0x000001efd95b7f10, 0x000001efd95b8bb0,
0x000001efd95ba570, 0x000001efd95d7260, 0x000001efda066ea0, 0x000001efda1bbfb0,
0x000001efdb6f92d0, 0x000001efdb7280d0, 0x000001efdb63a250, 0x000001efdb540490,
0x000001efdb540960, 0x000001efdb7a0cf0, 0x000001efdb7a11c0, 0x000001efdb79f010,
0x000001efdb7a1b60, 0x000001efdb79eb40, 0x000001efdb7a2500, 0x000001efdb7a2030,
0x000001efdb7a0820, 0x000001efdb79fe80, 0x000001efdb7a1690, 0x000001efdb79f4e0,
0x000001efdb79f9b0, 0x000001efdd99c6e0, 0x000001efdd99b3a0, 0x000001efdd99bd40,
0x000001efdd99f700, 0x000001efdd99aa00, 0x000001efdd99c210, 0x000001efdd99aed0,
0x000001efdd99ed60, 0x000001efdd99cbb0, 0x000001efdd99e3c0, 0x000001efdd99da20,
0x000001efe2409bf0, 0x000001efe240a0c0, 0x000001efe240a590
}

Java Threads: ( => current thread )
  0x000001efbbd2a630 JavaThread "main" [_thread_blocked, id=10204, stack(0x000000aae0400000,0x000000aae0500000)]
  0x000001efd959fe50 JavaThread "Reference Handler" daemon [_thread_blocked, id=2156, stack(0x000000aae0b00000,0x000000aae0c00000)]
  0x000001efd95a2920 JavaThread "Finalizer" daemon [_thread_blocked, id=5628, stack(0x000000aae0c00000,0x000000aae0d00000)]
  0x000001efd95b1db0 JavaThread "Signal Dispatcher" daemon [_thread_blocked, id=25700, stack(0x000000aae0d00000,0x000000aae0e00000)]
  0x000001efd95b2870 JavaThread "Attach Listener" daemon [_thread_blocked, id=29044, stack(0x000000aae0e00000,0x000000aae0f00000)]
  0x000001efd95b7650 JavaThread "Service Thread" daemon [_thread_blocked, id=15604, stack(0x000000aae0f00000,0x000000aae1000000)]
  0x000001efd95b7f10 JavaThread "Monitor Deflation Thread" daemon [_thread_blocked, id=20236, stack(0x000000aae1000000,0x000000aae1100000)]
=>0x000001efd95b8bb0 JavaThread "C2 CompilerThread0" daemon [_thread_in_native, id=260, stack(0x000000aae1100000,0x000000aae1200000)]
  0x000001efd95ba570 JavaThread "C1 CompilerThread0" daemon [_thread_blocked, id=16188, stack(0x000000aae1200000,0x000000aae1300000)]
  0x000001efd95d7260 JavaThread "Sweeper thread" daemon [_thread_blocked, id=11680, stack(0x000000aae1300000,0x000000aae1400000)]
  0x000001efda066ea0 JavaThread "Common-Cleaner" daemon [_thread_blocked, id=8236, stack(0x000000aae1400000,0x000000aae1500000)]
  0x000001efda1bbfb0 JavaThread "Notification Thread" daemon [_thread_blocked, id=14284, stack(0x000000aae1500000,0x000000aae1600000)]
  0x000001efdb6f92d0 JavaThread "Daemon health stats" [_thread_blocked, id=5644, stack(0x000000aae1a00000,0x000000aae1b00000)]
  0x000001efdb7280d0 JavaThread "Incoming local TCP Connector on port 51626" [_thread_in_native, id=24508, stack(0x000000aae1b00000,0x000000aae1c00000)]
  0x000001efdb63a250 JavaThread "Daemon periodic checks" [_thread_blocked, id=29720, stack(0x000000aae1c00000,0x000000aae1d00000)]
  0x000001efdb540490 JavaThread "Daemon" [_thread_blocked, id=30284, stack(0x000000aae1d00000,0x000000aae1e00000)]
  0x000001efdb540960 JavaThread "Handler for socket connection from /127.0.0.1:51626 to /127.0.0.1:51627" [_thread_in_native, id=13512, stack(0x000000aae1e00000,0x000000aae1f00000)]
  0x000001efdb7a0cf0 JavaThread "Cancel handler" [_thread_blocked, id=21448, stack(0x000000aae1f00000,0x000000aae2000000)]
  0x000001efdb7a11c0 JavaThread "Daemon worker" [_thread_in_Java, id=9280, stack(0x000000aae2000000,0x000000aae2100000)]
  0x000001efdb79f010 JavaThread "Asynchronous log dispatcher for DefaultDaemonConnection: socket connection from /127.0.0.1:51626 to /127.0.0.1:51627" [_thread_blocked, id=23204, stack(0x000000aae2100000,0x000000aae2200000)]
  0x000001efdb7a1b60 JavaThread "Daemon client event forwarder" [_thread_blocked, id=29924, stack(0x000000aae2300000,0x000000aae2400000)]
  0x000001efdb79eb40 JavaThread "Cache worker for journal cache (C:\Users\91939\.gradle\caches\journal-1)" [_thread_blocked, id=18332, stack(0x000000aae2400000,0x000000aae2500000)]
  0x000001efdb7a2500 JavaThread "File lock request listener" [_thread_in_native, id=19628, stack(0x000000aae2500000,0x000000aae2600000)]
  0x000001efdb7a2030 JavaThread "Cache worker for file hash cache (C:\Users\91939\.gradle\caches\8.1.1\fileHashes)" [_thread_blocked, id=22720, stack(0x000000aae2600000,0x000000aae2700000)]
  0x000001efdb7a0820 JavaThread "File watcher server" daemon [_thread_in_native, id=29620, stack(0x000000aae2700000,0x000000aae2800000)]
  0x000001efdb79fe80 JavaThread "File watcher consumer" daemon [_thread_blocked, id=3048, stack(0x000000aae2800000,0x000000aae2900000)]
  0x000001efdb7a1690 JavaThread "jar transforms" [_thread_blocked, id=6080, stack(0x000000aae2900000,0x000000aae2a00000)]
  0x000001efdb79f4e0 JavaThread "jar transforms Thread 2" [_thread_blocked, id=4156, stack(0x000000aae2a00000,0x000000aae2b00000)]
  0x000001efdb79f9b0 JavaThread "jar transforms Thread 3" [_thread_blocked, id=31004, stack(0x000000aae2b00000,0x000000aae2c00000)]
  0x000001efdd99c6e0 JavaThread "Cache worker for checksums cache (C:\Users\91939\Desktop\apps\HighBro\android\.gradle\8.1.1\checksums)" [_thread_blocked, id=17120, stack(0x000000aae2c00000,0x000000aae2d00000)]
  0x000001efdd99b3a0 JavaThread "Cache worker for cache directory md-rule (C:\Users\91939\.gradle\caches\8.1.1\md-rule)" [_thread_blocked, id=16884, stack(0x000000aae2d00000,0x000000aae2e00000)]
  0x000001efdd99bd40 JavaThread "Cache worker for file content cache (C:\Users\91939\.gradle\caches\8.1.1\fileContent)" [_thread_blocked, id=27764, stack(0x000000aae2e00000,0x000000aae2f00000)]
  0x000001efdd99f700 JavaThread "Cache worker for file hash cache (C:\Users\91939\Desktop\apps\HighBro\android\.gradle\8.1.1\fileHashes)" [_thread_blocked, id=12516, stack(0x000000aae2f00000,0x000000aae3000000)]
  0x000001efdd99aa00 JavaThread "Cache worker for cache directory md-supplier (C:\Users\91939\.gradle\caches\8.1.1\md-supplier)" [_thread_blocked, id=9700, stack(0x000000aae3000000,0x000000aae3100000)]
  0x000001efdd99c210 JavaThread "Cache worker for execution history cache (C:\Users\91939\.gradle\caches\8.1.1\executionHistory)" [_thread_blocked, id=7612, stack(0x000000aae3100000,0x000000aae3200000)]
  0x000001efdd99aed0 JavaThread "jar transforms Thread 4" [_thread_blocked, id=9452, stack(0x000000aae3300000,0x000000aae3400000)]
  0x000001efdd99ed60 JavaThread "Cache worker for kotlin-dsl (C:\Users\91939\.gradle\caches\8.1.1\kotlin-dsl)" [_thread_blocked, id=23432, stack(0x000000aae3400000,0x000000aae3500000)]
  0x000001efdd99cbb0 JavaThread "File lock release action executor" [_thread_blocked, id=28528, stack(0x000000aae3700000,0x000000aae3800000)]
  0x000001efdd99e3c0 JavaThread "Unconstrained build operations" [_thread_blocked, id=27892, stack(0x000000aae0200000,0x000000aae0300000)]
  0x000001efdd99da20 JavaThread "Unconstrained build operations Thread 2" [_thread_blocked, id=18092, stack(0x000000aae0300000,0x000000aae0400000)]
  0x000001efe2409bf0 JavaThread "Cache worker for dependencies-accessors (C:\Users\91939\Desktop\apps\HighBro\android\.gradle\8.1.1\dependencies-accessors)" [_thread_blocked, id=28660, stack(0x000000aae2200000,0x000000aae2300000)]
  0x000001efe240a0c0 JavaThread "File lock release action executor Thread 2" [_thread_blocked, id=23624, stack(0x000000aae3900000,0x000000aae3a00000)]
  0x000001efe240a590 JavaThread "Cache worker for Build Output Cleanup Cache (C:\Users\91939\Desktop\apps\HighBro\android\.gradle\buildOutputCleanup)" [_thread_blocked, id=24288, stack(0x000000aae3a00000,0x000000aae3b00000)]

Other Threads:
  0x000001efd9597be0 VMThread "VM Thread" [stack: 0x000000aae0a00000,0x000000aae0b00000] [id=26852]
  0x000001efda11d510 WatcherThread [stack: 0x000000aae1600000,0x000000aae1700000] [id=19592]
  0x000001efbbd690f0 GCTaskThread "GC Thread#0" [stack: 0x000000aae0500000,0x000000aae0600000] [id=21804]
  0x000001efda1169f0 GCTaskThread "GC Thread#1" [stack: 0x000000aae1700000,0x000000aae1800000] [id=19900]
  0x000001efda116490 GCTaskThread "GC Thread#2" [stack: 0x000000aae1800000,0x000000aae1900000] [id=27584]
  0x000001efda116f50 GCTaskThread "GC Thread#3" [stack: 0x000000aae1900000,0x000000aae1a00000] [id=10388]
  0x000001efbbd79f40 ConcurrentGCThread "G1 Main Marker" [stack: 0x000000aae0600000,0x000000aae0700000] [id=30724]
  0x000001efbbd7b000 ConcurrentGCThread "G1 Conc#0" [stack: 0x000000aae0700000,0x000000aae0800000] [id=18228]
  0x000001efbbdf0e50 ConcurrentGCThread "G1 Refine#0" [stack: 0x000000aae0800000,0x000000aae0900000] [id=6220]
  0x000001efdd04ce70 ConcurrentGCThread "G1 Refine#1" [stack: 0x000000aae3200000,0x000000aae3300000] [id=27432]
  0x000001efbbdf1780 ConcurrentGCThread "G1 Service" [stack: 0x000000aae0900000,0x000000aae0a00000] [id=25556]

Threads with active compile tasks:
C2 CompilerThread0    79498 11753       4       org.gradle.internal.service.DefaultServiceRegistry$SingletonService::get (5 bytes)

VM state: not at safepoint (normal execution)

VM Mutex/Monitor currently owned by a thread: None

Heap address: 0x0000000080000000, size: 2048 MB, Compressed Oops mode: 32-bit

CDS archive(s) mapped at: [0x0000000800000000-0x0000000800bc0000-0x0000000800bc0000), size 12320768, SharedBaseAddress: 0x0000000800000000, ArchiveRelocationMode: 0.
Compressed class space mapped at: 0x0000000800c00000-0x000000081a800000, reserved size: 432013312
Narrow klass base: 0x0000000800000000, Narrow klass shift: 0, Narrow klass range: 0x100000000

GC Precious Log:
 CPUs: 4 total, 4 available
 Memory: 7886M
 Large Page Support: Disabled
 NUMA Support: Disabled
 Compressed Oops: Enabled (32-bit)
 Heap Region Size: 1M
 Heap Min Capacity: 8M
 Heap Initial Capacity: 124M
 Heap Max Capacity: 2G
 Pre-touch: Disabled
 Parallel Workers: 4
 Concurrent Workers: 1
 Concurrent Refinement Workers: 4
 Periodic GC: Disabled

Heap:
 garbage-first heap   total 218112K, used 114778K [0x0000000080000000, 0x0000000100000000)
  region size 1024K, 24 young (24576K), 8 survivors (8192K)
 Metaspace       used 115943K, committed 116608K, reserved 528384K
  class space    used 14988K, committed 15296K, reserved 421888K

Heap Regions: E=young(eden), S=young(survivor), O=old, HS=humongous(starts), HC=humongous(continues), CS=collection set, F=free, OA=open archive, CA=closed archive, TAMS=top-at-mark-start (previous, next)
|   0|0x0000000080000000, 0x0000000080100000, 0x0000000080100000|100%| O|  |TAMS 0x0000000080100000, 0x0000000080000000| Untracked 
|   1|0x0000000080100000, 0x0000000080200000, 0x0000000080200000|100%| O|  |TAMS 0x0000000080200000, 0x0000000080100000| Untracked 
|   2|0x0000000080200000, 0x0000000080300000, 0x0000000080300000|100%|HS|  |TAMS 0x0000000080300000, 0x0000000080200000| Complete 
|   3|0x0000000080300000, 0x0000000080400000, 0x0000000080400000|100%|HC|  |TAMS 0x0000000080400000, 0x0000000080300000| Complete 
|   4|0x0000000080400000, 0x0000000080500000, 0x0000000080500000|100%|HC|  |TAMS 0x0000000080500000, 0x0000000080400000| Complete 
|   5|0x0000000080500000, 0x0000000080600000, 0x0000000080600000|100%|HC|  |TAMS 0x0000000080600000, 0x0000000080500000| Complete 
|   6|0x0000000080600000, 0x0000000080700000, 0x0000000080700000|100%| O|  |TAMS 0x0000000080700000, 0x0000000080600000| Untracked 
|   7|0x0000000080700000, 0x0000000080800000, 0x0000000080800000|100%| O|  |TAMS 0x0000000080800000, 0x0000000080700000| Untracked 
|   8|0x0000000080800000, 0x0000000080900000, 0x0000000080900000|100%| O|  |TAMS 0x0000000080900000, 0x0000000080800000| Untracked 
|   9|0x0000000080900000, 0x0000000080a00000, 0x0000000080a00000|100%| O|  |TAMS 0x0000000080a00000, 0x0000000080900000| Untracked 
|  10|0x0000000080a00000, 0x0000000080b00000, 0x0000000080b00000|100%| O|  |TAMS 0x0000000080b00000, 0x0000000080a00000| Untracked 
|  11|0x0000000080b00000, 0x0000000080c00000, 0x0000000080c00000|100%| O|  |TAMS 0x0000000080c00000, 0x0000000080b00000| Untracked 
|  12|0x0000000080c00000, 0x0000000080d00000, 0x0000000080d00000|100%| O|  |TAMS 0x0000000080d00000, 0x0000000080c00000| Untracked 
|  13|0x0000000080d00000, 0x0000000080e00000, 0x0000000080e00000|100%| O|  |TAMS 0x0000000080e00000, 0x0000000080d00000| Untracked 
|  14|0x0000000080e00000, 0x0000000080f00000, 0x0000000080f00000|100%| O|  |TAMS 0x0000000080f00000, 0x0000000080e00000| Untracked 
|  15|0x0000000080f00000, 0x0000000081000000, 0x0000000081000000|100%| O|  |TAMS 0x0000000081000000, 0x0000000080f00000| Untracked 
|  16|0x0000000081000000, 0x0000000081100000, 0x0000000081100000|100%| O|  |TAMS 0x0000000081100000, 0x0000000081000000| Untracked 
|  17|0x0000000081100000, 0x0000000081200000, 0x0000000081200000|100%| O|  |TAMS 0x0000000081200000, 0x0000000081100000| Untracked 
|  18|0x0000000081200000, 0x00000000812f4c00, 0x0000000081300000| 95%| O|  |TAMS 0x00000000812f4c00, 0x0000000081200000| Untracked 
|  19|0x0000000081300000, 0x0000000081400000, 0x0000000081400000|100%| O|  |TAMS 0x0000000081400000, 0x0000000081300000| Untracked 
|  20|0x0000000081400000, 0x0000000081500000, 0x0000000081500000|100%| O|  |TAMS 0x0000000081500000, 0x0000000081400000| Untracked 
|  21|0x0000000081500000, 0x0000000081600000, 0x0000000081600000|100%| O|  |TAMS 0x0000000081600000, 0x0000000081500000| Untracked 
|  22|0x0000000081600000, 0x0000000081700000, 0x0000000081700000|100%| O|  |TAMS 0x0000000081700000, 0x0000000081600000| Untracked 
|  23|0x0000000081700000, 0x0000000081800000, 0x0000000081800000|100%| O|  |TAMS 0x0000000081800000, 0x0000000081700000| Untracked 
|  24|0x0000000081800000, 0x0000000081900000, 0x0000000081900000|100%| O|  |TAMS 0x0000000081900000, 0x0000000081800000| Untracked 
|  25|0x0000000081900000, 0x0000000081a00000, 0x0000000081a00000|100%| O|  |TAMS 0x0000000081a00000, 0x0000000081900000| Untracked 
|  26|0x0000000081a00000, 0x0000000081b00000, 0x0000000081b00000|100%| O|  |TAMS 0x0000000081b00000, 0x0000000081a00000| Untracked 
|  27|0x0000000081b00000, 0x0000000081c00000, 0x0000000081c00000|100%| O|  |TAMS 0x0000000081c00000, 0x0000000081b00000| Untracked 
|  28|0x0000000081c00000, 0x0000000081d00000, 0x0000000081d00000|100%| O|  |TAMS 0x0000000081d00000, 0x0000000081c00000| Untracked 
|  29|0x0000000081d00000, 0x0000000081e00000, 0x0000000081e00000|100%| O|  |TAMS 0x0000000081e00000, 0x0000000081d00000| Untracked 
|  30|0x0000000081e00000, 0x0000000081f00000, 0x0000000081f00000|100%| O|  |TAMS 0x0000000081f00000, 0x0000000081e00000| Untracked 
|  31|0x0000000081f00000, 0x0000000082000000, 0x0000000082000000|100%| O|  |TAMS 0x0000000082000000, 0x0000000081f00000| Untracked 
|  32|0x0000000082000000, 0x0000000082100000, 0x0000000082100000|100%| O|  |TAMS 0x0000000082100000, 0x0000000082000000| Untracked 
|  33|0x0000000082100000, 0x0000000082200000, 0x0000000082200000|100%| O|  |TAMS 0x0000000082200000, 0x0000000082100000| Untracked 
|  34|0x0000000082200000, 0x0000000082300000, 0x0000000082300000|100%| O|  |TAMS 0x0000000082300000, 0x0000000082200000| Untracked 
|  35|0x0000000082300000, 0x0000000082400000, 0x0000000082400000|100%| O|  |TAMS 0x0000000082400000, 0x0000000082300000| Untracked 
|  36|0x0000000082400000, 0x0000000082500000, 0x0000000082500000|100%| O|  |TAMS 0x0000000082500000, 0x0000000082400000| Untracked 
|  37|0x0000000082500000, 0x0000000082600000, 0x0000000082600000|100%| O|  |TAMS 0x0000000082600000, 0x0000000082500000| Untracked 
|  38|0x0000000082600000, 0x0000000082700000, 0x0000000082700000|100%|HS|  |TAMS 0x0000000082700000, 0x0000000082600000| Complete 
|  39|0x0000000082700000, 0x0000000082800000, 0x0000000082800000|100%| O|  |TAMS 0x0000000082800000, 0x0000000082700000| Untracked 
|  40|0x0000000082800000, 0x0000000082900000, 0x0000000082900000|100%| O|  |TAMS 0x0000000082900000, 0x0000000082800000| Untracked 
|  41|0x0000000082900000, 0x0000000082a00000, 0x0000000082a00000|100%| O|  |TAMS 0x0000000082a00000, 0x0000000082900000| Untracked 
|  42|0x0000000082a00000, 0x0000000082b00000, 0x0000000082b00000|100%| O|  |TAMS 0x0000000082b00000, 0x0000000082a00000| Untracked 
|  43|0x0000000082b00000, 0x0000000082c00000, 0x0000000082c00000|100%| O|  |TAMS 0x0000000082c00000, 0x0000000082b00000| Untracked 
|  44|0x0000000082c00000, 0x0000000082d00000, 0x0000000082d00000|100%| O|  |TAMS 0x0000000082d00000, 0x0000000082c00000| Untracked 
|  45|0x0000000082d00000, 0x0000000082e00000, 0x0000000082e00000|100%| O|  |TAMS 0x0000000082e00000, 0x0000000082d00000| Untracked 
|  46|0x0000000082e00000, 0x0000000082f00000, 0x0000000082f00000|100%| O|  |TAMS 0x0000000082f00000, 0x0000000082e00000| Untracked 
|  47|0x0000000082f00000, 0x0000000083000000, 0x0000000083000000|100%| O|  |TAMS 0x0000000083000000, 0x0000000082f00000| Untracked 
|  48|0x0000000083000000, 0x0000000083100000, 0x0000000083100000|100%| O|  |TAMS 0x0000000083100000, 0x0000000083000000| Untracked 
|  49|0x0000000083100000, 0x0000000083200000, 0x0000000083200000|100%| O|  |TAMS 0x0000000083200000, 0x0000000083100000| Untracked 
|  50|0x0000000083200000, 0x0000000083300000, 0x0000000083300000|100%| O|  |TAMS 0x0000000083300000, 0x0000000083200000| Untracked 
|  51|0x0000000083300000, 0x0000000083400000, 0x0000000083400000|100%| O|  |TAMS 0x0000000083400000, 0x0000000083300000| Untracked 
|  52|0x0000000083400000, 0x0000000083500000, 0x0000000083500000|100%| O|  |TAMS 0x0000000083500000, 0x0000000083400000| Untracked 
|  53|0x0000000083500000, 0x0000000083600000, 0x0000000083600000|100%| O|  |TAMS 0x0000000083600000, 0x0000000083500000| Untracked 
|  54|0x0000000083600000, 0x0000000083700000, 0x0000000083700000|100%| O|  |TAMS 0x0000000083700000, 0x0000000083600000| Untracked 
|  55|0x0000000083700000, 0x0000000083800000, 0x0000000083800000|100%| O|  |TAMS 0x0000000083800000, 0x0000000083700000| Untracked 
|  56|0x0000000083800000, 0x0000000083900000, 0x0000000083900000|100%| O|  |TAMS 0x0000000083800000, 0x0000000083800000| Untracked 
|  57|0x0000000083900000, 0x0000000083a00000, 0x0000000083a00000|100%|HS|  |TAMS 0x0000000083a00000, 0x0000000083900000| Complete 
|  58|0x0000000083a00000, 0x0000000083b00000, 0x0000000083b00000|100%|HC|  |TAMS 0x0000000083b00000, 0x0000000083a00000| Complete 
|  59|0x0000000083b00000, 0x0000000083c00000, 0x0000000083c00000|100%|HC|  |TAMS 0x0000000083c00000, 0x0000000083b00000| Complete 
|  60|0x0000000083c00000, 0x0000000083d00000, 0x0000000083d00000|100%|HC|  |TAMS 0x0000000083d00000, 0x0000000083c00000| Complete 
|  61|0x0000000083d00000, 0x0000000083e00000, 0x0000000083e00000|100%|HS|  |TAMS 0x0000000083e00000, 0x0000000083d00000| Complete 
|  62|0x0000000083e00000, 0x0000000083f00000, 0x0000000083f00000|100%|HC|  |TAMS 0x0000000083f00000, 0x0000000083e00000| Complete 
|  63|0x0000000083f00000, 0x0000000084000000, 0x0000000084000000|100%|HC|  |TAMS 0x0000000084000000, 0x0000000083f00000| Complete 
|  64|0x0000000084000000, 0x0000000084100000, 0x0000000084100000|100%|HC|  |TAMS 0x0000000084100000, 0x0000000084000000| Complete 
|  65|0x0000000084100000, 0x0000000084200000, 0x0000000084200000|100%|HC|  |TAMS 0x0000000084200000, 0x0000000084100000| Complete 
|  66|0x0000000084200000, 0x0000000084300000, 0x0000000084300000|100%|HC|  |TAMS 0x0000000084300000, 0x0000000084200000| Complete 
|  67|0x0000000084300000, 0x0000000084400000, 0x0000000084400000|100%| O|  |TAMS 0x0000000084400000, 0x0000000084300000| Untracked 
|  68|0x0000000084400000, 0x0000000084400000, 0x0000000084500000|  0%| F|  |TAMS 0x0000000084400000, 0x0000000084400000| Untracked 
|  69|0x0000000084500000, 0x0000000084600000, 0x0000000084600000|100%| O|  |TAMS 0x0000000084500000, 0x0000000084500000| Untracked 
|  70|0x0000000084600000, 0x0000000084700000, 0x0000000084700000|100%| O|  |TAMS 0x0000000084700000, 0x0000000084600000| Untracked 
|  71|0x0000000084700000, 0x0000000084800000, 0x0000000084800000|100%| O|  |TAMS 0x0000000084800000, 0x0000000084700000| Untracked 
|  72|0x0000000084800000, 0x0000000084900000, 0x0000000084900000|100%| O|  |TAMS 0x0000000084900000, 0x0000000084800000| Untracked 
|  73|0x0000000084900000, 0x0000000084a00000, 0x0000000084a00000|100%| O|  |TAMS 0x0000000084a00000, 0x0000000084900000| Untracked 
|  74|0x0000000084a00000, 0x0000000084b00000, 0x0000000084b00000|100%| O|  |TAMS 0x0000000084b00000, 0x0000000084a00000| Untracked 
|  75|0x0000000084b00000, 0x0000000084c00000, 0x0000000084c00000|100%| O|  |TAMS 0x0000000084c00000, 0x0000000084b00000| Untracked 
|  76|0x0000000084c00000, 0x0000000084d00000, 0x0000000084d00000|100%| O|  |TAMS 0x0000000084d00000, 0x0000000084c00000| Untracked 
|  77|0x0000000084d00000, 0x0000000084e00000, 0x0000000084e00000|100%| O|  |TAMS 0x0000000084e00000, 0x0000000084d00000| Untracked 
|  78|0x0000000084e00000, 0x0000000084f00000, 0x0000000084f00000|100%| O|  |TAMS 0x0000000084f00000, 0x0000000084e00000| Untracked 
|  79|0x0000000084f00000, 0x0000000085000000, 0x0000000085000000|100%| O|  |TAMS 0x0000000085000000, 0x0000000084f00000| Untracked 
|  80|0x0000000085000000, 0x0000000085100000, 0x0000000085100000|100%| O|  |TAMS 0x0000000085100000, 0x0000000085000000| Untracked 
|  81|0x0000000085100000, 0x0000000085200000, 0x0000000085200000|100%| O|  |TAMS 0x0000000085200000, 0x0000000085100000| Untracked 
|  82|0x0000000085200000, 0x0000000085300000, 0x0000000085300000|100%| O|  |TAMS 0x0000000085300000, 0x0000000085200000| Untracked 
|  83|0x0000000085300000, 0x0000000085400000, 0x0000000085400000|100%| O|  |TAMS 0x0000000085400000, 0x0000000085300000| Untracked 
|  84|0x0000000085400000, 0x0000000085500000, 0x0000000085500000|100%| O|  |TAMS 0x0000000085500000, 0x0000000085400000| Untracked 
|  85|0x0000000085500000, 0x0000000085600000, 0x0000000085600000|100%| O|  |TAMS 0x0000000085600000, 0x0000000085500000| Untracked 
|  86|0x0000000085600000, 0x0000000085600000, 0x0000000085700000|  0%| F|  |TAMS 0x0000000085600000, 0x0000000085600000| Untracked 
|  87|0x0000000085700000, 0x0000000085800000, 0x0000000085800000|100%| O|  |TAMS 0x0000000085700000, 0x0000000085700000| Untracked 
|  88|0x0000000085800000, 0x0000000085900000, 0x0000000085900000|100%| O|  |TAMS 0x0000000085800000, 0x0000000085800000| Untracked 
|  89|0x0000000085900000, 0x0000000085a00000, 0x0000000085a00000|100%| O|  |TAMS 0x0000000085900000, 0x0000000085900000| Untracked 
|  90|0x0000000085a00000, 0x0000000085b00000, 0x0000000085b00000|100%| O|  |TAMS 0x0000000085a00000, 0x0000000085a00000| Untracked 
|  91|0x0000000085b00000, 0x0000000085b5e800, 0x0000000085c00000| 36%| O|  |TAMS 0x0000000085b00000, 0x0000000085b00000| Untracked 
|  92|0x0000000085c00000, 0x0000000085c00000, 0x0000000085d00000|  0%| F|  |TAMS 0x0000000085c00000, 0x0000000085c00000| Untracked 
|  93|0x0000000085d00000, 0x0000000085d00000, 0x0000000085e00000|  0%| F|  |TAMS 0x0000000085d00000, 0x0000000085d00000| Untracked 
|  94|0x0000000085e00000, 0x0000000085e00000, 0x0000000085f00000|  0%| F|  |TAMS 0x0000000085e00000, 0x0000000085e00000| Untracked 
|  95|0x0000000085f00000, 0x0000000085f00000, 0x0000000086000000|  0%| F|  |TAMS 0x0000000085f00000, 0x0000000085f00000| Untracked 
|  96|0x0000000086000000, 0x0000000086000000, 0x0000000086100000|  0%| F|  |TAMS 0x0000000086000000, 0x0000000086000000| Untracked 
|  97|0x0000000086100000, 0x0000000086100000, 0x0000000086200000|  0%| F|  |TAMS 0x0000000086100000, 0x0000000086100000| Untracked 
|  98|0x0000000086200000, 0x0000000086200000, 0x0000000086300000|  0%| F|  |TAMS 0x0000000086200000, 0x0000000086200000| Untracked 
|  99|0x0000000086300000, 0x0000000086300000, 0x0000000086400000|  0%| F|  |TAMS 0x0000000086300000, 0x0000000086300000| Untracked 
| 100|0x0000000086400000, 0x0000000086400000, 0x0000000086500000|  0%| F|  |TAMS 0x0000000086400000, 0x0000000086400000| Untracked 
| 101|0x0000000086500000, 0x0000000086500000, 0x0000000086600000|  0%| F|  |TAMS 0x0000000086500000, 0x0000000086500000| Untracked 
| 102|0x0000000086600000, 0x0000000086600000, 0x0000000086700000|  0%| F|  |TAMS 0x0000000086600000, 0x0000000086600000| Untracked 
| 103|0x0000000086700000, 0x0000000086700000, 0x0000000086800000|  0%| F|  |TAMS 0x0000000086700000, 0x0000000086700000| Untracked 
| 104|0x0000000086800000, 0x0000000086800000, 0x0000000086900000|  0%| F|  |TAMS 0x0000000086800000, 0x0000000086800000| Untracked 
| 105|0x0000000086900000, 0x0000000086900000, 0x0000000086a00000|  0%| F|  |TAMS 0x0000000086900000, 0x0000000086900000| Untracked 
| 106|0x0000000086a00000, 0x0000000086a00000, 0x0000000086b00000|  0%| F|  |TAMS 0x0000000086a00000, 0x0000000086a00000| Untracked 
| 107|0x0000000086b00000, 0x0000000086b00000, 0x0000000086c00000|  0%| F|  |TAMS 0x0000000086b00000, 0x0000000086b00000| Untracked 
| 108|0x0000000086c00000, 0x0000000086c00000, 0x0000000086d00000|  0%| F|  |TAMS 0x0000000086c00000, 0x0000000086c00000| Untracked 
| 109|0x0000000086d00000, 0x0000000086d00000, 0x0000000086e00000|  0%| F|  |TAMS 0x0000000086d00000, 0x0000000086d00000| Untracked 
| 110|0x0000000086e00000, 0x0000000086e00000, 0x0000000086f00000|  0%| F|  |TAMS 0x0000000086e00000, 0x0000000086e00000| Untracked 
| 111|0x0000000086f00000, 0x0000000086f00000, 0x0000000087000000|  0%| F|  |TAMS 0x0000000086f00000, 0x0000000086f00000| Untracked 
| 112|0x0000000087000000, 0x0000000087000000, 0x0000000087100000|  0%| F|  |TAMS 0x0000000087000000, 0x0000000087000000| Untracked 
| 113|0x0000000087100000, 0x0000000087100000, 0x0000000087200000|  0%| F|  |TAMS 0x0000000087100000, 0x0000000087100000| Untracked 
| 114|0x0000000087200000, 0x0000000087200000, 0x0000000087300000|  0%| F|  |TAMS 0x0000000087200000, 0x0000000087200000| Untracked 
| 115|0x0000000087300000, 0x0000000087300000, 0x0000000087400000|  0%| F|  |TAMS 0x0000000087300000, 0x0000000087300000| Untracked 
| 116|0x0000000087400000, 0x0000000087400000, 0x0000000087500000|  0%| F|  |TAMS 0x0000000087400000, 0x0000000087400000| Untracked 
| 117|0x0000000087500000, 0x0000000087500000, 0x0000000087600000|  0%| F|  |TAMS 0x0000000087500000, 0x0000000087500000| Untracked 
| 118|0x0000000087600000, 0x0000000087600000, 0x0000000087700000|  0%| F|  |TAMS 0x0000000087600000, 0x0000000087600000| Untracked 
| 119|0x0000000087700000, 0x0000000087700000, 0x0000000087800000|  0%| F|  |TAMS 0x0000000087700000, 0x0000000087700000| Untracked 
| 120|0x0000000087800000, 0x00000000878c3640, 0x0000000087900000| 76%| S|CS|TAMS 0x0000000087800000, 0x0000000087800000| Complete 
| 121|0x0000000087900000, 0x0000000087a00000, 0x0000000087a00000|100%| S|CS|TAMS 0x0000000087900000, 0x0000000087900000| Complete 
| 122|0x0000000087a00000, 0x0000000087b00000, 0x0000000087b00000|100%| S|CS|TAMS 0x0000000087a00000, 0x0000000087a00000| Complete 
| 123|0x0000000087b00000, 0x0000000087c00000, 0x0000000087c00000|100%| S|CS|TAMS 0x0000000087b00000, 0x0000000087b00000| Complete 
| 124|0x0000000087c00000, 0x0000000087c00000, 0x0000000087d00000|  0%| F|  |TAMS 0x0000000087c00000, 0x0000000087c00000| Untracked 
| 125|0x0000000087d00000, 0x0000000087d00000, 0x0000000087e00000|  0%| F|  |TAMS 0x0000000087d00000, 0x0000000087d00000| Untracked 
| 126|0x0000000087e00000, 0x0000000087e00000, 0x0000000087f00000|  0%| F|  |TAMS 0x0000000087e00000, 0x0000000087e00000| Untracked 
| 127|0x0000000087f00000, 0x0000000087f00000, 0x0000000088000000|  0%| F|  |TAMS 0x0000000087f00000, 0x0000000087f00000| Untracked 
| 128|0x0000000088000000, 0x0000000088000000, 0x0000000088100000|  0%| F|  |TAMS 0x0000000088000000, 0x0000000088000000| Untracked 
| 129|0x0000000088100000, 0x0000000088200000, 0x0000000088200000|100%| S|CS|TAMS 0x0000000088100000, 0x0000000088100000| Complete 
| 130|0x0000000088200000, 0x0000000088300000, 0x0000000088300000|100%| S|CS|TAMS 0x0000000088200000, 0x0000000088200000| Complete 
| 131|0x0000000088300000, 0x0000000088400000, 0x0000000088400000|100%| S|CS|TAMS 0x0000000088300000, 0x0000000088300000| Complete 
| 132|0x0000000088400000, 0x0000000088500000, 0x0000000088500000|100%| S|CS|TAMS 0x0000000088400000, 0x0000000088400000| Complete 
| 133|0x0000000088500000, 0x0000000088500000, 0x0000000088600000|  0%| F|  |TAMS 0x0000000088500000, 0x0000000088500000| Untracked 
| 134|0x0000000088600000, 0x0000000088600000, 0x0000000088700000|  0%| F|  |TAMS 0x0000000088600000, 0x0000000088600000| Untracked 
| 135|0x0000000088700000, 0x0000000088700000, 0x0000000088800000|  0%| F|  |TAMS 0x0000000088700000, 0x0000000088700000| Untracked 
| 136|0x0000000088800000, 0x0000000088800000, 0x0000000088900000|  0%| F|  |TAMS 0x0000000088800000, 0x0000000088800000| Untracked 
| 137|0x0000000088900000, 0x0000000088900000, 0x0000000088a00000|  0%| F|  |TAMS 0x0000000088900000, 0x0000000088900000| Untracked 
| 138|0x0000000088a00000, 0x0000000088a00000, 0x0000000088b00000|  0%| F|  |TAMS 0x0000000088a00000, 0x0000000088a00000| Untracked 
| 139|0x0000000088b00000, 0x0000000088b00000, 0x0000000088c00000|  0%| F|  |TAMS 0x0000000088b00000, 0x0000000088b00000| Untracked 
| 140|0x0000000088c00000, 0x0000000088c00000, 0x0000000088d00000|  0%| F|  |TAMS 0x0000000088c00000, 0x0000000088c00000| Untracked 
| 141|0x0000000088d00000, 0x0000000088d00000, 0x0000000088e00000|  0%| F|  |TAMS 0x0000000088d00000, 0x0000000088d00000| Untracked 
| 142|0x0000000088e00000, 0x0000000088e00000, 0x0000000088f00000|  0%| F|  |TAMS 0x0000000088e00000, 0x0000000088e00000| Untracked 
| 143|0x0000000088f00000, 0x0000000088f00000, 0x0000000089000000|  0%| F|  |TAMS 0x0000000088f00000, 0x0000000088f00000| Untracked 
| 144|0x0000000089000000, 0x0000000089000000, 0x0000000089100000|  0%| F|  |TAMS 0x0000000089000000, 0x0000000089000000| Untracked 
| 145|0x0000000089100000, 0x0000000089100000, 0x0000000089200000|  0%| F|  |TAMS 0x0000000089100000, 0x0000000089100000| Untracked 
| 146|0x0000000089200000, 0x0000000089200000, 0x0000000089300000|  0%| F|  |TAMS 0x0000000089200000, 0x0000000089200000| Untracked 
| 147|0x0000000089300000, 0x0000000089300000, 0x0000000089400000|  0%| F|  |TAMS 0x0000000089300000, 0x0000000089300000| Untracked 
| 148|0x0000000089400000, 0x0000000089400000, 0x0000000089500000|  0%| F|  |TAMS 0x0000000089400000, 0x0000000089400000| Untracked 
| 149|0x0000000089500000, 0x0000000089500000, 0x0000000089600000|  0%| F|  |TAMS 0x0000000089500000, 0x0000000089500000| Untracked 
| 150|0x0000000089600000, 0x0000000089600000, 0x0000000089700000|  0%| F|  |TAMS 0x0000000089600000, 0x0000000089600000| Untracked 
| 151|0x0000000089700000, 0x0000000089700000, 0x0000000089800000|  0%| F|  |TAMS 0x0000000089700000, 0x0000000089700000| Untracked 
| 152|0x0000000089800000, 0x0000000089800000, 0x0000000089900000|  0%| F|  |TAMS 0x0000000089800000, 0x0000000089800000| Untracked 
| 153|0x0000000089900000, 0x0000000089900000, 0x0000000089a00000|  0%| F|  |TAMS 0x0000000089900000, 0x0000000089900000| Untracked 
| 154|0x0000000089a00000, 0x0000000089a00000, 0x0000000089b00000|  0%| F|  |TAMS 0x0000000089a00000, 0x0000000089a00000| Untracked 
| 155|0x0000000089b00000, 0x0000000089b00000, 0x0000000089c00000|  0%| F|  |TAMS 0x0000000089b00000, 0x0000000089b00000| Untracked 
| 156|0x0000000089c00000, 0x0000000089c00000, 0x0000000089d00000|  0%| F|  |TAMS 0x0000000089c00000, 0x0000000089c00000| Untracked 
| 157|0x0000000089d00000, 0x0000000089d00000, 0x0000000089e00000|  0%| F|  |TAMS 0x0000000089d00000, 0x0000000089d00000| Untracked 
| 158|0x0000000089e00000, 0x0000000089e00000, 0x0000000089f00000|  0%| F|  |TAMS 0x0000000089e00000, 0x0000000089e00000| Untracked 
| 159|0x0000000089f00000, 0x0000000089f00000, 0x000000008a000000|  0%| F|  |TAMS 0x0000000089f00000, 0x0000000089f00000| Untracked 
| 160|0x000000008a000000, 0x000000008a000000, 0x000000008a100000|  0%| F|  |TAMS 0x000000008a000000, 0x000000008a000000| Untracked 
| 161|0x000000008a100000, 0x000000008a100000, 0x000000008a200000|  0%| F|  |TAMS 0x000000008a100000, 0x000000008a100000| Untracked 
| 162|0x000000008a200000, 0x000000008a200000, 0x000000008a300000|  0%| F|  |TAMS 0x000000008a200000, 0x000000008a200000| Untracked 
| 163|0x000000008a300000, 0x000000008a300000, 0x000000008a400000|  0%| F|  |TAMS 0x000000008a300000, 0x000000008a300000| Untracked 
| 164|0x000000008a400000, 0x000000008a400000, 0x000000008a500000|  0%| F|  |TAMS 0x000000008a400000, 0x000000008a400000| Untracked 
| 165|0x000000008a500000, 0x000000008a500000, 0x000000008a600000|  0%| F|  |TAMS 0x000000008a500000, 0x000000008a500000| Untracked 
| 166|0x000000008a600000, 0x000000008a600000, 0x000000008a700000|  0%| F|  |TAMS 0x000000008a600000, 0x000000008a600000| Untracked 
| 167|0x000000008a700000, 0x000000008a700000, 0x000000008a800000|  0%| F|  |TAMS 0x000000008a700000, 0x000000008a700000| Untracked 
| 168|0x000000008a800000, 0x000000008a800000, 0x000000008a900000|  0%| F|  |TAMS 0x000000008a800000, 0x000000008a800000| Untracked 
| 169|0x000000008a900000, 0x000000008a900000, 0x000000008aa00000|  0%| F|  |TAMS 0x000000008a900000, 0x000000008a900000| Untracked 
| 170|0x000000008aa00000, 0x000000008aa00000, 0x000000008ab00000|  0%| F|  |TAMS 0x000000008aa00000, 0x000000008aa00000| Untracked 
| 171|0x000000008ab00000, 0x000000008ab00000, 0x000000008ac00000|  0%| F|  |TAMS 0x000000008ab00000, 0x000000008ab00000| Untracked 
| 172|0x000000008ac00000, 0x000000008ac00000, 0x000000008ad00000|  0%| F|  |TAMS 0x000000008ac00000, 0x000000008ac00000| Untracked 
| 173|0x000000008ad00000, 0x000000008ad00000, 0x000000008ae00000|  0%| F|  |TAMS 0x000000008ad00000, 0x000000008ad00000| Untracked 
| 174|0x000000008ae00000, 0x000000008ae00000, 0x000000008af00000|  0%| F|  |TAMS 0x000000008ae00000, 0x000000008ae00000| Untracked 
| 175|0x000000008af00000, 0x000000008af00000, 0x000000008b000000|  0%| F|  |TAMS 0x000000008af00000, 0x000000008af00000| Untracked 
| 176|0x000000008b000000, 0x000000008b000000, 0x000000008b100000|  0%| F|  |TAMS 0x000000008b000000, 0x000000008b000000| Untracked 
| 177|0x000000008b100000, 0x000000008b100000, 0x000000008b200000|  0%| F|  |TAMS 0x000000008b100000, 0x000000008b100000| Untracked 
| 178|0x000000008b200000, 0x000000008b200000, 0x000000008b300000|  0%| F|  |TAMS 0x000000008b200000, 0x000000008b200000| Untracked 
| 179|0x000000008b300000, 0x000000008b300000, 0x000000008b400000|  0%| F|  |TAMS 0x000000008b300000, 0x000000008b300000| Untracked 
| 180|0x000000008b400000, 0x000000008b400000, 0x000000008b500000|  0%| F|  |TAMS 0x000000008b400000, 0x000000008b400000| Untracked 
| 181|0x000000008b500000, 0x000000008b500000, 0x000000008b600000|  0%| F|  |TAMS 0x000000008b500000, 0x000000008b500000| Untracked 
| 182|0x000000008b600000, 0x000000008b600000, 0x000000008b700000|  0%| F|  |TAMS 0x000000008b600000, 0x000000008b600000| Untracked 
| 183|0x000000008b700000, 0x000000008b700000, 0x000000008b800000|  0%| F|  |TAMS 0x000000008b700000, 0x000000008b700000| Untracked 
| 184|0x000000008b800000, 0x000000008b800000, 0x000000008b900000|  0%| F|  |TAMS 0x000000008b800000, 0x000000008b800000| Untracked 
| 185|0x000000008b900000, 0x000000008b900000, 0x000000008ba00000|  0%| F|  |TAMS 0x000000008b900000, 0x000000008b900000| Untracked 
| 186|0x000000008ba00000, 0x000000008ba00000, 0x000000008bb00000|  0%| F|  |TAMS 0x000000008ba00000, 0x000000008ba00000| Untracked 
| 187|0x000000008bb00000, 0x000000008bb00000, 0x000000008bc00000|  0%| F|  |TAMS 0x000000008bb00000, 0x000000008bb00000| Untracked 
| 188|0x000000008bc00000, 0x000000008bc00000, 0x000000008bd00000|  0%| F|  |TAMS 0x000000008bc00000, 0x000000008bc00000| Untracked 
| 189|0x000000008bd00000, 0x000000008bd00000, 0x000000008be00000|  0%| F|  |TAMS 0x000000008bd00000, 0x000000008bd00000| Untracked 
| 190|0x000000008be00000, 0x000000008be00000, 0x000000008bf00000|  0%| F|  |TAMS 0x000000008be00000, 0x000000008be00000| Untracked 
| 191|0x000000008bf00000, 0x000000008bf00000, 0x000000008c000000|  0%| F|  |TAMS 0x000000008bf00000, 0x000000008bf00000| Untracked 
| 192|0x000000008c000000, 0x000000008c000000, 0x000000008c100000|  0%| F|  |TAMS 0x000000008c000000, 0x000000008c000000| Untracked 
| 193|0x000000008c100000, 0x000000008c100000, 0x000000008c200000|  0%| F|  |TAMS 0x000000008c100000, 0x000000008c100000| Untracked 
| 194|0x000000008c200000, 0x000000008c200000, 0x000000008c300000|  0%| F|  |TAMS 0x000000008c200000, 0x000000008c200000| Untracked 
| 195|0x000000008c300000, 0x000000008c300000, 0x000000008c400000|  0%| F|  |TAMS 0x000000008c300000, 0x000000008c300000| Untracked 
| 196|0x000000008c400000, 0x000000008c400000, 0x000000008c500000|  0%| F|  |TAMS 0x000000008c400000, 0x000000008c400000| Untracked 
| 197|0x000000008c500000, 0x000000008c5aa688, 0x000000008c600000| 66%| E|  |TAMS 0x000000008c500000, 0x000000008c500000| Complete 
| 198|0x000000008c600000, 0x000000008c700000, 0x000000008c700000|100%| E|CS|TAMS 0x000000008c600000, 0x000000008c600000| Complete 
| 199|0x000000008c700000, 0x000000008c800000, 0x000000008c800000|100%| E|CS|TAMS 0x000000008c700000, 0x000000008c700000| Complete 
| 200|0x000000008c800000, 0x000000008c900000, 0x000000008c900000|100%| E|CS|TAMS 0x000000008c800000, 0x000000008c800000| Complete 
| 201|0x000000008c900000, 0x000000008ca00000, 0x000000008ca00000|100%| E|CS|TAMS 0x000000008c900000, 0x000000008c900000| Complete 
| 202|0x000000008ca00000, 0x000000008cb00000, 0x000000008cb00000|100%| E|CS|TAMS 0x000000008ca00000, 0x000000008ca00000| Complete 
| 203|0x000000008cb00000, 0x000000008cc00000, 0x000000008cc00000|100%| E|CS|TAMS 0x000000008cb00000, 0x000000008cb00000| Complete 
| 204|0x000000008cc00000, 0x000000008cd00000, 0x000000008cd00000|100%| E|CS|TAMS 0x000000008cc00000, 0x000000008cc00000| Complete 
| 205|0x000000008cd00000, 0x000000008ce00000, 0x000000008ce00000|100%| E|CS|TAMS 0x000000008cd00000, 0x000000008cd00000| Complete 
| 206|0x000000008ce00000, 0x000000008cf00000, 0x000000008cf00000|100%| E|CS|TAMS 0x000000008ce00000, 0x000000008ce00000| Complete 
| 207|0x000000008cf00000, 0x000000008d000000, 0x000000008d000000|100%| E|CS|TAMS 0x000000008cf00000, 0x000000008cf00000| Complete 
| 208|0x000000008d000000, 0x000000008d100000, 0x000000008d100000|100%| E|CS|TAMS 0x000000008d000000, 0x000000008d000000| Complete 
| 209|0x000000008d100000, 0x000000008d200000, 0x000000008d200000|100%| E|CS|TAMS 0x000000008d100000, 0x000000008d100000| Complete 
| 210|0x000000008d200000, 0x000000008d300000, 0x000000008d300000|100%| E|CS|TAMS 0x000000008d200000, 0x000000008d200000| Complete 
| 211|0x000000008d300000, 0x000000008d400000, 0x000000008d400000|100%| E|CS|TAMS 0x000000008d300000, 0x000000008d300000| Complete 
| 212|0x000000008d400000, 0x000000008d500000, 0x000000008d500000|100%| E|CS|TAMS 0x000000008d400000, 0x000000008d400000| Complete 

Card table byte_map: [0x000001efd2930000,0x000001efd2d30000] _byte_map_base: 0x000001efd2530000

Marking Bits (Prev, Next): (CMBitMap*) 0x000001efbbd69650, (CMBitMap*) 0x000001efbbd69610
 Prev Bits: [0x000001efd5130000, 0x000001efd7130000)
 Next Bits: [0x000001efd3130000, 0x000001efd5130000)

Polling page: 0x000001efb9ca0000

Metaspace:

Usage:
  Non-class:     98.59 MB used.
      Class:     14.64 MB used.
       Both:    113.23 MB used.

Virtual space:
  Non-class space:      104.00 MB reserved,      98.94 MB ( 95%) committed,  13 nodes.
      Class space:      412.00 MB reserved,      14.94 MB (  4%) committed,  1 nodes.
             Both:      516.00 MB reserved,     113.88 MB ( 22%) committed. 

Chunk freelists:
   Non-Class:  602.00 KB
       Class:  1.06 MB
        Both:  1.65 MB

MaxMetaspaceSize: 512.00 MB
CompressedClassSpaceSize: 412.00 MB
Initial GC threshold: 21.00 MB
Current GC threshold: 154.31 MB
CDS: on
MetaspaceReclaimPolicy: balanced
 - commit_granule_bytes: 65536.
 - commit_granule_words: 8192.
 - virtual_space_node_default_size: 1048576.
 - enlarge_chunks_in_place: 1.
 - new_chunks_are_fully_committed: 0.
 - uncommit_free_chunks: 1.
 - use_allocation_guard: 0.
 - handle_deallocations: 1.


Internal statistics:

num_allocs_failed_limit: 14.
num_arena_births: 900.
num_arena_deaths: 8.
num_vsnodes_births: 14.
num_vsnodes_deaths: 0.
num_space_committed: 1820.
num_space_uncommitted: 0.
num_chunks_returned_to_freelist: 32.
num_chunks_taken_from_freelist: 4914.
num_chunk_merges: 10.
num_chunk_splits: 3755.
num_chunks_enlarged: 3015.
num_purges: 2.
num_inconsistent_stats: 0.

CodeHeap 'non-profiled nmethods': size=120000Kb used=5069Kb max_used=6073Kb free=114930Kb
 bounds [0x000001efcb000000, 0x000001efcb5f0000, 0x000001efd2530000]
CodeHeap 'profiled nmethods': size=120000Kb used=18438Kb max_used=19864Kb free=101561Kb
 bounds [0x000001efc3ad0000, 0x000001efc4e40000, 0x000001efcb000000]
CodeHeap 'non-nmethods': size=5760Kb used=2545Kb max_used=2589Kb free=3215Kb
 bounds [0x000001efc3530000, 0x000001efc37c0000, 0x000001efc3ad0000]
 total_blobs=10711 nmethods=9617 adapters=1005
 compilation: enabled
              stopped_count=0, restarted_count=0
 full_count=0

Compilation events (20 events):
Event: 79.433 Thread 0x000001efd95ba570 11791       3       java.util.concurrent.atomic.AtomicLong::getAndIncrement (12 bytes)
Event: 79.434 Thread 0x000001efd95ba570 nmethod 11791 0x000001efc3ee3510 code [0x000001efc3ee36a0, 0x000001efc3ee37b8]
Event: 79.434 Thread 0x000001efd95ba570 11790       1       org.gradle.api.internal.collections.AbstractIterationOrderRetainingElementSource$Element::isRealized (5 bytes)
Event: 79.434 Thread 0x000001efd95ba570 nmethod 11790 0x000001efcb10f890 code [0x000001efcb10fa20, 0x000001efcb10faf8]
Event: 79.435 Thread 0x000001efd95ba570 11792       3       org.gradle.internal.service.DefaultServiceRegistry$CompositeServiceProvider::getFactory (49 bytes)
Event: 79.435 Thread 0x000001efd95ba570 nmethod 11792 0x000001efc3dc7b10 code [0x000001efc3dc7cc0, 0x000001efc3dc7fe8]
Event: 79.436 Thread 0x000001efd95ba570 11793       3       java.io.ObjectOutputStream$BlockDataOutputStream::drain (45 bytes)
Event: 79.436 Thread 0x000001efd95ba570 nmethod 11793 0x000001efc3db5890 code [0x000001efc3db5a40, 0x000001efc3db5d18]
Event: 79.437 Thread 0x000001efd95ba570 11794       3       jdk.internal.reflect.ClassFileAssembler::opc_athrow (12 bytes)
Event: 79.437 Thread 0x000001efd95ba570 nmethod 11794 0x000001efc3eb4590 code [0x000001efc3eb4740, 0x000001efc3eb4a08]
Event: 79.442 Thread 0x000001efd95ba570 11795       3       jdk.internal.reflect.ClassFileAssembler::<init> (8 bytes)
Event: 79.442 Thread 0x000001efd95ba570 nmethod 11795 0x000001efc3d57b90 code [0x000001efc3d57d60, 0x000001efc3d58278]
Event: 79.442 Thread 0x000001efd95ba570 11796       3       jdk.internal.reflect.ClassFileAssembler::append (9 bytes)
Event: 79.443 Thread 0x000001efd95ba570 nmethod 11796 0x000001efc3c9d010 code [0x000001efc3c9d200, 0x000001efc3c9d738]
Event: 79.443 Thread 0x000001efd95ba570 11797       1       java.lang.ClassLoader::getName (5 bytes)
Event: 79.443 Thread 0x000001efd95ba570 nmethod 11797 0x000001efcb4a4210 code [0x000001efcb4a43a0, 0x000001efcb4a4478]
Event: 79.448 Thread 0x000001efd95ba570 11798       1       org.gradle.internal.action.DefaultConfigurableRule::isCacheable (5 bytes)
Event: 79.448 Thread 0x000001efd95ba570 nmethod 11798 0x000001efcb4a3e10 code [0x000001efcb4a3fa0, 0x000001efcb4a4078]
Event: 79.448 Thread 0x000001efd95ba570 11799       3       jdk.internal.reflect.AccessorGenerator::isPrimitive (20 bytes)
Event: 79.449 Thread 0x000001efd95ba570 nmethod 11799 0x000001efc3e44190 code [0x000001efc3e44320, 0x000001efc3e444d8]

GC Heap History (20 events):
Event: 68.376 GC heap before
{Heap before GC invocations=47 (full 0):
 garbage-first heap   total 181248K, used 150856K [0x0000000080000000, 0x0000000100000000)
  region size 1024K, 98 young (100352K), 11 survivors (11264K)
 Metaspace       used 65357K, committed 65984K, reserved 487424K
  class space    used 8698K, committed 8960K, reserved 421888K
}
Event: 68.386 GC heap after
{Heap after GC invocations=48 (full 0):
 garbage-first heap   total 181248K, used 64461K [0x0000000080000000, 0x0000000100000000)
  region size 1024K, 9 young (9216K), 9 survivors (9216K)
 Metaspace       used 65357K, committed 65984K, reserved 487424K
  class space    used 8698K, committed 8960K, reserved 421888K
}
Event: 69.917 GC heap before
{Heap before GC invocations=48 (full 0):
 garbage-first heap   total 181248K, used 163789K [0x0000000080000000, 0x0000000100000000)
  region size 1024K, 95 young (97280K), 9 survivors (9216K)
 Metaspace       used 76502K, committed 77184K, reserved 495616K
  class space    used 10528K, committed 10880K, reserved 421888K
}
Event: 69.928 GC heap after
{Heap after GC invocations=49 (full 0):
 garbage-first heap   total 181248K, used 80522K [0x0000000080000000, 0x0000000100000000)
  region size 1024K, 8 young (8192K), 8 survivors (8192K)
 Metaspace       used 76502K, committed 77184K, reserved 495616K
  class space    used 10528K, committed 10880K, reserved 421888K
}
Event: 70.651 GC heap before
{Heap before GC invocations=49 (full 0):
 garbage-first heap   total 181248K, used 128650K [0x0000000080000000, 0x0000000100000000)
  region size 1024K, 56 young (57344K), 8 survivors (8192K)
 Metaspace       used 79294K, committed 79936K, reserved 495616K
  class space    used 10838K, committed 11136K, reserved 421888K
}
Event: 70.669 GC heap after
{Heap after GC invocations=50 (full 0):
 garbage-first heap   total 181248K, used 80076K [0x0000000080000000, 0x0000000100000000)
  region size 1024K, 10 young (10240K), 10 survivors (10240K)
 Metaspace       used 79294K, committed 79936K, reserved 495616K
  class space    used 10838K, committed 11136K, reserved 421888K
}
Event: 71.738 GC heap before
{Heap before GC invocations=51 (full 0):
 garbage-first heap   total 181248K, used 145612K [0x0000000080000000, 0x0000000100000000)
  region size 1024K, 72 young (73728K), 10 survivors (10240K)
 Metaspace       used 86086K, committed 86784K, reserved 503808K
  class space    used 11494K, committed 11840K, reserved 421888K
}
Event: 71.754 GC heap after
{Heap after GC invocations=52 (full 0):
 garbage-first heap   total 181248K, used 88658K [0x0000000080000000, 0x0000000100000000)
  region size 1024K, 6 young (6144K), 6 survivors (6144K)
 Metaspace       used 86086K, committed 86784K, reserved 503808K
  class space    used 11494K, committed 11840K, reserved 421888K
}
Event: 71.790 GC heap before
{Heap before GC invocations=52 (full 0):
 garbage-first heap   total 181248K, used 90706K [0x0000000080000000, 0x0000000100000000)
  region size 1024K, 8 young (8192K), 6 survivors (6144K)
 Metaspace       used 86352K, committed 86976K, reserved 503808K
  class space    used 11524K, committed 11840K, reserved 421888K
}
Event: 71.797 GC heap after
{Heap after GC invocations=53 (full 0):
 garbage-first heap   total 181248K, used 88019K [0x0000000080000000, 0x0000000100000000)
  region size 1024K, 1 young (1024K), 1 survivors (1024K)
 Metaspace       used 86352K, committed 86976K, reserved 503808K
  class space    used 11524K, committed 11840K, reserved 421888K
}
Event: 72.837 GC heap before
{Heap before GC invocations=53 (full 0):
 garbage-first heap   total 181248K, used 146387K [0x0000000080000000, 0x0000000100000000)
  region size 1024K, 58 young (59392K), 1 survivors (1024K)
 Metaspace       used 93267K, committed 94016K, reserved 503808K
  class space    used 12384K, committed 12736K, reserved 421888K
}
Event: 72.844 GC heap after
{Heap after GC invocations=54 (full 0):
 garbage-first heap   total 181248K, used 89774K [0x0000000080000000, 0x0000000100000000)
  region size 1024K, 3 young (3072K), 3 survivors (3072K)
 Metaspace       used 93267K, committed 94016K, reserved 503808K
  class space    used 12384K, committed 12736K, reserved 421888K
}
Event: 73.950 GC heap before
{Heap before GC invocations=55 (full 0):
 garbage-first heap   total 181248K, used 149166K [0x0000000080000000, 0x0000000100000000)
  region size 1024K, 60 young (61440K), 3 survivors (3072K)
 Metaspace       used 96347K, committed 97024K, reserved 512000K
  class space    used 12711K, committed 13056K, reserved 421888K
}
Event: 73.957 GC heap after
{Heap after GC invocations=56 (full 0):
 garbage-first heap   total 181248K, used 93033K [0x0000000080000000, 0x0000000100000000)
  region size 1024K, 6 young (6144K), 6 survivors (6144K)
 Metaspace       used 96347K, committed 97024K, reserved 512000K
  class space    used 12711K, committed 13056K, reserved 421888K
}
Event: 73.989 GC heap before
{Heap before GC invocations=56 (full 0):
 garbage-first heap   total 181248K, used 95081K [0x0000000080000000, 0x0000000100000000)
  region size 1024K, 8 young (8192K), 6 survivors (6144K)
 Metaspace       used 96365K, committed 97088K, reserved 512000K
  class space    used 12711K, committed 13056K, reserved 421888K
}
Event: 73.997 GC heap after
{Heap after GC invocations=57 (full 0):
 garbage-first heap   total 218112K, used 92450K [0x0000000080000000, 0x0000000100000000)
  region size 1024K, 1 young (1024K), 1 survivors (1024K)
 Metaspace       used 96365K, committed 97088K, reserved 512000K
  class space    used 12711K, committed 13056K, reserved 421888K
}
Event: 75.199 GC heap before
{Heap before GC invocations=57 (full 0):
 garbage-first heap   total 218112K, used 177442K [0x0000000080000000, 0x0000000100000000)
  region size 1024K, 84 young (86016K), 1 survivors (1024K)
 Metaspace       used 104346K, committed 104960K, reserved 520192K
  class space    used 13650K, committed 13952K, reserved 421888K
}
Event: 75.205 GC heap after
{Heap after GC invocations=58 (full 0):
 garbage-first heap   total 218112K, used 96422K [0x0000000080000000, 0x0000000100000000)
  region size 1024K, 5 young (5120K), 5 survivors (5120K)
 Metaspace       used 104346K, committed 104960K, reserved 520192K
  class space    used 13650K, committed 13952K, reserved 421888K
}
Event: 77.883 GC heap before
{Heap before GC invocations=58 (full 0):
 garbage-first heap   total 218112K, used 177318K [0x0000000080000000, 0x0000000100000000)
  region size 1024K, 85 young (87040K), 5 survivors (5120K)
 Metaspace       used 114643K, committed 115328K, reserved 528384K
  class space    used 14798K, committed 15104K, reserved 421888K
}
Event: 77.891 GC heap after
{Heap after GC invocations=59 (full 0):
 garbage-first heap   total 218112K, used 99418K [0x0000000080000000, 0x0000000100000000)
  region size 1024K, 8 young (8192K), 8 survivors (8192K)
 Metaspace       used 114643K, committed 115328K, reserved 528384K
  class space    used 14798K, committed 15104K, reserved 421888K
}

Deoptimization events (20 events):
Event: 79.073 Thread 0x000001efdb7a11c0 Uncommon trap: trap_request=0xffffffc6 fr.pc=0x000001efcb2ecfc8 relative=0x0000000000008f88
Event: 79.073 Thread 0x000001efdb7a11c0 Uncommon trap: reason=bimorphic_or_optimized_type_check action=maybe_recompile pc=0x000001efcb2ecfc8 method=org.objectweb.asm.ClassReader.readCode(Lorg/objectweb/asm/MethodVisitor;Lorg/objectweb/asm/Context;I)V @ 3856 c2
Event: 79.073 Thread 0x000001efdb7a11c0 DEOPT PACKING pc=0x000001efcb2ecfc8 sp=0x000000aae20f2c40
Event: 79.073 Thread 0x000001efdb7a11c0 DEOPT UNPACKING pc=0x000001efc3585c23 sp=0x000000aae20f2be0 mode 2
Event: 79.232 Thread 0x000001efdb7a11c0 Uncommon trap: trap_request=0xffffffde fr.pc=0x000001efcb2ec200 relative=0x00000000000081c0
Event: 79.232 Thread 0x000001efdb7a11c0 Uncommon trap: reason=class_check action=maybe_recompile pc=0x000001efcb2ec200 method=org.objectweb.asm.ClassReader.readCode(Lorg/objectweb/asm/MethodVisitor;Lorg/objectweb/asm/Context;I)V @ 4257 c2
Event: 79.232 Thread 0x000001efdb7a11c0 DEOPT PACKING pc=0x000001efcb2ec200 sp=0x000000aae20f3960
Event: 79.232 Thread 0x000001efdb7a11c0 DEOPT UNPACKING pc=0x000001efc3585c23 sp=0x000000aae20f38d8 mode 2
Event: 79.358 Thread 0x000001efdb7a11c0 Uncommon trap: trap_request=0xffffff45 fr.pc=0x000001efcb24d010 relative=0x0000000000000270
Event: 79.358 Thread 0x000001efdb7a11c0 Uncommon trap: reason=unstable_if action=reinterpret pc=0x000001efcb24d010 method=java.util.HashMap.getNode(Ljava/lang/Object;)Ljava/util/HashMap$Node; @ 57 c2
Event: 79.358 Thread 0x000001efdb7a11c0 DEOPT PACKING pc=0x000001efcb24d010 sp=0x000000aae20f32f0
Event: 79.358 Thread 0x000001efdb7a11c0 DEOPT UNPACKING pc=0x000001efc3585c23 sp=0x000000aae20f3270 mode 2
Event: 79.358 Thread 0x000001efdb7a11c0 Uncommon trap: trap_request=0xffffff45 fr.pc=0x000001efcb24c5a0 relative=0x0000000000000740
Event: 79.358 Thread 0x000001efdb7a11c0 Uncommon trap: reason=unstable_if action=reinterpret pc=0x000001efcb24c5a0 method=java.util.HashMap.putVal(ILjava/lang/Object;Ljava/lang/Object;ZZ)Ljava/lang/Object; @ 85 c2
Event: 79.358 Thread 0x000001efdb7a11c0 DEOPT PACKING pc=0x000001efcb24c5a0 sp=0x000000aae20f3280
Event: 79.358 Thread 0x000001efdb7a11c0 DEOPT UNPACKING pc=0x000001efc3585c23 sp=0x000000aae20f3208 mode 2
Event: 79.386 Thread 0x000001efdb7a11c0 Uncommon trap: trap_request=0xffffff45 fr.pc=0x000001efcb04c418 relative=0x0000000000000098
Event: 79.386 Thread 0x000001efdb7a11c0 Uncommon trap: reason=unstable_if action=reinterpret pc=0x000001efcb04c418 method=java.util.HashMap.hash(Ljava/lang/Object;)I @ 1 c2
Event: 79.386 Thread 0x000001efdb7a11c0 DEOPT PACKING pc=0x000001efcb04c418 sp=0x000000aae20f3250
Event: 79.386 Thread 0x000001efdb7a11c0 DEOPT UNPACKING pc=0x000001efc3585c23 sp=0x000000aae20f31e8 mode 2

Classes unloaded (15 events):
Event: 50.389 Thread 0x000001efd9597be0 Unloading class 0x00000008011b3800 '_BuildScript_'
Event: 50.389 Thread 0x000001efd9597be0 Unloading class 0x00000008011b1918 '_BuildScript_$_run_closure1$_closure2'
Event: 50.389 Thread 0x000001efd9597be0 Unloading class 0x00000008011b1530 '_BuildScript_$_run_closure1'
Event: 50.389 Thread 0x000001efd9597be0 Unloading class 0x00000008011b1000 '_BuildScript_'
Event: 50.389 Thread 0x000001efd9597be0 Unloading class 0x00000008011ae000 '_BuildScript_$_run_closure1$_closure2'
Event: 50.389 Thread 0x000001efd9597be0 Unloading class 0x00000008011ad918 '_BuildScript_$_run_closure1'
Event: 50.389 Thread 0x000001efd9597be0 Unloading class 0x00000008011ad3e8 '_BuildScript_'
Event: 50.389 Thread 0x000001efd9597be0 Unloading class 0x00000008011ad000 'ProtobufPatchPlugin$_apply_closure1$_closure2$_closure3$_closure4'
Event: 50.389 Thread 0x000001efd9597be0 Unloading class 0x00000008011aca98 'ProtobufPatchPlugin$_apply_closure1$_closure2$_closure3'
Event: 50.389 Thread 0x000001efd9597be0 Unloading class 0x00000008011ac6b0 'ProtobufPatchPlugin$_apply_closure1$_closure2'
Event: 50.389 Thread 0x000001efd9597be0 Unloading class 0x00000008011ac2c8 'ProtobufPatchPlugin$_apply_closure1'
Event: 50.389 Thread 0x000001efd9597be0 Unloading class 0x00000008011ac000 'ProtobufPatchPlugin'
Event: 50.389 Thread 0x000001efd9597be0 Unloading class 0x00000008011143e8 '_BuildScript_$_run_closure1$_closure2'
Event: 50.389 Thread 0x000001efd9597be0 Unloading class 0x0000000801114000 '_BuildScript_$_run_closure1'
Event: 50.389 Thread 0x000001efd9597be0 Unloading class 0x000000080110c000 '_BuildScript_'

Classes redefined (0 events):
No events

Internal exceptions (20 events):
Event: 76.640 Thread 0x000001efdb79f9b0 Exception <a 'sun/nio/fs/WindowsException'{0x0000000089349dd8}> (0x0000000089349dd8) 
thrown [t:\workspace\open\src\hotspot\share\prims\jni.cpp, line 516]
Event: 76.651 Thread 0x000001efdb79f9b0 Exception <a 'sun/nio/fs/WindowsException'{0x0000000089363e60}> (0x0000000089363e60) 
thrown [t:\workspace\open\src\hotspot\share\prims\jni.cpp, line 516]
Event: 76.653 Thread 0x000001efdb79f9b0 Exception <a 'sun/nio/fs/WindowsException'{0x0000000089363fd8}> (0x0000000089363fd8) 
thrown [t:\workspace\open\src\hotspot\share\prims\jni.cpp, line 516]
Event: 76.671 Thread 0x000001efdb7a11c0 Exception <a 'java/lang/ClassNotFoundException'{0x00000000894cedc8}: sun/misc/SharedSecrets> (0x00000000894cedc8) 
thrown [t:\workspace\open\src\hotspot\share\classfile\systemDictionary.cpp, line 256]
Event: 76.710 Thread 0x000001efdb7a1b60 Exception <a 'java/lang/NoSuchMethodError'{0x000000008920acf8}: static Lorg/gradle/internal/build/event/types/DefaultBuildPhaseDescriptor;.<clinit>()V> (0x000000008920acf8) 
thrown [t:\workspace\open\src\hotspot\share\prims\jni.cpp, line 1107]
Event: 77.390 Thread 0x000001efdb7a11c0 Exception <a 'java/lang/ClassNotFoundException'{0x0000000088a99c98}: org/gradle/api/internal/project/DefaultProject_DecoratedBeanInfo> (0x0000000088a99c98) 
thrown [t:\workspace\open\src\hotspot\share\classfile\systemDictionary.cpp, line 256]
Event: 77.391 Thread 0x000001efdb7a11c0 Exception <a 'java/lang/ClassNotFoundException'{0x0000000088aa6880}: org/gradle/api/internal/project/DefaultProjectBeanInfo> (0x0000000088aa6880) 
thrown [t:\workspace\open\src\hotspot\share\classfile\systemDictionary.cpp, line 256]
Event: 77.391 Thread 0x000001efdb7a11c0 Exception <a 'java/lang/ClassNotFoundException'{0x0000000088ab3480}: org/gradle/api/internal/project/DefaultProjectCustomizer> (0x0000000088ab3480) 
thrown [t:\workspace\open\src\hotspot\share\classfile\systemDictionary.cpp, line 256]
Event: 77.404 Thread 0x000001efdb7a11c0 Exception <a 'java/lang/ClassNotFoundException'{0x000000008895b9e8}: org/gradle/api/internal/project/DefaultProject_DecoratedCustomizer> (0x000000008895b9e8) 
thrown [t:\workspace\open\src\hotspot\share\classfile\systemDictionary.cpp, line 256]
Event: 77.899 Thread 0x000001efdb7a11c0 Exception <a 'java/lang/ClassNotFoundException'{0x000000008d300c20}: org/gradle/api/internal/plugins/DefaultPluginContainerBeanInfo> (0x000000008d300c20) 
thrown [t:\workspace\open\src\hotspot\share\classfile\systemDictionary.cpp, line 256]
Event: 77.901 Thread 0x000001efdb7a11c0 Exception <a 'java/lang/ClassNotFoundException'{0x000000008d30d918}: org/gradle/api/internal/plugins/DefaultPluginCollectionBeanInfo> (0x000000008d30d918) 
thrown [t:\workspace\open\src\hotspot\share\classfile\systemDictionary.cpp, line 256]
Event: 77.901 Thread 0x000001efdb7a11c0 Exception <a 'java/lang/ClassNotFoundException'{0x000000008d31a390}: org/gradle/api/internal/DefaultDomainObjectSetBeanInfo> (0x000000008d31a390) 
thrown [t:\workspace\open\src\hotspot\share\classfile\systemDictionary.cpp, line 256]
Event: 77.902 Thread 0x000001efdb7a11c0 Exception <a 'java/lang/ClassNotFoundException'{0x000000008d326ec8}: org/gradle/api/internal/DefaultDomainObjectCollectionBeanInfo> (0x000000008d326ec8) 
thrown [t:\workspace\open\src\hotspot\share\classfile\systemDictionary.cpp, line 256]
Event: 77.903 Thread 0x000001efdb7a11c0 Exception <a 'java/lang/ClassNotFoundException'{0x000000008d333a28}: org/gradle/api/internal/DefaultDomainObjectCollectionCustomizer> (0x000000008d333a28) 
thrown [t:\workspace\open\src\hotspot\share\classfile\systemDictionary.cpp, line 256]
Event: 77.908 Thread 0x000001efdb7a11c0 Exception <a 'java/lang/ClassNotFoundException'{0x000000008d360c60}: org/gradle/api/internal/DefaultDomainObjectSetCustomizer> (0x000000008d360c60) 
thrown [t:\workspace\open\src\hotspot\share\classfile\systemDictionary.cpp, line 256]
Event: 77.909 Thread 0x000001efdb7a11c0 Exception <a 'java/lang/ClassNotFoundException'{0x000000008d37bdc8}: org/gradle/api/internal/plugins/DefaultPluginCollectionCustomizer> (0x000000008d37bdc8) 
thrown [t:\workspace\open\src\hotspot\share\classfile\systemDictionary.cpp, line 256]
Event: 77.918 Thread 0x000001efdb7a11c0 Exception <a 'java/lang/ClassNotFoundException'{0x000000008d3b2810}: org/gradle/api/internal/plugins/DefaultPluginContainerCustomizer> (0x000000008d3b2810) 
thrown [t:\workspace\open\src\hotspot\share\classfile\systemDictionary.cpp, line 256]
Event: 78.141 Thread 0x000001efdb7a11c0 Exception <a 'java/lang/ClassNotFoundException'{0x000000008d242320}: org/gradle/configuration/internal/DefaultListenerBuildOperationDecorator$BuildOperationEmittingClosureBeanInfo> (0x000000008d242320) 
thrown [t:\workspace\open\src\hotspot\share\classfile\systemDictionary.cpp, line 256]
Event: 78.145 Thread 0x000001efdb7a11c0 Exception <a 'java/lang/ClassNotFoundException'{0x000000008d2508a0}: org/gradle/configuration/internal/DefaultListenerBuildOperationDecorator$BuildOperationEmittingClosureCustomizer> (0x000000008d2508a0) 
thrown [t:\workspace\open\src\hotspot\share\classfile\systemDictionary.cpp, line 256]
Event: 79.386 Thread 0x000001efdb7a11c0 Implicit null exception at 0x000001efcb04c38f to 0x000001efcb04c409

VM Operations (20 events):
Event: 76.875 Executing VM operation: HandshakeAllThreads
Event: 76.875 Executing VM operation: HandshakeAllThreads done
Event: 76.920 Executing VM operation: HandshakeAllThreads
Event: 76.920 Executing VM operation: HandshakeAllThreads done
Event: 77.293 Executing VM operation: HandshakeAllThreads
Event: 77.340 Executing VM operation: HandshakeAllThreads done
Event: 77.883 Executing VM operation: G1CollectForAllocation
Event: 77.892 Executing VM operation: G1CollectForAllocation done
Event: 78.157 Executing VM operation: HandshakeAllThreads
Event: 78.157 Executing VM operation: HandshakeAllThreads done
Event: 78.552 Executing VM operation: HandshakeAllThreads
Event: 78.554 Executing VM operation: HandshakeAllThreads done
Event: 78.765 Executing VM operation: HandshakeAllThreads
Event: 78.765 Executing VM operation: HandshakeAllThreads done
Event: 78.771 Executing VM operation: ICBufferFull
Event: 78.772 Executing VM operation: ICBufferFull done
Event: 79.356 Executing VM operation: ICBufferFull
Event: 79.357 Executing VM operation: ICBufferFull done
Event: 79.406 Executing VM operation: ICBufferFull
Event: 79.406 Executing VM operation: ICBufferFull done

Events (20 events):
Event: 78.779 Thread 0x000001efd95d7260 flushing nmethod 0x000001efc4ba6b90
Event: 78.779 Thread 0x000001efd95d7260 flushing nmethod 0x000001efc4ba8610
Event: 78.779 Thread 0x000001efd95d7260 flushing nmethod 0x000001efc4be5e10
Event: 78.779 Thread 0x000001efd95d7260 flushing nmethod 0x000001efc4c0da10
Event: 78.779 Thread 0x000001efd95d7260 flushing nmethod 0x000001efc4c11c90
Event: 78.779 Thread 0x000001efd95d7260 flushing nmethod 0x000001efc4c1e490
Event: 78.779 Thread 0x000001efd95d7260 flushing nmethod 0x000001efc4c49910
Event: 78.779 Thread 0x000001efd95d7260 flushing nmethod 0x000001efc4c4f790
Event: 78.779 Thread 0x000001efd95d7260 flushing nmethod 0x000001efc4c51910
Event: 78.780 Thread 0x000001efd95d7260 flushing nmethod 0x000001efc4c77990
Event: 78.780 Thread 0x000001efd95d7260 flushing nmethod 0x000001efc4cb5090
Event: 78.780 Thread 0x000001efd95d7260 flushing nmethod 0x000001efc4cbb810
Event: 78.780 Thread 0x000001efd95d7260 flushing nmethod 0x000001efc4cc1a90
Event: 78.780 Thread 0x000001efd95d7260 flushing nmethod 0x000001efc4cd0010
Event: 78.780 Thread 0x000001efd95d7260 flushing nmethod 0x000001efc4ce3b90
Event: 78.780 Thread 0x000001efd95d7260 flushing nmethod 0x000001efc4d82910
Event: 78.780 Thread 0x000001efd95d7260 flushing nmethod 0x000001efc4dd6090
Event: 78.781 Thread 0x000001efd95d7260 flushing nmethod 0x000001efc4de9b10
Event: 78.802 loading class java/lang/StringIndexOutOfBoundsException
Event: 78.802 loading class java/lang/StringIndexOutOfBoundsException done


Dynamic libraries:
0x00007ff6e1d00000 - 0x00007ff6e1d10000 	C:\Program Files\Java\jdk-17.0.1\bin\java.exe
0x00007ff871e30000 - 0x00007ff872028000 	C:\Windows\SYSTEM32\ntdll.dll
0x00007ff8716e0000 - 0x00007ff87179d000 	C:\Windows\System32\KERNEL32.DLL
0x00007ff86fb80000 - 0x00007ff86fe76000 	C:\Windows\System32\KERNELBASE.dll
0x00007ff86f740000 - 0x00007ff86f840000 	C:\Windows\System32\ucrtbase.dll
0x00007ff861de0000 - 0x00007ff861df8000 	C:\Program Files\Java\jdk-17.0.1\bin\jli.dll
0x00007ff870860000 - 0x00007ff870913000 	C:\Windows\System32\ADVAPI32.dll
0x00007ff870a50000 - 0x00007ff870aee000 	C:\Windows\System32\msvcrt.dll
0x00007ff871410000 - 0x00007ff8714af000 	C:\Windows\System32\sechost.dll
0x00007ff870920000 - 0x00007ff870a46000 	C:\Windows\System32\RPCRT4.dll
0x00007ff86f8f0000 - 0x00007ff86f917000 	C:\Windows\System32\bcrypt.dll
0x00007ff8714b0000 - 0x00007ff87164e000 	C:\Windows\System32\USER32.dll
0x00007ff86f710000 - 0x00007ff86f732000 	C:\Windows\System32\win32u.dll
0x00007ff8717a0000 - 0x00007ff8717cc000 	C:\Windows\System32\GDI32.dll
0x00007ff86f500000 - 0x00007ff86f61a000 	C:\Windows\System32\gdi32full.dll
0x00007ff86f620000 - 0x00007ff86f6bd000 	C:\Windows\System32\msvcp_win.dll
0x00007ff864190000 - 0x00007ff8641aa000 	C:\Program Files\Java\jdk-17.0.1\bin\VCRUNTIME140.dll
0x00007ff859f50000 - 0x00007ff85a1ea000 	C:\Windows\WinSxS\amd64_microsoft.windows.common-controls_6595b64144ccf1df_6.0.19041.3636_none_60b6a03d71f818d5\COMCTL32.dll
0x00007ff864e90000 - 0x00007ff864e9a000 	C:\Windows\SYSTEM32\VERSION.dll
0x00007ff8707d0000 - 0x00007ff870800000 	C:\Windows\System32\IMM32.DLL
0x00007ff86a8f0000 - 0x00007ff86a8fc000 	C:\Program Files\Java\jdk-17.0.1\bin\vcruntime140_1.dll
0x00007ff84a130000 - 0x00007ff84a1bd000 	C:\Program Files\Java\jdk-17.0.1\bin\msvcp140.dll
0x00007ff81d700000 - 0x00007ff81e2be000 	C:\Program Files\Java\jdk-17.0.1\bin\server\jvm.dll
0x00007ff871830000 - 0x00007ff871838000 	C:\Windows\System32\PSAPI.DLL
0x00007ff84b090000 - 0x00007ff84b099000 	C:\Windows\SYSTEM32\WSOCK32.dll
0x00007ff871910000 - 0x00007ff87197b000 	C:\Windows\System32\WS2_32.dll
0x00007ff855930000 - 0x00007ff855957000 	C:\Windows\SYSTEM32\WINMM.dll
0x00007ff86dcf0000 - 0x00007ff86dd02000 	C:\Windows\SYSTEM32\kernel.appcore.dll
0x00007ff864140000 - 0x00007ff86414a000 	C:\Program Files\Java\jdk-17.0.1\bin\jimage.dll
0x00007ff86d8c0000 - 0x00007ff86daa4000 	C:\Windows\SYSTEM32\DBGHELP.DLL
0x00007ff854940000 - 0x00007ff854974000 	C:\Windows\SYSTEM32\dbgcore.DLL
0x00007ff86f920000 - 0x00007ff86f9a2000 	C:\Windows\System32\bcryptPrimitives.dll
0x00007ff864360000 - 0x00007ff86436e000 	C:\Program Files\Java\jdk-17.0.1\bin\instrument.dll
0x00007ff84f650000 - 0x00007ff84f675000 	C:\Program Files\Java\jdk-17.0.1\bin\java.dll
0x00007ff829d70000 - 0x00007ff829e46000 	C:\Program Files\Java\jdk-17.0.1\bin\svml.dll
0x00007ff86ff60000 - 0x00007ff8706a5000 	C:\Windows\System32\SHELL32.dll
0x00007ff86d120000 - 0x00007ff86d8bb000 	C:\Windows\SYSTEM32\windows.storage.dll
0x00007ff871050000 - 0x00007ff8713a4000 	C:\Windows\System32\combase.dll
0x00007ff86ef30000 - 0x00007ff86ef5d000 	C:\Windows\SYSTEM32\Wldp.dll
0x00007ff870d30000 - 0x00007ff870ddd000 	C:\Windows\System32\SHCORE.dll
0x00007ff870800000 - 0x00007ff870855000 	C:\Windows\System32\shlwapi.dll
0x00007ff86f430000 - 0x00007ff86f455000 	C:\Windows\SYSTEM32\profapi.dll
0x00007ff855470000 - 0x00007ff855488000 	C:\Program Files\Java\jdk-17.0.1\bin\zip.dll
0x00007ff8596f0000 - 0x00007ff859709000 	C:\Program Files\Java\jdk-17.0.1\bin\net.dll
0x00007ff8699d0000 - 0x00007ff869ada000 	C:\Windows\SYSTEM32\WINHTTP.dll
0x00007ff86ec90000 - 0x00007ff86ecfa000 	C:\Windows\system32\mswsock.dll
0x00007ff8555f0000 - 0x00007ff855605000 	C:\Program Files\Java\jdk-17.0.1\bin\nio.dll
0x00007ff868d50000 - 0x00007ff868d60000 	C:\Program Files\Java\jdk-17.0.1\bin\verify.dll
0x00007ff84ac30000 - 0x00007ff84ac57000 	C:\Users\91939\.gradle\native\68d5fa5c4cc2d200863cafc0d521ce42e7d3e7ee720ec0a83991735586a16f82\windows-amd64\native-platform.dll
0x00007ff826840000 - 0x00007ff826984000 	C:\Users\91939\.gradle\native\e376f236ea51e6404a007f0833ffe2c6e607c4080706a723a18a27aeea778392\windows-amd64\native-platform-file-events.dll
0x00007ff8595b0000 - 0x00007ff8595b9000 	C:\Program Files\Java\jdk-17.0.1\bin\management.dll
0x00007ff856940000 - 0x00007ff85694b000 	C:\Program Files\Java\jdk-17.0.1\bin\management_ext.dll
0x00007ff86ee80000 - 0x00007ff86ee98000 	C:\Windows\SYSTEM32\CRYPTSP.dll
0x00007ff86e550000 - 0x00007ff86e584000 	C:\Windows\system32\rsaenh.dll
0x00007ff86f3b0000 - 0x00007ff86f3de000 	C:\Windows\SYSTEM32\USERENV.dll
0x00007ff86eea0000 - 0x00007ff86eeac000 	C:\Windows\SYSTEM32\CRYPTBASE.dll
0x00007ff86e930000 - 0x00007ff86e96b000 	C:\Windows\SYSTEM32\IPHLPAPI.DLL
0x00007ff870f10000 - 0x00007ff870f18000 	C:\Windows\System32\NSI.dll
0x00007ff864680000 - 0x00007ff864697000 	C:\Windows\SYSTEM32\dhcpcsvc6.DLL
0x00007ff865b00000 - 0x00007ff865b1d000 	C:\Windows\SYSTEM32\dhcpcsvc.DLL
0x00007ff86e980000 - 0x00007ff86ea4a000 	C:\Windows\SYSTEM32\DNSAPI.dll
0x00007ff855570000 - 0x00007ff85557e000 	C:\Program Files\Java\jdk-17.0.1\bin\sunmscapi.dll
0x00007ff86fa20000 - 0x00007ff86fb7d000 	C:\Windows\System32\CRYPT32.dll
0x00007ff86efa0000 - 0x00007ff86efc8000 	C:\Windows\SYSTEM32\ncrypt.dll
0x00007ff86ef60000 - 0x00007ff86ef9b000 	C:\Windows\SYSTEM32\NTASN1.dll
0x00007ff8523c0000 - 0x00007ff8523c7000 	C:\Windows\system32\wshunix.dll
0x00007ff8644b0000 - 0x00007ff8644ba000 	C:\Windows\System32\rasadhlp.dll
0x00007ff862170000 - 0x00007ff8621f0000 	C:\Windows\System32\fwpuclnt.dll

dbghelp: loaded successfully - version: 4.0.5 - missing functions: none
symbol engine: initialized successfully - sym options: 0x614 - pdb path: .;C:\Program Files\Java\jdk-17.0.1\bin;C:\Windows\SYSTEM32;C:\Windows\WinSxS\amd64_microsoft.windows.common-controls_6595b64144ccf1df_6.0.19041.3636_none_60b6a03d71f818d5;C:\Program Files\Java\jdk-17.0.1\bin\server;C:\Users\91939\.gradle\native\68d5fa5c4cc2d200863cafc0d521ce42e7d3e7ee720ec0a83991735586a16f82\windows-amd64;C:\Users\91939\.gradle\native\e376f236ea51e6404a007f0833ffe2c6e607c4080706a723a18a27aeea778392\windows-amd64

VM Arguments:
jvm_args: -XX:MaxMetaspaceSize=512m --add-opens=java.base/java.util=ALL-UNNAMED --add-opens=java.base/java.lang=ALL-UNNAMED --add-opens=java.base/java.lang.invoke=ALL-UNNAMED --add-opens=java.prefs/java.util.prefs=ALL-UNNAMED --add-opens=java.base/java.nio.charset=ALL-UNNAMED --add-opens=java.base/java.net=ALL-UNNAMED --add-opens=java.base/java.util.concurrent.atomic=ALL-UNNAMED -Xmx2048m -Dfile.encoding=utf8 -Duser.country=IN -Duser.language=en -Duser.variant -javaagent:C:\Users\91939\.gradle\wrapper\dists\gradle-8.1.1-all\bs1rrjki8hh9bujwbsqnxtuzr\gradle-8.1.1\lib\agents\gradle-instrumentation-agent-8.1.1.jar 
java_command: org.gradle.launcher.daemon.bootstrap.GradleDaemon 8.1.1
java_class_path (initial): C:\Users\91939\.gradle\wrapper\dists\gradle-8.1.1-all\bs1rrjki8hh9bujwbsqnxtuzr\gradle-8.1.1\lib\gradle-launcher-8.1.1.jar
Launcher Type: SUN_STANDARD

[Global flags]
     intx CICompilerCount                          = 3                                         {product} {ergonomic}
   size_t CompressedClassSpaceSize                 = 432013312                                 {product} {ergonomic}
     uint ConcGCThreads                            = 1                                         {product} {ergonomic}
     uint G1ConcRefinementThreads                  = 4                                         {product} {ergonomic}
   size_t G1HeapRegionSize                         = 1048576                                   {product} {ergonomic}
    uintx GCDrainStackTargetSize                   = 64                                        {product} {ergonomic}
   size_t InitialHeapSize                          = 130023424                                 {product} {ergonomic}
   size_t MarkStackSize                            = 4194304                                   {product} {ergonomic}
   size_t MaxHeapSize                              = 2147483648                                {product} {command line}
   size_t MaxMetaspaceSize                         = 536870912                                 {product} {command line}
   size_t MaxNewSize                               = 1287651328                                {product} {ergonomic}
   size_t MinHeapDeltaBytes                        = 1048576                                   {product} {ergonomic}
   size_t MinHeapSize                              = 8388608                                   {product} {ergonomic}
    uintx NonNMethodCodeHeapSize                   = 5832780                                {pd product} {ergonomic}
    uintx NonProfiledCodeHeapSize                  = 122912730                              {pd product} {ergonomic}
    uintx ProfiledCodeHeapSize                     = 122912730                              {pd product} {ergonomic}
    uintx ReservedCodeCacheSize                    = 251658240                              {pd product} {ergonomic}
     bool SegmentedCodeCache                       = true                                      {product} {ergonomic}
   size_t SoftMaxHeapSize                          = 2147483648                             {manageable} {ergonomic}
     bool UseCompressedClassPointers               = true                           {product lp64_product} {ergonomic}
     bool UseCompressedOops                        = true                           {product lp64_product} {ergonomic}
     bool UseG1GC                                  = true                                      {product} {ergonomic}
     bool UseLargePagesIndividualAllocation        = false                                  {pd product} {ergonomic}

Logging:
Log output configuration:
 #0: stdout all=warning uptime,level,tags
 #1: stderr all=off uptime,level,tags

Environment Variables:
JAVA_HOME=C:\Program Files\Java\jdk-17.0.1
PATH=C:\Program Files\Common Files\Oracle\Java\javapath;C:\Program Files (x86)\Common Files\Intel\Shared Libraries\redist\intel64\compiler;C:\Windows\system32;C:\Windows;C:\Windows\System32\Wbem;C:\Windows\System32\WindowsPowerShell\v1.0\;C:\Windows\System32\OpenSSH\;C:\MinGW\bin;C:\Program Files\Git\cmd;C:\Program Files\Docker\Docker\resources\bin;C:\ProgramData\DockerDesktop\version-bin;C:\Users\91939\AppData\Local\Android\Sdk\platform-tools;C:\ProgramData\chocolatey\bin;C:\Program Files\nodejs\;C:\Users\91939\AppData\Local\Android\Sdk;C:\Users\91939\flutter\bin;%PNPM_HOME%;C:\Users\91939\AppData\Local\Programs\Python\Python310\Scripts\;C:\Users\91939\AppData\Local\Programs\Python\Python310\;C:\Users\91939\AppData\Local\Microsoft\WindowsApps;C:\Program Files\JetBrains\IntelliJ IDEA Community Edition 2021.2.3\bin;;C:\Users\91939\AppData\Local\GitHubDesktop\bin;C:\Users\91939\Dropbox\My PC (LAPTOP-JH16H4DN)\Downloads\Setup\apache-maven-3.8.6\bin;C:\flutter\bin;C:\Users\91939\AppData\Local\Programs\Microsoft VS Code\bin;C:\Users\91939\AppData\Roaming\npm;C:\Users\91939\AppData\Local\Android\Sdk;C:\Users\91939\AppData\Local\Android\Sdk\platform-tools;C:\Users\91939\AppData\Local\Android\Sdk\emulator;C:\Users\91939\AppData\Local\Android\Sdk\tools;C:\Users\91939\AppData\Local\Android\Sdk\tools\bin;C:\Program Files (x86)\MongoDB\Server\6.0\bin;C:\Program Files (x86)\MongoDB\Server\6.0\bin;C:\Program Files\MongoDB\Server\6.0\bin;C:\Users\91939\flutter\bin;
USERNAME=91939
OS=Windows_NT
PROCESSOR_IDENTIFIER=Intel64 Family 6 Model 140 Stepping 1, GenuineIntel



---------------  S Y S T E M  ---------------

OS:
 Windows 10 , 64 bit Build 19041 (10.0.19041.3636)
OS uptime: 16 days 10:09 hours
Hyper-V role detected

CPU: total 4 (initial active 4) (2 cores per cpu, 2 threads per core) family 6 model 140 stepping 1 microcode 0x86, cx8, cmov, fxsr, ht, mmx, 3dnowpref, sse, sse2, sse3, ssse3, sse4.1, sse4.2, popcnt, lzcnt, tsc, tscinvbit, avx, avx2, aes, erms, clmul, bmi1, bmi2, adx, avx512f, avx512dq, avx512cd, avx512bw, avx512vl, sha, fma, vzeroupper, avx512_vpopcntdq, avx512_vpclmulqdq, avx512_vaes, avx512_vnni, clflush, clflushopt, clwb, avx512_vbmi2, avx512_vbmi, hv

Memory: 4k page, system-wide physical 7886M (111M free)
TotalPageFile size 19886M (AvailPageFile size 9M)
current process WorkingSet (physical memory assigned to process): 483M, peak: 488M
current process commit charge ("private bytes"): 519M, peak: 521M

vm_info: Java HotSpot(TM) 64-Bit Server VM (17.0.1+12-LTS-39) for windows-amd64 JRE (17.0.1+12-LTS-39), built on Sep 27 2021 18:41:35 by "mach5one" with MS VC++ 16.8 (VS2019)

END.
