#
# There is insufficient memory for the Java Runtime Environment to continue.
# Native memory allocation (malloc) failed to allocate 157360 bytes for Chunk::new
# Possible reasons:
#   The system is out of physical RAM or swap space
#   The process is running with CompressedOops enabled, and the Java Heap may be blocking the growth of the native heap
# Possible solutions:
#   Reduce memory load on the system
#   Increase physical memory or swap space
#   Check if swap backing store is full
#   Decrease Java heap size (-Xmx/-Xms)
#   Decrease number of Java threads
#   Decrease Java thread stack sizes (-Xss)
#   Set larger code cache with -XX:ReservedCodeCacheSize=
#   JVM is running with Unscaled Compressed Oops mode in which the Java heap is
#     placed in the first 4GB address space. The Java Heap base address is the
#     maximum limit for the native heap growth. Please use -XX:HeapBaseMinAddress
#     to set the Java Heap base and to place the Java Heap above 4GB virtual address.
# This output file may be truncated or incomplete.
#
#  Out of Memory Error (arena.cpp:191), pid=13528, tid=1444
#
# JRE version: OpenJDK Runtime Environment Temurin-17.0.10+7 (17.0.10+7) (build 17.0.10+7)
# Java VM: OpenJDK 64-Bit Server VM Temurin-17.0.10+7 (17.0.10+7, mixed mode, tiered, compressed oops, compressed class ptrs, parallel gc, windows-amd64)
# No core dump will be written. Minidumps are not enabled by default on client versions of Windows
#

---------------  S U M M A R Y ------------

Command Line: --add-modules=ALL-SYSTEM --add-opens=java.base/java.util=ALL-UNNAMED --add-opens=java.base/java.lang=ALL-UNNAMED --add-opens=java.base/sun.nio.fs=ALL-UNNAMED -Declipse.application=org.eclipse.jdt.ls.core.id1 -Dosgi.bundles.defaultStartLevel=4 -Declipse.product=org.eclipse.jdt.ls.core.product -Djava.import.generatesMetadataFilesAtProjectRoot=false -DDetectVMInstallationsJob.disabled=true -Dfile.encoding=utf8 -XX:+UseParallelGC -XX:GCTimeRatio=4 -XX:AdaptiveSizePolicyWeight=90 -Dsun.zip.disableMemoryMapping=true -Xmx1G -Xms100m -Xlog:disable -javaagent:c:\Users\91939\.vscode\extensions\redhat.java-1.28.1-win32-x64\lombok\lombok-1.18.31.jar -XX:+HeapDumpOnOutOfMemoryError -XX:HeapDumpPath=c:\Users\91939\AppData\Roaming\Code\User\workspaceStorage\3073c713fef8f9f292d9ac8183e18078\redhat.java -Daether.dependencyCollector.impl=bf c:\Users\91939\.vscode\extensions\redhat.java-1.28.1-win32-x64\server\plugins\org.eclipse.equinox.launcher_1.6.700.v20231214-2017.jar -configuration c:\Users\91939\AppData\Roaming\Code\User\globalStorage\redhat.java\1.28.1\config_win -data c:\Users\91939\AppData\Roaming\Code\User\workspaceStorage\3073c713fef8f9f292d9ac8183e18078\redhat.java\jdt_ws --stdio

Host: 11th Gen Intel(R) Core(TM) i3-1115G4 @ 3.00GHz, 4 cores, 7G,  Windows 10 , 64 bit Build 19041 (10.0.19041.3570)
Time: Sun Mar  3 07:50:12 2024 India Standard Time elapsed time: 1.814407 seconds (0d 0h 0m 1s)

---------------  T H R E A D  ---------------

Current thread (0x0000024e7fe10230):  JavaThread "C2 CompilerThread0" daemon [_thread_in_native, id=1444, stack(0x0000007705600000,0x0000007705700000)]


Current CompileTask:
C2:   1814 1795       4       java.lang.StringLatin1::toLowerCase (186 bytes)

Stack: [0x0000007705600000,0x0000007705700000]
Native frames: (J=compiled Java code, j=interpreted, Vv=VM code, C=native code)
V  [jvm.dll+0x67d2c9]
V  [jvm.dll+0x834afa]
V  [jvm.dll+0x8365be]
V  [jvm.dll+0x836c23]
V  [jvm.dll+0x2477ff]
V  [jvm.dll+0xac514]
V  [jvm.dll+0xacb5c]
V  [jvm.dll+0x3667d7]
V  [jvm.dll+0x330bfa]
V  [jvm.dll+0x33009a]
V  [jvm.dll+0x219ef1]
V  [jvm.dll+0x219311]
V  [jvm.dll+0x1a502d]
V  [jvm.dll+0x2290de]
V  [jvm.dll+0x2272ac]
V  [jvm.dll+0x7e9bb7]
V  [jvm.dll+0x7e3fba]
V  [jvm.dll+0x67c1b5]
C  [ucrtbase.dll+0x21bb2]
C  [KERNEL32.DLL+0x17344]
C  [ntdll.dll+0x526b1]


---------------  P R O C E S S  ---------------

Threads class SMR info:
_java_thread_list=0x0000024e17972b10, length=15, elements={
0x0000024e7bc3daf0, 0x0000024e7bceca00, 0x0000024e7bcedfe0, 0x0000024e7fe2a150,
0x0000024e7fe2ad10, 0x0000024e7fe2b8d0, 0x0000024e7fe007a0, 0x0000024e7fe10230,
0x0000024e16e06f60, 0x0000024e16e0f8b0, 0x0000024e16e9e8a0, 0x0000024e170ca440,
0x0000024e179b4450, 0x0000024e17bce970, 0x0000024e17b86440
}

Java Threads: ( => current thread )
  0x0000024e7bc3daf0 JavaThread "main" [_thread_blocked, id=38268, stack(0x0000007704d00000,0x0000007704e00000)]
  0x0000024e7bceca00 JavaThread "Reference Handler" daemon [_thread_blocked, id=24428, stack(0x0000007705000000,0x0000007705100000)]
  0x0000024e7bcedfe0 JavaThread "Finalizer" daemon [_thread_blocked, id=38876, stack(0x0000007705100000,0x0000007705200000)]
  0x0000024e7fe2a150 JavaThread "Signal Dispatcher" daemon [_thread_blocked, id=24020, stack(0x0000007705200000,0x0000007705300000)]
  0x0000024e7fe2ad10 JavaThread "Attach Listener" daemon [_thread_blocked, id=16396, stack(0x0000007705300000,0x0000007705400000)]
  0x0000024e7fe2b8d0 JavaThread "Service Thread" daemon [_thread_blocked, id=12696, stack(0x0000007705400000,0x0000007705500000)]
  0x0000024e7fe007a0 JavaThread "Monitor Deflation Thread" daemon [_thread_blocked, id=35808, stack(0x0000007705500000,0x0000007705600000)]
=>0x0000024e7fe10230 JavaThread "C2 CompilerThread0" daemon [_thread_in_native, id=1444, stack(0x0000007705600000,0x0000007705700000)]
  0x0000024e16e06f60 JavaThread "C1 CompilerThread0" daemon [_thread_in_native, id=9936, stack(0x0000007705700000,0x0000007705800000)]
  0x0000024e16e0f8b0 JavaThread "Sweeper thread" daemon [_thread_blocked, id=36096, stack(0x0000007705800000,0x0000007705900000)]
  0x0000024e16e9e8a0 JavaThread "Common-Cleaner" daemon [_thread_blocked, id=34192, stack(0x0000007705900000,0x0000007705a00000)]
  0x0000024e170ca440 JavaThread "Notification Thread" daemon [_thread_blocked, id=31312, stack(0x0000007705b00000,0x0000007705c00000)]
  0x0000024e179b4450 JavaThread "Active Thread: Equinox Container: 45326714-209b-4741-bf1a-e29b9175129a" [_thread_blocked, id=19596, stack(0x0000007705f00000,0x0000007706000000)]
  0x0000024e17bce970 JavaThread "Framework Event Dispatcher: Equinox Container: 45326714-209b-4741-bf1a-e29b9175129a" daemon [_thread_blocked, id=33320, stack(0x0000007706000000,0x0000007706100000)]
  0x0000024e17b86440 JavaThread "Start Level: Equinox Container: 45326714-209b-4741-bf1a-e29b9175129a" daemon [_thread_in_Java, id=27736, stack(0x0000007706100000,0x0000007706200000)]

Other Threads:
  0x0000024e7fddbab0 VMThread "VM Thread" [stack: 0x0000007704f00000,0x0000007705000000] [id=6684]
  0x0000024e170cc160 WatcherThread [stack: 0x0000007705c00000,0x0000007705d00000] [id=35000]
  0x0000024e7bc53c10 GCTaskThread "GC Thread#0" [stack: 0x0000007704e00000,0x0000007704f00000] [id=37968]
  0x0000024e17355340 GCTaskThread "GC Thread#1" [stack: 0x0000007705a00000,0x0000007705b00000] [id=17712]
  0x0000024e17446920 GCTaskThread "GC Thread#2" [stack: 0x0000007705d00000,0x0000007705e00000] [id=30692]
  0x0000024e17446be0 GCTaskThread "GC Thread#3" [stack: 0x0000007705e00000,0x0000007705f00000] [id=35928]

Threads with active compile tasks:
C2 CompilerThread0     1830 1795       4       java.lang.StringLatin1::toLowerCase (186 bytes)
C1 CompilerThread0     1830 1827       3       java.util.zip.ZipUtils::get32S (17 bytes)

VM state: not at safepoint (normal execution)

VM Mutex/Monitor currently owned by a thread:  ([mutex/lock_event])
[0x0000024e7bc37410] CodeCache_lock - owner thread: 0x0000000000000000

Heap address: 0x00000000c0000000, size: 1024 MB, Compressed Oops mode: 32-bit

CDS archive(s) not mapped
Compressed class space mapped at: 0x0000000100000000-0x0000000140000000, reserved size: 1073741824
Narrow klass base: 0x0000000000000000, Narrow klass shift: 3, Narrow klass range: 0x140000000

GC Precious Log:
 CPUs: 4 total, 4 available
 Memory: 7886M
 Large Page Support: Disabled
 NUMA Support: Disabled
 Compressed Oops: Enabled (32-bit)
 Alignments: Space 512K, Generation 512K, Heap 2M
 Heap Min Capacity: 100M
 Heap Initial Capacity: 100M
 Heap Max Capacity: 1G
 Pre-touch: Disabled
 Parallel Workers: 4

Heap:
 PSYoungGen      total 29696K, used 12369K [0x00000000eab00000, 0x00000000ecc00000, 0x0000000100000000)
  eden space 25600K, 32% used [0x00000000eab00000,0x00000000eb315d38,0x00000000ec400000)
  from space 4096K, 99% used [0x00000000ec800000,0x00000000ecbfe890,0x00000000ecc00000)
  to   space 4096K, 0% used [0x00000000ec400000,0x00000000ec400000,0x00000000ec800000)
 ParOldGen       total 68608K, used 1474K [0x00000000c0000000, 0x00000000c4300000, 0x00000000eab00000)
  object space 68608K, 2% used [0x00000000c0000000,0x00000000c0170b48,0x00000000c4300000)
 Metaspace       used 15635K, committed 15808K, reserved 1114112K
  class space    used 1583K, committed 1664K, reserved 1048576K

Card table byte_map: [0x0000024e7d6b0000,0x0000024e7d8c0000] _byte_map_base: 0x0000024e7d0b0000

Marking Bits: (ParMarkBitMap*) 0x00007ffd2452d7d0
 Begin Bits: [0x0000024e7da20000, 0x0000024e7ea20000)
 End Bits:   [0x0000024e7ea20000, 0x0000024e7fa20000)

Polling page: 0x0000024e7d4a0000

Metaspace:

Usage:
  Non-class:     13.72 MB used.
      Class:      1.55 MB used.
       Both:     15.27 MB used.

Virtual space:
  Non-class space:       64.00 MB reserved,      13.81 MB ( 22%) committed,  1 nodes.
      Class space:        1.00 GB reserved,       1.62 MB ( <1%) committed,  1 nodes.
             Both:        1.06 GB reserved,      15.44 MB (  1%) committed. 

Chunk freelists:
   Non-Class:  2.02 MB
       Class:  14.38 MB
        Both:  16.39 MB

MaxMetaspaceSize: unlimited
CompressedClassSpaceSize: 1.00 GB
Initial GC threshold: 21.00 MB
Current GC threshold: 21.00 MB
CDS: off
MetaspaceReclaimPolicy: balanced
 - commit_granule_bytes: 65536.
 - commit_granule_words: 8192.
 - virtual_space_node_default_size: 8388608.
 - enlarge_chunks_in_place: 1.
 - new_chunks_are_fully_committed: 0.
 - uncommit_free_chunks: 1.
 - use_allocation_guard: 0.
 - handle_deallocations: 1.


Internal statistics:

num_allocs_failed_limit: 0.
num_arena_births: 98.
num_arena_deaths: 0.
num_vsnodes_births: 2.
num_vsnodes_deaths: 0.
num_space_committed: 247.
num_space_uncommitted: 0.
num_chunks_returned_to_freelist: 0.
num_chunks_taken_from_freelist: 312.
num_chunk_merges: 0.
num_chunk_splits: 195.
num_chunks_enlarged: 148.
num_inconsistent_stats: 0.

CodeHeap 'non-profiled nmethods': size=120000Kb used=743Kb max_used=743Kb free=119256Kb
 bounds [0x0000024e0a6b0000, 0x0000024e0a920000, 0x0000024e11be0000]
CodeHeap 'profiled nmethods': size=120000Kb used=3379Kb max_used=3379Kb free=116620Kb
 bounds [0x0000024e02be0000, 0x0000024e02f30000, 0x0000024e0a110000]
CodeHeap 'non-nmethods': size=5760Kb used=1176Kb max_used=1199Kb free=4583Kb
 bounds [0x0000024e0a110000, 0x0000024e0a380000, 0x0000024e0a6b0000]
 total_blobs=2277 nmethods=1818 adapters=373
 compilation: enabled
              stopped_count=0, restarted_count=0
 full_count=0

Compilation events (20 events):
Event: 1.790 Thread 0x0000024e16e06f60 1797       1       sun.nio.fs.WindowsFileSystem::provider (5 bytes)
Event: 1.790 Thread 0x0000024e16e06f60 nmethod 1797 0x0000024e0a766d90 code [0x0000024e0a766f20, 0x0000024e0a766ff8]
Event: 1.795 Thread 0x0000024e7fe10230 nmethod 1780 0x0000024e0a767090 code [0x0000024e0a767240, 0x0000024e0a7679d8]
Event: 1.795 Thread 0x0000024e7fe10230 1788       4       java.lang.StringLatin1::regionMatchesCI (98 bytes)
Event: 1.797 Thread 0x0000024e16e06f60 1801       3       jdk.internal.perf.PerfCounter::increment (6 bytes)
Event: 1.797 Thread 0x0000024e16e06f60 nmethod 1801 0x0000024e02f22410 code [0x0000024e02f225a0, 0x0000024e02f226e8]
Event: 1.801 Thread 0x0000024e16e06f60 1802       3       java.lang.Math::abs (13 bytes)
Event: 1.801 Thread 0x0000024e16e06f60 nmethod 1802 0x0000024e02f22790 code [0x0000024e02f22920, 0x0000024e02f22a98]
Event: 1.803 Thread 0x0000024e7fe10230 nmethod 1788 0x0000024e0a767e90 code [0x0000024e0a768040, 0x0000024e0a768678]
Event: 1.803 Thread 0x0000024e7fe10230 1798 %     4       java.lang.StringLatin1::inflate @ 3 (34 bytes)
Event: 1.804 Thread 0x0000024e16e06f60 1803       1       org.eclipse.osgi.internal.loader.classpath.ManifestPackageAttributes::getSpecification (5 bytes)
Event: 1.804 Thread 0x0000024e16e06f60 nmethod 1803 0x0000024e0a768a90 code [0x0000024e0a768c20, 0x0000024e0a768cf8]
Event: 1.804 Thread 0x0000024e16e06f60 1804       1       org.eclipse.osgi.internal.loader.classpath.ManifestPackageAttributes::getImplementation (5 bytes)
Event: 1.805 Thread 0x0000024e16e06f60 nmethod 1804 0x0000024e0a768d90 code [0x0000024e0a768f20, 0x0000024e0a768ff8]
Event: 1.806 Thread 0x0000024e16e06f60 1805       3       org.eclipse.osgi.internal.loader.classpath.ManifestPackageAttributes::or (10 bytes)
Event: 1.806 Thread 0x0000024e16e06f60 nmethod 1805 0x0000024e02f22b10 code [0x0000024e02f22ca0, 0x0000024e02f22dd8]
Event: 1.807 Thread 0x0000024e7fe10230 nmethod 1798% 0x0000024e0a769090 code [0x0000024e0a769220, 0x0000024e0a769558]
Event: 1.807 Thread 0x0000024e7fe10230 1795       4       java.lang.StringLatin1::toLowerCase (186 bytes)
Event: 1.812 Thread 0x0000024e16e06f60 1806       3       java.net.URL::<init> (9 bytes)
Event: 1.812 Thread 0x0000024e16e06f60 nmethod 1806 0x0000024e02f22e90 code [0x0000024e02f23020, 0x0000024e02f23168]

GC Heap History (4 events):
Event: 1.050 GC heap before
{Heap before GC invocations=1 (full 0):
 PSYoungGen      total 29696K, used 25600K [0x00000000eab00000, 0x00000000ecc00000, 0x0000000100000000)
  eden space 25600K, 100% used [0x00000000eab00000,0x00000000ec400000,0x00000000ec400000)
  from space 4096K, 0% used [0x00000000ec800000,0x00000000ec800000,0x00000000ecc00000)
  to   space 4096K, 0% used [0x00000000ec400000,0x00000000ec400000,0x00000000ec800000)
 ParOldGen       total 68608K, used 0K [0x00000000c0000000, 0x00000000c4300000, 0x00000000eab00000)
  object space 68608K, 0% used [0x00000000c0000000,0x00000000c0000000,0x00000000c4300000)
 Metaspace       used 11022K, committed 11200K, reserved 1114112K
  class space    used 1098K, committed 1216K, reserved 1048576K
}
Event: 1.056 GC heap after
{Heap after GC invocations=1 (full 0):
 PSYoungGen      total 29696K, used 3182K [0x00000000eab00000, 0x00000000ecc00000, 0x0000000100000000)
  eden space 25600K, 0% used [0x00000000eab00000,0x00000000eab00000,0x00000000ec400000)
  from space 4096K, 77% used [0x00000000ec400000,0x00000000ec71bb88,0x00000000ec800000)
  to   space 4096K, 0% used [0x00000000ec800000,0x00000000ec800000,0x00000000ecc00000)
 ParOldGen       total 68608K, used 8K [0x00000000c0000000, 0x00000000c4300000, 0x00000000eab00000)
  object space 68608K, 0% used [0x00000000c0000000,0x00000000c0002000,0x00000000c4300000)
 Metaspace       used 11022K, committed 11200K, reserved 1114112K
  class space    used 1098K, committed 1216K, reserved 1048576K
}
Event: 1.693 GC heap before
{Heap before GC invocations=2 (full 0):
 PSYoungGen      total 29696K, used 28782K [0x00000000eab00000, 0x00000000ecc00000, 0x0000000100000000)
  eden space 25600K, 100% used [0x00000000eab00000,0x00000000ec400000,0x00000000ec400000)
  from space 4096K, 77% used [0x00000000ec400000,0x00000000ec71bb88,0x00000000ec800000)
  to   space 4096K, 0% used [0x00000000ec800000,0x00000000ec800000,0x00000000ecc00000)
 ParOldGen       total 68608K, used 8K [0x00000000c0000000, 0x00000000c4300000, 0x00000000eab00000)
  object space 68608K, 0% used [0x00000000c0000000,0x00000000c0002000,0x00000000c4300000)
 Metaspace       used 14674K, committed 14912K, reserved 1114112K
  class space    used 1473K, committed 1600K, reserved 1048576K
}
Event: 1.700 GC heap after
{Heap after GC invocations=2 (full 0):
 PSYoungGen      total 29696K, used 4090K [0x00000000eab00000, 0x00000000ecc00000, 0x0000000100000000)
  eden space 25600K, 0% used [0x00000000eab00000,0x00000000eab00000,0x00000000ec400000)
  from space 4096K, 99% used [0x00000000ec800000,0x00000000ecbfe890,0x00000000ecc00000)
  to   space 4096K, 0% used [0x00000000ec400000,0x00000000ec400000,0x00000000ec800000)
 ParOldGen       total 68608K, used 1474K [0x00000000c0000000, 0x00000000c4300000, 0x00000000eab00000)
  object space 68608K, 2% used [0x00000000c0000000,0x00000000c0170b48,0x00000000c4300000)
 Metaspace       used 14674K, committed 14912K, reserved 1114112K
  class space    used 1473K, committed 1600K, reserved 1048576K
}

Dll operation events (9 events):
Event: 0.010 Loaded shared library c:\Users\91939\.vscode\extensions\redhat.java-1.28.1-win32-x64\jre\17.0.10-win32-x86_64\bin\java.dll
Event: 0.194 Loaded shared library c:\Users\91939\.vscode\extensions\redhat.java-1.28.1-win32-x64\jre\17.0.10-win32-x86_64\bin\zip.dll
Event: 0.198 Loaded shared library C:\Users\91939\.vscode\extensions\redhat.java-1.28.1-win32-x64\jre\17.0.10-win32-x86_64\bin\instrument.dll
Event: 0.210 Loaded shared library C:\Users\91939\.vscode\extensions\redhat.java-1.28.1-win32-x64\jre\17.0.10-win32-x86_64\bin\net.dll
Event: 0.212 Loaded shared library C:\Users\91939\.vscode\extensions\redhat.java-1.28.1-win32-x64\jre\17.0.10-win32-x86_64\bin\nio.dll
Event: 0.236 Loaded shared library C:\Users\91939\.vscode\extensions\redhat.java-1.28.1-win32-x64\jre\17.0.10-win32-x86_64\bin\zip.dll
Event: 0.254 Loaded shared library C:\Users\91939\.vscode\extensions\redhat.java-1.28.1-win32-x64\jre\17.0.10-win32-x86_64\bin\jimage.dll
Event: 0.332 Loaded shared library c:\Users\91939\.vscode\extensions\redhat.java-1.28.1-win32-x64\jre\17.0.10-win32-x86_64\bin\verify.dll
Event: 1.611 Loaded shared library C:\Users\91939\AppData\Roaming\Code\User\globalStorage\redhat.java\1.28.1\config_win\org.eclipse.equinox.launcher\org.eclipse.equinox.launcher.win32.win32.x86_64_1.2.900.v20240129-1338\eclipse_11900.dll

Deoptimization events (20 events):
Event: 1.719 Thread 0x0000024e17b86440 Uncommon trap: trap_request=0xffffffde fr.pc=0x0000024e0a71dcf8 relative=0x0000000000000498
Event: 1.719 Thread 0x0000024e17b86440 Uncommon trap: reason=class_check action=maybe_recompile pc=0x0000024e0a71dcf8 method=java.io.DataInputStream.readInt()I @ 6 c2
Event: 1.719 Thread 0x0000024e17b86440 DEOPT PACKING pc=0x0000024e0a71dcf8 sp=0x00000077061fdeb0
Event: 1.719 Thread 0x0000024e17b86440 DEOPT UNPACKING pc=0x0000024e0a169ea3 sp=0x00000077061fde68 mode 2
Event: 1.719 Thread 0x0000024e17b86440 Uncommon trap: trap_request=0xffffffde fr.pc=0x0000024e0a71dcf8 relative=0x0000000000000498
Event: 1.719 Thread 0x0000024e17b86440 Uncommon trap: reason=class_check action=maybe_recompile pc=0x0000024e0a71dcf8 method=java.io.DataInputStream.readInt()I @ 6 c2
Event: 1.719 Thread 0x0000024e17b86440 DEOPT PACKING pc=0x0000024e0a71dcf8 sp=0x00000077061fdeb0
Event: 1.719 Thread 0x0000024e17b86440 DEOPT UNPACKING pc=0x0000024e0a169ea3 sp=0x00000077061fde68 mode 2
Event: 1.749 Thread 0x0000024e17b86440 Uncommon trap: trap_request=0xffffff45 fr.pc=0x0000024e0a6f9cf4 relative=0x0000000000000074
Event: 1.749 Thread 0x0000024e17b86440 Uncommon trap: reason=unstable_if action=reinterpret pc=0x0000024e0a6f9cf4 method=jdk.internal.misc.Unsafe.convEndian(ZJ)J @ 4 c2
Event: 1.749 Thread 0x0000024e17b86440 DEOPT PACKING pc=0x0000024e0a6f9cf4 sp=0x00000077061fc8c0
Event: 1.749 Thread 0x0000024e17b86440 DEOPT UNPACKING pc=0x0000024e0a169ea3 sp=0x00000077061fc7e8 mode 2
Event: 1.761 Thread 0x0000024e17b86440 Uncommon trap: trap_request=0xffffff45 fr.pc=0x0000024e0a6e1ec8 relative=0x0000000000000048
Event: 1.761 Thread 0x0000024e17b86440 Uncommon trap: reason=unstable_if action=reinterpret pc=0x0000024e0a6e1ec8 method=java.lang.CharacterData.of(I)Ljava/lang/CharacterData; @ 4 c2
Event: 1.761 Thread 0x0000024e17b86440 DEOPT PACKING pc=0x0000024e0a6e1ec8 sp=0x00000077061fd630
Event: 1.761 Thread 0x0000024e17b86440 DEOPT UNPACKING pc=0x0000024e0a169ea3 sp=0x00000077061fd5c8 mode 2
Event: 1.772 Thread 0x0000024e17b86440 Uncommon trap: trap_request=0xffffff45 fr.pc=0x0000024e0a75cfb0 relative=0x0000000000000b90
Event: 1.772 Thread 0x0000024e17b86440 Uncommon trap: reason=unstable_if action=reinterpret pc=0x0000024e0a75cfb0 method=java.util.concurrent.ConcurrentHashMap.putVal(Ljava/lang/Object;Ljava/lang/Object;Z)Ljava/lang/Object; @ 148 c2
Event: 1.772 Thread 0x0000024e17b86440 DEOPT PACKING pc=0x0000024e0a75cfb0 sp=0x00000077061fe6c0
Event: 1.772 Thread 0x0000024e17b86440 DEOPT UNPACKING pc=0x0000024e0a169ea3 sp=0x00000077061fe640 mode 2

Classes unloaded (0 events):
No events

Classes redefined (0 events):
No events

Internal exceptions (20 events):
Event: 0.929 Thread 0x0000024e7bc3daf0 Exception <a 'java/lang/ClassNotFoundException'{0x00000000ec0ac028}: sun/net/www/protocol/c/Handler> (0x00000000ec0ac028) 
thrown [s\src\hotspot\share\classfile\systemDictionary.cpp, line 256]
Event: 0.929 Thread 0x0000024e7bc3daf0 Exception <a 'java/lang/ClassNotFoundException'{0x00000000ec0ad198}: sun/net/www/protocol/c/Handler> (0x00000000ec0ad198) 
thrown [s\src\hotspot\share\classfile\systemDictionary.cpp, line 256]
Event: 0.937 Thread 0x0000024e7bc3daf0 Exception <a 'java/io/FileNotFoundException'{0x00000000ec0d40d8}> (0x00000000ec0d40d8) 
thrown [s\src\hotspot\share\prims\jni.cpp, line 516]
Event: 0.967 Thread 0x0000024e7bc3daf0 Implicit null exception at 0x0000024e0a6f47db to 0x0000024e0a6f5128
Event: 0.967 Thread 0x0000024e7bc3daf0 Implicit null exception at 0x0000024e0a6ff2ec to 0x0000024e0a6ff4c8
Event: 0.967 Thread 0x0000024e7bc3daf0 Implicit null exception at 0x0000024e0a6fec6c to 0x0000024e0a6fee50
Event: 0.967 Thread 0x0000024e7bc3daf0 Implicit null exception at 0x0000024e0a6f680f to 0x0000024e0a6f6885
Event: 1.031 Thread 0x0000024e7bc3daf0 Exception <a 'java/lang/NoSuchMethodError'{0x00000000ec3a9a98}: 'int java.lang.invoke.DirectMethodHandle$Holder.invokeStaticInit(java.lang.Object, java.lang.Object, java.lang.Object, java.lang.Object)'> (0x00000000ec3a9a98) 
thrown [s\src\hotspot\share\interpreter\linkResolver.cpp, line 759]
Event: 1.034 Thread 0x0000024e7bc3daf0 Exception <a 'java/lang/NoSuchMethodError'{0x00000000ec3b4108}: 'java.lang.Object java.lang.invoke.DirectMethodHandle$Holder.invokeInterface(java.lang.Object, java.lang.Object)'> (0x00000000ec3b4108) 
thrown [s\src\hotspot\share\interpreter\linkResolver.cpp, line 759]
Event: 1.035 Thread 0x0000024e7bc3daf0 Exception <a 'java/lang/IncompatibleClassChangeError'{0x00000000ec3b7900}: Found class java.lang.Object, but interface was expected> (0x00000000ec3b7900) 
thrown [s\src\hotspot\share\interpreter\linkResolver.cpp, line 826]
Event: 1.037 Thread 0x0000024e7bc3daf0 Exception <a 'java/lang/NoSuchMethodError'{0x00000000ec3bbdf0}: 'void java.lang.invoke.DirectMethodHandle$Holder.invokeStatic(java.lang.Object, java.lang.Object)'> (0x00000000ec3bbdf0) 
thrown [s\src\hotspot\share\interpreter\linkResolver.cpp, line 759]
Event: 1.042 Thread 0x0000024e7bc3daf0 Exception <a 'java/lang/NoSuchMethodError'{0x00000000ec3bf5f0}: 'void java.lang.invoke.DirectMethodHandle$Holder.invokeStaticInit(java.lang.Object, java.lang.Object)'> (0x00000000ec3bf5f0) 
thrown [s\src\hotspot\share\interpreter\linkResolver.cpp, line 759]
Event: 1.043 Thread 0x0000024e7bc3daf0 Exception <a 'java/lang/NoSuchMethodError'{0x00000000ec3c6a80}: 'int java.lang.invoke.DirectMethodHandle$Holder.invokeStaticInit(java.lang.Object, java.lang.Object)'> (0x00000000ec3c6a80) 
thrown [s\src\hotspot\share\interpreter\linkResolver.cpp, line 759]
Event: 1.090 Thread 0x0000024e7bc3daf0 Exception <a 'java/lang/NoSuchMethodError'{0x00000000eac53ce0}: 'void java.lang.invoke.DirectMethodHandle$Holder.invokeSpecial(java.lang.Object, java.lang.Object, java.lang.Object)'> (0x00000000eac53ce0) 
thrown [s\src\hotspot\share\interpreter\linkResolver.cpp, line 759]
Event: 1.460 Thread 0x0000024e7bc3daf0 Exception <a 'java/lang/NoSuchMethodError'{0x00000000eb9bfa98}: 'java.lang.Object java.lang.invoke.DirectMethodHandle$Holder.newInvokeSpecial(java.lang.Object, int, java.lang.Object)'> (0x00000000eb9bfa98) 
thrown [s\src\hotspot\share\interpreter\linkResolver.cpp, line 759]
Event: 1.604 Thread 0x0000024e7bc3daf0 Exception <a 'java/lang/UnsatisfiedLinkError'{0x00000000ebf6f320}: 'void org.eclipse.equinox.launcher.JNIBridge._update_splash()'> (0x00000000ebf6f320) 
thrown [s\src\hotspot\share\prims\nativeLookup.cpp, line 543]
Event: 1.662 Thread 0x0000024e17b86440 Exception <a 'java/lang/NoSuchMethodError'{0x00000000ec2d1748}: 'java.lang.Object java.lang.invoke.DirectMethodHandle$Holder.invokeStaticInit(java.lang.Object)'> (0x00000000ec2d1748) 
thrown [s\src\hotspot\share\interpreter\linkResolver.cpp, line 759]
Event: 1.681 Thread 0x0000024e17b86440 Exception <a 'java/lang/NoSuchMethodError'{0x00000000ec399ac8}: 'java.lang.Object java.lang.invoke.DirectMethodHandle$Holder.newInvokeSpecial(java.lang.Object, java.lang.Object, int, java.lang.Object)'> (0x00000000ec399ac8) 
thrown [s\src\hotspot\share\interpreter\linkResolver.cpp, line 759]
Event: 1.682 Thread 0x0000024e17b86440 Exception <a 'java/lang/NoSuchMethodError'{0x00000000ec39ddb0}: 'java.lang.Object java.lang.invoke.DirectMethodHandle$Holder.invokeSpecial(java.lang.Object, java.lang.Object, java.lang.Object, int, java.lang.Object)'> (0x00000000ec39ddb0) 
thrown [s\src\hotspot\share\interpreter\linkResolver.cpp, line 759]
Event: 1.738 Thread 0x0000024e17b86440 Exception <a 'java/lang/ClassNotFoundException'{0x00000000ead63bc8}: sun/util/logging/resources/spi/loggingProvider> (0x00000000ead63bc8) 
thrown [s\src\hotspot\share\classfile\systemDictionary.cpp, line 256]

VM Operations (20 events):
Event: 1.442 Executing VM operation: HandshakeAllThreads
Event: 1.442 Executing VM operation: HandshakeAllThreads done
Event: 1.443 Executing VM operation: HandshakeAllThreads
Event: 1.443 Executing VM operation: HandshakeAllThreads done
Event: 1.447 Executing VM operation: HandshakeAllThreads
Event: 1.447 Executing VM operation: HandshakeAllThreads done
Event: 1.457 Executing VM operation: HandshakeAllThreads
Event: 1.457 Executing VM operation: HandshakeAllThreads done
Event: 1.647 Executing VM operation: HandshakeAllThreads
Event: 1.647 Executing VM operation: HandshakeAllThreads done
Event: 1.693 Executing VM operation: ParallelGCFailedAllocation
Event: 1.700 Executing VM operation: ParallelGCFailedAllocation done
Event: 1.721 Executing VM operation: HandshakeAllThreads
Event: 1.721 Executing VM operation: HandshakeAllThreads done
Event: 1.748 Executing VM operation: HandshakeAllThreads
Event: 1.749 Executing VM operation: HandshakeAllThreads done
Event: 1.762 Executing VM operation: HandshakeAllThreads
Event: 1.762 Executing VM operation: HandshakeAllThreads done
Event: 1.771 Executing VM operation: HandshakeAllThreads
Event: 1.771 Executing VM operation: HandshakeAllThreads done

Events (20 events):
Event: 1.759 loading class java/util/stream/FindOps$FindSink$OfInt
Event: 1.759 loading class java/util/stream/Sink$OfInt
Event: 1.759 loading class java/util/function/IntConsumer
Event: 1.759 loading class java/util/function/IntConsumer done
Event: 1.759 loading class java/util/stream/Sink$OfInt done
Event: 1.759 loading class java/util/stream/FindOps$FindSink$OfInt done
Event: 1.759 loading class java/util/OptionalInt
Event: 1.760 loading class java/util/OptionalInt done
Event: 1.760 loading class java/util/stream/IntPipeline$10$1
Event: 1.761 loading class java/util/stream/Sink$ChainedInt
Event: 1.761 loading class java/util/stream/Sink$ChainedInt done
Event: 1.761 loading class java/util/stream/IntPipeline$10$1 done
Event: 1.761 loading class java/lang/StringUTF16$CharsSpliterator
Event: 1.761 loading class java/lang/StringUTF16$CharsSpliterator done
Event: 1.761 loading class java/lang/CharacterData00
Event: 1.761 loading class java/lang/CharacterData00 done
Event: 1.763 loading class java/time/LocalTime$1
Event: 1.763 loading class java/time/LocalTime$1 done
Event: 1.763 loading class java/util/Formattable
Event: 1.763 loading class java/util/Formattable done


Dynamic libraries:
0x00007ff70f7a0000 - 0x00007ff70f7ae000 	c:\Users\91939\.vscode\extensions\redhat.java-1.28.1-win32-x64\jre\17.0.10-win32-x86_64\bin\java.exe
0x00007ffd83f50000 - 0x00007ffd84147000 	C:\Windows\SYSTEM32\ntdll.dll
0x00007ffd828d0000 - 0x00007ffd8298d000 	C:\Windows\System32\KERNEL32.DLL
0x00007ffd81a20000 - 0x00007ffd81d16000 	C:\Windows\System32\KERNELBASE.dll
0x00007ffd81e80000 - 0x00007ffd81f80000 	C:\Windows\System32\ucrtbase.dll
0x00007ffd67fe0000 - 0x00007ffd67ff7000 	c:\Users\91939\.vscode\extensions\redhat.java-1.28.1-win32-x64\jre\17.0.10-win32-x86_64\bin\jli.dll
0x00007ffd830c0000 - 0x00007ffd8325e000 	C:\Windows\System32\USER32.dll
0x00007ffd81630000 - 0x00007ffd81652000 	C:\Windows\System32\win32u.dll
0x00007ffd837b0000 - 0x00007ffd837dc000 	C:\Windows\System32\GDI32.dll
0x00007ffd816d0000 - 0x00007ffd817ea000 	C:\Windows\System32\gdi32full.dll
0x00007ffd81840000 - 0x00007ffd818dd000 	C:\Windows\System32\msvcp_win.dll
0x00007ffd61b40000 - 0x00007ffd61b5b000 	c:\Users\91939\.vscode\extensions\redhat.java-1.28.1-win32-x64\jre\17.0.10-win32-x86_64\bin\VCRUNTIME140.dll
0x00007ffd6bfa0000 - 0x00007ffd6c23a000 	C:\Windows\WinSxS\amd64_microsoft.windows.common-controls_6595b64144ccf1df_6.0.19041.3570_none_60bb2a3971f3e41a\COMCTL32.dll
0x00007ffd83340000 - 0x00007ffd833de000 	C:\Windows\System32\msvcrt.dll
0x00007ffd83450000 - 0x00007ffd83480000 	C:\Windows\System32\IMM32.DLL
0x00007ffd66c70000 - 0x00007ffd66c7c000 	c:\Users\91939\.vscode\extensions\redhat.java-1.28.1-win32-x64\jre\17.0.10-win32-x86_64\bin\vcruntime140_1.dll
0x00007ffd45b60000 - 0x00007ffd45bed000 	c:\Users\91939\.vscode\extensions\redhat.java-1.28.1-win32-x64\jre\17.0.10-win32-x86_64\bin\msvcp140.dll
0x00007ffd23990000 - 0x00007ffd245f2000 	c:\Users\91939\.vscode\extensions\redhat.java-1.28.1-win32-x64\jre\17.0.10-win32-x86_64\bin\server\jvm.dll
0x00007ffd837e0000 - 0x00007ffd8388e000 	C:\Windows\System32\ADVAPI32.dll
0x00007ffd827b0000 - 0x00007ffd8284c000 	C:\Windows\System32\sechost.dll
0x00007ffd82990000 - 0x00007ffd82ab6000 	C:\Windows\System32\RPCRT4.dll
0x00007ffd80f70000 - 0x00007ffd80fbb000 	C:\Windows\SYSTEM32\POWRPROF.dll
0x00007ffd61af0000 - 0x00007ffd61af9000 	C:\Windows\SYSTEM32\WSOCK32.dll
0x00007ffd833e0000 - 0x00007ffd8344b000 	C:\Windows\System32\WS2_32.dll
0x00007ffd67990000 - 0x00007ffd679b7000 	C:\Windows\SYSTEM32\WINMM.dll
0x00007ffd78850000 - 0x00007ffd7885a000 	C:\Windows\SYSTEM32\VERSION.dll
0x00007ffd80e30000 - 0x00007ffd80e42000 	C:\Windows\SYSTEM32\UMPDC.dll
0x00007ffd7fe00000 - 0x00007ffd7fe12000 	C:\Windows\SYSTEM32\kernel.appcore.dll
0x00007ffd66c40000 - 0x00007ffd66c4a000 	c:\Users\91939\.vscode\extensions\redhat.java-1.28.1-win32-x64\jre\17.0.10-win32-x86_64\bin\jimage.dll
0x00007ffd7f9e0000 - 0x00007ffd7fbc4000 	C:\Windows\SYSTEM32\DBGHELP.DLL
0x00007ffd64010000 - 0x00007ffd64044000 	C:\Windows\SYSTEM32\dbgcore.DLL
0x00007ffd818e0000 - 0x00007ffd81962000 	C:\Windows\System32\bcryptPrimitives.dll
0x00007ffd66a60000 - 0x00007ffd66a6e000 	c:\Users\91939\.vscode\extensions\redhat.java-1.28.1-win32-x64\jre\17.0.10-win32-x86_64\bin\instrument.dll
0x00007ffd5e350000 - 0x00007ffd5e375000 	c:\Users\91939\.vscode\extensions\redhat.java-1.28.1-win32-x64\jre\17.0.10-win32-x86_64\bin\java.dll
0x00007ffd60900000 - 0x00007ffd60918000 	c:\Users\91939\.vscode\extensions\redhat.java-1.28.1-win32-x64\jre\17.0.10-win32-x86_64\bin\zip.dll
0x00007ffd81fb0000 - 0x00007ffd826f4000 	C:\Windows\System32\SHELL32.dll
0x00007ffd7f180000 - 0x00007ffd7f91b000 	C:\Windows\SYSTEM32\windows.storage.dll
0x00007ffd82c10000 - 0x00007ffd82f64000 	C:\Windows\System32\combase.dll
0x00007ffd81070000 - 0x00007ffd8109d000 	C:\Windows\SYSTEM32\Wldp.dll
0x00007ffd83010000 - 0x00007ffd830bd000 	C:\Windows\System32\SHCORE.dll
0x00007ffd83630000 - 0x00007ffd83685000 	C:\Windows\System32\shlwapi.dll
0x00007ffd81560000 - 0x00007ffd81585000 	C:\Windows\SYSTEM32\profapi.dll
0x00007ffd60030000 - 0x00007ffd60049000 	C:\Users\91939\.vscode\extensions\redhat.java-1.28.1-win32-x64\jre\17.0.10-win32-x86_64\bin\net.dll
0x00007ffd788f0000 - 0x00007ffd789fa000 	C:\Windows\SYSTEM32\WINHTTP.dll
0x00007ffd80d60000 - 0x00007ffd80dca000 	C:\Windows\system32\mswsock.dll
0x00007ffd5e4e0000 - 0x00007ffd5e4f6000 	C:\Users\91939\.vscode\extensions\redhat.java-1.28.1-win32-x64\jre\17.0.10-win32-x86_64\bin\nio.dll
0x00007ffd63a00000 - 0x00007ffd63a10000 	c:\Users\91939\.vscode\extensions\redhat.java-1.28.1-win32-x64\jre\17.0.10-win32-x86_64\bin\verify.dll
0x00007ffd5b750000 - 0x00007ffd5b78e000 	C:\Users\91939\AppData\Roaming\Code\User\globalStorage\redhat.java\1.28.1\config_win\org.eclipse.equinox.launcher\org.eclipse.equinox.launcher.win32.win32.x86_64_1.2.900.v20240129-1338\eclipse_11900.dll
0x00007ffd82ac0000 - 0x00007ffd82beb000 	C:\Windows\System32\ole32.dll

dbghelp: loaded successfully - version: 4.0.5 - missing functions: none
symbol engine: initialized successfully - sym options: 0x614 - pdb path: .;c:\Users\91939\.vscode\extensions\redhat.java-1.28.1-win32-x64\jre\17.0.10-win32-x86_64\bin;C:\Windows\SYSTEM32;C:\Windows\WinSxS\amd64_microsoft.windows.common-controls_6595b64144ccf1df_6.0.19041.3570_none_60bb2a3971f3e41a;c:\Users\91939\.vscode\extensions\redhat.java-1.28.1-win32-x64\jre\17.0.10-win32-x86_64\bin\server;C:\Users\91939\AppData\Roaming\Code\User\globalStorage\redhat.java\1.28.1\config_win\org.eclipse.equinox.launcher\org.eclipse.equinox.launcher.win32.win32.x86_64_1.2.900.v20240129-1338

VM Arguments:
jvm_args: --add-modules=ALL-SYSTEM --add-opens=java.base/java.util=ALL-UNNAMED --add-opens=java.base/java.lang=ALL-UNNAMED --add-opens=java.base/sun.nio.fs=ALL-UNNAMED -Declipse.application=org.eclipse.jdt.ls.core.id1 -Dosgi.bundles.defaultStartLevel=4 -Declipse.product=org.eclipse.jdt.ls.core.product -Djava.import.generatesMetadataFilesAtProjectRoot=false -DDetectVMInstallationsJob.disabled=true -Dfile.encoding=utf8 -XX:+UseParallelGC -XX:GCTimeRatio=4 -XX:AdaptiveSizePolicyWeight=90 -Dsun.zip.disableMemoryMapping=true -Xmx1G -Xms100m -Xlog:disable -javaagent:c:\Users\91939\.vscode\extensions\redhat.java-1.28.1-win32-x64\lombok\lombok-1.18.31.jar -XX:+HeapDumpOnOutOfMemoryError -XX:HeapDumpPath=c:\Users\91939\AppData\Roaming\Code\User\workspaceStorage\3073c713fef8f9f292d9ac8183e18078\redhat.java -Daether.dependencyCollector.impl=bf 
java_command: c:\Users\91939\.vscode\extensions\redhat.java-1.28.1-win32-x64\server\plugins\org.eclipse.equinox.launcher_1.6.700.v20231214-2017.jar -configuration c:\Users\91939\AppData\Roaming\Code\User\globalStorage\redhat.java\1.28.1\config_win -data c:\Users\91939\AppData\Roaming\Code\User\workspaceStorage\3073c713fef8f9f292d9ac8183e18078\redhat.java\jdt_ws --stdio
java_class_path (initial): c:\Users\91939\.vscode\extensions\redhat.java-1.28.1-win32-x64\server\plugins\org.eclipse.equinox.launcher_1.6.700.v20231214-2017.jar
Launcher Type: SUN_STANDARD

[Global flags]
    uintx AdaptiveSizePolicyWeight                 = 90                                        {product} {command line}
     intx CICompilerCount                          = 3                                         {product} {ergonomic}
    uintx GCTimeRatio                              = 4                                         {product} {command line}
     bool HeapDumpOnOutOfMemoryError               = true                                   {manageable} {command line}
    ccstr HeapDumpPath                             = c:\Users\91939\AppData\Roaming\Code\User\workspaceStorage\3073c713fef8f9f292d9ac8183e18078\redhat.java         {manageable} {command line}
   size_t InitialHeapSize                          = 104857600                                 {product} {command line}
   size_t MaxHeapSize                              = 1073741824                                {product} {command line}
   size_t MaxNewSize                               = 357564416                                 {product} {ergonomic}
   size_t MinHeapDeltaBytes                        = 524288                                    {product} {ergonomic}
   size_t MinHeapSize                              = 104857600                                 {product} {command line}
   size_t NewSize                                  = 34603008                                  {product} {ergonomic}
    uintx NonNMethodCodeHeapSize                   = 5832780                                {pd product} {ergonomic}
    uintx NonProfiledCodeHeapSize                  = 122912730                              {pd product} {ergonomic}
   size_t OldSize                                  = 70254592                                  {product} {ergonomic}
    uintx ProfiledCodeHeapSize                     = 122912730                              {pd product} {ergonomic}
    uintx ReservedCodeCacheSize                    = 251658240                              {pd product} {ergonomic}
     bool SegmentedCodeCache                       = true                                      {product} {ergonomic}
   size_t SoftMaxHeapSize                          = 1073741824                             {manageable} {ergonomic}
     bool UseCompressedClassPointers               = true                           {product lp64_product} {ergonomic}
     bool UseCompressedOops                        = true                           {product lp64_product} {ergonomic}
     bool UseLargePagesIndividualAllocation        = false                                  {pd product} {ergonomic}
     bool UseParallelGC                            = true                                      {product} {command line}

Logging:
Log output configuration:
 #0: stdout all=off uptime,level,tags
 #1: stderr all=off uptime,level,tags

Environment Variables:
JAVA_HOME=C:\Program Files\Java\jdk-17.0.1
PATH=C:\Program Files\Common Files\Oracle\Java\javapath;C:\Program Files (x86)\Common Files\Intel\Shared Libraries\redist\intel64\compiler;C:\Windows\system32;C:\Windows;C:\Windows\System32\Wbem;C:\Windows\System32\WindowsPowerShell\v1.0\;C:\Windows\System32\OpenSSH\;C:\MinGW\bin;C:\Program Files\Git\cmd;C:\Program Files\Docker\Docker\resources\bin;C:\ProgramData\DockerDesktop\version-bin;C:\Users\91939\AppData\Local\Android\Sdk\platform-tools;C:\ProgramData\chocolatey\bin;C:\Program Files\nodejs\;C:\Users\91939\AppData\Local\Android\Sdk;%PNPM_HOME%;C:\Users\91939\AppData\Local\Programs\Python\Python310\Scripts\;C:\Users\91939\AppData\Local\Programs\Python\Python310\;C:\Users\91939\AppData\Local\Microsoft\WindowsApps;C:\Program Files\JetBrains\IntelliJ IDEA Community Edition 2021.2.3\bin;;C:\Users\91939\AppData\Local\GitHubDesktop\bin;C:\Users\91939\Dropbox\My PC (LAPTOP-JH16H4DN)\Downloads\Setup\apache-maven-3.8.6\bin;C:\flutter\bin;C:\Users\91939\AppData\Local\Programs\Microsoft VS Code\bin;C:\Users\91939\AppData\Roaming\npm;C:\Users\91939\AppData\Local\Android\Sdk;C:\Users\91939\AppData\Local\Android\Sdk\platform-tools;C:\Users\91939\AppData\Local\Android\Sdk\emulator;C:\Users\91939\AppData\Local\Android\Sdk\tools;C:\Users\91939\AppData\Local\Android\Sdk\tools\bin;C:\Program Files (x86)\MongoDB\Server\6.0\bin;C:\Program Files (x86)\MongoDB\Server\6.0\bin;C:\Program Files\MongoDB\Server\6.0\bin;
USERNAME=91939
OS=Windows_NT
PROCESSOR_IDENTIFIER=Intel64 Family 6 Model 140 Stepping 1, GenuineIntel
TMP=C:\Users\91939\AppData\Local\Temp
TEMP=C:\Users\91939\AppData\Local\Temp



Periodic native trim disabled


---------------  S Y S T E M  ---------------

OS:
 Windows 10 , 64 bit Build 19041 (10.0.19041.3570)
OS uptime: 18 days 14:00 hours
Hyper-V role detected

CPU: total 4 (initial active 4) (2 cores per cpu, 2 threads per core) family 6 model 140 stepping 1 microcode 0x86, cx8, cmov, fxsr, ht, mmx, 3dnowpref, sse, sse2, sse3, ssse3, sse4.1, sse4.2, popcnt, lzcnt, tsc, tscinvbit, avx, avx2, aes, erms, clmul, bmi1, bmi2, adx, avx512f, avx512dq, avx512cd, avx512bw, avx512vl, sha, fma, vzeroupper, avx512_vpopcntdq, avx512_vpclmulqdq, avx512_vaes, avx512_vnni, clflush, clflushopt, clwb, avx512_vbmi2, avx512_vbmi, hv
Processor Information for all 4 processors :
  Max Mhz: 2995, Current Mhz: 2995, Mhz Limit: 2995

Memory: 4k page, system-wide physical 7886M (372M free)
TotalPageFile size 19886M (AvailPageFile size 3M)
current process WorkingSet (physical memory assigned to process): 94M, peak: 94M
current process commit charge ("private bytes"): 196M, peak: 197M

vm_info: OpenJDK 64-Bit Server VM (17.0.10+7) for windows-amd64 JRE (17.0.10+7), built on Jan 16 2024 23:25:11 by "admin" with MS VC++ 16.10 / 16.11 (VS2019)

END.
