#
# There is insufficient memory for the Java Runtime Environment to continue.
# Native memory allocation (malloc) failed to allocate 1190736 bytes for Chunk::new
# Possible reasons:
#   The system is out of physical RAM or swap space
#   The process is running with CompressedOops enabled, and the Java Heap may be blocking the growth of the native heap
# Possible solutions:
#   Reduce memory load on the system
#   Increase physical memory or swap space
#   Check if swap backing store is full
#   Decrease Java heap size (-Xmx/-Xms)
#   Decrease number of Java threads
#   Decrease Java thread stack sizes (-Xss)
#   Set larger code cache with -XX:ReservedCodeCacheSize=
#   JVM is running with Unscaled Compressed Oops mode in which the Java heap is
#     placed in the first 4GB address space. The Java Heap base address is the
#     maximum limit for the native heap growth. Please use -XX:HeapBaseMinAddress
#     to set the Java Heap base and to place the Java Heap above 4GB virtual address.
# This output file may be truncated or incomplete.
#
#  Out of Memory Error (arena.cpp:191), pid=32916, tid=34512
#
# JRE version: OpenJDK Runtime Environment Temurin-17.0.10+7 (17.0.10+7) (build 17.0.10+7)
# Java VM: OpenJDK 64-Bit Server VM Temurin-17.0.10+7 (17.0.10+7, mixed mode, tiered, compressed oops, compressed class ptrs, parallel gc, windows-amd64)
# No core dump will be written. Minidumps are not enabled by default on client versions of Windows
#

---------------  S U M M A R Y ------------

Command Line: --add-modules=ALL-SYSTEM --add-opens=java.base/java.util=ALL-UNNAMED --add-opens=java.base/java.lang=ALL-UNNAMED --add-opens=java.base/sun.nio.fs=ALL-UNNAMED -Declipse.application=org.eclipse.jdt.ls.core.id1 -Dosgi.bundles.defaultStartLevel=4 -Declipse.product=org.eclipse.jdt.ls.core.product -Djava.import.generatesMetadataFilesAtProjectRoot=false -DDetectVMInstallationsJob.disabled=true -Dfile.encoding=utf8 -XX:+UseParallelGC -XX:GCTimeRatio=4 -XX:AdaptiveSizePolicyWeight=90 -Dsun.zip.disableMemoryMapping=true -Xmx1G -Xms100m -Xlog:disable -javaagent:c:\Users\91939\.vscode\extensions\redhat.java-1.28.1-win32-x64\lombok\lombok-1.18.31.jar -XX:+HeapDumpOnOutOfMemoryError -XX:HeapDumpPath=c:\Users\91939\AppData\Roaming\Code\User\workspaceStorage\3073c713fef8f9f292d9ac8183e18078\redhat.java -Daether.dependencyCollector.impl=bf c:\Users\91939\.vscode\extensions\redhat.java-1.28.1-win32-x64\server\plugins\org.eclipse.equinox.launcher_1.6.700.v20231214-2017.jar -configuration c:\Users\91939\AppData\Roaming\Code\User\globalStorage\redhat.java\1.28.1\config_win -data c:\Users\91939\AppData\Roaming\Code\User\workspaceStorage\3073c713fef8f9f292d9ac8183e18078\redhat.java\jdt_ws --stdio

Host: 11th Gen Intel(R) Core(TM) i3-1115G4 @ 3.00GHz, 4 cores, 7G,  Windows 10 , 64 bit Build 19041 (10.0.19041.3570)
Time: Sun Mar  3 07:50:07 2024 India Standard Time elapsed time: 3.936443 seconds (0d 0h 0m 3s)

---------------  T H R E A D  ---------------

Current thread (0x00000275db93e5d0):  JavaThread "C2 CompilerThread0" daemon [_thread_in_native, id=34512, stack(0x000000b92a700000,0x000000b92a800000)]


Current CompileTask:
C2:   3936 3500       4       org.lombokweb.asm.ClassReader::readMethod (1066 bytes)

Stack: [0x000000b92a700000,0x000000b92a800000]
Native frames: (J=compiled Java code, j=interpreted, Vv=VM code, C=native code)
V  [jvm.dll+0x67d2c9]
V  [jvm.dll+0x834afa]
V  [jvm.dll+0x8365be]
V  [jvm.dll+0x836c23]
V  [jvm.dll+0x2477ff]
V  [jvm.dll+0xac514]
V  [jvm.dll+0xacb5c]
V  [jvm.dll+0x366782]
V  [jvm.dll+0x330bfa]
V  [jvm.dll+0x33009a]
V  [jvm.dll+0x219ef1]
V  [jvm.dll+0x219311]
V  [jvm.dll+0x1a502d]
V  [jvm.dll+0x2290de]
V  [jvm.dll+0x2272ac]
V  [jvm.dll+0x7e9bb7]
V  [jvm.dll+0x7e3fba]
V  [jvm.dll+0x67c1b5]
C  [ucrtbase.dll+0x21bb2]
C  [KERNEL32.DLL+0x17344]
C  [ntdll.dll+0x526b1]


---------------  P R O C E S S  ---------------

Threads class SMR info:
_java_thread_list=0x00000275e2323ff0, length=21, elements={
0x00000275c7acc880, 0x00000275db90f020, 0x00000275db910600, 0x00000275db935670,
0x00000275db938240, 0x00000275db938e00, 0x00000275db93b8d0, 0x00000275db93e5d0,
0x00000275db94e410, 0x00000275db96d9a0, 0x00000275e0af3b50, 0x00000275e0d66b90,
0x00000275e1048060, 0x00000275e1683d70, 0x00000275e1afc910, 0x00000275e1baa840,
0x00000275e1f4ee90, 0x00000275e1f1fa70, 0x00000275e22e48e0, 0x00000275e22e3ec0,
0x00000275e22e43d0
}

Java Threads: ( => current thread )
  0x00000275c7acc880 JavaThread "main" [_thread_blocked, id=14836, stack(0x000000b929e00000,0x000000b929f00000)]
  0x00000275db90f020 JavaThread "Reference Handler" daemon [_thread_blocked, id=38528, stack(0x000000b92a100000,0x000000b92a200000)]
  0x00000275db910600 JavaThread "Finalizer" daemon [_thread_blocked, id=12444, stack(0x000000b92a200000,0x000000b92a300000)]
  0x00000275db935670 JavaThread "Signal Dispatcher" daemon [_thread_blocked, id=1876, stack(0x000000b92a300000,0x000000b92a400000)]
  0x00000275db938240 JavaThread "Attach Listener" daemon [_thread_blocked, id=27696, stack(0x000000b92a400000,0x000000b92a500000)]
  0x00000275db938e00 JavaThread "Service Thread" daemon [_thread_blocked, id=29772, stack(0x000000b92a500000,0x000000b92a600000)]
  0x00000275db93b8d0 JavaThread "Monitor Deflation Thread" daemon [_thread_blocked, id=18572, stack(0x000000b92a600000,0x000000b92a700000)]
=>0x00000275db93e5d0 JavaThread "C2 CompilerThread0" daemon [_thread_in_native, id=34512, stack(0x000000b92a700000,0x000000b92a800000)]
  0x00000275db94e410 JavaThread "C1 CompilerThread0" daemon [_thread_blocked, id=37516, stack(0x000000b92a800000,0x000000b92a900000)]
  0x00000275db96d9a0 JavaThread "Sweeper thread" daemon [_thread_blocked, id=10388, stack(0x000000b92a900000,0x000000b92aa00000)]
  0x00000275e0af3b50 JavaThread "Common-Cleaner" daemon [_thread_blocked, id=31256, stack(0x000000b92aa00000,0x000000b92ab00000)]
  0x00000275e0d66b90 JavaThread "Notification Thread" daemon [_thread_blocked, id=35104, stack(0x000000b92ab00000,0x000000b92ac00000)]
  0x00000275e1048060 JavaThread "Active Thread: Equinox Container: b03f1128-bd48-47c4-bb9c-4a0416a2ceef" [_thread_blocked, id=38920, stack(0x000000b92b100000,0x000000b92b200000)]
  0x00000275e1683d70 JavaThread "Framework Event Dispatcher: Equinox Container: b03f1128-bd48-47c4-bb9c-4a0416a2ceef" daemon [_thread_blocked, id=7040, stack(0x000000b92b200000,0x000000b92b300000)]
  0x00000275e1afc910 JavaThread "Start Level: Equinox Container: b03f1128-bd48-47c4-bb9c-4a0416a2ceef" daemon [_thread_in_vm, id=36928, stack(0x000000b92b300000,0x000000b92b400000)]
  0x00000275e1baa840 JavaThread "Bundle File Closer" daemon [_thread_blocked, id=38812, stack(0x000000b92b400000,0x000000b92b500000)]
  0x00000275e1f4ee90 JavaThread "SCR Component Actor" daemon [_thread_blocked, id=25520, stack(0x000000b92b500000,0x000000b92b600000)]
  0x00000275e1f1fa70 JavaThread "SCR Component Registry" daemon [_thread_blocked, id=31772, stack(0x000000b92b600000,0x000000b92b700000)]
  0x00000275e22e48e0 JavaThread "Worker-JM" [_thread_blocked, id=32536, stack(0x000000b92b700000,0x000000b92b800000)]
  0x00000275e22e3ec0 JavaThread "Worker-0" [_thread_blocked, id=35556, stack(0x000000b92b800000,0x000000b92b900000)]
  0x00000275e22e43d0 JavaThread "Worker-1" [_thread_blocked, id=34708, stack(0x000000b92b900000,0x000000b92ba00000)]

Other Threads:
  0x00000275db8fc9e0 VMThread "VM Thread" [stack: 0x000000b92a000000,0x000000b92a100000] [id=3060]
  0x00000275e0d67390 WatcherThread [stack: 0x000000b92ac00000,0x000000b92ad00000] [id=21712]
  0x00000275c7ae2620 GCTaskThread "GC Thread#0" [stack: 0x000000b929f00000,0x000000b92a000000] [id=37892]
  0x00000275e1312880 GCTaskThread "GC Thread#1" [stack: 0x000000b92ae00000,0x000000b92af00000] [id=14704]
  0x00000275e1311d80 GCTaskThread "GC Thread#2" [stack: 0x000000b92af00000,0x000000b92b000000] [id=692]
  0x00000275e13130c0 GCTaskThread "GC Thread#3" [stack: 0x000000b92b000000,0x000000b92b100000] [id=27800]

Threads with active compile tasks:
C2 CompilerThread0     3954 3500       4       org.lombokweb.asm.ClassReader::readMethod (1066 bytes)

VM state: not at safepoint (normal execution)

VM Mutex/Monitor currently owned by a thread:  ([mutex/lock_event])
[0x00000275c7ac6ce0] CodeCache_lock - owner thread: 0x0000000000000000

Heap address: 0x00000000c0000000, size: 1024 MB, Compressed Oops mode: 32-bit

CDS archive(s) not mapped
Compressed class space mapped at: 0x0000000100000000-0x0000000140000000, reserved size: 1073741824
Narrow klass base: 0x0000000000000000, Narrow klass shift: 3, Narrow klass range: 0x140000000

GC Precious Log:
 CPUs: 4 total, 4 available
 Memory: 7886M
 Large Page Support: Disabled
 NUMA Support: Disabled
 Compressed Oops: Enabled (32-bit)
 Alignments: Space 512K, Generation 512K, Heap 2M
 Heap Min Capacity: 100M
 Heap Initial Capacity: 100M
 Heap Max Capacity: 1G
 Pre-touch: Disabled
 Parallel Workers: 4

Heap:
 PSYoungGen      total 27648K, used 12696K [0x00000000eab00000, 0x00000000ecb80000, 0x0000000100000000)
  eden space 24064K, 39% used [0x00000000eab00000,0x00000000eb43d350,0x00000000ec280000)
  from space 3584K, 90% used [0x00000000ec800000,0x00000000ecb28fc8,0x00000000ecb80000)
  to   space 3584K, 0% used [0x00000000ec480000,0x00000000ec480000,0x00000000ec800000)
 ParOldGen       total 68608K, used 11542K [0x00000000c0000000, 0x00000000c4300000, 0x00000000eab00000)
  object space 68608K, 16% used [0x00000000c0000000,0x00000000c0b45950,0x00000000c4300000)
 Metaspace       used 31043K, committed 31616K, reserved 1114112K
  class space    used 3050K, committed 3264K, reserved 1048576K

Card table byte_map: [0x00000275c74a0000,0x00000275c76b0000] _byte_map_base: 0x00000275c6ea0000

Marking Bits: (ParMarkBitMap*) 0x00007ffd2452d7d0
 Begin Bits: [0x00000275d9770000, 0x00000275da770000)
 End Bits:   [0x00000275da770000, 0x00000275db770000)

Polling page: 0x00000275c7290000

Metaspace:

Usage:
  Non-class:     27.34 MB used.
      Class:      2.98 MB used.
       Both:     30.32 MB used.

Virtual space:
  Non-class space:       64.00 MB reserved,      27.69 MB ( 43%) committed,  1 nodes.
      Class space:        1.00 GB reserved,       3.19 MB ( <1%) committed,  1 nodes.
             Both:        1.06 GB reserved,      30.88 MB (  3%) committed. 

Chunk freelists:
   Non-Class:  3.66 MB
       Class:  12.81 MB
        Both:  16.47 MB

MaxMetaspaceSize: unlimited
CompressedClassSpaceSize: 1.00 GB
Initial GC threshold: 21.00 MB
Current GC threshold: 35.00 MB
CDS: off
MetaspaceReclaimPolicy: balanced
 - commit_granule_bytes: 65536.
 - commit_granule_words: 8192.
 - virtual_space_node_default_size: 8388608.
 - enlarge_chunks_in_place: 1.
 - new_chunks_are_fully_committed: 0.
 - uncommit_free_chunks: 1.
 - use_allocation_guard: 0.
 - handle_deallocations: 1.


Internal statistics:

num_allocs_failed_limit: 3.
num_arena_births: 330.
num_arena_deaths: 14.
num_vsnodes_births: 2.
num_vsnodes_deaths: 0.
num_space_committed: 494.
num_space_uncommitted: 0.
num_chunks_returned_to_freelist: 17.
num_chunks_taken_from_freelist: 1222.
num_chunk_merges: 9.
num_chunk_splits: 808.
num_chunks_enlarged: 570.
num_inconsistent_stats: 0.

CodeHeap 'non-profiled nmethods': size=120000Kb used=1478Kb max_used=1478Kb free=118521Kb
 bounds [0x00000275d2240000, 0x00000275d24b0000, 0x00000275d9770000]
CodeHeap 'profiled nmethods': size=120000Kb used=7389Kb max_used=7389Kb free=112610Kb
 bounds [0x00000275ca770000, 0x00000275caeb0000, 0x00000275d1ca0000]
CodeHeap 'non-nmethods': size=5760Kb used=1253Kb max_used=1253Kb free=4506Kb
 bounds [0x00000275d1ca0000, 0x00000275d1f10000, 0x00000275d2240000]
 total_blobs=4079 nmethods=3519 adapters=473
 compilation: enabled
              stopped_count=0, restarted_count=0
 full_count=0

Compilation events (20 events):
Event: 3.884 Thread 0x00000275db94e410 3514       3       org.lombokweb.asm.ByteVector::put11 (52 bytes)
Event: 3.884 Thread 0x00000275db94e410 nmethod 3514 0x00000275cae9f690 code [0x00000275cae9f840, 0x00000275cae9fa48]
Event: 3.884 Thread 0x00000275db94e410 3516       3       org.lombokweb.asm.MethodVisitor::visitInsn (16 bytes)
Event: 3.885 Thread 0x00000275db94e410 nmethod 3516 0x00000275cae9fb90 code [0x00000275cae9fd40, 0x00000275cae9ff48]
Event: 3.885 Thread 0x00000275db94e410 3515       1       lombok.patcher.MethodLogistics::getReturnOpcode (5 bytes)
Event: 3.885 Thread 0x00000275db94e410 nmethod 3515 0x00000275d23b1590 code [0x00000275d23b1720, 0x00000275d23b17f8]
Event: 3.885 Thread 0x00000275db94e410 3513   !   3       java.util.regex.Pattern::matcher (44 bytes)
Event: 3.885 Thread 0x00000275db94e410 nmethod 3513 0x00000275caea0010 code [0x00000275caea01c0, 0x00000275caea0518]
Event: 3.885 Thread 0x00000275db94e410 3517       3       java.util.ArrayList$SubList::toArray (79 bytes)
Event: 3.886 Thread 0x00000275db94e410 nmethod 3517 0x00000275caea0690 code [0x00000275caea0880, 0x00000275caea0f08]
Event: 3.906 Thread 0x00000275db94e410 3519       3       org.lombokweb.asm.ClassReader::<init> (371 bytes)
Event: 3.907 Thread 0x00000275db94e410 nmethod 3519 0x00000275caea1110 code [0x00000275caea13e0, 0x00000275caea2598]
Event: 3.907 Thread 0x00000275db94e410 3520       3       org.lombokweb.asm.SymbolTable::<init> (536 bytes)
Event: 3.909 Thread 0x00000275db94e410 nmethod 3520 0x00000275caea2b10 code [0x00000275caea30a0, 0x00000275caea59a8]
Event: 3.909 Thread 0x00000275db94e410 3522       3       org.lombokweb.asm.MethodVisitor::visitJumpInsn (17 bytes)
Event: 3.909 Thread 0x00000275db94e410 nmethod 3522 0x00000275caea6b10 code [0x00000275caea6cc0, 0x00000275caea6ec8]
Event: 3.909 Thread 0x00000275db94e410 3521       3       org.lombokweb.asm.ClassReader::readLong (29 bytes)
Event: 3.909 Thread 0x00000275db94e410 nmethod 3521 0x00000275caea6f90 code [0x00000275caea7140, 0x00000275caea72f8]
Event: 3.917 Thread 0x00000275db94e410 3523       3       java.lang.String::subSequence (7 bytes)
Event: 3.918 Thread 0x00000275db94e410 nmethod 3523 0x00000275caea7410 code [0x00000275caea75a0, 0x00000275caea76e8]

GC Heap History (18 events):
Event: 0.960 GC heap before
{Heap before GC invocations=1 (full 0):
 PSYoungGen      total 29696K, used 25600K [0x00000000eab00000, 0x00000000ecc00000, 0x0000000100000000)
  eden space 25600K, 100% used [0x00000000eab00000,0x00000000ec400000,0x00000000ec400000)
  from space 4096K, 0% used [0x00000000ec800000,0x00000000ec800000,0x00000000ecc00000)
  to   space 4096K, 0% used [0x00000000ec400000,0x00000000ec400000,0x00000000ec800000)
 ParOldGen       total 68608K, used 0K [0x00000000c0000000, 0x00000000c4300000, 0x00000000eab00000)
  object space 68608K, 0% used [0x00000000c0000000,0x00000000c0000000,0x00000000c4300000)
 Metaspace       used 11012K, committed 11200K, reserved 1114112K
  class space    used 1098K, committed 1216K, reserved 1048576K
}
Event: 0.969 GC heap after
{Heap after GC invocations=1 (full 0):
 PSYoungGen      total 29696K, used 3188K [0x00000000eab00000, 0x00000000ecc00000, 0x0000000100000000)
  eden space 25600K, 0% used [0x00000000eab00000,0x00000000eab00000,0x00000000ec400000)
  from space 4096K, 77% used [0x00000000ec400000,0x00000000ec71d130,0x00000000ec800000)
  to   space 4096K, 0% used [0x00000000ec800000,0x00000000ec800000,0x00000000ecc00000)
 ParOldGen       total 68608K, used 0K [0x00000000c0000000, 0x00000000c4300000, 0x00000000eab00000)
  object space 68608K, 0% used [0x00000000c0000000,0x00000000c0000000,0x00000000c4300000)
 Metaspace       used 11012K, committed 11200K, reserved 1114112K
  class space    used 1098K, committed 1216K, reserved 1048576K
}
Event: 1.616 GC heap before
{Heap before GC invocations=2 (full 0):
 PSYoungGen      total 29696K, used 28788K [0x00000000eab00000, 0x00000000ecc00000, 0x0000000100000000)
  eden space 25600K, 100% used [0x00000000eab00000,0x00000000ec400000,0x00000000ec400000)
  from space 4096K, 77% used [0x00000000ec400000,0x00000000ec71d130,0x00000000ec800000)
  to   space 4096K, 0% used [0x00000000ec800000,0x00000000ec800000,0x00000000ecc00000)
 ParOldGen       total 68608K, used 0K [0x00000000c0000000, 0x00000000c4300000, 0x00000000eab00000)
  object space 68608K, 0% used [0x00000000c0000000,0x00000000c0000000,0x00000000c4300000)
 Metaspace       used 14664K, committed 14912K, reserved 1114112K
  class space    used 1471K, committed 1600K, reserved 1048576K
}
Event: 1.621 GC heap after
{Heap after GC invocations=2 (full 0):
 PSYoungGen      total 29696K, used 4089K [0x00000000eab00000, 0x00000000ecc00000, 0x0000000100000000)
  eden space 25600K, 0% used [0x00000000eab00000,0x00000000eab00000,0x00000000ec400000)
  from space 4096K, 99% used [0x00000000ec800000,0x00000000ecbfe540,0x00000000ecc00000)
  to   space 4096K, 0% used [0x00000000ec400000,0x00000000ec400000,0x00000000ec800000)
 ParOldGen       total 68608K, used 1474K [0x00000000c0000000, 0x00000000c4300000, 0x00000000eab00000)
  object space 68608K, 2% used [0x00000000c0000000,0x00000000c0170b80,0x00000000c4300000)
 Metaspace       used 14664K, committed 14912K, reserved 1114112K
  class space    used 1471K, committed 1600K, reserved 1048576K
}
Event: 2.151 GC heap before
{Heap before GC invocations=3 (full 0):
 PSYoungGen      total 29696K, used 29689K [0x00000000eab00000, 0x00000000ecc00000, 0x0000000100000000)
  eden space 25600K, 100% used [0x00000000eab00000,0x00000000ec400000,0x00000000ec400000)
  from space 4096K, 99% used [0x00000000ec800000,0x00000000ecbfe540,0x00000000ecc00000)
  to   space 4096K, 0% used [0x00000000ec400000,0x00000000ec400000,0x00000000ec800000)
 ParOldGen       total 68608K, used 1474K [0x00000000c0000000, 0x00000000c4300000, 0x00000000eab00000)
  object space 68608K, 2% used [0x00000000c0000000,0x00000000c0170b80,0x00000000c4300000)
 Metaspace       used 16398K, committed 16704K, reserved 1114112K
  class space    used 1655K, committed 1792K, reserved 1048576K
}
Event: 2.156 GC heap after
{Heap after GC invocations=3 (full 0):
 PSYoungGen      total 29696K, used 4073K [0x00000000eab00000, 0x00000000ecc00000, 0x0000000100000000)
  eden space 25600K, 0% used [0x00000000eab00000,0x00000000eab00000,0x00000000ec400000)
  from space 4096K, 99% used [0x00000000ec400000,0x00000000ec7fa4a8,0x00000000ec800000)
  to   space 4096K, 0% used [0x00000000ec800000,0x00000000ec800000,0x00000000ecc00000)
 ParOldGen       total 68608K, used 5208K [0x00000000c0000000, 0x00000000c4300000, 0x00000000eab00000)
  object space 68608K, 7% used [0x00000000c0000000,0x00000000c0516158,0x00000000c4300000)
 Metaspace       used 16398K, committed 16704K, reserved 1114112K
  class space    used 1655K, committed 1792K, reserved 1048576K
}
Event: 2.608 GC heap before
{Heap before GC invocations=4 (full 0):
 PSYoungGen      total 29696K, used 29673K [0x00000000eab00000, 0x00000000ecc00000, 0x0000000100000000)
  eden space 25600K, 100% used [0x00000000eab00000,0x00000000ec400000,0x00000000ec400000)
  from space 4096K, 99% used [0x00000000ec400000,0x00000000ec7fa4a8,0x00000000ec800000)
  to   space 4096K, 0% used [0x00000000ec800000,0x00000000ec800000,0x00000000ecc00000)
 ParOldGen       total 68608K, used 5208K [0x00000000c0000000, 0x00000000c4300000, 0x00000000eab00000)
  object space 68608K, 7% used [0x00000000c0000000,0x00000000c0516158,0x00000000c4300000)
 Metaspace       used 20927K, committed 21312K, reserved 1114112K
  class space    used 2126K, committed 2304K, reserved 1048576K
}
Event: 2.612 GC heap after
{Heap after GC invocations=4 (full 0):
 PSYoungGen      total 29696K, used 4073K [0x00000000eab00000, 0x00000000ecc00000, 0x0000000100000000)
  eden space 25600K, 0% used [0x00000000eab00000,0x00000000eab00000,0x00000000ec400000)
  from space 4096K, 99% used [0x00000000ec800000,0x00000000ecbfa640,0x00000000ecc00000)
  to   space 4096K, 0% used [0x00000000ec400000,0x00000000ec400000,0x00000000ec800000)
 ParOldGen       total 68608K, used 6518K [0x00000000c0000000, 0x00000000c4300000, 0x00000000eab00000)
  object space 68608K, 9% used [0x00000000c0000000,0x00000000c065d8f0,0x00000000c4300000)
 Metaspace       used 20927K, committed 21312K, reserved 1114112K
  class space    used 2126K, committed 2304K, reserved 1048576K
}
Event: 2.652 GC heap before
{Heap before GC invocations=5 (full 0):
 PSYoungGen      total 29696K, used 5441K [0x00000000eab00000, 0x00000000ecc00000, 0x0000000100000000)
  eden space 25600K, 5% used [0x00000000eab00000,0x00000000eac55f88,0x00000000ec400000)
  from space 4096K, 99% used [0x00000000ec800000,0x00000000ecbfa640,0x00000000ecc00000)
  to   space 4096K, 0% used [0x00000000ec400000,0x00000000ec400000,0x00000000ec800000)
 ParOldGen       total 68608K, used 6518K [0x00000000c0000000, 0x00000000c4300000, 0x00000000eab00000)
  object space 68608K, 9% used [0x00000000c0000000,0x00000000c065d8f0,0x00000000c4300000)
 Metaspace       used 21088K, committed 21504K, reserved 1114112K
  class space    used 2143K, committed 2368K, reserved 1048576K
}
Event: 2.655 GC heap after
{Heap after GC invocations=5 (full 0):
 PSYoungGen      total 29696K, used 4069K [0x00000000eab00000, 0x00000000ece00000, 0x0000000100000000)
  eden space 25600K, 0% used [0x00000000eab00000,0x00000000eab00000,0x00000000ec400000)
  from space 4096K, 99% used [0x00000000ec400000,0x00000000ec7f96a0,0x00000000ec800000)
  to   space 5120K, 0% used [0x00000000ec900000,0x00000000ec900000,0x00000000ece00000)
 ParOldGen       total 68608K, used 6558K [0x00000000c0000000, 0x00000000c4300000, 0x00000000eab00000)
  object space 68608K, 9% used [0x00000000c0000000,0x00000000c06678f0,0x00000000c4300000)
 Metaspace       used 21088K, committed 21504K, reserved 1114112K
  class space    used 2143K, committed 2368K, reserved 1048576K
}
Event: 2.655 GC heap before
{Heap before GC invocations=6 (full 1):
 PSYoungGen      total 29696K, used 4069K [0x00000000eab00000, 0x00000000ece00000, 0x0000000100000000)
  eden space 25600K, 0% used [0x00000000eab00000,0x00000000eab00000,0x00000000ec400000)
  from space 4096K, 99% used [0x00000000ec400000,0x00000000ec7f96a0,0x00000000ec800000)
  to   space 5120K, 0% used [0x00000000ec900000,0x00000000ec900000,0x00000000ece00000)
 ParOldGen       total 68608K, used 6558K [0x00000000c0000000, 0x00000000c4300000, 0x00000000eab00000)
  object space 68608K, 9% used [0x00000000c0000000,0x00000000c06678f0,0x00000000c4300000)
 Metaspace       used 21088K, committed 21504K, reserved 1114112K
  class space    used 2143K, committed 2368K, reserved 1048576K
}
Event: 2.683 GC heap after
{Heap after GC invocations=6 (full 1):
 PSYoungGen      total 29696K, used 0K [0x00000000eab00000, 0x00000000ece00000, 0x0000000100000000)
  eden space 25600K, 0% used [0x00000000eab00000,0x00000000eab00000,0x00000000ec400000)
  from space 4096K, 0% used [0x00000000ec400000,0x00000000ec400000,0x00000000ec800000)
  to   space 5120K, 0% used [0x00000000ec900000,0x00000000ec900000,0x00000000ece00000)
 ParOldGen       total 68608K, used 10400K [0x00000000c0000000, 0x00000000c4300000, 0x00000000eab00000)
  object space 68608K, 15% used [0x00000000c0000000,0x00000000c0a28070,0x00000000c4300000)
 Metaspace       used 21075K, committed 21504K, reserved 1114112K
  class space    used 2140K, committed 2368K, reserved 1048576K
}
Event: 3.372 GC heap before
{Heap before GC invocations=7 (full 1):
 PSYoungGen      total 29696K, used 25600K [0x00000000eab00000, 0x00000000ece00000, 0x0000000100000000)
  eden space 25600K, 100% used [0x00000000eab00000,0x00000000ec400000,0x00000000ec400000)
  from space 4096K, 0% used [0x00000000ec400000,0x00000000ec400000,0x00000000ec800000)
  to   space 5120K, 0% used [0x00000000ec900000,0x00000000ec900000,0x00000000ece00000)
 ParOldGen       total 68608K, used 10400K [0x00000000c0000000, 0x00000000c4300000, 0x00000000eab00000)
  object space 68608K, 15% used [0x00000000c0000000,0x00000000c0a28070,0x00000000c4300000)
 Metaspace       used 24199K, committed 24704K, reserved 1114112K
  class space    used 2459K, committed 2688K, reserved 1048576K
}
Event: 3.374 GC heap after
{Heap after GC invocations=7 (full 1):
 PSYoungGen      total 27136K, used 1712K [0x00000000eab00000, 0x00000000ecb00000, 0x0000000100000000)
  eden space 25088K, 0% used [0x00000000eab00000,0x00000000eab00000,0x00000000ec380000)
  from space 2048K, 83% used [0x00000000ec900000,0x00000000ecaac0a8,0x00000000ecb00000)
  to   space 3072K, 0% used [0x00000000ec500000,0x00000000ec500000,0x00000000ec800000)
 ParOldGen       total 68608K, used 10408K [0x00000000c0000000, 0x00000000c4300000, 0x00000000eab00000)
  object space 68608K, 15% used [0x00000000c0000000,0x00000000c0a2a070,0x00000000c4300000)
 Metaspace       used 24199K, committed 24704K, reserved 1114112K
  class space    used 2459K, committed 2688K, reserved 1048576K
}
Event: 3.650 GC heap before
{Heap before GC invocations=8 (full 1):
 PSYoungGen      total 27136K, used 26786K [0x00000000eab00000, 0x00000000ecb00000, 0x0000000100000000)
  eden space 25088K, 99% used [0x00000000eab00000,0x00000000ec37cad0,0x00000000ec380000)
  from space 2048K, 83% used [0x00000000ec900000,0x00000000ecaac0a8,0x00000000ecb00000)
  to   space 3072K, 0% used [0x00000000ec500000,0x00000000ec500000,0x00000000ec800000)
 ParOldGen       total 68608K, used 10408K [0x00000000c0000000, 0x00000000c4300000, 0x00000000eab00000)
  object space 68608K, 15% used [0x00000000c0000000,0x00000000c0a2a070,0x00000000c4300000)
 Metaspace       used 27330K, committed 27904K, reserved 1114112K
  class space    used 2785K, committed 3008K, reserved 1048576K
}
Event: 3.653 GC heap after
{Heap after GC invocations=8 (full 1):
 PSYoungGen      total 27648K, used 3060K [0x00000000eab00000, 0x00000000ecd00000, 0x0000000100000000)
  eden space 24576K, 0% used [0x00000000eab00000,0x00000000eab00000,0x00000000ec300000)
  from space 3072K, 99% used [0x00000000ec500000,0x00000000ec7fd358,0x00000000ec800000)
  to   space 5120K, 0% used [0x00000000ec800000,0x00000000ec800000,0x00000000ecd00000)
 ParOldGen       total 68608K, used 11534K [0x00000000c0000000, 0x00000000c4300000, 0x00000000eab00000)
  object space 68608K, 16% used [0x00000000c0000000,0x00000000c0b43950,0x00000000c4300000)
 Metaspace       used 27330K, committed 27904K, reserved 1114112K
  class space    used 2785K, committed 3008K, reserved 1048576K
}
Event: 3.842 GC heap before
{Heap before GC invocations=9 (full 1):
 PSYoungGen      total 27648K, used 27636K [0x00000000eab00000, 0x00000000ecd00000, 0x0000000100000000)
  eden space 24576K, 100% used [0x00000000eab00000,0x00000000ec300000,0x00000000ec300000)
  from space 3072K, 99% used [0x00000000ec500000,0x00000000ec7fd358,0x00000000ec800000)
  to   space 5120K, 0% used [0x00000000ec800000,0x00000000ec800000,0x00000000ecd00000)
 ParOldGen       total 68608K, used 11534K [0x00000000c0000000, 0x00000000c4300000, 0x00000000eab00000)
  object space 68608K, 16% used [0x00000000c0000000,0x00000000c0b43950,0x00000000c4300000)
 Metaspace       used 29945K, committed 30528K, reserved 1114112K
  class space    used 2958K, committed 3200K, reserved 1048576K
}
Event: 3.844 GC heap after
{Heap after GC invocations=9 (full 1):
 PSYoungGen      total 27648K, used 3235K [0x00000000eab00000, 0x00000000ecb80000, 0x0000000100000000)
  eden space 24064K, 0% used [0x00000000eab00000,0x00000000eab00000,0x00000000ec280000)
  from space 3584K, 90% used [0x00000000ec800000,0x00000000ecb28fc8,0x00000000ecb80000)
  to   space 3584K, 0% used [0x00000000ec480000,0x00000000ec480000,0x00000000ec800000)
 ParOldGen       total 68608K, used 11542K [0x00000000c0000000, 0x00000000c4300000, 0x00000000eab00000)
  object space 68608K, 16% used [0x00000000c0000000,0x00000000c0b45950,0x00000000c4300000)
 Metaspace       used 29945K, committed 30528K, reserved 1114112K
  class space    used 2958K, committed 3200K, reserved 1048576K
}

Dll operation events (9 events):
Event: 0.010 Loaded shared library c:\Users\91939\.vscode\extensions\redhat.java-1.28.1-win32-x64\jre\17.0.10-win32-x86_64\bin\java.dll
Event: 0.187 Loaded shared library c:\Users\91939\.vscode\extensions\redhat.java-1.28.1-win32-x64\jre\17.0.10-win32-x86_64\bin\zip.dll
Event: 0.190 Loaded shared library C:\Users\91939\.vscode\extensions\redhat.java-1.28.1-win32-x64\jre\17.0.10-win32-x86_64\bin\instrument.dll
Event: 0.203 Loaded shared library C:\Users\91939\.vscode\extensions\redhat.java-1.28.1-win32-x64\jre\17.0.10-win32-x86_64\bin\net.dll
Event: 0.205 Loaded shared library C:\Users\91939\.vscode\extensions\redhat.java-1.28.1-win32-x64\jre\17.0.10-win32-x86_64\bin\nio.dll
Event: 0.212 Loaded shared library C:\Users\91939\.vscode\extensions\redhat.java-1.28.1-win32-x64\jre\17.0.10-win32-x86_64\bin\zip.dll
Event: 0.235 Loaded shared library C:\Users\91939\.vscode\extensions\redhat.java-1.28.1-win32-x64\jre\17.0.10-win32-x86_64\bin\jimage.dll
Event: 0.327 Loaded shared library c:\Users\91939\.vscode\extensions\redhat.java-1.28.1-win32-x64\jre\17.0.10-win32-x86_64\bin\verify.dll
Event: 1.514 Loaded shared library C:\Users\91939\AppData\Roaming\Code\User\globalStorage\redhat.java\1.28.1\config_win\org.eclipse.equinox.launcher\org.eclipse.equinox.launcher.win32.win32.x86_64_1.2.900.v20240129-1338\eclipse_11900.dll

Deoptimization events (20 events):
Event: 3.481 Thread 0x00000275e1afc910 DEOPT PACKING pc=0x00000275d2259db0 sp=0x000000b92b3f2630
Event: 3.481 Thread 0x00000275e1afc910 DEOPT UNPACKING pc=0x00000275d1cf9ea3 sp=0x000000b92b3f2558 mode 2
Event: 3.481 Thread 0x00000275e1afc910 Uncommon trap: trap_request=0xffffff45 fr.pc=0x00000275d2292a5c relative=0x000000000000033c
Event: 3.481 Thread 0x00000275e1afc910 Uncommon trap: reason=unstable_if action=reinterpret pc=0x00000275d2292a5c method=java.lang.AbstractStringBuilder.isLatin1()Z @ 10 c2
Event: 3.481 Thread 0x00000275e1afc910 DEOPT PACKING pc=0x00000275d2292a5c sp=0x000000b92b3f2630
Event: 3.481 Thread 0x00000275e1afc910 DEOPT UNPACKING pc=0x00000275d1cf9ea3 sp=0x000000b92b3f25c0 mode 2
Event: 3.481 Thread 0x00000275e1afc910 Uncommon trap: trap_request=0xffffff45 fr.pc=0x00000275d229635c relative=0x000000000000005c
Event: 3.481 Thread 0x00000275e1afc910 Uncommon trap: reason=unstable_if action=reinterpret pc=0x00000275d229635c method=java.lang.AbstractStringBuilder.isLatin1()Z @ 10 c2
Event: 3.481 Thread 0x00000275e1afc910 DEOPT PACKING pc=0x00000275d229635c sp=0x000000b92b3f2620
Event: 3.481 Thread 0x00000275e1afc910 DEOPT UNPACKING pc=0x00000275d1cf9ea3 sp=0x000000b92b3f25b0 mode 2
Event: 3.484 Thread 0x00000275e1afc910 Uncommon trap: trap_request=0xffffff45 fr.pc=0x00000275d22620b8 relative=0x0000000000000038
Event: 3.484 Thread 0x00000275e1afc910 Uncommon trap: reason=unstable_if action=reinterpret pc=0x00000275d22620b8 method=java.lang.StringLatin1.canEncode(I)Z @ 4 c2
Event: 3.484 Thread 0x00000275e1afc910 DEOPT PACKING pc=0x00000275d22620b8 sp=0x000000b92b3f25d0
Event: 3.484 Thread 0x00000275e1afc910 DEOPT UNPACKING pc=0x00000275d1cf9ea3 sp=0x000000b92b3f2560 mode 2
Event: 3.498 Thread 0x00000275e1afc910 DEOPT PACKING pc=0x00000275caba8308 sp=0x000000b92b3f2cb0
Event: 3.498 Thread 0x00000275e1afc910 DEOPT UNPACKING pc=0x00000275d1cfa9e3 sp=0x000000b92b3f21b8 mode 0
Event: 3.548 Thread 0x00000275e1afc910 Uncommon trap: trap_request=0xffffffc6 fr.pc=0x00000275d2328e9c relative=0x0000000000000d7c
Event: 3.548 Thread 0x00000275e1afc910 Uncommon trap: reason=bimorphic_or_optimized_type_check action=maybe_recompile pc=0x00000275d2328e9c method=java.util.Properties$LineReader.readLine()I @ 479 c2
Event: 3.548 Thread 0x00000275e1afc910 DEOPT PACKING pc=0x00000275d2328e9c sp=0x000000b92b3f4090
Event: 3.548 Thread 0x00000275e1afc910 DEOPT UNPACKING pc=0x00000275d1cf9ea3 sp=0x000000b92b3f4020 mode 2

Classes unloaded (7 events):
Event: 2.661 Thread 0x00000275db8fc9e0 Unloading class 0x000000010024c400 'java/lang/invoke/LambdaForm$MH+0x000000010024c400'
Event: 2.661 Thread 0x00000275db8fc9e0 Unloading class 0x000000010024c000 'java/lang/invoke/LambdaForm$MH+0x000000010024c000'
Event: 2.661 Thread 0x00000275db8fc9e0 Unloading class 0x000000010024bc00 'java/lang/invoke/LambdaForm$MH+0x000000010024bc00'
Event: 2.661 Thread 0x00000275db8fc9e0 Unloading class 0x000000010024b800 'java/lang/invoke/LambdaForm$MH+0x000000010024b800'
Event: 2.661 Thread 0x00000275db8fc9e0 Unloading class 0x000000010024b400 'java/lang/invoke/LambdaForm$BMH+0x000000010024b400'
Event: 2.661 Thread 0x00000275db8fc9e0 Unloading class 0x000000010024b000 'java/lang/invoke/LambdaForm$DMH+0x000000010024b000'
Event: 2.661 Thread 0x00000275db8fc9e0 Unloading class 0x0000000100248400 'java/lang/invoke/LambdaForm$DMH+0x0000000100248400'

Classes redefined (0 events):
No events

Internal exceptions (20 events):
Event: 2.701 Thread 0x00000275e1afc910 Exception <a 'java/io/FileNotFoundException'{0x00000000eabae340}> (0x00000000eabae340) 
thrown [s\src\hotspot\share\prims\jni.cpp, line 516]
Event: 2.702 Thread 0x00000275e1afc910 Exception <a 'java/io/FileNotFoundException'{0x00000000eabb5cc8}> (0x00000000eabb5cc8) 
thrown [s\src\hotspot\share\prims\jni.cpp, line 516]
Event: 2.760 Thread 0x00000275e1afc910 Exception <a 'java/lang/NoSuchMethodError'{0x00000000eb05e340}: 'java.lang.Object java.lang.invoke.DirectMethodHandle$Holder.newInvokeSpecial(java.lang.Object, java.lang.Object, java.lang.Object, java.lang.Object, java.lang.Object)'> (0x00000000eb05e340) 
thrown [s\src\hotspot\share\interpreter\linkResolver.cpp, line 759]
Event: 2.916 Thread 0x00000275e1afc910 Exception <a 'java/lang/NoSuchMethodError'{0x00000000eb4d5330}: 'java.lang.Object java.lang.invoke.DirectMethodHandle$Holder.invokeSpecial(java.lang.Object, java.lang.Object, java.lang.Object, long, java.lang.Object)'> (0x00000000eb4d5330) 
thrown [s\src\hotspot\share\interpreter\linkResolver.cpp, line 759]
Event: 2.917 Thread 0x00000275e1afc910 Exception <a 'java/lang/NoSuchMethodError'{0x00000000eb4dd4e8}: 'java.lang.Object java.lang.invoke.DirectMethodHandle$Holder.newInvokeSpecial(java.lang.Object, java.lang.Object, java.lang.Object, long)'> (0x00000000eb4dd4e8) 
thrown [s\src\hotspot\share\interpreter\linkResolver.cpp, line 759]
Event: 2.917 Thread 0x00000275e1afc910 Exception <a 'java/lang/NoSuchMethodError'{0x00000000eb4e1a88}: 'java.lang.Object java.lang.invoke.DirectMethodHandle$Holder.invokeSpecial(java.lang.Object, java.lang.Object, java.lang.Object, java.lang.Object, long)'> (0x00000000eb4e1a88) 
thrown [s\src\hotspot\share\interpreter\linkResolver.cpp, line 759]
Event: 2.918 Thread 0x00000275e1afc910 Exception <a 'java/lang/NoSuchMethodError'{0x00000000eb4e5900}: 'java.lang.Object java.lang.invoke.Invokers$Holder.linkToTargetMethod(java.lang.Object, java.lang.Object, long, java.lang.Object)'> (0x00000000eb4e5900) 
thrown [s\src\hotspot\share\interpreter\linkResolver.cpp, line 759]
Event: 2.927 Thread 0x00000275e1afc910 Exception <a 'java/lang/NoSuchMethodError'{0x00000000eb578c18}: 'int java.lang.invoke.DirectMethodHandle$Holder.invokeStaticInit(java.lang.Object, java.lang.Object, java.lang.Object)'> (0x00000000eb578c18) 
thrown [s\src\hotspot\share\interpreter\linkResolver.cpp, line 759]
Event: 2.934 Thread 0x00000275e1afc910 Exception <a 'java/lang/IncompatibleClassChangeError'{0x00000000eb5f48f8}: Found class java.lang.Object, but interface was expected> (0x00000000eb5f48f8) 
thrown [s\src\hotspot\share\interpreter\linkResolver.cpp, line 826]
Event: 2.968 Thread 0x00000275e1afc910 Exception <a 'java/lang/NoSuchMethodError'{0x00000000eb667ce8}: 'java.lang.Object java.lang.invoke.DirectMethodHandle$Holder.invokeSpecial(java.lang.Object, java.lang.Object, java.lang.Object, int, java.lang.Object, java.lang.Object)'> (0x00000000eb667ce8) 
thrown [s\src\hotspot\share\interpreter\linkResolver.cpp, line 759]
Event: 2.968 Thread 0x00000275e1afc910 Exception <a 'java/lang/NoSuchMethodError'{0x00000000eb6703e0}: 'java.lang.Object java.lang.invoke.DirectMethodHandle$Holder.newInvokeSpecial(java.lang.Object, java.lang.Object, java.lang.Object, int, java.lang.Object)'> (0x00000000eb6703e0) 
thrown [s\src\hotspot\share\interpreter\linkResolver.cpp, line 759]
Event: 2.969 Thread 0x00000275e1afc910 Exception <a 'java/lang/NoSuchMethodError'{0x00000000eb674838}: 'java.lang.Object java.lang.invoke.DirectMethodHandle$Holder.invokeSpecial(java.lang.Object, java.lang.Object, java.lang.Object, java.lang.Object, int, java.lang.Object)'> (0x00000000eb674838) 
thrown [s\src\hotspot\share\interpreter\linkResolver.cpp, line 759]
Event: 2.976 Thread 0x00000275e22e3ec0 Exception <a 'java/lang/NoSuchMethodError'{0x00000000eb525a38}: 'java.lang.Object java.lang.invoke.DirectMethodHandle$Holder.invokeSpecial(java.lang.Object, java.lang.Object, int, java.lang.Object, java.lang.Object)'> (0x00000000eb525a38) 
thrown [s\src\hotspot\share\interpreter\linkResolver.cpp, line 759]
Event: 3.371 Thread 0x00000275e1afc910 Exception <a 'java/lang/NoSuchMethodError'{0x00000000ec3de2b0}: 'java.lang.Object java.lang.invoke.Invokers$Holder.linkToTargetMethod(java.lang.Object, long, java.lang.Object, java.lang.Object)'> (0x00000000ec3de2b0) 
thrown [s\src\hotspot\share\interpreter\linkResolver.cpp, line 759]
Event: 3.444 Thread 0x00000275e1afc910 Exception <a 'java/io/FileNotFoundException'{0x00000000eb25ea38}> (0x00000000eb25ea38) 
thrown [s\src\hotspot\share\prims\jni.cpp, line 516]
Event: 3.445 Thread 0x00000275e1afc910 Exception <a 'java/lang/NoSuchMethodError'{0x00000000eb267ab0}: 'java.lang.Object java.lang.invoke.DirectMethodHandle$Holder.newInvokeSpecial(java.lang.Object, int, java.lang.Object, java.lang.Object)'> (0x00000000eb267ab0) 
thrown [s\src\hotspot\share\interpreter\linkResolver.cpp, line 759]
Event: 3.528 Thread 0x00000275e1afc910 Exception <a 'java/lang/NoSuchMethodError'{0x00000000eb9c8c80}: 'void java.lang.invoke.DirectMethodHandle$Holder.invokeSpecial(java.lang.Object, java.lang.Object, java.lang.Object, int)'> (0x00000000eb9c8c80) 
thrown [s\src\hotspot\share\interpreter\linkResolver.cpp, line 759]
Event: 3.717 Thread 0x00000275e1afc910 Exception <a 'java/io/FileNotFoundException'{0x00000000eb7251b8}> (0x00000000eb7251b8) 
thrown [s\src\hotspot\share\prims\jni.cpp, line 516]
Event: 3.717 Thread 0x00000275e1afc910 Exception <a 'java/io/FileNotFoundException'{0x00000000eb725fd0}> (0x00000000eb725fd0) 
thrown [s\src\hotspot\share\prims\jni.cpp, line 516]
Event: 3.717 Thread 0x00000275e1afc910 Exception <a 'java/io/FileNotFoundException'{0x00000000eb726df8}> (0x00000000eb726df8) 
thrown [s\src\hotspot\share\prims\jni.cpp, line 516]

VM Operations (20 events):
Event: 2.718 Executing VM operation: HandshakeAllThreads
Event: 2.718 Executing VM operation: HandshakeAllThreads done
Event: 2.986 Executing VM operation: HandshakeAllThreads
Event: 3.025 Executing VM operation: HandshakeAllThreads done
Event: 3.170 Executing VM operation: HandshakeAllThreads
Event: 3.171 Executing VM operation: HandshakeAllThreads done
Event: 3.241 Executing VM operation: HandshakeAllThreads
Event: 3.241 Executing VM operation: HandshakeAllThreads done
Event: 3.250 Executing VM operation: HandshakeAllThreads
Event: 3.250 Executing VM operation: HandshakeAllThreads done
Event: 3.339 Executing VM operation: ICBufferFull
Event: 3.339 Executing VM operation: ICBufferFull done
Event: 3.372 Executing VM operation: ParallelGCFailedAllocation
Event: 3.374 Executing VM operation: ParallelGCFailedAllocation done
Event: 3.650 Executing VM operation: ParallelGCFailedAllocation
Event: 3.653 Executing VM operation: ParallelGCFailedAllocation done
Event: 3.697 Executing VM operation: HandshakeAllThreads
Event: 3.697 Executing VM operation: HandshakeAllThreads done
Event: 3.842 Executing VM operation: ParallelGCFailedAllocation
Event: 3.844 Executing VM operation: ParallelGCFailedAllocation done

Events (20 events):
Event: 3.616 loading class java/io/StringReader
Event: 3.616 loading class java/io/StringReader done
Event: 3.629 loading class java/util/zip/GZIPInputStream
Event: 3.629 loading class java/util/zip/GZIPInputStream done
Event: 3.631 loading class java/net/SocketTimeoutException
Event: 3.632 loading class java/io/InterruptedIOException
Event: 3.632 loading class java/io/InterruptedIOException done
Event: 3.632 loading class java/net/SocketTimeoutException done
Event: 3.632 loading class java/net/SocketException
Event: 3.632 loading class java/net/SocketException done
Event: 3.632 loading class java/net/UnknownHostException
Event: 3.632 loading class java/net/UnknownHostException done
Event: 3.632 loading class java/net/ProtocolException
Event: 3.632 loading class java/net/ProtocolException done
Event: 3.645 loading class java/lang/ThreadLocal$SuppliedThreadLocal
Event: 3.645 loading class java/lang/ThreadLocal$SuppliedThreadLocal done
Event: 3.710 loading class java/io/FileWriter
Event: 3.710 loading class java/io/FileWriter done
Event: 3.712 loading class java/lang/NegativeArraySizeException
Event: 3.712 loading class java/lang/NegativeArraySizeException done


Dynamic libraries:
0x00007ff70f7a0000 - 0x00007ff70f7ae000 	c:\Users\91939\.vscode\extensions\redhat.java-1.28.1-win32-x64\jre\17.0.10-win32-x86_64\bin\java.exe
0x00007ffd83f50000 - 0x00007ffd84147000 	C:\Windows\SYSTEM32\ntdll.dll
0x00007ffd828d0000 - 0x00007ffd8298d000 	C:\Windows\System32\KERNEL32.DLL
0x00007ffd81a20000 - 0x00007ffd81d16000 	C:\Windows\System32\KERNELBASE.dll
0x00007ffd81e80000 - 0x00007ffd81f80000 	C:\Windows\System32\ucrtbase.dll
0x00007ffd67fe0000 - 0x00007ffd67ff7000 	c:\Users\91939\.vscode\extensions\redhat.java-1.28.1-win32-x64\jre\17.0.10-win32-x86_64\bin\jli.dll
0x00007ffd830c0000 - 0x00007ffd8325e000 	C:\Windows\System32\USER32.dll
0x00007ffd61b40000 - 0x00007ffd61b5b000 	c:\Users\91939\.vscode\extensions\redhat.java-1.28.1-win32-x64\jre\17.0.10-win32-x86_64\bin\VCRUNTIME140.dll
0x00007ffd81630000 - 0x00007ffd81652000 	C:\Windows\System32\win32u.dll
0x00007ffd837b0000 - 0x00007ffd837dc000 	C:\Windows\System32\GDI32.dll
0x00007ffd816d0000 - 0x00007ffd817ea000 	C:\Windows\System32\gdi32full.dll
0x00007ffd81840000 - 0x00007ffd818dd000 	C:\Windows\System32\msvcp_win.dll
0x00007ffd6bfa0000 - 0x00007ffd6c23a000 	C:\Windows\WinSxS\amd64_microsoft.windows.common-controls_6595b64144ccf1df_6.0.19041.3570_none_60bb2a3971f3e41a\COMCTL32.dll
0x00007ffd83340000 - 0x00007ffd833de000 	C:\Windows\System32\msvcrt.dll
0x00007ffd83450000 - 0x00007ffd83480000 	C:\Windows\System32\IMM32.DLL
0x00007ffd66c70000 - 0x00007ffd66c7c000 	c:\Users\91939\.vscode\extensions\redhat.java-1.28.1-win32-x64\jre\17.0.10-win32-x86_64\bin\vcruntime140_1.dll
0x00007ffd45b60000 - 0x00007ffd45bed000 	c:\Users\91939\.vscode\extensions\redhat.java-1.28.1-win32-x64\jre\17.0.10-win32-x86_64\bin\msvcp140.dll
0x00007ffd23990000 - 0x00007ffd245f2000 	c:\Users\91939\.vscode\extensions\redhat.java-1.28.1-win32-x64\jre\17.0.10-win32-x86_64\bin\server\jvm.dll
0x00007ffd837e0000 - 0x00007ffd8388e000 	C:\Windows\System32\ADVAPI32.dll
0x00007ffd827b0000 - 0x00007ffd8284c000 	C:\Windows\System32\sechost.dll
0x00007ffd82990000 - 0x00007ffd82ab6000 	C:\Windows\System32\RPCRT4.dll
0x00007ffd80f70000 - 0x00007ffd80fbb000 	C:\Windows\SYSTEM32\POWRPROF.dll
0x00007ffd61af0000 - 0x00007ffd61af9000 	C:\Windows\SYSTEM32\WSOCK32.dll
0x00007ffd833e0000 - 0x00007ffd8344b000 	C:\Windows\System32\WS2_32.dll
0x00007ffd67990000 - 0x00007ffd679b7000 	C:\Windows\SYSTEM32\WINMM.dll
0x00007ffd78850000 - 0x00007ffd7885a000 	C:\Windows\SYSTEM32\VERSION.dll
0x00007ffd80e30000 - 0x00007ffd80e42000 	C:\Windows\SYSTEM32\UMPDC.dll
0x00007ffd7fe00000 - 0x00007ffd7fe12000 	C:\Windows\SYSTEM32\kernel.appcore.dll
0x00007ffd66c40000 - 0x00007ffd66c4a000 	c:\Users\91939\.vscode\extensions\redhat.java-1.28.1-win32-x64\jre\17.0.10-win32-x86_64\bin\jimage.dll
0x00007ffd7f9e0000 - 0x00007ffd7fbc4000 	C:\Windows\SYSTEM32\DBGHELP.DLL
0x00007ffd64010000 - 0x00007ffd64044000 	C:\Windows\SYSTEM32\dbgcore.DLL
0x00007ffd818e0000 - 0x00007ffd81962000 	C:\Windows\System32\bcryptPrimitives.dll
0x00007ffd66a60000 - 0x00007ffd66a6e000 	c:\Users\91939\.vscode\extensions\redhat.java-1.28.1-win32-x64\jre\17.0.10-win32-x86_64\bin\instrument.dll
0x00007ffd5e350000 - 0x00007ffd5e375000 	c:\Users\91939\.vscode\extensions\redhat.java-1.28.1-win32-x64\jre\17.0.10-win32-x86_64\bin\java.dll
0x00007ffd60900000 - 0x00007ffd60918000 	c:\Users\91939\.vscode\extensions\redhat.java-1.28.1-win32-x64\jre\17.0.10-win32-x86_64\bin\zip.dll
0x00007ffd81fb0000 - 0x00007ffd826f4000 	C:\Windows\System32\SHELL32.dll
0x00007ffd7f180000 - 0x00007ffd7f91b000 	C:\Windows\SYSTEM32\windows.storage.dll
0x00007ffd82c10000 - 0x00007ffd82f64000 	C:\Windows\System32\combase.dll
0x00007ffd81070000 - 0x00007ffd8109d000 	C:\Windows\SYSTEM32\Wldp.dll
0x00007ffd83010000 - 0x00007ffd830bd000 	C:\Windows\System32\SHCORE.dll
0x00007ffd83630000 - 0x00007ffd83685000 	C:\Windows\System32\shlwapi.dll
0x00007ffd81560000 - 0x00007ffd81585000 	C:\Windows\SYSTEM32\profapi.dll
0x00007ffd60030000 - 0x00007ffd60049000 	C:\Users\91939\.vscode\extensions\redhat.java-1.28.1-win32-x64\jre\17.0.10-win32-x86_64\bin\net.dll
0x00007ffd788f0000 - 0x00007ffd789fa000 	C:\Windows\SYSTEM32\WINHTTP.dll
0x00007ffd80d60000 - 0x00007ffd80dca000 	C:\Windows\system32\mswsock.dll
0x00007ffd5e4e0000 - 0x00007ffd5e4f6000 	C:\Users\91939\.vscode\extensions\redhat.java-1.28.1-win32-x64\jre\17.0.10-win32-x86_64\bin\nio.dll
0x00007ffd63a00000 - 0x00007ffd63a10000 	c:\Users\91939\.vscode\extensions\redhat.java-1.28.1-win32-x64\jre\17.0.10-win32-x86_64\bin\verify.dll
0x00007ffd5b750000 - 0x00007ffd5b78e000 	C:\Users\91939\AppData\Roaming\Code\User\globalStorage\redhat.java\1.28.1\config_win\org.eclipse.equinox.launcher\org.eclipse.equinox.launcher.win32.win32.x86_64_1.2.900.v20240129-1338\eclipse_11900.dll
0x00007ffd82ac0000 - 0x00007ffd82beb000 	C:\Windows\System32\ole32.dll

dbghelp: loaded successfully - version: 4.0.5 - missing functions: none
symbol engine: initialized successfully - sym options: 0x614 - pdb path: .;c:\Users\91939\.vscode\extensions\redhat.java-1.28.1-win32-x64\jre\17.0.10-win32-x86_64\bin;C:\Windows\SYSTEM32;C:\Windows\WinSxS\amd64_microsoft.windows.common-controls_6595b64144ccf1df_6.0.19041.3570_none_60bb2a3971f3e41a;c:\Users\91939\.vscode\extensions\redhat.java-1.28.1-win32-x64\jre\17.0.10-win32-x86_64\bin\server;C:\Users\91939\AppData\Roaming\Code\User\globalStorage\redhat.java\1.28.1\config_win\org.eclipse.equinox.launcher\org.eclipse.equinox.launcher.win32.win32.x86_64_1.2.900.v20240129-1338

VM Arguments:
jvm_args: --add-modules=ALL-SYSTEM --add-opens=java.base/java.util=ALL-UNNAMED --add-opens=java.base/java.lang=ALL-UNNAMED --add-opens=java.base/sun.nio.fs=ALL-UNNAMED -Declipse.application=org.eclipse.jdt.ls.core.id1 -Dosgi.bundles.defaultStartLevel=4 -Declipse.product=org.eclipse.jdt.ls.core.product -Djava.import.generatesMetadataFilesAtProjectRoot=false -DDetectVMInstallationsJob.disabled=true -Dfile.encoding=utf8 -XX:+UseParallelGC -XX:GCTimeRatio=4 -XX:AdaptiveSizePolicyWeight=90 -Dsun.zip.disableMemoryMapping=true -Xmx1G -Xms100m -Xlog:disable -javaagent:c:\Users\91939\.vscode\extensions\redhat.java-1.28.1-win32-x64\lombok\lombok-1.18.31.jar -XX:+HeapDumpOnOutOfMemoryError -XX:HeapDumpPath=c:\Users\91939\AppData\Roaming\Code\User\workspaceStorage\3073c713fef8f9f292d9ac8183e18078\redhat.java -Daether.dependencyCollector.impl=bf 
java_command: c:\Users\91939\.vscode\extensions\redhat.java-1.28.1-win32-x64\server\plugins\org.eclipse.equinox.launcher_1.6.700.v20231214-2017.jar -configuration c:\Users\91939\AppData\Roaming\Code\User\globalStorage\redhat.java\1.28.1\config_win -data c:\Users\91939\AppData\Roaming\Code\User\workspaceStorage\3073c713fef8f9f292d9ac8183e18078\redhat.java\jdt_ws --stdio
java_class_path (initial): c:\Users\91939\.vscode\extensions\redhat.java-1.28.1-win32-x64\server\plugins\org.eclipse.equinox.launcher_1.6.700.v20231214-2017.jar
Launcher Type: SUN_STANDARD

[Global flags]
    uintx AdaptiveSizePolicyWeight                 = 90                                        {product} {command line}
     intx CICompilerCount                          = 3                                         {product} {ergonomic}
    uintx GCTimeRatio                              = 4                                         {product} {command line}
     bool HeapDumpOnOutOfMemoryError               = true                                   {manageable} {command line}
    ccstr HeapDumpPath                             = c:\Users\91939\AppData\Roaming\Code\User\workspaceStorage\3073c713fef8f9f292d9ac8183e18078\redhat.java         {manageable} {command line}
   size_t InitialHeapSize                          = 104857600                                 {product} {command line}
   size_t MaxHeapSize                              = 1073741824                                {product} {command line}
   size_t MaxNewSize                               = 357564416                                 {product} {ergonomic}
   size_t MinHeapDeltaBytes                        = 524288                                    {product} {ergonomic}
   size_t MinHeapSize                              = 104857600                                 {product} {command line}
   size_t NewSize                                  = 34603008                                  {product} {ergonomic}
    uintx NonNMethodCodeHeapSize                   = 5832780                                {pd product} {ergonomic}
    uintx NonProfiledCodeHeapSize                  = 122912730                              {pd product} {ergonomic}
   size_t OldSize                                  = 70254592                                  {product} {ergonomic}
    uintx ProfiledCodeHeapSize                     = 122912730                              {pd product} {ergonomic}
    uintx ReservedCodeCacheSize                    = 251658240                              {pd product} {ergonomic}
     bool SegmentedCodeCache                       = true                                      {product} {ergonomic}
   size_t SoftMaxHeapSize                          = 1073741824                             {manageable} {ergonomic}
     bool UseCompressedClassPointers               = true                           {product lp64_product} {ergonomic}
     bool UseCompressedOops                        = true                           {product lp64_product} {ergonomic}
     bool UseLargePagesIndividualAllocation        = false                                  {pd product} {ergonomic}
     bool UseParallelGC                            = true                                      {product} {command line}

Logging:
Log output configuration:
 #0: stdout all=off uptime,level,tags
 #1: stderr all=off uptime,level,tags

Environment Variables:
JAVA_HOME=C:\Program Files\Java\jdk-17.0.1
PATH=C:\Program Files\Common Files\Oracle\Java\javapath;C:\Program Files (x86)\Common Files\Intel\Shared Libraries\redist\intel64\compiler;C:\Windows\system32;C:\Windows;C:\Windows\System32\Wbem;C:\Windows\System32\WindowsPowerShell\v1.0\;C:\Windows\System32\OpenSSH\;C:\MinGW\bin;C:\Program Files\Git\cmd;C:\Program Files\Docker\Docker\resources\bin;C:\ProgramData\DockerDesktop\version-bin;C:\Users\91939\AppData\Local\Android\Sdk\platform-tools;C:\ProgramData\chocolatey\bin;C:\Program Files\nodejs\;C:\Users\91939\AppData\Local\Android\Sdk;%PNPM_HOME%;C:\Users\91939\AppData\Local\Programs\Python\Python310\Scripts\;C:\Users\91939\AppData\Local\Programs\Python\Python310\;C:\Users\91939\AppData\Local\Microsoft\WindowsApps;C:\Program Files\JetBrains\IntelliJ IDEA Community Edition 2021.2.3\bin;;C:\Users\91939\AppData\Local\GitHubDesktop\bin;C:\Users\91939\Dropbox\My PC (LAPTOP-JH16H4DN)\Downloads\Setup\apache-maven-3.8.6\bin;C:\flutter\bin;C:\Users\91939\AppData\Local\Programs\Microsoft VS Code\bin;C:\Users\91939\AppData\Roaming\npm;C:\Users\91939\AppData\Local\Android\Sdk;C:\Users\91939\AppData\Local\Android\Sdk\platform-tools;C:\Users\91939\AppData\Local\Android\Sdk\emulator;C:\Users\91939\AppData\Local\Android\Sdk\tools;C:\Users\91939\AppData\Local\Android\Sdk\tools\bin;C:\Program Files (x86)\MongoDB\Server\6.0\bin;C:\Program Files (x86)\MongoDB\Server\6.0\bin;C:\Program Files\MongoDB\Server\6.0\bin;
USERNAME=91939
OS=Windows_NT
PROCESSOR_IDENTIFIER=Intel64 Family 6 Model 140 Stepping 1, GenuineIntel
TMP=C:\Users\91939\AppData\Local\Temp
TEMP=C:\Users\91939\AppData\Local\Temp



Periodic native trim disabled


---------------  S Y S T E M  ---------------

OS:
 Windows 10 , 64 bit Build 19041 (10.0.19041.3570)
OS uptime: 18 days 14:00 hours
Hyper-V role detected

CPU: total 4 (initial active 4) (2 cores per cpu, 2 threads per core) family 6 model 140 stepping 1 microcode 0x86, cx8, cmov, fxsr, ht, mmx, 3dnowpref, sse, sse2, sse3, ssse3, sse4.1, sse4.2, popcnt, lzcnt, tsc, tscinvbit, avx, avx2, aes, erms, clmul, bmi1, bmi2, adx, avx512f, avx512dq, avx512cd, avx512bw, avx512vl, sha, fma, vzeroupper, avx512_vpopcntdq, avx512_vpclmulqdq, avx512_vaes, avx512_vnni, clflush, clflushopt, clwb, avx512_vbmi2, avx512_vbmi, hv
Processor Information for all 4 processors :
  Max Mhz: 2995, Current Mhz: 2995, Mhz Limit: 2995

Memory: 4k page, system-wide physical 7886M (350M free)
TotalPageFile size 19886M (AvailPageFile size 0M)
current process WorkingSet (physical memory assigned to process): 140M, peak: 140M
current process commit charge ("private bytes"): 231M, peak: 232M

vm_info: OpenJDK 64-Bit Server VM (17.0.10+7) for windows-amd64 JRE (17.0.10+7), built on Jan 16 2024 23:25:11 by "admin" with MS VC++ 16.10 / 16.11 (VS2019)

END.
