#
# There is insufficient memory for the Java Runtime Environment to continue.
# Native memory allocation (malloc) failed to allocate 1738736 bytes for Chunk::new
# Possible reasons:
#   The system is out of physical RAM or swap space
#   The process is running with CompressedOops enabled, and the Java Heap may be blocking the growth of the native heap
# Possible solutions:
#   Reduce memory load on the system
#   Increase physical memory or swap space
#   Check if swap backing store is full
#   Decrease Java heap size (-Xmx/-Xms)
#   Decrease number of Java threads
#   Decrease Java thread stack sizes (-Xss)
#   Set larger code cache with -XX:ReservedCodeCacheSize=
#   JVM is running with Unscaled Compressed Oops mode in which the Java heap is
#     placed in the first 4GB address space. The Java Heap base address is the
#     maximum limit for the native heap growth. Please use -XX:HeapBaseMinAddress
#     to set the Java Heap base and to place the Java Heap above 4GB virtual address.
# This output file may be truncated or incomplete.
#
#  Out of Memory Error (arena.cpp:189), pid=15688, tid=20476
#
# JRE version: Java(TM) SE Runtime Environment (17.0.12+8) (build 17.0.12+8-LTS-286)
# Java VM: Java HotSpot(TM) 64-Bit Server VM (17.0.12+8-LTS-286, mixed mode, sharing, tiered, compressed oops, compressed class ptrs, g1 gc, windows-amd64)
# No core dump will be written. Minidumps are not enabled by default on client versions of Windows
#

---------------  S U M M A R Y ------------

Command Line: org.jetbrains.kotlin.cli.jvm.K2JVMCompiler @C:\Users\91939\Desktop\apps\HighBro\node_modules\react-native-gesture-handler\android\build\20250114_70482021362198656.compiler.options

Host: 11th Gen Intel(R) Core(TM) i3-1115G4 @ 3.00GHz, 4 cores, 7G,  Windows 10 , 64 bit Build 19041 (10.0.19041.5198)
Time: Tue Jan 14 23:34:16 2025 India Standard Time elapsed time: 65.403647 seconds (0d 0h 1m 5s)

---------------  T H R E A D  ---------------

Current thread (0x000002a4ff636a50):  JavaThread "C2 CompilerThread0" daemon [_thread_in_native, id=20476, stack(0x000000bdf1100000,0x000000bdf1200000)]


Current CompileTask:
C2:  65403 17674       4       org.jetbrains.kotlin.ir.interpreter.checker.EvaluationMode::isMarkedWith (85 bytes)

Stack: [0x000000bdf1100000,0x000000bdf1200000]
Native frames: (J=compiled Java code, j=interpreted, Vv=VM code, C=native code)
V  [jvm.dll+0x67a04a]
V  [jvm.dll+0x7da4ed]
V  [jvm.dll+0x7dbe33]
V  [jvm.dll+0x7dc4a3]
V  [jvm.dll+0x24508f]
V  [jvm.dll+0xab773]
V  [jvm.dll+0xabd3c]
V  [jvm.dll+0x361b9f]
V  [jvm.dll+0x32c431]
V  [jvm.dll+0x32b8ca]
V  [jvm.dll+0x21683f]
V  [jvm.dll+0x215c6f]
V  [jvm.dll+0x1a2960]
V  [jvm.dll+0x22610b]
V  [jvm.dll+0x2242ab]
V  [jvm.dll+0x79075c]
V  [jvm.dll+0x78abea]
V  [jvm.dll+0x678f35]
C  [ucrtbase.dll+0x21bb2]
C  [KERNEL32.DLL+0x17374]
C  [ntdll.dll+0x4cc91]


---------------  P R O C E S S  ---------------

Threads class SMR info:
_java_thread_list=0x000002a4ca9ff500, length=12, elements={
0x000002a4e1e8dfa0, 0x000002a4ff61abe0, 0x000002a4ff61b5a0, 0x000002a4ff632010,
0x000002a4ff6329d0, 0x000002a4ff6353a0, 0x000002a4ff635d60, 0x000002a4ff636a50,
0x000002a4ff69d730, 0x000002a4ff6a84e0, 0x000002a4ff875040, 0x000002a4ff876180
}

Java Threads: ( => current thread )
  0x000002a4e1e8dfa0 JavaThread "main" [_thread_in_Java, id=4788, stack(0x000000bdf0300000,0x000000bdf0400000)]
  0x000002a4ff61abe0 JavaThread "Reference Handler" daemon [_thread_blocked, id=13936, stack(0x000000bdf0b00000,0x000000bdf0c00000)]
  0x000002a4ff61b5a0 JavaThread "Finalizer" daemon [_thread_blocked, id=1868, stack(0x000000bdf0c00000,0x000000bdf0d00000)]
  0x000002a4ff632010 JavaThread "Signal Dispatcher" daemon [_thread_blocked, id=18664, stack(0x000000bdf0d00000,0x000000bdf0e00000)]
  0x000002a4ff6329d0 JavaThread "Attach Listener" daemon [_thread_blocked, id=18180, stack(0x000000bdf0e00000,0x000000bdf0f00000)]
  0x000002a4ff6353a0 JavaThread "Service Thread" daemon [_thread_blocked, id=7520, stack(0x000000bdf0f00000,0x000000bdf1000000)]
  0x000002a4ff635d60 JavaThread "Monitor Deflation Thread" daemon [_thread_blocked, id=19100, stack(0x000000bdf1000000,0x000000bdf1100000)]
=>0x000002a4ff636a50 JavaThread "C2 CompilerThread0" daemon [_thread_in_native, id=20476, stack(0x000000bdf1100000,0x000000bdf1200000)]
  0x000002a4ff69d730 JavaThread "C1 CompilerThread0" daemon [_thread_in_native, id=13336, stack(0x000000bdf1200000,0x000000bdf1300000)]
  0x000002a4ff6a84e0 JavaThread "Sweeper thread" daemon [_thread_blocked, id=7912, stack(0x000000bdf1300000,0x000000bdf1400000)]
  0x000002a4ff875040 JavaThread "Notification Thread" daemon [_thread_blocked, id=20348, stack(0x000000bdf1400000,0x000000bdf1500000)]
  0x000002a4ff876180 JavaThread "Common-Cleaner" daemon [_thread_blocked, id=19548, stack(0x000000bdf1600000,0x000000bdf1700000)]

Other Threads:
  0x000002a4ff614dd0 VMThread "VM Thread" [stack: 0x000000bdf0a00000,0x000000bdf0b00000] [id=9572]
  0x000002a4ff875d40 WatcherThread [stack: 0x000000bdf1500000,0x000000bdf1600000] [id=15240]
  0x000002a4e3fe77e0 GCTaskThread "GC Thread#0" [stack: 0x000000bdf0500000,0x000000bdf0600000] [id=10216]
  0x000002a4ffa20fa0 GCTaskThread "GC Thread#1" [stack: 0x000000bdf1700000,0x000000bdf1800000] [id=9220]
  0x000002a4c702b740 GCTaskThread "GC Thread#2" [stack: 0x000000bdf1800000,0x000000bdf1900000] [id=8312]
  0x000002a4c702ba00 GCTaskThread "GC Thread#3" [stack: 0x000000bdf1900000,0x000000bdf1a00000] [id=3156]
  0x000002a4e3ff7db0 ConcurrentGCThread "G1 Main Marker" [stack: 0x000000bdf0600000,0x000000bdf0700000] [id=17024]
  0x000002a4e3ff87c0 ConcurrentGCThread "G1 Conc#0" [stack: 0x000000bdf0700000,0x000000bdf0800000] [id=17912]
  0x000002a4e405ce80 ConcurrentGCThread "G1 Refine#0" [stack: 0x000000bdf0800000,0x000000bdf0900000] [id=16888]
  0x000002a4c90cdeb0 ConcurrentGCThread "G1 Refine#1" [stack: 0x000000bdf1b00000,0x000000bdf1c00000] [id=19568]
  0x000002a4c7e28260 ConcurrentGCThread "G1 Refine#2" [stack: 0x000000bdf0200000,0x000000bdf0300000] [id=17512]
  0x000002a4e405d8b0 ConcurrentGCThread "G1 Service" [stack: 0x000000bdf0900000,0x000000bdf0a00000] [id=16448]

Threads with active compile tasks:
C2 CompilerThread0    65447 17674       4       org.jetbrains.kotlin.ir.interpreter.checker.EvaluationMode::isMarkedWith (85 bytes)
C1 CompilerThread0    65447 17767       3       org.jetbrains.kotlin.ir.interpreter.IrInterpreter::interpretConst (116 bytes)

VM state: not at safepoint (normal execution)

VM Mutex/Monitor currently owned by a thread: None

Heap address: 0x0000000084c00000, size: 1972 MB, Compressed Oops mode: 32-bit

CDS archive(s) mapped at: [0x000002a482000000-0x000002a482bd0000-0x000002a482bd0000), size 12386304, SharedBaseAddress: 0x000002a482000000, ArchiveRelocationMode: 1.
Compressed class space mapped at: 0x000002a483000000-0x000002a4c3000000, reserved size: 1073741824
Narrow klass base: 0x000002a482000000, Narrow klass shift: 0, Narrow klass range: 0x100000000

GC Precious Log:
 CPUs: 4 total, 4 available
 Memory: 7886M
 Large Page Support: Disabled
 NUMA Support: Disabled
 Compressed Oops: Enabled (32-bit)
 Heap Region Size: 1M
 Heap Min Capacity: 8M
 Heap Initial Capacity: 124M
 Heap Max Capacity: 1972M
 Pre-touch: Disabled
 Parallel Workers: 4
 Concurrent Workers: 1
 Concurrent Refinement Workers: 4
 Periodic GC: Disabled

Heap:
 garbage-first heap   total 225280K, used 112294K [0x0000000084c00000, 0x0000000100000000)
  region size 1024K, 19 young (19456K), 12 survivors (12288K)
 Metaspace       used 73340K, committed 73728K, reserved 1179648K
  class space    used 8001K, committed 8192K, reserved 1048576K

Heap Regions: E=young(eden), S=young(survivor), O=old, HS=humongous(starts), HC=humongous(continues), CS=collection set, F=free, OA=open archive, CA=closed archive, TAMS=top-at-mark-start (previous, next)
|   0|0x0000000084c00000, 0x0000000084d00000, 0x0000000084d00000|100%|HS|  |TAMS 0x0000000084d00000, 0x0000000084c00000| Complete 
|   1|0x0000000084d00000, 0x0000000084e00000, 0x0000000084e00000|100%|HC|  |TAMS 0x0000000084e00000, 0x0000000084d00000| Complete 
|   2|0x0000000084e00000, 0x0000000084f00000, 0x0000000084f00000|100%|HC|  |TAMS 0x0000000084f00000, 0x0000000084e00000| Complete 
|   3|0x0000000084f00000, 0x0000000085000000, 0x0000000085000000|100%|HC|  |TAMS 0x0000000085000000, 0x0000000084f00000| Complete 
|   4|0x0000000085000000, 0x0000000085100000, 0x0000000085100000|100%| O|  |TAMS 0x0000000085100000, 0x0000000085000000| Untracked 
|   5|0x0000000085100000, 0x0000000085200000, 0x0000000085200000|100%| O|  |TAMS 0x0000000085200000, 0x0000000085100000| Untracked 
|   6|0x0000000085200000, 0x0000000085300000, 0x0000000085300000|100%| O|  |TAMS 0x0000000085300000, 0x0000000085200000| Untracked 
|   7|0x0000000085300000, 0x0000000085400000, 0x0000000085400000|100%|HS|  |TAMS 0x0000000085400000, 0x0000000085300000| Complete 
|   8|0x0000000085400000, 0x0000000085500000, 0x0000000085500000|100%|HC|  |TAMS 0x0000000085500000, 0x0000000085400000| Complete 
|   9|0x0000000085500000, 0x0000000085600000, 0x0000000085600000|100%|HC|  |TAMS 0x0000000085600000, 0x0000000085500000| Complete 
|  10|0x0000000085600000, 0x0000000085700000, 0x0000000085700000|100%|HC|  |TAMS 0x0000000085700000, 0x0000000085600000| Complete 
|  11|0x0000000085700000, 0x0000000085800000, 0x0000000085800000|100%| O|  |TAMS 0x0000000085800000, 0x0000000085700000| Untracked 
|  12|0x0000000085800000, 0x0000000085900000, 0x0000000085900000|100%| O|  |TAMS 0x0000000085900000, 0x0000000085800000| Untracked 
|  13|0x0000000085900000, 0x0000000085a00000, 0x0000000085a00000|100%| O|  |TAMS 0x0000000085a00000, 0x0000000085900000| Untracked 
|  14|0x0000000085a00000, 0x0000000085b00000, 0x0000000085b00000|100%| O|  |TAMS 0x0000000085b00000, 0x0000000085a00000| Untracked 
|  15|0x0000000085b00000, 0x0000000085c00000, 0x0000000085c00000|100%| O|  |TAMS 0x0000000085c00000, 0x0000000085b00000| Untracked 
|  16|0x0000000085c00000, 0x0000000085d00000, 0x0000000085d00000|100%| O|  |TAMS 0x0000000085d00000, 0x0000000085c00000| Untracked 
|  17|0x0000000085d00000, 0x0000000085e00000, 0x0000000085e00000|100%| O|  |TAMS 0x0000000085e00000, 0x0000000085d00000| Untracked 
|  18|0x0000000085e00000, 0x0000000085f00000, 0x0000000085f00000|100%| O|  |TAMS 0x0000000085f00000, 0x0000000085e00000| Untracked 
|  19|0x0000000085f00000, 0x0000000086000000, 0x0000000086000000|100%| O|  |TAMS 0x0000000086000000, 0x0000000085f00000| Untracked 
|  20|0x0000000086000000, 0x0000000086100000, 0x0000000086100000|100%| O|  |TAMS 0x0000000086100000, 0x0000000086000000| Untracked 
|  21|0x0000000086100000, 0x0000000086200000, 0x0000000086200000|100%| O|  |TAMS 0x0000000086200000, 0x0000000086100000| Untracked 
|  22|0x0000000086200000, 0x0000000086300000, 0x0000000086300000|100%| O|  |TAMS 0x0000000086300000, 0x0000000086200000| Untracked 
|  23|0x0000000086300000, 0x0000000086400000, 0x0000000086400000|100%|HS|  |TAMS 0x0000000086400000, 0x0000000086300000| Complete 
|  24|0x0000000086400000, 0x0000000086500000, 0x0000000086500000|100%|HC|  |TAMS 0x0000000086500000, 0x0000000086400000| Complete 
|  25|0x0000000086500000, 0x0000000086600000, 0x0000000086600000|100%| O|  |TAMS 0x0000000086600000, 0x0000000086500000| Untracked 
|  26|0x0000000086600000, 0x0000000086700000, 0x0000000086700000|100%| O|  |TAMS 0x0000000086700000, 0x0000000086600000| Untracked 
|  27|0x0000000086700000, 0x0000000086800000, 0x0000000086800000|100%| O|  |TAMS 0x0000000086800000, 0x0000000086700000| Untracked 
|  28|0x0000000086800000, 0x0000000086900000, 0x0000000086900000|100%| O|  |TAMS 0x0000000086900000, 0x0000000086800000| Untracked 
|  29|0x0000000086900000, 0x0000000086a00000, 0x0000000086a00000|100%| O|  |TAMS 0x0000000086a00000, 0x0000000086900000| Untracked 
|  30|0x0000000086a00000, 0x0000000086b00000, 0x0000000086b00000|100%| O|  |TAMS 0x0000000086b00000, 0x0000000086a00000| Untracked 
|  31|0x0000000086b00000, 0x0000000086c00000, 0x0000000086c00000|100%| O|  |TAMS 0x0000000086c00000, 0x0000000086b00000| Untracked 
|  32|0x0000000086c00000, 0x0000000086d00000, 0x0000000086d00000|100%| O|  |TAMS 0x0000000086d00000, 0x0000000086c00000| Untracked 
|  33|0x0000000086d00000, 0x0000000086e00000, 0x0000000086e00000|100%| O|  |TAMS 0x0000000086e00000, 0x0000000086d00000| Untracked 
|  34|0x0000000086e00000, 0x0000000086f00000, 0x0000000086f00000|100%| O|  |TAMS 0x0000000086f00000, 0x0000000086e00000| Untracked 
|  35|0x0000000086f00000, 0x0000000087000000, 0x0000000087000000|100%| O|  |TAMS 0x0000000087000000, 0x0000000086f00000| Untracked 
|  36|0x0000000087000000, 0x0000000087100000, 0x0000000087100000|100%| O|  |TAMS 0x0000000087100000, 0x0000000087000000| Untracked 
|  37|0x0000000087100000, 0x0000000087200000, 0x0000000087200000|100%| O|  |TAMS 0x0000000087200000, 0x0000000087100000| Untracked 
|  38|0x0000000087200000, 0x0000000087300000, 0x0000000087300000|100%| O|  |TAMS 0x0000000087300000, 0x0000000087200000| Untracked 
|  39|0x0000000087300000, 0x0000000087400000, 0x0000000087400000|100%| O|  |TAMS 0x0000000087400000, 0x0000000087300000| Untracked 
|  40|0x0000000087400000, 0x0000000087500000, 0x0000000087500000|100%| O|  |TAMS 0x0000000087500000, 0x0000000087400000| Untracked 
|  41|0x0000000087500000, 0x0000000087600000, 0x0000000087600000|100%| O|  |TAMS 0x0000000087600000, 0x0000000087500000| Untracked 
|  42|0x0000000087600000, 0x0000000087700000, 0x0000000087700000|100%| O|  |TAMS 0x0000000087700000, 0x0000000087600000| Untracked 
|  43|0x0000000087700000, 0x0000000087800000, 0x0000000087800000|100%| O|  |TAMS 0x0000000087800000, 0x0000000087700000| Untracked 
|  44|0x0000000087800000, 0x0000000087900000, 0x0000000087900000|100%| O|  |TAMS 0x0000000087900000, 0x0000000087800000| Untracked 
|  45|0x0000000087900000, 0x0000000087a00000, 0x0000000087a00000|100%| O|  |TAMS 0x0000000087a00000, 0x0000000087900000| Untracked 
|  46|0x0000000087a00000, 0x0000000087b00000, 0x0000000087b00000|100%| O|  |TAMS 0x0000000087b00000, 0x0000000087a00000| Untracked 
|  47|0x0000000087b00000, 0x0000000087c00000, 0x0000000087c00000|100%| O|  |TAMS 0x0000000087c00000, 0x0000000087b00000| Untracked 
|  48|0x0000000087c00000, 0x0000000087d00000, 0x0000000087d00000|100%| O|  |TAMS 0x0000000087d00000, 0x0000000087c00000| Untracked 
|  49|0x0000000087d00000, 0x0000000087e00000, 0x0000000087e00000|100%| O|  |TAMS 0x0000000087e00000, 0x0000000087d00000| Untracked 
|  50|0x0000000087e00000, 0x0000000087f00000, 0x0000000087f00000|100%| O|  |TAMS 0x0000000087f00000, 0x0000000087e00000| Untracked 
|  51|0x0000000087f00000, 0x0000000088000000, 0x0000000088000000|100%| O|  |TAMS 0x0000000088000000, 0x0000000087f00000| Untracked 
|  52|0x0000000088000000, 0x0000000088100000, 0x0000000088100000|100%| O|  |TAMS 0x0000000088100000, 0x0000000088000000| Untracked 
|  53|0x0000000088100000, 0x0000000088200000, 0x0000000088200000|100%| O|  |TAMS 0x0000000088100000, 0x0000000088100000| Untracked 
|  54|0x0000000088200000, 0x0000000088300000, 0x0000000088300000|100%| O|  |TAMS 0x0000000088300000, 0x0000000088200000| Untracked 
|  55|0x0000000088300000, 0x0000000088400000, 0x0000000088400000|100%| O|  |TAMS 0x0000000088400000, 0x0000000088300000| Untracked 
|  56|0x0000000088400000, 0x0000000088500000, 0x0000000088500000|100%| O|  |TAMS 0x0000000088500000, 0x0000000088400000| Untracked 
|  57|0x0000000088500000, 0x0000000088600000, 0x0000000088600000|100%| O|  |TAMS 0x0000000088600000, 0x0000000088500000| Untracked 
|  58|0x0000000088600000, 0x0000000088700000, 0x0000000088700000|100%| O|  |TAMS 0x0000000088700000, 0x0000000088600000| Untracked 
|  59|0x0000000088700000, 0x0000000088800000, 0x0000000088800000|100%| O|  |TAMS 0x0000000088800000, 0x0000000088700000| Untracked 
|  60|0x0000000088800000, 0x0000000088900000, 0x0000000088900000|100%| O|  |TAMS 0x0000000088900000, 0x0000000088800000| Untracked 
|  61|0x0000000088900000, 0x0000000088a00000, 0x0000000088a00000|100%| O|  |TAMS 0x0000000088900000, 0x0000000088900000| Untracked 
|  62|0x0000000088a00000, 0x0000000088b00000, 0x0000000088b00000|100%| O|  |TAMS 0x0000000088b00000, 0x0000000088a00000| Untracked 
|  63|0x0000000088b00000, 0x0000000088c00000, 0x0000000088c00000|100%| O|  |TAMS 0x0000000088c00000, 0x0000000088b00000| Untracked 
|  64|0x0000000088c00000, 0x0000000088d00000, 0x0000000088d00000|100%| O|  |TAMS 0x0000000088d00000, 0x0000000088c00000| Untracked 
|  65|0x0000000088d00000, 0x0000000088e00000, 0x0000000088e00000|100%| O|  |TAMS 0x0000000088da3000, 0x0000000088d00000| Untracked 
|  66|0x0000000088e00000, 0x0000000088f00000, 0x0000000088f00000|100%|HS|  |TAMS 0x0000000088f00000, 0x0000000088e00000| Complete 
|  67|0x0000000088f00000, 0x0000000089000000, 0x0000000089000000|100%|HC|  |TAMS 0x0000000089000000, 0x0000000088f00000| Complete 
|  68|0x0000000089000000, 0x0000000089100000, 0x0000000089100000|100%| O|  |TAMS 0x0000000089000000, 0x0000000089000000| Untracked 
|  69|0x0000000089100000, 0x0000000089200000, 0x0000000089200000|100%| O|  |TAMS 0x0000000089100000, 0x0000000089100000| Untracked 
|  70|0x0000000089200000, 0x0000000089300000, 0x0000000089300000|100%| O|  |TAMS 0x0000000089200000, 0x0000000089200000| Untracked 
|  71|0x0000000089300000, 0x0000000089400000, 0x0000000089400000|100%| O|  |TAMS 0x0000000089300000, 0x0000000089300000| Untracked 
|  72|0x0000000089400000, 0x0000000089500000, 0x0000000089500000|100%| O|  |TAMS 0x0000000089400000, 0x0000000089400000| Untracked 
|  73|0x0000000089500000, 0x00000000895ffff8, 0x0000000089600000| 99%| O|  |TAMS 0x0000000089500000, 0x0000000089500000| Untracked 
|  74|0x0000000089600000, 0x0000000089700000, 0x0000000089700000|100%| O|  |TAMS 0x0000000089600000, 0x0000000089600000| Untracked 
|  75|0x0000000089700000, 0x0000000089800000, 0x0000000089800000|100%| O|  |TAMS 0x0000000089700000, 0x0000000089700000| Untracked 
|  76|0x0000000089800000, 0x0000000089900000, 0x0000000089900000|100%| O|  |TAMS 0x0000000089800000, 0x0000000089800000| Untracked 
|  77|0x0000000089900000, 0x0000000089a00000, 0x0000000089a00000|100%| O|  |TAMS 0x0000000089900000, 0x0000000089900000| Untracked 
|  78|0x0000000089a00000, 0x0000000089b00000, 0x0000000089b00000|100%| O|  |TAMS 0x0000000089a00000, 0x0000000089a00000| Untracked 
|  79|0x0000000089b00000, 0x0000000089c00000, 0x0000000089c00000|100%| O|  |TAMS 0x0000000089b00000, 0x0000000089b00000| Untracked 
|  80|0x0000000089c00000, 0x0000000089d00000, 0x0000000089d00000|100%| O|  |TAMS 0x0000000089c00000, 0x0000000089c00000| Untracked 
|  81|0x0000000089d00000, 0x0000000089e00000, 0x0000000089e00000|100%| O|  |TAMS 0x0000000089d00000, 0x0000000089d00000| Untracked 
|  82|0x0000000089e00000, 0x0000000089f00000, 0x0000000089f00000|100%| O|  |TAMS 0x0000000089e00000, 0x0000000089e00000| Untracked 
|  83|0x0000000089f00000, 0x000000008a000000, 0x000000008a000000|100%| O|  |TAMS 0x0000000089f00000, 0x0000000089f00000| Untracked 
|  84|0x000000008a000000, 0x000000008a100000, 0x000000008a100000|100%| O|  |TAMS 0x000000008a000000, 0x000000008a000000| Untracked 
|  85|0x000000008a100000, 0x000000008a200000, 0x000000008a200000|100%| O|  |TAMS 0x000000008a100000, 0x000000008a100000| Untracked 
|  86|0x000000008a200000, 0x000000008a300000, 0x000000008a300000|100%| O|  |TAMS 0x000000008a200000, 0x000000008a200000| Untracked 
|  87|0x000000008a300000, 0x000000008a400000, 0x000000008a400000|100%| O|  |TAMS 0x000000008a300000, 0x000000008a300000| Untracked 
|  88|0x000000008a400000, 0x000000008a500000, 0x000000008a500000|100%| O|  |TAMS 0x000000008a400000, 0x000000008a400000| Untracked 
|  89|0x000000008a500000, 0x000000008a600000, 0x000000008a600000|100%| O|  |TAMS 0x000000008a500000, 0x000000008a500000| Untracked 
|  90|0x000000008a600000, 0x000000008a700000, 0x000000008a700000|100%| O|  |TAMS 0x000000008a600000, 0x000000008a600000| Untracked 
|  91|0x000000008a700000, 0x000000008a7a9a00, 0x000000008a800000| 66%| O|  |TAMS 0x000000008a700000, 0x000000008a700000| Untracked 
|  92|0x000000008a800000, 0x000000008a800000, 0x000000008a900000|  0%| F|  |TAMS 0x000000008a800000, 0x000000008a800000| Untracked 
|  93|0x000000008a900000, 0x000000008a900000, 0x000000008aa00000|  0%| F|  |TAMS 0x000000008a900000, 0x000000008a900000| Untracked 
|  94|0x000000008aa00000, 0x000000008aa00000, 0x000000008ab00000|  0%| F|  |TAMS 0x000000008aa00000, 0x000000008aa00000| Untracked 
|  95|0x000000008ab00000, 0x000000008ab00000, 0x000000008ac00000|  0%| F|  |TAMS 0x000000008ab00000, 0x000000008ab00000| Untracked 
|  96|0x000000008ac00000, 0x000000008ac00000, 0x000000008ad00000|  0%| F|  |TAMS 0x000000008ac00000, 0x000000008ac00000| Untracked 
|  97|0x000000008ad00000, 0x000000008ad00000, 0x000000008ae00000|  0%| F|  |TAMS 0x000000008ad00000, 0x000000008ad00000| Untracked 
|  98|0x000000008ae00000, 0x000000008ae00000, 0x000000008af00000|  0%| F|  |TAMS 0x000000008ae00000, 0x000000008ae00000| Untracked 
|  99|0x000000008af00000, 0x000000008af00000, 0x000000008b000000|  0%| F|  |TAMS 0x000000008af00000, 0x000000008af00000| Untracked 
| 100|0x000000008b000000, 0x000000008b000000, 0x000000008b100000|  0%| F|  |TAMS 0x000000008b000000, 0x000000008b000000| Untracked 
| 101|0x000000008b100000, 0x000000008b100000, 0x000000008b200000|  0%| F|  |TAMS 0x000000008b100000, 0x000000008b100000| Untracked 
| 102|0x000000008b200000, 0x000000008b200000, 0x000000008b300000|  0%| F|  |TAMS 0x000000008b200000, 0x000000008b200000| Untracked 
| 103|0x000000008b300000, 0x000000008b300000, 0x000000008b400000|  0%| F|  |TAMS 0x000000008b300000, 0x000000008b300000| Untracked 
| 104|0x000000008b400000, 0x000000008b400000, 0x000000008b500000|  0%| F|  |TAMS 0x000000008b400000, 0x000000008b400000| Untracked 
| 105|0x000000008b500000, 0x000000008b500000, 0x000000008b600000|  0%| F|  |TAMS 0x000000008b500000, 0x000000008b500000| Untracked 
| 106|0x000000008b600000, 0x000000008b600000, 0x000000008b700000|  0%| F|  |TAMS 0x000000008b600000, 0x000000008b600000| Untracked 
| 107|0x000000008b700000, 0x000000008b700000, 0x000000008b800000|  0%| F|  |TAMS 0x000000008b700000, 0x000000008b700000| Untracked 
| 108|0x000000008b800000, 0x000000008b800000, 0x000000008b900000|  0%| F|  |TAMS 0x000000008b800000, 0x000000008b800000| Untracked 
| 109|0x000000008b900000, 0x000000008b900000, 0x000000008ba00000|  0%| F|  |TAMS 0x000000008b900000, 0x000000008b900000| Untracked 
| 110|0x000000008ba00000, 0x000000008ba00000, 0x000000008bb00000|  0%| F|  |TAMS 0x000000008ba00000, 0x000000008ba00000| Untracked 
| 111|0x000000008bb00000, 0x000000008bb00000, 0x000000008bc00000|  0%| F|  |TAMS 0x000000008bb00000, 0x000000008bb00000| Untracked 
| 112|0x000000008bc00000, 0x000000008bc00000, 0x000000008bd00000|  0%| F|  |TAMS 0x000000008bc00000, 0x000000008bc00000| Untracked 
| 113|0x000000008bd00000, 0x000000008be00000, 0x000000008be00000|100%| S|CS|TAMS 0x000000008bd00000, 0x000000008bd00000| Complete 
| 114|0x000000008be00000, 0x000000008bf00000, 0x000000008bf00000|100%| S|CS|TAMS 0x000000008be00000, 0x000000008be00000| Complete 
| 115|0x000000008bf00000, 0x000000008bf00000, 0x000000008c000000|  0%| F|  |TAMS 0x000000008bf00000, 0x000000008bf00000| Untracked 
| 116|0x000000008c000000, 0x000000008c000000, 0x000000008c100000|  0%| F|  |TAMS 0x000000008c000000, 0x000000008c000000| Untracked 
| 117|0x000000008c100000, 0x000000008c200000, 0x000000008c200000|100%| S|CS|TAMS 0x000000008c100000, 0x000000008c100000| Complete 
| 118|0x000000008c200000, 0x000000008c300000, 0x000000008c300000|100%| S|CS|TAMS 0x000000008c200000, 0x000000008c200000| Complete 
| 119|0x000000008c300000, 0x000000008c400000, 0x000000008c400000|100%| S|CS|TAMS 0x000000008c300000, 0x000000008c300000| Complete 
| 120|0x000000008c400000, 0x000000008c500000, 0x000000008c500000|100%| S|CS|TAMS 0x000000008c400000, 0x000000008c400000| Complete 
| 121|0x000000008c500000, 0x000000008c600000, 0x000000008c600000|100%| S|CS|TAMS 0x000000008c500000, 0x000000008c500000| Complete 
| 122|0x000000008c600000, 0x000000008c700000, 0x000000008c700000|100%| S|CS|TAMS 0x000000008c600000, 0x000000008c600000| Complete 
| 123|0x000000008c700000, 0x000000008c800000, 0x000000008c800000|100%| S|CS|TAMS 0x000000008c700000, 0x000000008c700000| Complete 
| 124|0x000000008c800000, 0x000000008c900000, 0x000000008c900000|100%| S|CS|TAMS 0x000000008c800000, 0x000000008c800000| Complete 
| 125|0x000000008c900000, 0x000000008ca00000, 0x000000008ca00000|100%| S|CS|TAMS 0x000000008c900000, 0x000000008c900000| Complete 
| 126|0x000000008ca00000, 0x000000008cb00000, 0x000000008cb00000|100%| S|CS|TAMS 0x000000008ca00000, 0x000000008ca00000| Complete 
| 127|0x000000008cb00000, 0x000000008cb00000, 0x000000008cc00000|  0%| F|  |TAMS 0x000000008cb00000, 0x000000008cb00000| Untracked 
| 128|0x000000008cc00000, 0x000000008cc00000, 0x000000008cd00000|  0%| F|  |TAMS 0x000000008cc00000, 0x000000008cc00000| Untracked 
| 129|0x000000008cd00000, 0x000000008cd00000, 0x000000008ce00000|  0%| F|  |TAMS 0x000000008cd00000, 0x000000008cd00000| Untracked 
| 130|0x000000008ce00000, 0x000000008ce00000, 0x000000008cf00000|  0%| F|  |TAMS 0x000000008ce00000, 0x000000008ce00000| Untracked 
| 131|0x000000008cf00000, 0x000000008cf00000, 0x000000008d000000|  0%| F|  |TAMS 0x000000008cf00000, 0x000000008cf00000| Untracked 
| 132|0x000000008d000000, 0x000000008d000000, 0x000000008d100000|  0%| F|  |TAMS 0x000000008d000000, 0x000000008d000000| Untracked 
| 133|0x000000008d100000, 0x000000008d100000, 0x000000008d200000|  0%| F|  |TAMS 0x000000008d100000, 0x000000008d100000| Untracked 
| 134|0x000000008d200000, 0x000000008d200000, 0x000000008d300000|  0%| F|  |TAMS 0x000000008d200000, 0x000000008d200000| Untracked 
| 135|0x000000008d300000, 0x000000008d300000, 0x000000008d400000|  0%| F|  |TAMS 0x000000008d300000, 0x000000008d300000| Untracked 
| 136|0x000000008d400000, 0x000000008d400000, 0x000000008d500000|  0%| F|  |TAMS 0x000000008d400000, 0x000000008d400000| Untracked 
| 137|0x000000008d500000, 0x000000008d500000, 0x000000008d600000|  0%| F|  |TAMS 0x000000008d500000, 0x000000008d500000| Untracked 
| 138|0x000000008d600000, 0x000000008d600000, 0x000000008d700000|  0%| F|  |TAMS 0x000000008d600000, 0x000000008d600000| Untracked 
| 139|0x000000008d700000, 0x000000008d700000, 0x000000008d800000|  0%| F|  |TAMS 0x000000008d700000, 0x000000008d700000| Untracked 
| 140|0x000000008d800000, 0x000000008d800000, 0x000000008d900000|  0%| F|  |TAMS 0x000000008d800000, 0x000000008d800000| Untracked 
| 141|0x000000008d900000, 0x000000008d900000, 0x000000008da00000|  0%| F|  |TAMS 0x000000008d900000, 0x000000008d900000| Untracked 
| 142|0x000000008da00000, 0x000000008da00000, 0x000000008db00000|  0%| F|  |TAMS 0x000000008da00000, 0x000000008da00000| Untracked 
| 143|0x000000008db00000, 0x000000008db00000, 0x000000008dc00000|  0%| F|  |TAMS 0x000000008db00000, 0x000000008db00000| Untracked 
| 144|0x000000008dc00000, 0x000000008dc00000, 0x000000008dd00000|  0%| F|  |TAMS 0x000000008dc00000, 0x000000008dc00000| Untracked 
| 145|0x000000008dd00000, 0x000000008dd00000, 0x000000008de00000|  0%| F|  |TAMS 0x000000008dd00000, 0x000000008dd00000| Untracked 
| 146|0x000000008de00000, 0x000000008de00000, 0x000000008df00000|  0%| F|  |TAMS 0x000000008de00000, 0x000000008de00000| Untracked 
| 147|0x000000008df00000, 0x000000008df00000, 0x000000008e000000|  0%| F|  |TAMS 0x000000008df00000, 0x000000008df00000| Untracked 
| 148|0x000000008e000000, 0x000000008e000000, 0x000000008e100000|  0%| F|  |TAMS 0x000000008e000000, 0x000000008e000000| Untracked 
| 149|0x000000008e100000, 0x000000008e100000, 0x000000008e200000|  0%| F|  |TAMS 0x000000008e100000, 0x000000008e100000| Untracked 
| 150|0x000000008e200000, 0x000000008e200000, 0x000000008e300000|  0%| F|  |TAMS 0x000000008e200000, 0x000000008e200000| Untracked 
| 151|0x000000008e300000, 0x000000008e300000, 0x000000008e400000|  0%| F|  |TAMS 0x000000008e300000, 0x000000008e300000| Untracked 
| 152|0x000000008e400000, 0x000000008e400000, 0x000000008e500000|  0%| F|  |TAMS 0x000000008e400000, 0x000000008e400000| Untracked 
| 153|0x000000008e500000, 0x000000008e500000, 0x000000008e600000|  0%| F|  |TAMS 0x000000008e500000, 0x000000008e500000| Untracked 
| 154|0x000000008e600000, 0x000000008e600000, 0x000000008e700000|  0%| F|  |TAMS 0x000000008e600000, 0x000000008e600000| Untracked 
| 155|0x000000008e700000, 0x000000008e700000, 0x000000008e800000|  0%| F|  |TAMS 0x000000008e700000, 0x000000008e700000| Untracked 
| 156|0x000000008e800000, 0x000000008e800000, 0x000000008e900000|  0%| F|  |TAMS 0x000000008e800000, 0x000000008e800000| Untracked 
| 157|0x000000008e900000, 0x000000008e900000, 0x000000008ea00000|  0%| F|  |TAMS 0x000000008e900000, 0x000000008e900000| Untracked 
| 158|0x000000008ea00000, 0x000000008ea00000, 0x000000008eb00000|  0%| F|  |TAMS 0x000000008ea00000, 0x000000008ea00000| Untracked 
| 159|0x000000008eb00000, 0x000000008eb00000, 0x000000008ec00000|  0%| F|  |TAMS 0x000000008eb00000, 0x000000008eb00000| Untracked 
| 160|0x000000008ec00000, 0x000000008ec00000, 0x000000008ed00000|  0%| F|  |TAMS 0x000000008ec00000, 0x000000008ec00000| Untracked 
| 161|0x000000008ed00000, 0x000000008ed00000, 0x000000008ee00000|  0%| F|  |TAMS 0x000000008ed00000, 0x000000008ed00000| Untracked 
| 162|0x000000008ee00000, 0x000000008ee00000, 0x000000008ef00000|  0%| F|  |TAMS 0x000000008ee00000, 0x000000008ee00000| Untracked 
| 163|0x000000008ef00000, 0x000000008ef00000, 0x000000008f000000|  0%| F|  |TAMS 0x000000008ef00000, 0x000000008ef00000| Untracked 
| 164|0x000000008f000000, 0x000000008f000000, 0x000000008f100000|  0%| F|  |TAMS 0x000000008f000000, 0x000000008f000000| Untracked 
| 165|0x000000008f100000, 0x000000008f100000, 0x000000008f200000|  0%| F|  |TAMS 0x000000008f100000, 0x000000008f100000| Untracked 
| 166|0x000000008f200000, 0x000000008f200000, 0x000000008f300000|  0%| F|  |TAMS 0x000000008f200000, 0x000000008f200000| Untracked 
| 167|0x000000008f300000, 0x000000008f300000, 0x000000008f400000|  0%| F|  |TAMS 0x000000008f300000, 0x000000008f300000| Untracked 
| 168|0x000000008f400000, 0x000000008f400000, 0x000000008f500000|  0%| F|  |TAMS 0x000000008f400000, 0x000000008f400000| Untracked 
| 169|0x000000008f500000, 0x000000008f500000, 0x000000008f600000|  0%| F|  |TAMS 0x000000008f500000, 0x000000008f500000| Untracked 
| 170|0x000000008f600000, 0x000000008f600000, 0x000000008f700000|  0%| F|  |TAMS 0x000000008f600000, 0x000000008f600000| Untracked 
| 171|0x000000008f700000, 0x000000008f700000, 0x000000008f800000|  0%| F|  |TAMS 0x000000008f700000, 0x000000008f700000| Untracked 
| 172|0x000000008f800000, 0x000000008f800000, 0x000000008f900000|  0%| F|  |TAMS 0x000000008f800000, 0x000000008f800000| Untracked 
| 173|0x000000008f900000, 0x000000008f900000, 0x000000008fa00000|  0%| F|  |TAMS 0x000000008f900000, 0x000000008f900000| Untracked 
| 174|0x000000008fa00000, 0x000000008fa00000, 0x000000008fb00000|  0%| F|  |TAMS 0x000000008fa00000, 0x000000008fa00000| Untracked 
| 175|0x000000008fb00000, 0x000000008fb00000, 0x000000008fc00000|  0%| F|  |TAMS 0x000000008fb00000, 0x000000008fb00000| Untracked 
| 176|0x000000008fc00000, 0x000000008fc00000, 0x000000008fd00000|  0%| F|  |TAMS 0x000000008fc00000, 0x000000008fc00000| Untracked 
| 177|0x000000008fd00000, 0x000000008fd00000, 0x000000008fe00000|  0%| F|  |TAMS 0x000000008fd00000, 0x000000008fd00000| Untracked 
| 178|0x000000008fe00000, 0x000000008fe00000, 0x000000008ff00000|  0%| F|  |TAMS 0x000000008fe00000, 0x000000008fe00000| Untracked 
| 179|0x000000008ff00000, 0x000000008ff00000, 0x0000000090000000|  0%| F|  |TAMS 0x000000008ff00000, 0x000000008ff00000| Untracked 
| 180|0x0000000090000000, 0x0000000090000000, 0x0000000090100000|  0%| F|  |TAMS 0x0000000090000000, 0x0000000090000000| Untracked 
| 181|0x0000000090100000, 0x0000000090100000, 0x0000000090200000|  0%| F|  |TAMS 0x0000000090100000, 0x0000000090100000| Untracked 
| 182|0x0000000090200000, 0x0000000090200000, 0x0000000090300000|  0%| F|  |TAMS 0x0000000090200000, 0x0000000090200000| Untracked 
| 183|0x0000000090300000, 0x0000000090300000, 0x0000000090400000|  0%| F|  |TAMS 0x0000000090300000, 0x0000000090300000| Untracked 
| 184|0x0000000090400000, 0x0000000090400000, 0x0000000090500000|  0%| F|  |TAMS 0x0000000090400000, 0x0000000090400000| Untracked 
| 185|0x0000000090500000, 0x0000000090500000, 0x0000000090600000|  0%| F|  |TAMS 0x0000000090500000, 0x0000000090500000| Untracked 
| 186|0x0000000090600000, 0x0000000090600000, 0x0000000090700000|  0%| F|  |TAMS 0x0000000090600000, 0x0000000090600000| Untracked 
| 187|0x0000000090700000, 0x0000000090700000, 0x0000000090800000|  0%| F|  |TAMS 0x0000000090700000, 0x0000000090700000| Untracked 
| 188|0x0000000090800000, 0x0000000090800000, 0x0000000090900000|  0%| F|  |TAMS 0x0000000090800000, 0x0000000090800000| Untracked 
| 189|0x0000000090900000, 0x0000000090900000, 0x0000000090a00000|  0%| F|  |TAMS 0x0000000090900000, 0x0000000090900000| Untracked 
| 190|0x0000000090a00000, 0x0000000090a00000, 0x0000000090b00000|  0%| F|  |TAMS 0x0000000090a00000, 0x0000000090a00000| Untracked 
| 191|0x0000000090b00000, 0x0000000090b00000, 0x0000000090c00000|  0%| F|  |TAMS 0x0000000090b00000, 0x0000000090b00000| Untracked 
| 192|0x0000000090c00000, 0x0000000090c00000, 0x0000000090d00000|  0%| F|  |TAMS 0x0000000090c00000, 0x0000000090c00000| Untracked 
| 193|0x0000000090d00000, 0x0000000090d00000, 0x0000000090e00000|  0%| F|  |TAMS 0x0000000090d00000, 0x0000000090d00000| Untracked 
| 194|0x0000000090e00000, 0x0000000090e00000, 0x0000000090f00000|  0%| F|  |TAMS 0x0000000090e00000, 0x0000000090e00000| Untracked 
| 195|0x0000000090f00000, 0x0000000090f00000, 0x0000000091000000|  0%| F|  |TAMS 0x0000000090f00000, 0x0000000090f00000| Untracked 
| 196|0x0000000091000000, 0x0000000091000000, 0x0000000091100000|  0%| F|  |TAMS 0x0000000091000000, 0x0000000091000000| Untracked 
| 197|0x0000000091100000, 0x0000000091100000, 0x0000000091200000|  0%| F|  |TAMS 0x0000000091100000, 0x0000000091100000| Untracked 
| 198|0x0000000091200000, 0x0000000091200000, 0x0000000091300000|  0%| F|  |TAMS 0x0000000091200000, 0x0000000091200000| Untracked 
| 199|0x0000000091300000, 0x0000000091300000, 0x0000000091400000|  0%| F|  |TAMS 0x0000000091300000, 0x0000000091300000| Untracked 
| 200|0x0000000091400000, 0x0000000091400000, 0x0000000091500000|  0%| F|  |TAMS 0x0000000091400000, 0x0000000091400000| Untracked 
| 201|0x0000000091500000, 0x0000000091500000, 0x0000000091600000|  0%| F|  |TAMS 0x0000000091500000, 0x0000000091500000| Untracked 
| 202|0x0000000091600000, 0x0000000091600000, 0x0000000091700000|  0%| F|  |TAMS 0x0000000091600000, 0x0000000091600000| Untracked 
| 203|0x0000000091700000, 0x0000000091700000, 0x0000000091800000|  0%| F|  |TAMS 0x0000000091700000, 0x0000000091700000| Untracked 
| 204|0x0000000091800000, 0x0000000091800000, 0x0000000091900000|  0%| F|  |TAMS 0x0000000091800000, 0x0000000091800000| Untracked 
| 205|0x0000000091900000, 0x0000000091900000, 0x0000000091a00000|  0%| F|  |TAMS 0x0000000091900000, 0x0000000091900000| Untracked 
| 206|0x0000000091a00000, 0x0000000091a00000, 0x0000000091b00000|  0%| F|  |TAMS 0x0000000091a00000, 0x0000000091a00000| Untracked 
| 207|0x0000000091b00000, 0x0000000091b00000, 0x0000000091c00000|  0%| F|  |TAMS 0x0000000091b00000, 0x0000000091b00000| Untracked 
| 208|0x0000000091c00000, 0x0000000091c00000, 0x0000000091d00000|  0%| F|  |TAMS 0x0000000091c00000, 0x0000000091c00000| Untracked 
| 209|0x0000000091d00000, 0x0000000091d00000, 0x0000000091e00000|  0%| F|  |TAMS 0x0000000091d00000, 0x0000000091d00000| Untracked 
| 210|0x0000000091e00000, 0x0000000091e00000, 0x0000000091f00000|  0%| F|  |TAMS 0x0000000091e00000, 0x0000000091e00000| Untracked 
| 211|0x0000000091f00000, 0x0000000091f00000, 0x0000000092000000|  0%| F|  |TAMS 0x0000000091f00000, 0x0000000091f00000| Untracked 
| 212|0x0000000092000000, 0x0000000092000000, 0x0000000092100000|  0%| F|  |TAMS 0x0000000092000000, 0x0000000092000000| Untracked 
| 213|0x0000000092100000, 0x0000000092200000, 0x0000000092200000|100%| E|  |TAMS 0x0000000092100000, 0x0000000092100000| Complete 
| 214|0x0000000092200000, 0x0000000092300000, 0x0000000092300000|100%| E|CS|TAMS 0x0000000092200000, 0x0000000092200000| Complete 
| 215|0x0000000092300000, 0x0000000092400000, 0x0000000092400000|100%| E|CS|TAMS 0x0000000092300000, 0x0000000092300000| Complete 
| 216|0x0000000092400000, 0x0000000092500000, 0x0000000092500000|100%| E|CS|TAMS 0x0000000092400000, 0x0000000092400000| Complete 
| 217|0x0000000092500000, 0x0000000092600000, 0x0000000092600000|100%| E|CS|TAMS 0x0000000092500000, 0x0000000092500000| Complete 
| 218|0x0000000092600000, 0x0000000092700000, 0x0000000092700000|100%| E|CS|TAMS 0x0000000092600000, 0x0000000092600000| Complete 
| 219|0x0000000092700000, 0x0000000092800000, 0x0000000092800000|100%| E|CS|TAMS 0x0000000092700000, 0x0000000092700000| Complete 

Card table byte_map: [0x000002a4fac30000,0x000002a4fb010000] _byte_map_base: 0x000002a4fa80a000

Marking Bits (Prev, Next): (CMBitMap*) 0x000002a4e3fe7e40, (CMBitMap*) 0x000002a4e3fe7e00
 Prev Bits: [0x000002a4fd2c0000, 0x000002a4ff190000)
 Next Bits: [0x000002a4fb3f0000, 0x000002a4fd2c0000)

Polling page: 0x000002a4e1f60000

Metaspace:

Usage:
  Non-class:     63.81 MB used.
      Class:      7.81 MB used.
       Both:     71.63 MB used.

Virtual space:
  Non-class space:      128.00 MB reserved,      64.00 MB ( 50%) committed,  2 nodes.
      Class space:        1.00 GB reserved,       8.00 MB ( <1%) committed,  1 nodes.
             Both:        1.12 GB reserved,      72.00 MB (  6%) committed. 

Chunk freelists:
   Non-Class:  15.58 MB
       Class:  8.03 MB
        Both:  23.61 MB

MaxMetaspaceSize: unlimited
CompressedClassSpaceSize: 1.00 GB
Initial GC threshold: 21.00 MB
Current GC threshold: 97.31 MB
CDS: on
MetaspaceReclaimPolicy: balanced
 - commit_granule_bytes: 65536.
 - commit_granule_words: 8192.
 - virtual_space_node_default_size: 8388608.
 - enlarge_chunks_in_place: 1.
 - new_chunks_are_fully_committed: 0.
 - uncommit_free_chunks: 1.
 - use_allocation_guard: 0.
 - handle_deallocations: 1.


Internal statistics:

num_allocs_failed_limit: 6.
num_arena_births: 430.
num_arena_deaths: 0.
num_vsnodes_births: 3.
num_vsnodes_deaths: 0.
num_space_committed: 1150.
num_space_uncommitted: 0.
num_chunks_returned_to_freelist: 6.
num_chunks_taken_from_freelist: 3125.
num_chunk_merges: 6.
num_chunk_splits: 2460.
num_chunks_enlarged: 2109.
num_inconsistent_stats: 0.

CodeHeap 'non-profiled nmethods': size=120000Kb used=12714Kb max_used=12714Kb free=107285Kb
 bounds [0x000002a4f3320000, 0x000002a4f3f90000, 0x000002a4fa850000]
CodeHeap 'profiled nmethods': size=120000Kb used=41518Kb max_used=41518Kb free=78481Kb
 bounds [0x000002a4eb850000, 0x000002a4ee0e0000, 0x000002a4f2d80000]
CodeHeap 'non-nmethods': size=5760Kb used=1414Kb max_used=1465Kb free=4345Kb
 bounds [0x000002a4f2d80000, 0x000002a4f2ff0000, 0x000002a4f3320000]
 total_blobs=14873 nmethods=14141 adapters=641
 compilation: disabled (not enough contiguous free space left)
              stopped_count=1, restarted_count=0
 full_count=1

Compilation events (20 events):
Event: 65.323 Thread 0x000002a4ff69d730 17722       3       org.jetbrains.kotlin.ir.types.IrTypePredicatesKt::hasFqNameEqualToSignature (69 bytes)
Event: 65.324 Thread 0x000002a4ff69d730 nmethod 17722 0x000002a4ee08dc10 code [0x000002a4ee08dec0, 0x000002a4ee08e958]
Event: 65.327 Thread 0x000002a4ff69d730 17724       3       org.jetbrains.kotlin.ir.interpreter.checker.IrCompileTimeChecker::visitBodyIfNeeded (21 bytes)
Event: 65.327 Thread 0x000002a4ff69d730 nmethod 17724 0x000002a4ee08ed90 code [0x000002a4ee08ef60, 0x000002a4ee08f2e8]
Event: 65.329 Thread 0x000002a4ff69d730 17725       3       org.jetbrains.kotlin.ir.declarations.impl.IrVariableImpl::getParent (37 bytes)
Event: 65.329 Thread 0x000002a4ff69d730 nmethod 17725 0x000002a4ee08f410 code [0x000002a4ee08f660, 0x000002a4ee08fe88]
Event: 65.330 Thread 0x000002a4ff69d730 17726       3       org.jetbrains.kotlin.ir.interpreter.InstructionsUnfolderKt::unfoldValueParameters (1657 bytes)
Event: 65.350 Thread 0x000002a4ff69d730 nmethod 17726 0x000002a4ee090190 code [0x000002a4ee092620, 0x000002a4ee0aa178]
Event: 65.351 Thread 0x000002a4ff69d730 17727       3       org.jetbrains.kotlin.ir.interpreter.checker.IrCompileTimeChecker$visitBodyIfNeeded$1::invoke (62 bytes)
Event: 65.351 Thread 0x000002a4ff69d730 nmethod 17727 0x000002a4ee0b2c10 code [0x000002a4ee0b2e00, 0x000002a4ee0b3408]
Event: 65.353 Thread 0x000002a4ff69d730 17728       3       org.jetbrains.kotlin.ir.util.IrFakeOverrideUtilsKt::isReal (19 bytes)
Event: 65.353 Thread 0x000002a4ff69d730 nmethod 17728 0x000002a4ee0b3610 code [0x000002a4ee0b3820, 0x000002a4ee0b3e28]
Event: 65.356 Thread 0x000002a4ff69d730 17729       3       org.jetbrains.kotlin.ir.interpreter.InstructionsUnfolderKt::unfoldGetObjectValue (63 bytes)
Event: 65.358 Thread 0x000002a4ff69d730 nmethod 17729 0x000002a4ee0b4090 code [0x000002a4ee0b4700, 0x000002a4ee0b7aa8]
Event: 65.371 Thread 0x000002a4ff69d730 17730       3       org.jetbrains.kotlin.ir.types.impl.IrSimpleTypeImplKt::toBuilder (72 bytes)
Event: 65.372 Thread 0x000002a4ff69d730 nmethod 17730 0x000002a4ee0b8c90 code [0x000002a4ee0b90a0, 0x000002a4ee0bac28]
Event: 65.388 Thread 0x000002a4ff69d730 17731       3       org.jetbrains.kotlin.ir.interpreter.checker.IrCompileTimeChecker::visitConst (10 bytes)
Event: 65.388 Thread 0x000002a4ff69d730 nmethod 17731 0x000002a4ee0bb510 code [0x000002a4ee0bb6c0, 0x000002a4ee0bb8e8]
Event: 65.388 Thread 0x000002a4ff69d730 17732       3       org.jetbrains.kotlin.ir.interpreter.checker.IrCompileTimeChecker::visitConst (87 bytes)
Event: 65.389 Thread 0x000002a4ff69d730 nmethod 17732 0x000002a4ee0bb990 code [0x000002a4ee0bbd00, 0x000002a4ee0bd178]

GC Heap History (20 events):
Event: 28.484 GC heap before
{Heap before GC invocations=27 (full 0):
 garbage-first heap   total 104448K, used 82102K [0x0000000084c00000, 0x0000000100000000)
  region size 1024K, 21 young (21504K), 1 survivors (1024K)
 Metaspace       used 56081K, committed 56384K, reserved 1114112K
  class space    used 6573K, committed 6720K, reserved 1048576K
}
Event: 28.490 GC heap after
{Heap after GC invocations=28 (full 0):
 garbage-first heap   total 104448K, used 64597K [0x0000000084c00000, 0x0000000100000000)
  region size 1024K, 3 young (3072K), 3 survivors (3072K)
 Metaspace       used 56081K, committed 56384K, reserved 1114112K
  class space    used 6573K, committed 6720K, reserved 1048576K
}
Event: 30.098 GC heap before
{Heap before GC invocations=29 (full 0):
 garbage-first heap   total 112640K, used 84053K [0x0000000084c00000, 0x0000000100000000)
  region size 1024K, 22 young (22528K), 3 survivors (3072K)
 Metaspace       used 58078K, committed 58432K, reserved 1114112K
  class space    used 6736K, committed 6912K, reserved 1048576K
}
Event: 30.106 GC heap after
{Heap after GC invocations=30 (full 0):
 garbage-first heap   total 112640K, used 66562K [0x0000000084c00000, 0x0000000100000000)
  region size 1024K, 2 young (2048K), 2 survivors (2048K)
 Metaspace       used 58078K, committed 58432K, reserved 1114112K
  class space    used 6736K, committed 6912K, reserved 1048576K
}
Event: 30.323 GC heap before
{Heap before GC invocations=30 (full 0):
 garbage-first heap   total 112640K, used 69634K [0x0000000084c00000, 0x0000000100000000)
  region size 1024K, 5 young (5120K), 2 survivors (2048K)
 Metaspace       used 58224K, committed 58560K, reserved 1114112K
  class space    used 6747K, committed 6912K, reserved 1048576K
}
Event: 30.330 GC heap after
{Heap after GC invocations=31 (full 0):
 garbage-first heap   total 112640K, used 66541K [0x0000000084c00000, 0x0000000100000000)
  region size 1024K, 1 young (1024K), 1 survivors (1024K)
 Metaspace       used 58224K, committed 58560K, reserved 1114112K
  class space    used 6747K, committed 6912K, reserved 1048576K
}
Event: 32.563 GC heap before
{Heap before GC invocations=31 (full 0):
 garbage-first heap   total 112640K, used 92141K [0x0000000084c00000, 0x0000000100000000)
  region size 1024K, 24 young (24576K), 1 survivors (1024K)
 Metaspace       used 59380K, committed 59776K, reserved 1114112K
  class space    used 6798K, committed 6976K, reserved 1048576K
}
Event: 32.572 GC heap after
{Heap after GC invocations=32 (full 0):
 garbage-first heap   total 225280K, used 71534K [0x0000000084c00000, 0x0000000100000000)
  region size 1024K, 3 young (3072K), 3 survivors (3072K)
 Metaspace       used 59380K, committed 59776K, reserved 1114112K
  class space    used 6798K, committed 6976K, reserved 1048576K
}
Event: 40.931 GC heap before
{Heap before GC invocations=33 (full 0):
 garbage-first heap   total 225280K, used 164718K [0x0000000084c00000, 0x0000000100000000)
  region size 1024K, 93 young (95232K), 3 survivors (3072K)
 Metaspace       used 61448K, committed 61824K, reserved 1114112K
  class space    used 6983K, committed 7168K, reserved 1048576K
}
Event: 40.945 GC heap after
{Heap after GC invocations=34 (full 0):
 garbage-first heap   total 225280K, used 79726K [0x0000000084c00000, 0x0000000100000000)
  region size 1024K, 11 young (11264K), 11 survivors (11264K)
 Metaspace       used 61448K, committed 61824K, reserved 1114112K
  class space    used 6983K, committed 7168K, reserved 1048576K
}
Event: 41.009 GC heap before
{Heap before GC invocations=34 (full 0):
 garbage-first heap   total 225280K, used 80750K [0x0000000084c00000, 0x0000000100000000)
  region size 1024K, 12 young (12288K), 11 survivors (11264K)
 Metaspace       used 61460K, committed 61824K, reserved 1114112K
  class space    used 6983K, committed 7168K, reserved 1048576K
}
Event: 41.020 GC heap after
{Heap after GC invocations=35 (full 0):
 garbage-first heap   total 225280K, used 80616K [0x0000000084c00000, 0x0000000100000000)
  region size 1024K, 2 young (2048K), 2 survivors (2048K)
 Metaspace       used 61460K, committed 61824K, reserved 1114112K
  class space    used 6983K, committed 7168K, reserved 1048576K
}
Event: 47.307 GC heap before
{Heap before GC invocations=35 (full 0):
 garbage-first heap   total 225280K, used 166632K [0x0000000084c00000, 0x0000000100000000)
  region size 1024K, 86 young (88064K), 2 survivors (2048K)
 Metaspace       used 62095K, committed 62400K, reserved 1114112K
  class space    used 7005K, committed 7168K, reserved 1048576K
}
Event: 47.317 GC heap after
{Heap after GC invocations=36 (full 0):
 garbage-first heap   total 225280K, used 85074K [0x0000000084c00000, 0x0000000100000000)
  region size 1024K, 6 young (6144K), 6 survivors (6144K)
 Metaspace       used 62095K, committed 62400K, reserved 1114112K
  class space    used 7005K, committed 7168K, reserved 1048576K
}
Event: 53.390 GC heap before
{Heap before GC invocations=36 (full 0):
 garbage-first heap   total 225280K, used 172114K [0x0000000084c00000, 0x0000000100000000)
  region size 1024K, 91 young (93184K), 6 survivors (6144K)
 Metaspace       used 62548K, committed 62848K, reserved 1114112K
  class space    used 7021K, committed 7168K, reserved 1048576K
}
Event: 53.413 GC heap after
{Heap after GC invocations=37 (full 0):
 garbage-first heap   total 225280K, used 91403K [0x0000000084c00000, 0x0000000100000000)
  region size 1024K, 12 young (12288K), 12 survivors (12288K)
 Metaspace       used 62548K, committed 62848K, reserved 1114112K
  class space    used 7021K, committed 7168K, reserved 1048576K
}
Event: 57.733 GC heap before
{Heap before GC invocations=37 (full 0):
 garbage-first heap   total 225280K, used 177419K [0x0000000084c00000, 0x0000000100000000)
  region size 1024K, 96 young (98304K), 12 survivors (12288K)
 Metaspace       used 63768K, committed 64064K, reserved 1114112K
  class space    used 7085K, committed 7232K, reserved 1048576K
}
Event: 57.759 GC heap after
{Heap after GC invocations=38 (full 0):
 garbage-first heap   total 225280K, used 93993K [0x0000000084c00000, 0x0000000100000000)
  region size 1024K, 9 young (9216K), 9 survivors (9216K)
 Metaspace       used 63768K, committed 64064K, reserved 1114112K
  class space    used 7085K, committed 7232K, reserved 1048576K
}
Event: 64.886 GC heap before
{Heap before GC invocations=38 (full 0):
 garbage-first heap   total 225280K, used 182057K [0x0000000084c00000, 0x0000000100000000)
  region size 1024K, 95 young (97280K), 9 survivors (9216K)
 Metaspace       used 72632K, committed 73024K, reserved 1114112K
  class space    used 7969K, committed 8128K, reserved 1048576K
}
Event: 64.924 GC heap after
{Heap after GC invocations=39 (full 0):
 garbage-first heap   total 225280K, used 106150K [0x0000000084c00000, 0x0000000100000000)
  region size 1024K, 12 young (12288K), 12 survivors (12288K)
 Metaspace       used 72632K, committed 73024K, reserved 1114112K
  class space    used 7969K, committed 8128K, reserved 1048576K
}

Deoptimization events (20 events):
Event: 64.975 Thread 0x000002a4e1e8dfa0 Uncommon trap: trap_request=0xffffff45 fr.pc=0x000002a4f362bca8 relative=0x00000000000000a8
Event: 64.975 Thread 0x000002a4e1e8dfa0 Uncommon trap: reason=unstable_if action=reinterpret pc=0x000002a4f362bca8 method=kotlin.internal.ProgressionUtilKt.getProgressionLastElement(III)I @ 2 c2
Event: 64.975 Thread 0x000002a4e1e8dfa0 DEOPT PACKING pc=0x000002a4f362bca8 sp=0x000000bdf03fab00
Event: 64.975 Thread 0x000002a4e1e8dfa0 DEOPT UNPACKING pc=0x000002a4f2dd5ba3 sp=0x000000bdf03faab0 mode 2
Event: 64.975 Thread 0x000002a4e1e8dfa0 Uncommon trap: trap_request=0xffffff45 fr.pc=0x000002a4f35f3f7c relative=0x000000000000007c
Event: 64.975 Thread 0x000002a4e1e8dfa0 Uncommon trap: reason=unstable_if action=reinterpret pc=0x000002a4f35f3f7c method=kotlin.ranges.IntProgressionIterator.<init>(III)V @ 19 c2
Event: 64.975 Thread 0x000002a4e1e8dfa0 DEOPT PACKING pc=0x000002a4f35f3f7c sp=0x000000bdf03fabb0
Event: 64.975 Thread 0x000002a4e1e8dfa0 DEOPT UNPACKING pc=0x000002a4f2dd5ba3 sp=0x000000bdf03fab58 mode 2
Event: 65.034 Thread 0x000002a4e1e8dfa0 Uncommon trap: trap_request=0xffffffc6 fr.pc=0x000002a4f3702330 relative=0x0000000000000c70
Event: 65.034 Thread 0x000002a4e1e8dfa0 Uncommon trap: reason=bimorphic_or_optimized_type_check action=maybe_recompile pc=0x000002a4f3702330 method=kotlin.text.StringsKt__AppendableKt.appendElement(Ljava/lang/Appendable;Ljava/lang/Object;Lkotlin/jvm/functions/Function1;)V @ 15 c2
Event: 65.034 Thread 0x000002a4e1e8dfa0 DEOPT PACKING pc=0x000002a4f3702330 sp=0x000000bdf03fc3f0
Event: 65.034 Thread 0x000002a4e1e8dfa0 DEOPT UNPACKING pc=0x000002a4f2dd5ba3 sp=0x000000bdf03fc3c8 mode 2
Event: 65.369 Thread 0x000002a4e1e8dfa0 Uncommon trap: trap_request=0xffffffc6 fr.pc=0x000002a4f3702330 relative=0x0000000000000c70
Event: 65.369 Thread 0x000002a4e1e8dfa0 Uncommon trap: reason=bimorphic_or_optimized_type_check action=maybe_recompile pc=0x000002a4f3702330 method=kotlin.text.StringsKt__AppendableKt.appendElement(Ljava/lang/Appendable;Ljava/lang/Object;Lkotlin/jvm/functions/Function1;)V @ 15 c2
Event: 65.369 Thread 0x000002a4e1e8dfa0 DEOPT PACKING pc=0x000002a4f3702330 sp=0x000000bdf03fc3f0
Event: 65.370 Thread 0x000002a4e1e8dfa0 DEOPT UNPACKING pc=0x000002a4f2dd5ba3 sp=0x000000bdf03fc3c8 mode 2
Event: 65.381 Thread 0x000002a4e1e8dfa0 Uncommon trap: trap_request=0xffffffc6 fr.pc=0x000002a4f3702330 relative=0x0000000000000c70
Event: 65.381 Thread 0x000002a4e1e8dfa0 Uncommon trap: reason=bimorphic_or_optimized_type_check action=maybe_recompile pc=0x000002a4f3702330 method=kotlin.text.StringsKt__AppendableKt.appendElement(Ljava/lang/Appendable;Ljava/lang/Object;Lkotlin/jvm/functions/Function1;)V @ 15 c2
Event: 65.381 Thread 0x000002a4e1e8dfa0 DEOPT PACKING pc=0x000002a4f3702330 sp=0x000000bdf03fc3f0
Event: 65.381 Thread 0x000002a4e1e8dfa0 DEOPT UNPACKING pc=0x000002a4f2dd5ba3 sp=0x000000bdf03fc3c8 mode 2

Classes unloaded (0 events):
No events

Classes redefined (0 events):
No events

Internal exceptions (20 events):
Event: 28.717 Thread 0x000002a4e1e8dfa0 Implicit null exception at 0x000002a4f3764fc3 to 0x000002a4f3765269
Event: 29.447 Thread 0x000002a4e1e8dfa0 Implicit null exception at 0x000002a4f333b1f2 to 0x000002a4f333b830
Event: 29.459 Thread 0x000002a4e1e8dfa0 Implicit null exception at 0x000002a4f333be72 to 0x000002a4f333c4c8
Event: 29.664 Thread 0x000002a4e1e8dfa0 Implicit null exception at 0x000002a4f34a1f96 to 0x000002a4f34a4c60
Event: 29.869 Thread 0x000002a4e1e8dfa0 Implicit null exception at 0x000002a4f3844643 to 0x000002a4f3844df8
Event: 31.789 Thread 0x000002a4e1e8dfa0 Implicit null exception at 0x000002a4f38cc814 to 0x000002a4f38d030c
Event: 32.304 Thread 0x000002a4e1e8dfa0 Implicit null exception at 0x000002a4f38f2bac to 0x000002a4f38f2c70
Event: 33.594 Thread 0x000002a4e1e8dfa0 Exception <a 'java/lang/NoSuchMethodError'{0x0000000091ecd730}: 'void java.lang.invoke.DirectMethodHandle$Holder.invokeStatic(java.lang.Object, java.lang.Object, java.lang.Object)'> (0x0000000091ecd730) 
thrown [s\open\src\hotspot\share\interpreter\linkResolver.cpp, line 759]
Event: 53.376 Thread 0x000002a4e1e8dfa0 Implicit null exception at 0x000002a4f392e7b7 to 0x000002a4f392e99c
Event: 53.376 Thread 0x000002a4e1e8dfa0 Implicit null exception at 0x000002a4f3aa2717 to 0x000002a4f3aa2914
Event: 58.192 Thread 0x000002a4e1e8dfa0 Exception <a 'java/lang/NoSuchMethodError'{0x00000000921831b8}: 'java.lang.Object java.lang.invoke.DirectMethodHandle$Holder.invokeStaticInit(java.lang.Object, java.lang.Object, java.lang.Object, java.lang.Object)'> (0x00000000921831b8) 
thrown [s\open\src\hotspot\share\interpreter\linkResolver.cpp, line 759]
Event: 58.809 Thread 0x000002a4e1e8dfa0 Implicit null exception at 0x000002a4f33897ed to 0x000002a4f3389a10
Event: 58.837 Thread 0x000002a4e1e8dfa0 Exception <a 'java/lang/NoSuchMethodError'{0x00000000911fee38}: 'java.lang.Object java.lang.invoke.DirectMethodHandle$Holder.newInvokeSpecial(java.lang.Object, java.lang.Object, java.lang.Object, int, int)'> (0x00000000911fee38) 
thrown [s\open\src\hotspot\share\interpreter\linkResolver.cpp, line 759]
Event: 58.837 Thread 0x000002a4e1e8dfa0 Exception <a 'java/lang/NoSuchMethodError'{0x0000000091003240}: 'java.lang.Object java.lang.invoke.DirectMethodHandle$Holder.invokeSpecial(java.lang.Object, java.lang.Object, java.lang.Object, java.lang.Object, int, int)'> (0x0000000091003240) 
thrown [s\open\src\hotspot\share\interpreter\linkResolver.cpp, line 759]
Event: 58.977 Thread 0x000002a4e1e8dfa0 Exception <a 'java/lang/NoSuchMethodError'{0x0000000090fdcb80}: 'java.lang.Object java.lang.invoke.DirectMethodHandle$Holder.invokeSpecial(java.lang.Object, java.lang.Object, int, int, java.lang.Object, java.lang.Object, java.lang.Object, java.lang.Object, java.lang.Object)'> (0x0000000090fdcb80) 
thrown [s\open\src\hotspot\share\interpreter\linkResolver.cpp, line 759]
Event: 59.366 Thread 0x000002a4e1e8dfa0 Exception <a 'java/lang/NoSuchMethodError'{0x0000000090d09b90}: 'java.lang.Object java.lang.invoke.DirectMethodHandle$Holder.newInvokeSpecial(java.lang.Object, java.lang.Object, int, int, java.lang.Object, java.lang.Object, java.lang.Object)'> (0x0000000090d09b90) 
thrown [s\open\src\hotspot\share\interpreter\linkResolver.cpp, line 759]
Event: 59.367 Thread 0x000002a4e1e8dfa0 Exception <a 'java/lang/NoSuchMethodError'{0x0000000090d0e190}: 'java.lang.Object java.lang.invoke.DirectMethodHandle$Holder.invokeSpecial(java.lang.Object, java.lang.Object, java.lang.Object, int, int, java.lang.Object, java.lang.Object, java.lang.Object)'> (0x0000000090d0e190) 
thrown [s\open\src\hotspot\share\interpreter\linkResolver.cpp, line 759]
Event: 61.512 Thread 0x000002a4e1e8dfa0 Exception <a 'java/lang/NoSuchMethodError'{0x000000008fd72ec8}: 'java.lang.Object java.lang.invoke.DirectMethodHandle$Holder.invokeStatic(java.lang.Object, java.lang.Object, java.lang.Object, int, int, java.lang.Object, java.lang.Object, java.lang.Object, java.lang.Object)'> (0x000000008fd72ec8) 
thrown [s\open\src\hotspot\share\interpreter\linkResolver.cpp, line 759]
Event: 61.514 Thread 0x000002a4e1e8dfa0 Exception <a 'java/lang/NoSuchMethodError'{0x000000008fd7d190}: 'java.lang.Object java.lang.invoke.DirectMethodHandle$Holder.newInvokeSpecial(java.lang.Object, java.lang.Object, java.lang.Object, int, int, java.lang.Object)'> (0x000000008fd7d190) 
thrown [s\open\src\hotspot\share\interpreter\linkResolver.cpp, line 759]
Event: 61.516 Thread 0x000002a4e1e8dfa0 Exception <a 'java/lang/NoSuchMethodError'{0x000000008fd84ec8}: 'java.lang.Object java.lang.invoke.Invokers$Holder.linkToTargetMethod(java.lang.Object, java.lang.Object, int, int, java.lang.Object, java.lang.Object)'> (0x000000008fd84ec8) 
thrown [s\open\src\hotspot\share\interpreter\linkResolver.cpp, line 759]

VM Operations (20 events):
Event: 64.434 Executing VM operation: HandshakeAllThreads
Event: 64.434 Executing VM operation: HandshakeAllThreads done
Event: 64.436 Executing VM operation: HandshakeAllThreads
Event: 64.436 Executing VM operation: HandshakeAllThreads done
Event: 64.528 Executing VM operation: HandshakeAllThreads
Event: 64.528 Executing VM operation: HandshakeAllThreads done
Event: 64.530 Executing VM operation: HandshakeAllThreads
Event: 64.530 Executing VM operation: HandshakeAllThreads done
Event: 64.619 Executing VM operation: HandshakeAllThreads
Event: 64.619 Executing VM operation: HandshakeAllThreads done
Event: 64.869 Executing VM operation: HandshakeAllThreads
Event: 64.869 Executing VM operation: HandshakeAllThreads done
Event: 64.886 Executing VM operation: G1CollectForAllocation
Event: 64.933 Executing VM operation: G1CollectForAllocation done
Event: 65.026 Executing VM operation: HandshakeAllThreads
Event: 65.026 Executing VM operation: HandshakeAllThreads done
Event: 65.030 Executing VM operation: HandshakeAllThreads
Event: 65.030 Executing VM operation: HandshakeAllThreads done
Event: 65.302 Executing VM operation: ICBufferFull
Event: 65.302 Executing VM operation: ICBufferFull done

Events (20 events):
Event: 59.359 Thread 0x000002a4ff6a84e0 flushing nmethod 0x000002a4ecef6310
Event: 59.360 Thread 0x000002a4ff6a84e0 flushing nmethod 0x000002a4ed0bbe10
Event: 59.360 Thread 0x000002a4ff6a84e0 flushing nmethod 0x000002a4ed0f9590
Event: 59.362 Thread 0x000002a4ff6a84e0 flushing nmethod 0x000002a4ed3f1210
Event: 59.362 Thread 0x000002a4ff6a84e0 flushing nmethod 0x000002a4ed410210
Event: 59.362 Thread 0x000002a4ff6a84e0 flushing nmethod 0x000002a4ed4ea090
Event: 59.363 Thread 0x000002a4ff6a84e0 flushing nmethod 0x000002a4ed5cec10
Event: 59.363 Thread 0x000002a4ff6a84e0 flushing nmethod 0x000002a4ed6be290
Event: 59.363 Thread 0x000002a4ff6a84e0 flushing nmethod 0x000002a4ed6c5610
Event: 59.363 Thread 0x000002a4ff6a84e0 flushing nmethod 0x000002a4ed6d8b90
Event: 59.364 Thread 0x000002a4ff6a84e0 flushing nmethod 0x000002a4ed80e310
Event: 59.365 Thread 0x000002a4ff6a84e0 flushing nmethod 0x000002a4eda48910
Event: 59.365 Thread 0x000002a4ff6a84e0 flushing nmethod 0x000002a4eda96b90
Event: 59.365 Thread 0x000002a4ff6a84e0 flushing nmethod 0x000002a4edb4fe90
Event: 60.084 Thread 0x000002a4c7f06850 Thread added: 0x000002a4c7f06850
Event: 61.414 Thread 0x000002a4c7f06850 Thread exited: 0x000002a4c7f06850
Event: 63.865 Thread 0x000002a4ff6a84e0 flushing nmethod 0x000002a4f3389610
Event: 63.879 Thread 0x000002a4ff6a84e0 flushing nmethod 0x000002a4ec675e10
Event: 63.880 Thread 0x000002a4ff6a84e0 flushing nmethod 0x000002a4ec8c8810
Event: 63.880 Thread 0x000002a4ff6a84e0 flushing nmethod 0x000002a4ec8ce690


Dynamic libraries:
0x00007ff76c7a0000 - 0x00007ff76c7b0000 	C:\Program Files\Java\jdk-17\bin\java.exe
0x00007ffaa99f0000 - 0x00007ffaa9be8000 	C:\Windows\SYSTEM32\ntdll.dll
0x00007ffaa7e10000 - 0x00007ffaa7ed2000 	C:\Windows\System32\KERNEL32.DLL
0x00007ffaa7550000 - 0x00007ffaa784e000 	C:\Windows\System32\KERNELBASE.dll
0x00007ffaa72f0000 - 0x00007ffaa73f0000 	C:\Windows\System32\ucrtbase.dll
0x00007ffa7be20000 - 0x00007ffa7be39000 	C:\Program Files\Java\jdk-17\bin\jli.dll
0x00007ffaa89c0000 - 0x00007ffaa8a71000 	C:\Windows\System32\ADVAPI32.dll
0x00007ffaa7a10000 - 0x00007ffaa7aae000 	C:\Windows\System32\msvcrt.dll
0x00007ffaa8920000 - 0x00007ffaa89bf000 	C:\Windows\System32\sechost.dll
0x00007ffaa82c0000 - 0x00007ffaa83e3000 	C:\Windows\System32\RPCRT4.dll
0x00007ffaa7850000 - 0x00007ffaa7877000 	C:\Windows\System32\bcrypt.dll
0x00007ffaa8780000 - 0x00007ffaa891d000 	C:\Windows\System32\USER32.dll
0x00007ffaa71a0000 - 0x00007ffaa71c2000 	C:\Windows\System32\win32u.dll
0x00007ffaa86a0000 - 0x00007ffaa86cb000 	C:\Windows\System32\GDI32.dll
0x00007ffaa71d0000 - 0x00007ffaa72e7000 	C:\Windows\System32\gdi32full.dll
0x00007ffaa7100000 - 0x00007ffaa719d000 	C:\Windows\System32\msvcp_win.dll
0x00007ffa6c850000 - 0x00007ffa6c86b000 	C:\Program Files\Java\jdk-17\bin\VCRUNTIME140.dll
0x00007ffa91150000 - 0x00007ffa913ea000 	C:\Windows\WinSxS\amd64_microsoft.windows.common-controls_6595b64144ccf1df_6.0.19041.4355_none_60b8b9eb71f62e16\COMCTL32.dll
0x00007ffa9e550000 - 0x00007ffa9e55a000 	C:\Windows\SYSTEM32\VERSION.dll
0x00007ffaa83f0000 - 0x00007ffaa841f000 	C:\Windows\System32\IMM32.DLL
0x00007ffaa17c0000 - 0x00007ffaa17cc000 	C:\Program Files\Java\jdk-17\bin\vcruntime140_1.dll
0x00007ffa52590000 - 0x00007ffa5261e000 	C:\Program Files\Java\jdk-17\bin\msvcp140.dll
0x00007ffa3b700000 - 0x00007ffa3c2e0000 	C:\Program Files\Java\jdk-17\bin\server\jvm.dll
0x00007ffaa96d0000 - 0x00007ffaa96d8000 	C:\Windows\System32\PSAPI.DLL
0x00007ffa7c000000 - 0x00007ffa7c009000 	C:\Windows\SYSTEM32\WSOCK32.dll
0x00007ffaa8630000 - 0x00007ffaa869b000 	C:\Windows\System32\WS2_32.dll
0x00007ffa916a0000 - 0x00007ffa916c7000 	C:\Windows\SYSTEM32\WINMM.dll
0x00007ffaa5850000 - 0x00007ffaa5862000 	C:\Windows\SYSTEM32\kernel.appcore.dll
0x00007ffaa0600000 - 0x00007ffaa060a000 	C:\Program Files\Java\jdk-17\bin\jimage.dll
0x00007ffaa5430000 - 0x00007ffaa5614000 	C:\Windows\SYSTEM32\DBGHELP.DLL
0x00007ffa98ef0000 - 0x00007ffa98f24000 	C:\Windows\SYSTEM32\dbgcore.DLL
0x00007ffaa7980000 - 0x00007ffaa7a02000 	C:\Windows\System32\bcryptPrimitives.dll
0x00007ffa5f570000 - 0x00007ffa5f595000 	C:\Program Files\Java\jdk-17\bin\java.dll
0x00007ffa4db20000 - 0x00007ffa4dbf7000 	C:\Program Files\Java\jdk-17\bin\jsvml.dll
0x00007ffaa8a80000 - 0x00007ffaa91ed000 	C:\Windows\System32\SHELL32.dll
0x00007ffaa4bc0000 - 0x00007ffaa5364000 	C:\Windows\SYSTEM32\windows.storage.dll
0x00007ffaa7ab0000 - 0x00007ffaa7e03000 	C:\Windows\System32\combase.dll
0x00007ffaa6ac0000 - 0x00007ffaa6aee000 	C:\Windows\SYSTEM32\Wldp.dll
0x00007ffaa80f0000 - 0x00007ffaa81bd000 	C:\Windows\System32\OLEAUT32.dll
0x00007ffaa9700000 - 0x00007ffaa97ad000 	C:\Windows\System32\SHCORE.dll
0x00007ffaa9830000 - 0x00007ffaa9885000 	C:\Windows\System32\shlwapi.dll
0x00007ffaa6fc0000 - 0x00007ffaa6fe4000 	C:\Windows\SYSTEM32\profapi.dll
0x00007ffa65ab0000 - 0x00007ffa65ac9000 	C:\Program Files\Java\jdk-17\bin\net.dll
0x00007ffaa39b0000 - 0x00007ffaa3abd000 	C:\Windows\SYSTEM32\WINHTTP.dll
0x00007ffaa6820000 - 0x00007ffaa688a000 	C:\Windows\system32\mswsock.dll
0x00007ffa6c7c0000 - 0x00007ffa6c7d6000 	C:\Program Files\Java\jdk-17\bin\nio.dll
0x00007ffa65720000 - 0x00007ffa65738000 	C:\Program Files\Java\jdk-17\bin\zip.dll
0x00007ffa89e80000 - 0x00007ffa89e90000 	C:\Program Files\Java\jdk-17\bin\verify.dll

dbghelp: loaded successfully - version: 4.0.5 - missing functions: none
symbol engine: initialized successfully - sym options: 0x614 - pdb path: .;C:\Program Files\Java\jdk-17\bin;C:\Windows\SYSTEM32;C:\Windows\WinSxS\amd64_microsoft.windows.common-controls_6595b64144ccf1df_6.0.19041.4355_none_60b8b9eb71f62e16;C:\Program Files\Java\jdk-17\bin\server

VM Arguments:
java_command: org.jetbrains.kotlin.cli.jvm.K2JVMCompiler @C:\Users\91939\Desktop\apps\HighBro\node_modules\react-native-gesture-handler\android\build\20250114_70482021362198656.compiler.options
java_class_path (initial): C:\Users\91939\.gradle\caches\modules-2\files-2.1\org.jetbrains.kotlin\kotlin-compiler-embeddable\1.8.0\eb9118d4bcceaa2a94b2ae2a33a4ddba7c9a947f\kotlin-compiler-embeddable-1.8.0.jar;C:\Users\91939\.gradle\caches\modules-2\files-2.1\org.jetbrains.kotlin\kotlin-stdlib\1.8.0\1796921c7a3e2e2665a83e6c8d33399336cd39bc\kotlin-stdlib-1.8.0.jar;C:\Users\91939\.gradle\caches\modules-2\files-2.1\org.jetbrains.kotlin\kotlin-script-runtime\1.8.0\b2f7e760d283cb339974851c222a4c1d48f2d3d\kotlin-script-runtime-1.8.0.jar;C:\Users\91939\.gradle\caches\modules-2\files-2.1\org.jetbrains.kotlin\kotlin-reflect\1.6.10\1cbe9c92c12a94eea200d23c2bbaedaf3daf5132\kotlin-reflect-1.6.10.jar;C:\Users\91939\.gradle\caches\modules-2\files-2.1\org.jetbrains.kotlin\kotlin-daemon-embeddable\1.8.0\d255216c551685dc3a7e852b53617f5f01aaaa5c\kotlin-daemon-embeddable-1.8.0.jar;C:\Users\91939\.gradle\caches\modules-2\files-2.1\org.jetbrains.intellij.deps\trove4j\1.0.20200330\3afb14d5f9ceb459d724e907a21145e8ff394f02\trove4j-1.0.20200330.jar;C:\Users\91939\.gradle\caches\modules-2\files-2.1\net.java.dev.jna\jna\5.6.0\330f2244e9030119ab3030fc3fededc86713d9cc\jna-5.6.0.jar;C:\Users\91939\.gradle\caches\modules-2\files-2.1\org.jetbrains.kotlin\kotlin-stdlib-common\1.8.0\f7197e7cc76453ac59f8b0f8d5137cc600becd36\kotlin-stdlib-common-1.8.0.jar;C:\Users\91939\.gradle\caches\modules-2\files-2.1\org.jetbrains\annotations\13.0\919f0dfe192fb4e063e7dacadee7f8bb9a2672a9\annotations-13.0.jar
Launcher Type: SUN_STANDARD

[Global flags]
     intx CICompilerCount                          = 3                                         {product} {ergonomic}
     uint ConcGCThreads                            = 1                                         {product} {ergonomic}
     uint G1ConcRefinementThreads                  = 4                                         {product} {ergonomic}
   size_t G1HeapRegionSize                         = 1048576                                   {product} {ergonomic}
    uintx GCDrainStackTargetSize                   = 64                                        {product} {ergonomic}
   size_t InitialHeapSize                          = 130023424                                 {product} {ergonomic}
   size_t MarkStackSize                            = 4194304                                   {product} {ergonomic}
   size_t MaxHeapSize                              = 2067791872                                {product} {ergonomic}
   size_t MaxNewSize                               = 1240465408                                {product} {ergonomic}
   size_t MinHeapDeltaBytes                        = 1048576                                   {product} {ergonomic}
   size_t MinHeapSize                              = 8388608                                   {product} {ergonomic}
    uintx NonNMethodCodeHeapSize                   = 5832780                                {pd product} {ergonomic}
    uintx NonProfiledCodeHeapSize                  = 122912730                              {pd product} {ergonomic}
    uintx ProfiledCodeHeapSize                     = 122912730                              {pd product} {ergonomic}
    uintx ReservedCodeCacheSize                    = 251658240                              {pd product} {ergonomic}
     bool SegmentedCodeCache                       = true                                      {product} {ergonomic}
   size_t SoftMaxHeapSize                          = 2067791872                             {manageable} {ergonomic}
     bool UseCompressedClassPointers               = true                           {product lp64_product} {ergonomic}
     bool UseCompressedOops                        = true                           {product lp64_product} {ergonomic}
     bool UseG1GC                                  = true                                      {product} {ergonomic}
     bool UseLargePagesIndividualAllocation        = false                                  {pd product} {ergonomic}

Logging:
Log output configuration:
 #0: stdout all=warning uptime,level,tags
 #1: stderr all=off uptime,level,tags

Environment Variables:
JAVA_HOME=C:\Program Files\Java\jdk-17
CLASSPATH=C:\Users\91939\Desktop\apps\HighBro\android\\gradle\wrapper\gradle-wrapper.jar
PATH=C:\Users\91939\Desktop\apps\HighBro\node_modules\.bin;C:\Users\91939\Desktop\apps\HighBro\node_modules\.bin;C:\Users\91939\Desktop\apps\node_modules\.bin;C:\Users\91939\Desktop\node_modules\.bin;C:\Users\91939\node_modules\.bin;C:\Users\node_modules\.bin;C:\node_modules\.bin;C:\Users\91939\AppData\Roaming\npm\node_modules\npm\node_modules\@npmcli\run-script\lib\node-gyp-bin;C:\Users\91939\Desktop\apps\HighBro\node_modules\.bin;C:\Users\91939\Desktop\apps\HighBro\node_modules\.bin;C:\Users\91939\Desktop\apps\node_modules\.bin;C:\Users\91939\Desktop\node_modules\.bin;C:\Users\91939\node_modules\.bin;C:\Users\node_modules\.bin;C:\node_modules\.bin;C:\Users\91939\AppData\Roaming\npm\node_modules\npm\node_modules\@npmcli\run-script\lib\node-gyp-bin;C:\Program Files\Java\jdk-17\bin;C:\Program Files\Java\jdk-17\bin\java.exe;\C:\Program Files (x86)\Common Files\Intel\Shared Libraries\redist\intel64\compiler;C:\Windows\system32;C:\Windows;C:\Windows\System32\Wbem;C:\Windows\System32\WindowsPowerShell\v1.0\;C:\Windows\System32\OpenSSH\;C:\MinGW\bin;C:\Program Files\Git\cmd;C:\Program Files\Docker\Docker\resources\bin;C:\ProgramData\DockerDesktop\version-bin;C:\Users\91939\AppData\Local\Android\Sdk\platform-tools;C:\ProgramData\chocolatey\bin;C:\Program Files\nodejs\;C:\Users\91939\AppData\Local\Android\Sdk;C:\Users\91939\flutter\bin;

;"C:\Program Files\Java\jdk-17\bin;";%PNPM_HOME%;C:\Users\91939\AppData\Local\Programs\Python\Python310\Scripts\;C:\Users\91939\AppData\Local\Programs\Python\Python310\;C:\Users\91939\AppData\Local\Microsoft\WindowsApps;C:\Program Files\JetBrains\IntelliJ IDEA Community Edition 2021.2.3\bin;;C:\Users\91939\AppData\Local\GitHubDesktop\bin;C:\Users\91939\Dropbox\My PC (LAPTOP-JH16H4DN)\Downloads\Setup\apache-maven-3.8.6\bin;C:\flutter\bin;C:\Users\91939\AppData\Local\Programs\Microsoft VS Code\bin;C:\Users\91939\AppData\Roaming\npm;C:\Users\91939\AppData\Local\Android\Sdk;C:\Users\91939\AppData\Local\Android\Sdk\platform-tools;C:\Users\91939\App
USERNAME=91939
LANG=en_US.UTF-8
OS=Windows_NT
PROCESSOR_IDENTIFIER=Intel64 Family 6 Model 140 Stepping 1, GenuineIntel



---------------  S Y S T E M  ---------------

OS:
 Windows 10 , 64 bit Build 19041 (10.0.19041.5198)
OS uptime: 6 days 4:09 hours
Hyper-V role detected

CPU: total 4 (initial active 4) (2 cores per cpu, 2 threads per core) family 6 model 140 stepping 1 microcode 0x86, cx8, cmov, fxsr, ht, mmx, 3dnowpref, sse, sse2, sse3, ssse3, sse4.1, sse4.2, popcnt, lzcnt, tsc, tscinvbit, avx, avx2, aes, erms, clmul, bmi1, bmi2, adx, avx512f, avx512dq, avx512cd, avx512bw, avx512vl, sha, fma, vzeroupper, avx512_vpopcntdq, avx512_vpclmulqdq, avx512_vaes, avx512_vnni, clflush, clflushopt, clwb, avx512_vbmi2, avx512_vbmi, hv

Memory: 4k page, system-wide physical 7886M (336M free)
TotalPageFile size 19886M (AvailPageFile size 0M)
current process WorkingSet (physical memory assigned to process): 392M, peak: 434M
current process commit charge ("private bytes"): 497M, peak: 498M

vm_info: Java HotSpot(TM) 64-Bit Server VM (17.0.12+8-LTS-286) for windows-amd64 JRE (17.0.12+8-LTS-286), built on Jun  5 2024 06:46:59 by "mach5one" with MS VC++ 17.6 (VS2022)

END.
