#
# There is insufficient memory for the Java Runtime Environment to continue.
# Native memory allocation (mmap) failed to map 130023424 bytes for G1 virtual space
# Possible reasons:
#   The system is out of physical RAM or swap space
#   The process is running with CompressedOops enabled, and the Java Heap may be blocking the growth of the native heap
# Possible solutions:
#   Reduce memory load on the system
#   Increase physical memory or swap space
#   Check if swap backing store is full
#   Decrease Java heap size (-Xmx/-Xms)
#   Decrease number of Java threads
#   Decrease Java thread stack sizes (-Xss)
#   Set larger code cache with -XX:ReservedCodeCacheSize=
#   JVM is running with Unscaled Compressed Oops mode in which the Java heap is
#     placed in the first 4GB address space. The Java Heap base address is the
#     maximum limit for the native heap growth. Please use -XX:HeapBaseMinAddress
#     to set the Java Heap base and to place the Java Heap above 4GB virtual address.
# This output file may be truncated or incomplete.
#
#  Out of Memory Error (os_windows.cpp:3469), pid=24356, tid=24068
#
# JRE version:  (17.0.1+12) (build )
# Java VM: Java HotSpot(TM) 64-Bit Server VM (17.0.1+12-LTS-39, mixed mode, sharing, tiered, compressed oops, compressed class ptrs, g1 gc, windows-amd64)
# No core dump will be written. Minidumps are not enabled by default on client versions of Windows
#

---------------  S U M M A R Y ------------

Command Line: org.jetbrains.kotlin.cli.jvm.K2JVMCompiler @C:\Users\91939\Desktop\apps\HighBro\node_modules\@react-native\gradle-plugin\build\20240308_15914866438177185638.compiler.options

Host: 11th Gen Intel(R) Core(TM) i3-1115G4 @ 3.00GHz, 4 cores, 7G,  Windows 10 , 64 bit Build 19041 (10.0.19041.3636)
Time: Fri Mar  8 09:00:52 2024 India Standard Time elapsed time: 0.036871 seconds (0d 0h 0m 0s)

---------------  T H R E A D  ---------------

Current thread (0x000001e7b536c830):  JavaThread "Unknown thread" [_thread_in_vm, id=24068, stack(0x0000000f97d00000,0x0000000f97e00000)]

Stack: [0x0000000f97d00000,0x0000000f97e00000]
Native frames: (J=compiled Java code, j=interpreted, Vv=VM code, C=native code)
V  [jvm.dll+0x66fa1a]
V  [jvm.dll+0x7ce5a4]
V  [jvm.dll+0x7cfd4e]
V  [jvm.dll+0x7d03b3]
V  [jvm.dll+0x242b05]
V  [jvm.dll+0x66ca39]
V  [jvm.dll+0x661502]
V  [jvm.dll+0x30081b]
V  [jvm.dll+0x307da6]
V  [jvm.dll+0x357a1e]
V  [jvm.dll+0x357c4f]
V  [jvm.dll+0x2d7ad8]
V  [jvm.dll+0x2d8a44]
V  [jvm.dll+0x7a01e1]
V  [jvm.dll+0x365791]
V  [jvm.dll+0x77f6cc]
V  [jvm.dll+0x3e812f]
V  [jvm.dll+0x3e9bd1]
C  [jli.dll+0x527b]
C  [ucrtbase.dll+0x21bb2]
C  [KERNEL32.DLL+0x17344]
C  [ntdll.dll+0x526b1]


---------------  P R O C E S S  ---------------

Threads class SMR info:
_java_thread_list=0x00007ff8ad647818, length=0, elements={
}

Java Threads: ( => current thread )

Other Threads:
  0x000001e7b53a9c90 GCTaskThread "GC Thread#0" [stack: 0x0000000f97e00000,0x0000000f97f00000] [id=13196]
  0x000001e7b53ba250 ConcurrentGCThread "G1 Main Marker" [stack: 0x0000000f97f00000,0x0000000f98000000] [id=6948]
  0x000001e7b53bac60 ConcurrentGCThread "G1 Conc#0" [stack: 0x0000000f98000000,0x0000000f98100000] [id=22828]

[error occurred during error reporting (printing all threads), id 0xc0000005, EXCEPTION_ACCESS_VIOLATION (0xc0000005) at pc=0x00007ff8ace984b7]

VM state: not at safepoint (not fully initialized)

VM Mutex/Monitor currently owned by a thread:  ([mutex/lock_event])
[0x000001e7b53683b0] Heap_lock - owner thread: 0x000001e7b536c830

Heap address: 0x0000000084c00000, size: 1972 MB, Compressed Oops mode: 32-bit

CDS archive(s) mapped at: [0x0000000000000000-0x0000000000000000-0x0000000000000000), size 0, SharedBaseAddress: 0x0000000800000000, ArchiveRelocationMode: 0.
Narrow klass base: 0x0000000000000000, Narrow klass shift: 0, Narrow klass range: 0x0

GC Precious Log:
<Empty>

Heap:
 garbage-first heap   total 0K, used 0K [0x0000000084c00000, 0x0000000100000000)
  region size 1024K, 0 young (0K), 0 survivors (0K)

[error occurred during error reporting (printing heap information), id 0xc0000005, EXCEPTION_ACCESS_VIOLATION (0xc0000005) at pc=0x00007ff8ad278d89]

GC Heap History (0 events):
No events

Deoptimization events (0 events):
No events

Classes unloaded (0 events):
No events

Classes redefined (0 events):
No events

Internal exceptions (0 events):
No events

VM Operations (0 events):
No events

Events (1 events):
Event: 0.014 Loaded shared library C:\Program Files\Java\jdk-17.0.1\bin\java.dll


Dynamic libraries:
0x00007ff602dc0000 - 0x00007ff602dd0000 	C:\Program Files\Java\jdk-17.0.1\bin\java.exe
0x00007ff91c150000 - 0x00007ff91c348000 	C:\Windows\SYSTEM32\ntdll.dll
0x00007ff91b4a0000 - 0x00007ff91b55d000 	C:\Windows\System32\KERNEL32.DLL
0x00007ff919d10000 - 0x00007ff91a006000 	C:\Windows\System32\KERNELBASE.dll
0x00007ff919a90000 - 0x00007ff919b90000 	C:\Windows\System32\ucrtbase.dll
0x00007ff8f5d30000 - 0x00007ff8f5d48000 	C:\Program Files\Java\jdk-17.0.1\bin\jli.dll
0x00007ff91ab90000 - 0x00007ff91ac43000 	C:\Windows\System32\ADVAPI32.dll
0x00007ff91a880000 - 0x00007ff91a91e000 	C:\Windows\System32\msvcrt.dll
0x00007ff91be30000 - 0x00007ff91becf000 	C:\Windows\System32\sechost.dll
0x00007ff91afb0000 - 0x00007ff91b0d6000 	C:\Windows\System32\RPCRT4.dll
0x00007ff91a010000 - 0x00007ff91a037000 	C:\Windows\System32\bcrypt.dll
0x00007ff91b0e0000 - 0x00007ff91b27e000 	C:\Windows\System32\USER32.dll
0x00007ff919ce0000 - 0x00007ff919d02000 	C:\Windows\System32\win32u.dll
0x00007ff91b470000 - 0x00007ff91b49c000 	C:\Windows\System32\GDI32.dll
0x00007ff919890000 - 0x00007ff9199aa000 	C:\Windows\System32\gdi32full.dll
0x00007ff919b90000 - 0x00007ff919c2d000 	C:\Windows\System32\msvcp_win.dll
0x00007ff8fb900000 - 0x00007ff8fb91a000 	C:\Program Files\Java\jdk-17.0.1\bin\VCRUNTIME140.dll
0x00007ff904fe0000 - 0x00007ff90527a000 	C:\Windows\WinSxS\amd64_microsoft.windows.common-controls_6595b64144ccf1df_6.0.19041.3636_none_60b6a03d71f818d5\COMCTL32.dll
0x00007ff9126d0000 - 0x00007ff9126da000 	C:\Windows\SYSTEM32\VERSION.dll
0x00007ff91bd20000 - 0x00007ff91bd50000 	C:\Windows\System32\IMM32.DLL
0x00007ff902870000 - 0x00007ff90287c000 	C:\Program Files\Java\jdk-17.0.1\bin\vcruntime140_1.dll
0x00007ff8da130000 - 0x00007ff8da1bd000 	C:\Program Files\Java\jdk-17.0.1\bin\msvcp140.dll
0x00007ff8acbb0000 - 0x00007ff8ad76e000 	C:\Program Files\Java\jdk-17.0.1\bin\server\jvm.dll
0x00007ff91a850000 - 0x00007ff91a858000 	C:\Windows\System32\PSAPI.DLL
0x00007ff8f51b0000 - 0x00007ff8f51b9000 	C:\Windows\SYSTEM32\WSOCK32.dll
0x00007ff91b400000 - 0x00007ff91b46b000 	C:\Windows\System32\WS2_32.dll
0x00007ff902a80000 - 0x00007ff902aa7000 	C:\Windows\SYSTEM32\WINMM.dll
0x00007ff918000000 - 0x00007ff918012000 	C:\Windows\SYSTEM32\kernel.appcore.dll
0x00007ff8ffa40000 - 0x00007ff8ffa4a000 	C:\Program Files\Java\jdk-17.0.1\bin\jimage.dll
0x00007ff917be0000 - 0x00007ff917dc4000 	C:\Windows\SYSTEM32\DBGHELP.DLL
0x00007ff905680000 - 0x00007ff9056b4000 	C:\Windows\SYSTEM32\dbgcore.DLL
0x00007ff919a00000 - 0x00007ff919a82000 	C:\Windows\System32\bcryptPrimitives.dll
0x00007ff8f0cc0000 - 0x00007ff8f0ce5000 	C:\Program Files\Java\jdk-17.0.1\bin\java.dll

dbghelp: loaded successfully - version: 4.0.5 - missing functions: none
symbol engine: initialized successfully - sym options: 0x614 - pdb path: .;C:\Program Files\Java\jdk-17.0.1\bin;C:\Windows\SYSTEM32;C:\Windows\WinSxS\amd64_microsoft.windows.common-controls_6595b64144ccf1df_6.0.19041.3636_none_60b6a03d71f818d5;C:\Program Files\Java\jdk-17.0.1\bin\server

VM Arguments:
java_command: org.jetbrains.kotlin.cli.jvm.K2JVMCompiler @C:\Users\91939\Desktop\apps\HighBro\node_modules\@react-native\gradle-plugin\build\20240308_15914866438177185638.compiler.options
java_class_path (initial): C:\Users\91939\.gradle\caches\modules-2\files-2.1\org.jetbrains.kotlin\kotlin-compiler-embeddable\1.8.0\eb9118d4bcceaa2a94b2ae2a33a4ddba7c9a947f\kotlin-compiler-embeddable-1.8.0.jar;C:\Users\91939\.gradle\caches\modules-2\files-2.1\org.jetbrains.kotlin\kotlin-stdlib\1.8.0\1796921c7a3e2e2665a83e6c8d33399336cd39bc\kotlin-stdlib-1.8.0.jar;C:\Users\91939\.gradle\caches\modules-2\files-2.1\org.jetbrains.kotlin\kotlin-script-runtime\1.8.0\b2f7e760d283cb339974851c222a4c1d48f2d3d\kotlin-script-runtime-1.8.0.jar;C:\Users\91939\.gradle\caches\modules-2\files-2.1\org.jetbrains.kotlin\kotlin-reflect\1.6.10\1cbe9c92c12a94eea200d23c2bbaedaf3daf5132\kotlin-reflect-1.6.10.jar;C:\Users\91939\.gradle\caches\modules-2\files-2.1\org.jetbrains.kotlin\kotlin-daemon-embeddable\1.8.0\d255216c551685dc3a7e852b53617f5f01aaaa5c\kotlin-daemon-embeddable-1.8.0.jar;C:\Users\91939\.gradle\caches\modules-2\files-2.1\org.jetbrains.intellij.deps\trove4j\1.0.20200330\3afb14d5f9ceb459d724e907a21145e8ff394f02\trove4j-1.0.20200330.jar;C:\Users\91939\.gradle\caches\modules-2\files-2.1\net.java.dev.jna\jna\5.6.0\330f2244e9030119ab3030fc3fededc86713d9cc\jna-5.6.0.jar;C:\Users\91939\.gradle\caches\modules-2\files-2.1\org.jetbrains.kotlin\kotlin-stdlib-common\1.8.0\f7197e7cc76453ac59f8b0f8d5137cc600becd36\kotlin-stdlib-common-1.8.0.jar;C:\Users\91939\.gradle\caches\modules-2\files-2.1\org.jetbrains\annotations\13.0\919f0dfe192fb4e063e7dacadee7f8bb9a2672a9\annotations-13.0.jar
Launcher Type: SUN_STANDARD

[Global flags]
     intx CICompilerCount                          = 3                                         {product} {ergonomic}
     uint ConcGCThreads                            = 1                                         {product} {ergonomic}
     uint G1ConcRefinementThreads                  = 4                                         {product} {ergonomic}
   size_t G1HeapRegionSize                         = 1048576                                   {product} {ergonomic}
    uintx GCDrainStackTargetSize                   = 64                                        {product} {ergonomic}
   size_t InitialHeapSize                          = 130023424                                 {product} {ergonomic}
   size_t MarkStackSize                            = 4194304                                   {product} {ergonomic}
   size_t MaxHeapSize                              = 2067791872                                {product} {ergonomic}
   size_t MinHeapDeltaBytes                        = 1048576                                   {product} {ergonomic}
   size_t MinHeapSize                              = 8388608                                   {product} {ergonomic}
    uintx NonNMethodCodeHeapSize                   = 5832780                                {pd product} {ergonomic}
    uintx NonProfiledCodeHeapSize                  = 122912730                              {pd product} {ergonomic}
    uintx ProfiledCodeHeapSize                     = 122912730                              {pd product} {ergonomic}
    uintx ReservedCodeCacheSize                    = 251658240                              {pd product} {ergonomic}
     bool SegmentedCodeCache                       = true                                      {product} {ergonomic}
   size_t SoftMaxHeapSize                          = 2067791872                             {manageable} {ergonomic}
     bool UseCompressedClassPointers               = true                           {product lp64_product} {ergonomic}
     bool UseCompressedOops                        = true                           {product lp64_product} {ergonomic}
     bool UseG1GC                                  = true                                      {product} {ergonomic}
     bool UseLargePagesIndividualAllocation        = false                                  {pd product} {ergonomic}

Logging:
Log output configuration:
 #0: stdout all=warning uptime,level,tags
 #1: stderr all=off uptime,level,tags

Environment Variables:
JAVA_HOME=C:\Program Files\Java\jdk-17.0.1
CLASSPATH=C:\Users\91939\Desktop\apps\HighBro\android\\gradle\wrapper\gradle-wrapper.jar
PATH=C:\Users\91939\Desktop\apps\HighBro\node_modules\.bin;C:\Users\91939\Desktop\apps\HighBro\node_modules\.bin;C:\Users\91939\Desktop\apps\node_modules\.bin;C:\Users\91939\Desktop\node_modules\.bin;C:\Users\91939\node_modules\.bin;C:\Users\node_modules\.bin;C:\node_modules\.bin;C:\Users\91939\AppData\Roaming\npm\node_modules\npm\node_modules\@npmcli\run-script\lib\node-gyp-bin;C:\Program Files\Common Files\Oracle\Java\javapath;C:\Program Files (x86)\Common Files\Intel\Shared Libraries\redist\intel64\compiler;C:\Windows\system32;C:\Windows;C:\Windows\System32\Wbem;C:\Windows\System32\WindowsPowerShell\v1.0\;C:\Windows\System32\OpenSSH\;C:\MinGW\bin;C:\Program Files\Git\cmd;C:\Program Files\Docker\Docker\resources\bin;C:\ProgramData\DockerDesktop\version-bin;C:\Users\91939\AppData\Local\Android\Sdk\platform-tools;C:\ProgramData\chocolatey\bin;C:\Program Files\nodejs\;C:\Users\91939\AppData\Local\Android\Sdk;C:\Users\91939\flutter\bin;%PNPM_HOME%;C:\Users\91939\AppData\Local\Programs\Python\Python310\Scripts\;C:\Users\91939\AppData\Local\Programs\Python\Python310\;C:\Users\91939\AppData\Local\Microsoft\WindowsApps;C:\Program Files\JetBrains\IntelliJ IDEA Community Edition 2021.2.3\bin;;C:\Users\91939\AppData\Local\GitHubDesktop\bin;C:\Users\91939\Dropbox\My PC (LAPTOP-JH16H4DN)\Downloads\Setup\apache-maven-3.8.6\bin;C:\flutter\bin;C:\Users\91939\AppData\Local\Programs\Microsoft VS Code\bin;C:\Users\91939\AppData\Roaming\npm;C:\Users\91939\AppData\Local\Android\Sdk;C:\Users\91939\AppData\Local\Android\Sdk\platform-tools;C:\Users\91939\AppData\Local\Android\Sdk\emulator;C:\Users\91939\AppData\Local\Android\Sdk\tools;C:\Users\91939\AppData\Local\Android\Sdk\tools\bin;C:\Program Files (x86)\MongoDB\Server\6.0\bin;C:\Program Files (x86)\MongoDB\Server\6.0\bin;C:\Program Files\MongoDB\Server\6.0\bin;C:\Users\91939\flutter\bin;
USERNAME=91939
LANG=en_US.UTF-8
OS=Windows_NT
PROCESSOR_IDENTIFIER=Intel64 Family 6 Model 140 Stepping 1, GenuineIntel



---------------  S Y S T E M  ---------------

OS:
 Windows 10 , 64 bit Build 19041 (10.0.19041.3636)
OS uptime: 0 days 20:10 hours
Hyper-V role detected

CPU: total 4 (initial active 4) (2 cores per cpu, 2 threads per core) family 6 model 140 stepping 1 microcode 0x86, cx8, cmov, fxsr, ht, mmx, 3dnowpref, sse, sse2, sse3, ssse3, sse4.1, sse4.2, popcnt, lzcnt, tsc, tscinvbit, avx, avx2, aes, erms, clmul, bmi1, bmi2, adx, avx512f, avx512dq, avx512cd, avx512bw, avx512vl, sha, fma, vzeroupper, avx512_vpopcntdq, avx512_vpclmulqdq, avx512_vaes, avx512_vnni, clflush, clflushopt, clwb, avx512_vbmi2, avx512_vbmi, hv

Memory: 4k page, system-wide physical 7886M (411M free)
TotalPageFile size 19886M (AvailPageFile size 12M)
current process WorkingSet (physical memory assigned to process): 10M, peak: 10M
current process commit charge ("private bytes"): 51M, peak: 175M

vm_info: Java HotSpot(TM) 64-Bit Server VM (17.0.1+12-LTS-39) for windows-amd64 JRE (17.0.1+12-LTS-39), built on Sep 27 2021 18:41:35 by "mach5one" with MS VC++ 16.8 (VS2019)

END.
