#
# There is insufficient memory for the Java Runtime Environment to continue.
# Native memory allocation (malloc) failed to allocate 32744 bytes for ChunkPool::allocate
# Possible reasons:
#   The system is out of physical RAM or swap space
#   The process is running with CompressedOops enabled, and the Java Heap may be blocking the growth of the native heap
# Possible solutions:
#   Reduce memory load on the system
#   Increase physical memory or swap space
#   Check if swap backing store is full
#   Decrease Java heap size (-Xmx/-Xms)
#   Decrease number of Java threads
#   Decrease Java thread stack sizes (-Xss)
#   Set larger code cache with -XX:ReservedCodeCacheSize=
#   JVM is running with Unscaled Compressed Oops mode in which the Java heap is
#     placed in the first 4GB address space. The Java Heap base address is the
#     maximum limit for the native heap growth. Please use -XX:HeapBaseMinAddress
#     to set the Java Heap base and to place the Java Heap above 4GB virtual address.
# This output file may be truncated or incomplete.
#
#  Out of Memory Error (arena.cpp:78), pid=6604, tid=13148
#
# JRE version: Java(TM) SE Runtime Environment (17.0.1+12) (build 17.0.1+12-LTS-39)
# Java VM: Java HotSpot(TM) 64-Bit Server VM (17.0.1+12-LTS-39, mixed mode, sharing, tiered, compressed oops, compressed class ptrs, g1 gc, windows-amd64)
# No core dump will be written. Minidumps are not enabled by default on client versions of Windows
#

---------------  S U M M A R Y ------------

Command Line: -Xmx64m -Xms64m -Dorg.gradle.appname=gradlew org.gradle.wrapper.GradleWrapperMain app:installDebug -PreactNativeDevServerPort=8081

Host: 11th Gen Intel(R) Core(TM) i3-1115G4 @ 3.00GHz, 4 cores, 7G,  Windows 10 , 64 bit Build 19041 (10.0.19041.3636)
Time: Fri Mar  8 08:59:25 2024 India Standard Time elapsed time: 73.861746 seconds (0d 0h 1m 13s)

---------------  T H R E A D  ---------------

Current thread (0x00000171fc902160):  JavaThread "C2 CompilerThread0" daemon [_thread_in_native, id=13148, stack(0x0000005b5d200000,0x0000005b5d300000)]


Current CompileTask:
C2:  73861 1781       4       org.gradle.internal.logging.text.AbstractLineChoppingStyledTextOutput$1::execute (9 bytes)

Stack: [0x0000005b5d200000,0x0000005b5d300000]
Native frames: (J=compiled Java code, j=interpreted, Vv=VM code, C=native code)
V  [jvm.dll+0x66fa1a]
V  [jvm.dll+0x7ce5a4]
V  [jvm.dll+0x7cfd4e]
V  [jvm.dll+0x7d03b3]
V  [jvm.dll+0x242b05]
V  [jvm.dll+0xaa2a0]
V  [jvm.dll+0xaa5ec]
V  [jvm.dll+0x8abbf]
V  [jvm.dll+0x5fccc5]
V  [jvm.dll+0x6027bb]
V  [jvm.dll+0x603582]
V  [jvm.dll+0x601ae4]
V  [jvm.dll+0x215a68]
V  [jvm.dll+0x215011]
V  [jvm.dll+0x1a168d]
V  [jvm.dll+0x224848]
V  [jvm.dll+0x2229ac]
V  [jvm.dll+0x78435b]
V  [jvm.dll+0x77e91a]
V  [jvm.dll+0x66e845]
C  [ucrtbase.dll+0x21bb2]
C  [KERNEL32.DLL+0x17344]
C  [ntdll.dll+0x526b1]


---------------  P R O C E S S  ---------------

Threads class SMR info:
_java_thread_list=0x00000171fe2445b0, length=15, elements={
0x00000171f0b2a3c0, 0x00000171fc8dbb90, 0x00000171fc8dcee0, 0x00000171fc8f2fe0,
0x00000171fc8f3aa0, 0x00000171fc8f8470, 0x00000171fc8f8e20, 0x00000171fc902160,
0x00000171fc902720, 0x00000171fc904120, 0x00000171fd442200, 0x00000171fd449dc0,
0x00000171fdd75380, 0x00000171fe18b510, 0x00000171fdd565d0
}

Java Threads: ( => current thread )
  0x00000171f0b2a3c0 JavaThread "main" [_thread_blocked, id=5092, stack(0x0000005b5c500000,0x0000005b5c600000)]
  0x00000171fc8dbb90 JavaThread "Reference Handler" daemon [_thread_blocked, id=19508, stack(0x0000005b5cc00000,0x0000005b5cd00000)]
  0x00000171fc8dcee0 JavaThread "Finalizer" daemon [_thread_blocked, id=8652, stack(0x0000005b5cd00000,0x0000005b5ce00000)]
  0x00000171fc8f2fe0 JavaThread "Signal Dispatcher" daemon [_thread_blocked, id=13696, stack(0x0000005b5ce00000,0x0000005b5cf00000)]
  0x00000171fc8f3aa0 JavaThread "Attach Listener" daemon [_thread_blocked, id=13572, stack(0x0000005b5cf00000,0x0000005b5d000000)]
  0x00000171fc8f8470 JavaThread "Service Thread" daemon [_thread_blocked, id=4752, stack(0x0000005b5d000000,0x0000005b5d100000)]
  0x00000171fc8f8e20 JavaThread "Monitor Deflation Thread" daemon [_thread_blocked, id=23128, stack(0x0000005b5d100000,0x0000005b5d200000)]
=>0x00000171fc902160 JavaThread "C2 CompilerThread0" daemon [_thread_in_native, id=13148, stack(0x0000005b5d200000,0x0000005b5d300000)]
  0x00000171fc902720 JavaThread "C1 CompilerThread0" daemon [_thread_blocked, id=16412, stack(0x0000005b5d300000,0x0000005b5d400000)]
  0x00000171fc904120 JavaThread "Sweeper thread" daemon [_thread_blocked, id=19068, stack(0x0000005b5d400000,0x0000005b5d500000)]
  0x00000171fd442200 JavaThread "Notification Thread" daemon [_thread_blocked, id=21308, stack(0x0000005b5d500000,0x0000005b5d600000)]
  0x00000171fd449dc0 JavaThread "Common-Cleaner" daemon [_thread_blocked, id=9904, stack(0x0000005b5d700000,0x0000005b5d800000)]
  0x00000171fdd75380 JavaThread "pool-1-thread-1" [_thread_in_native, id=12908, stack(0x0000005b5db00000,0x0000005b5dc00000)]
  0x00000171fe18b510 JavaThread "DisconnectableInputStream source reader" daemon [_thread_in_native, id=19288, stack(0x0000005b5dd00000,0x0000005b5de00000)]
  0x00000171fdd565d0 JavaThread "Forward input" [_thread_blocked, id=13032, stack(0x0000005b5de00000,0x0000005b5df00000)]

Other Threads:
  0x00000171fc8d4050 VMThread "VM Thread" [stack: 0x0000005b5cb00000,0x0000005b5cc00000] [id=4152]
  0x00000171fd4466e0 WatcherThread [stack: 0x0000005b5d600000,0x0000005b5d700000] [id=9352]
  0x00000171f0b493f0 GCTaskThread "GC Thread#0" [stack: 0x0000005b5c600000,0x0000005b5c700000] [id=14948]
  0x00000171fd82d920 GCTaskThread "GC Thread#1" [stack: 0x0000005b5d800000,0x0000005b5d900000] [id=19964]
  0x00000171fd82dd50 GCTaskThread "GC Thread#2" [stack: 0x0000005b5d900000,0x0000005b5da00000] [id=4756]
  0x00000171fd8a0a10 GCTaskThread "GC Thread#3" [stack: 0x0000005b5da00000,0x0000005b5db00000] [id=13564]
  0x00000171f0b4b2d0 ConcurrentGCThread "G1 Main Marker" [stack: 0x0000005b5c700000,0x0000005b5c800000] [id=13088]
  0x00000171f0b4bce0 ConcurrentGCThread "G1 Conc#0" [stack: 0x0000005b5c800000,0x0000005b5c900000] [id=18664]
  0x00000171f0b98dc0 ConcurrentGCThread "G1 Refine#0" [stack: 0x0000005b5c900000,0x0000005b5ca00000] [id=22440]
  0x00000171f0b997e0 ConcurrentGCThread "G1 Service" [stack: 0x0000005b5ca00000,0x0000005b5cb00000] [id=12684]

Threads with active compile tasks:
C2 CompilerThread0    73883 1781       4       org.gradle.internal.logging.text.AbstractLineChoppingStyledTextOutput$1::execute (9 bytes)

VM state: not at safepoint (normal execution)

VM Mutex/Monitor currently owned by a thread: None

Heap address: 0x00000000fc000000, size: 64 MB, Compressed Oops mode: 32-bit

CDS archive(s) mapped at: [0x0000000800000000-0x0000000800bc0000-0x0000000800bc0000), size 12320768, SharedBaseAddress: 0x0000000800000000, ArchiveRelocationMode: 0.
Compressed class space mapped at: 0x0000000800c00000-0x0000000840c00000, reserved size: 1073741824
Narrow klass base: 0x0000000800000000, Narrow klass shift: 0, Narrow klass range: 0x100000000

GC Precious Log:
 CPUs: 4 total, 4 available
 Memory: 7886M
 Large Page Support: Disabled
 NUMA Support: Disabled
 Compressed Oops: Enabled (32-bit)
 Heap Region Size: 1M
 Heap Min Capacity: 64M
 Heap Initial Capacity: 64M
 Heap Max Capacity: 64M
 Pre-touch: Disabled
 Parallel Workers: 4
 Concurrent Workers: 1
 Concurrent Refinement Workers: 4
 Periodic GC: Disabled

Heap:
 garbage-first heap   total 65536K, used 13357K [0x00000000fc000000, 0x0000000100000000)
  region size 1024K, 4 young (4096K), 3 survivors (3072K)
 Metaspace       used 10195K, committed 10432K, reserved 1064960K
  class space    used 1318K, committed 1408K, reserved 1048576K

Heap Regions: E=young(eden), S=young(survivor), O=old, HS=humongous(starts), HC=humongous(continues), CS=collection set, F=free, OA=open archive, CA=closed archive, TAMS=top-at-mark-start (previous, next)
|   0|0x00000000fc000000, 0x00000000fc100000, 0x00000000fc100000|100%| O|  |TAMS 0x00000000fc000000, 0x00000000fc000000| Untracked 
|   1|0x00000000fc100000, 0x00000000fc200000, 0x00000000fc200000|100%| O|  |TAMS 0x00000000fc100000, 0x00000000fc100000| Untracked 
|   2|0x00000000fc200000, 0x00000000fc300000, 0x00000000fc300000|100%|HS|  |TAMS 0x00000000fc200000, 0x00000000fc200000| Complete 
|   3|0x00000000fc300000, 0x00000000fc400000, 0x00000000fc400000|100%|HC|  |TAMS 0x00000000fc300000, 0x00000000fc300000| Complete 
|   4|0x00000000fc400000, 0x00000000fc500000, 0x00000000fc500000|100%|HC|  |TAMS 0x00000000fc400000, 0x00000000fc400000| Complete 
|   5|0x00000000fc500000, 0x00000000fc600000, 0x00000000fc600000|100%|HC|  |TAMS 0x00000000fc500000, 0x00000000fc500000| Complete 
|   6|0x00000000fc600000, 0x00000000fc700000, 0x00000000fc700000|100%| O|  |TAMS 0x00000000fc600000, 0x00000000fc600000| Untracked 
|   7|0x00000000fc700000, 0x00000000fc800000, 0x00000000fc800000|100%| O|  |TAMS 0x00000000fc700000, 0x00000000fc700000| Untracked 
|   8|0x00000000fc800000, 0x00000000fc900000, 0x00000000fc900000|100%| O|  |TAMS 0x00000000fc800000, 0x00000000fc800000| Untracked 
|   9|0x00000000fc900000, 0x00000000fca00000, 0x00000000fca00000|100%| O|  |TAMS 0x00000000fc900000, 0x00000000fc900000| Untracked 
|  10|0x00000000fca00000, 0x00000000fcac5c00, 0x00000000fcb00000| 77%| O|  |TAMS 0x00000000fca00000, 0x00000000fca00000| Untracked 
|  11|0x00000000fcb00000, 0x00000000fcb00000, 0x00000000fcc00000|  0%| F|  |TAMS 0x00000000fcb00000, 0x00000000fcb00000| Untracked 
|  12|0x00000000fcc00000, 0x00000000fcc00000, 0x00000000fcd00000|  0%| F|  |TAMS 0x00000000fcc00000, 0x00000000fcc00000| Untracked 
|  13|0x00000000fcd00000, 0x00000000fcd00000, 0x00000000fce00000|  0%| F|  |TAMS 0x00000000fcd00000, 0x00000000fcd00000| Untracked 
|  14|0x00000000fce00000, 0x00000000fce00000, 0x00000000fcf00000|  0%| F|  |TAMS 0x00000000fce00000, 0x00000000fce00000| Untracked 
|  15|0x00000000fcf00000, 0x00000000fcf00000, 0x00000000fd000000|  0%| F|  |TAMS 0x00000000fcf00000, 0x00000000fcf00000| Untracked 
|  16|0x00000000fd000000, 0x00000000fd000000, 0x00000000fd100000|  0%| F|  |TAMS 0x00000000fd000000, 0x00000000fd000000| Untracked 
|  17|0x00000000fd100000, 0x00000000fd100000, 0x00000000fd200000|  0%| F|  |TAMS 0x00000000fd100000, 0x00000000fd100000| Untracked 
|  18|0x00000000fd200000, 0x00000000fd200000, 0x00000000fd300000|  0%| F|  |TAMS 0x00000000fd200000, 0x00000000fd200000| Untracked 
|  19|0x00000000fd300000, 0x00000000fd300000, 0x00000000fd400000|  0%| F|  |TAMS 0x00000000fd300000, 0x00000000fd300000| Untracked 
|  20|0x00000000fd400000, 0x00000000fd400000, 0x00000000fd500000|  0%| F|  |TAMS 0x00000000fd400000, 0x00000000fd400000| Untracked 
|  21|0x00000000fd500000, 0x00000000fd500000, 0x00000000fd600000|  0%| F|  |TAMS 0x00000000fd500000, 0x00000000fd500000| Untracked 
|  22|0x00000000fd600000, 0x00000000fd600000, 0x00000000fd700000|  0%| F|  |TAMS 0x00000000fd600000, 0x00000000fd600000| Untracked 
|  23|0x00000000fd700000, 0x00000000fd700000, 0x00000000fd800000|  0%| F|  |TAMS 0x00000000fd700000, 0x00000000fd700000| Untracked 
|  24|0x00000000fd800000, 0x00000000fd800000, 0x00000000fd900000|  0%| F|  |TAMS 0x00000000fd800000, 0x00000000fd800000| Untracked 
|  25|0x00000000fd900000, 0x00000000fd900000, 0x00000000fda00000|  0%| F|  |TAMS 0x00000000fd900000, 0x00000000fd900000| Untracked 
|  26|0x00000000fda00000, 0x00000000fda00000, 0x00000000fdb00000|  0%| F|  |TAMS 0x00000000fda00000, 0x00000000fda00000| Untracked 
|  27|0x00000000fdb00000, 0x00000000fdb00000, 0x00000000fdc00000|  0%| F|  |TAMS 0x00000000fdb00000, 0x00000000fdb00000| Untracked 
|  28|0x00000000fdc00000, 0x00000000fdc00000, 0x00000000fdd00000|  0%| F|  |TAMS 0x00000000fdc00000, 0x00000000fdc00000| Untracked 
|  29|0x00000000fdd00000, 0x00000000fdd00000, 0x00000000fde00000|  0%| F|  |TAMS 0x00000000fdd00000, 0x00000000fdd00000| Untracked 
|  30|0x00000000fde00000, 0x00000000fde00000, 0x00000000fdf00000|  0%| F|  |TAMS 0x00000000fde00000, 0x00000000fde00000| Untracked 
|  31|0x00000000fdf00000, 0x00000000fdf00000, 0x00000000fe000000|  0%| F|  |TAMS 0x00000000fdf00000, 0x00000000fdf00000| Untracked 
|  32|0x00000000fe000000, 0x00000000fe000000, 0x00000000fe100000|  0%| F|  |TAMS 0x00000000fe000000, 0x00000000fe000000| Untracked 
|  33|0x00000000fe100000, 0x00000000fe100000, 0x00000000fe200000|  0%| F|  |TAMS 0x00000000fe100000, 0x00000000fe100000| Untracked 
|  34|0x00000000fe200000, 0x00000000fe200000, 0x00000000fe300000|  0%| F|  |TAMS 0x00000000fe200000, 0x00000000fe200000| Untracked 
|  35|0x00000000fe300000, 0x00000000fe300000, 0x00000000fe400000|  0%| F|  |TAMS 0x00000000fe300000, 0x00000000fe300000| Untracked 
|  36|0x00000000fe400000, 0x00000000fe400000, 0x00000000fe500000|  0%| F|  |TAMS 0x00000000fe400000, 0x00000000fe400000| Untracked 
|  37|0x00000000fe500000, 0x00000000fe500000, 0x00000000fe600000|  0%| F|  |TAMS 0x00000000fe500000, 0x00000000fe500000| Untracked 
|  38|0x00000000fe600000, 0x00000000fe6459d8, 0x00000000fe700000| 27%| S|CS|TAMS 0x00000000fe600000, 0x00000000fe600000| Complete 
|  39|0x00000000fe700000, 0x00000000fe800000, 0x00000000fe800000|100%| S|CS|TAMS 0x00000000fe700000, 0x00000000fe700000| Complete 
|  40|0x00000000fe800000, 0x00000000fe900000, 0x00000000fe900000|100%| S|CS|TAMS 0x00000000fe800000, 0x00000000fe800000| Complete 
|  41|0x00000000fe900000, 0x00000000fe900000, 0x00000000fea00000|  0%| F|  |TAMS 0x00000000fe900000, 0x00000000fe900000| Untracked 
|  42|0x00000000fea00000, 0x00000000fea00000, 0x00000000feb00000|  0%| F|  |TAMS 0x00000000fea00000, 0x00000000fea00000| Untracked 
|  43|0x00000000feb00000, 0x00000000feb00000, 0x00000000fec00000|  0%| F|  |TAMS 0x00000000feb00000, 0x00000000feb00000| Untracked 
|  44|0x00000000fec00000, 0x00000000fec00000, 0x00000000fed00000|  0%| F|  |TAMS 0x00000000fec00000, 0x00000000fec00000| Untracked 
|  45|0x00000000fed00000, 0x00000000fed00000, 0x00000000fee00000|  0%| F|  |TAMS 0x00000000fed00000, 0x00000000fed00000| Untracked 
|  46|0x00000000fee00000, 0x00000000fee00000, 0x00000000fef00000|  0%| F|  |TAMS 0x00000000fee00000, 0x00000000fee00000| Untracked 
|  47|0x00000000fef00000, 0x00000000fef00000, 0x00000000ff000000|  0%| F|  |TAMS 0x00000000fef00000, 0x00000000fef00000| Untracked 
|  48|0x00000000ff000000, 0x00000000ff000000, 0x00000000ff100000|  0%| F|  |TAMS 0x00000000ff000000, 0x00000000ff000000| Untracked 
|  49|0x00000000ff100000, 0x00000000ff100000, 0x00000000ff200000|  0%| F|  |TAMS 0x00000000ff100000, 0x00000000ff100000| Untracked 
|  50|0x00000000ff200000, 0x00000000ff200000, 0x00000000ff300000|  0%| F|  |TAMS 0x00000000ff200000, 0x00000000ff200000| Untracked 
|  51|0x00000000ff300000, 0x00000000ff300000, 0x00000000ff400000|  0%| F|  |TAMS 0x00000000ff300000, 0x00000000ff300000| Untracked 
|  52|0x00000000ff400000, 0x00000000ff400000, 0x00000000ff500000|  0%| F|  |TAMS 0x00000000ff400000, 0x00000000ff400000| Untracked 
|  53|0x00000000ff500000, 0x00000000ff500000, 0x00000000ff600000|  0%| F|  |TAMS 0x00000000ff500000, 0x00000000ff500000| Untracked 
|  54|0x00000000ff600000, 0x00000000ff600000, 0x00000000ff700000|  0%| F|  |TAMS 0x00000000ff600000, 0x00000000ff600000| Untracked 
|  55|0x00000000ff700000, 0x00000000ff700000, 0x00000000ff800000|  0%| F|  |TAMS 0x00000000ff700000, 0x00000000ff700000| Untracked 
|  56|0x00000000ff800000, 0x00000000ff800000, 0x00000000ff900000|  0%| F|  |TAMS 0x00000000ff800000, 0x00000000ff800000| Untracked 
|  57|0x00000000ff900000, 0x00000000ff900000, 0x00000000ffa00000|  0%| F|  |TAMS 0x00000000ff900000, 0x00000000ff900000| Untracked 
|  58|0x00000000ffa00000, 0x00000000ffa00000, 0x00000000ffb00000|  0%| F|  |TAMS 0x00000000ffa00000, 0x00000000ffa00000| Untracked 
|  59|0x00000000ffb00000, 0x00000000ffb00000, 0x00000000ffc00000|  0%| F|  |TAMS 0x00000000ffb00000, 0x00000000ffb00000| Untracked 
|  60|0x00000000ffc00000, 0x00000000ffc00000, 0x00000000ffd00000|  0%| F|  |TAMS 0x00000000ffc00000, 0x00000000ffc00000| Untracked 
|  61|0x00000000ffd00000, 0x00000000ffd00000, 0x00000000ffe00000|  0%| F|  |TAMS 0x00000000ffd00000, 0x00000000ffd00000| Untracked 
|  62|0x00000000ffe00000, 0x00000000ffe00000, 0x00000000fff00000|  0%| F|  |TAMS 0x00000000ffe00000, 0x00000000ffe00000| Untracked 
|  63|0x00000000fff00000, 0x00000000fff9bed8, 0x0000000100000000| 60%| E|  |TAMS 0x00000000fff00000, 0x00000000fff00000| Complete 

Card table byte_map: [0x00000171fa160000,0x00000171fa180000] _byte_map_base: 0x00000171f9980000

Marking Bits (Prev, Next): (CMBitMap*) 0x00000171f0b49a00, (CMBitMap*) 0x00000171f0b49a40
 Prev Bits: [0x00000171fa1a0000, 0x00000171fa2a0000)
 Next Bits: [0x00000171fa2a0000, 0x00000171fa3a0000)

Polling page: 0x00000171f0c00000

Metaspace:

Usage:
  Non-class:      8.67 MB used.
      Class:      1.29 MB used.
       Both:      9.96 MB used.

Virtual space:
  Non-class space:       16.00 MB reserved,       8.81 MB ( 55%) committed,  2 nodes.
      Class space:        1.00 GB reserved,       1.38 MB ( <1%) committed,  1 nodes.
             Both:        1.02 GB reserved,      10.19 MB ( <1%) committed. 

Chunk freelists:
   Non-Class:  2.48 MB
       Class:  2.56 MB
        Both:  5.05 MB

MaxMetaspaceSize: unlimited
CompressedClassSpaceSize: 1.00 GB
Initial GC threshold: 21.00 MB
Current GC threshold: 21.00 MB
CDS: on
MetaspaceReclaimPolicy: balanced
 - commit_granule_bytes: 65536.
 - commit_granule_words: 8192.
 - virtual_space_node_default_size: 1048576.
 - enlarge_chunks_in_place: 1.
 - new_chunks_are_fully_committed: 0.
 - uncommit_free_chunks: 1.
 - use_allocation_guard: 0.
 - handle_deallocations: 1.


Internal statistics:

num_allocs_failed_limit: 0.
num_arena_births: 92.
num_arena_deaths: 0.
num_vsnodes_births: 3.
num_vsnodes_deaths: 0.
num_space_committed: 163.
num_space_uncommitted: 0.
num_chunks_returned_to_freelist: 0.
num_chunks_taken_from_freelist: 351.
num_chunk_merges: 0.
num_chunk_splits: 240.
num_chunks_enlarged: 198.
num_purges: 0.
num_inconsistent_stats: 0.

CodeHeap 'non-profiled nmethods': size=120000Kb used=665Kb max_used=665Kb free=119334Kb
 bounds [0x0000017187ad0000, 0x0000017187d40000, 0x000001718f000000]
CodeHeap 'profiled nmethods': size=120000Kb used=3491Kb max_used=3491Kb free=116508Kb
 bounds [0x00000171805a0000, 0x0000017180910000, 0x0000017187ad0000]
CodeHeap 'non-nmethods': size=5760Kb used=1195Kb max_used=1224Kb free=4564Kb
 bounds [0x0000017180000000, 0x0000017180270000, 0x00000171805a0000]
 total_blobs=2263 nmethods=1778 adapters=398
 compilation: enabled
              stopped_count=0, restarted_count=0
 full_count=0

Compilation events (20 events):
Event: 73.287 Thread 0x00000171fc902720 nmethod 1771 0x00000171808ffe90 code [0x0000017180900020, 0x0000017180900198]
Event: 73.527 Thread 0x00000171fc902720 1772       3       java.nio.Buffer::<init> (105 bytes)
Event: 73.528 Thread 0x00000171fc902720 nmethod 1772 0x0000017180900290 code [0x0000017180900540, 0x00000171809010b8]
Event: 73.798 Thread 0x00000171fc902720 1773       3       sun.nio.cs.SingleByte$Encoder::encodeArrayLoop (233 bytes)
Event: 73.800 Thread 0x00000171fc902720 nmethod 1773 0x0000017180901510 code [0x0000017180901a20, 0x0000017180904158]
Event: 73.801 Thread 0x00000171fc902720 1774       3       org.gradle.internal.logging.console.DefaultAnsiExecutor$AnsiContextImpl::a (234 bytes)
Event: 73.803 Thread 0x00000171fc902720 nmethod 1774 0x0000017180904f10 code [0x0000017180905240, 0x0000017180906658]
Event: 73.803 Thread 0x00000171fc902720 1775       3       org.fusesource.jansi.Ansi::a (15 bytes)
Event: 73.803 Thread 0x00000171fc902720 nmethod 1775 0x0000017180907210 code [0x00000171809073c0, 0x00000171809075b8]
Event: 73.803 Thread 0x00000171fc902720 1776       3       org.gradle.internal.logging.console.DefaultAnsiExecutor::access$200 (7 bytes)
Event: 73.803 Thread 0x00000171fc902720 nmethod 1776 0x0000017180907710 code [0x00000171809078c0, 0x0000017180907ad8]
Event: 73.806 Thread 0x00000171fc902160 1777       4       org.gradle.internal.logging.text.AbstractLineChoppingStyledTextOutput$StateContext::isCurrentCharEquals (70 bytes)
Event: 73.807 Thread 0x00000171fc902720 1778       3       java.lang.AbstractStringBuilder::append (54 bytes)
Event: 73.808 Thread 0x00000171fc902720 nmethod 1778 0x0000017180907c10 code [0x0000017180907e40, 0x00000171809087a8]
Event: 73.808 Thread 0x00000171fc902160 nmethod 1777 0x0000017187b75e10 code [0x0000017187b75fa0, 0x0000017187b760e8]
Event: 73.845 Thread 0x00000171fc902720 1779       3       java.nio.ByteBuffer::position (6 bytes)
Event: 73.845 Thread 0x00000171fc902720 nmethod 1779 0x0000017180908910 code [0x0000017180908ac0, 0x0000017180908c88]
Event: 73.845 Thread 0x00000171fc902160 1780       4       org.gradle.internal.logging.text.AbstractLineChoppingStyledTextOutput$StateContext::hasChar (25 bytes)
Event: 73.846 Thread 0x00000171fc902160 nmethod 1780 0x0000017187b76290 code [0x0000017187b76400, 0x0000017187b76498]
Event: 73.852 Thread 0x00000171fc902160 1781       4       org.gradle.internal.logging.text.AbstractLineChoppingStyledTextOutput$1::execute (9 bytes)

GC Heap History (6 events):
Event: 0.737 GC heap before
{Heap before GC invocations=0 (full 0):
 garbage-first heap   total 65536K, used 12288K [0x00000000fc000000, 0x0000000100000000)
  region size 1024K, 13 young (13312K), 0 survivors (0K)
 Metaspace       used 1826K, committed 1920K, reserved 1056768K
  class space    used 165K, committed 192K, reserved 1048576K
}
Event: 0.745 GC heap after
{Heap after GC invocations=1 (full 0):
 garbage-first heap   total 65536K, used 3574K [0x00000000fc000000, 0x0000000100000000)
  region size 1024K, 2 young (2048K), 2 survivors (2048K)
 Metaspace       used 1826K, committed 1920K, reserved 1056768K
  class space    used 165K, committed 192K, reserved 1048576K
}
Event: 1.706 GC heap before
{Heap before GC invocations=1 (full 0):
 garbage-first heap   total 65536K, used 23030K [0x00000000fc000000, 0x0000000100000000)
  region size 1024K, 18 young (18432K), 2 survivors (2048K)
 Metaspace       used 5277K, committed 5440K, reserved 1056768K
  class space    used 699K, committed 768K, reserved 1048576K
}
Event: 1.709 GC heap after
{Heap after GC invocations=2 (full 0):
 garbage-first heap   total 65536K, used 11138K [0x00000000fc000000, 0x0000000100000000)
  region size 1024K, 3 young (3072K), 3 survivors (3072K)
 Metaspace       used 5277K, committed 5440K, reserved 1056768K
  class space    used 699K, committed 768K, reserved 1048576K
}
Event: 72.858 GC heap before
{Heap before GC invocations=2 (full 0):
 garbage-first heap   total 65536K, used 31618K [0x00000000fc000000, 0x0000000100000000)
  region size 1024K, 23 young (23552K), 3 survivors (3072K)
 Metaspace       used 10151K, committed 10368K, reserved 1064960K
  class space    used 1314K, committed 1408K, reserved 1048576K
}
Event: 72.873 GC heap after
{Heap after GC invocations=3 (full 0):
 garbage-first heap   total 65536K, used 13357K [0x00000000fc000000, 0x0000000100000000)
  region size 1024K, 3 young (3072K), 3 survivors (3072K)
 Metaspace       used 10151K, committed 10368K, reserved 1064960K
  class space    used 1314K, committed 1408K, reserved 1048576K
}

Deoptimization events (20 events):
Event: 2.682 Thread 0x00000171fe18ad90 DEOPT PACKING pc=0x0000017187b0b8dc sp=0x0000005b5ddfeda0
Event: 2.682 Thread 0x00000171fe18ad90 DEOPT UNPACKING pc=0x0000017180055c23 sp=0x0000005b5ddfed30 mode 2
Event: 2.682 Thread 0x00000171fe18ad90 Uncommon trap: trap_request=0xffffff45 fr.pc=0x0000017187b30e38 relative=0x0000000000000418
Event: 2.682 Thread 0x00000171fe18ad90 Uncommon trap: reason=unstable_if action=reinterpret pc=0x0000017187b30e38 method=java.lang.AbstractStringBuilder.isLatin1()Z @ 10 c2
Event: 2.682 Thread 0x00000171fe18ad90 DEOPT PACKING pc=0x0000017187b30e38 sp=0x0000005b5ddfefd0
Event: 2.682 Thread 0x00000171fe18ad90 DEOPT UNPACKING pc=0x0000017180055c23 sp=0x0000005b5ddfef50 mode 2
Event: 8.431 Thread 0x00000171fe18ad90 Uncommon trap: trap_request=0xffffff45 fr.pc=0x0000017187adda00 relative=0x0000000000000080
Event: 8.431 Thread 0x00000171fe18ad90 Uncommon trap: reason=unstable_if action=reinterpret pc=0x0000017187adda00 method=java.lang.String.codePointAt(I)I @ 4 c2
Event: 8.431 Thread 0x00000171fe18ad90 DEOPT PACKING pc=0x0000017187adda00 sp=0x0000005b5ddfef50
Event: 8.431 Thread 0x00000171fe18ad90 DEOPT UNPACKING pc=0x0000017180055c23 sp=0x0000005b5ddfeee8 mode 2
Event: 8.437 Thread 0x00000171fe1dd050 Uncommon trap: trap_request=0xffffff45 fr.pc=0x0000017187b2e028 relative=0x0000000000000ee8
Event: 8.437 Thread 0x00000171fe1dd050 Uncommon trap: reason=unstable_if action=reinterpret pc=0x0000017187b2e028 method=java.util.concurrent.ConcurrentHashMap.putVal(Ljava/lang/Object;Ljava/lang/Object;Z)Ljava/lang/Object; @ 97 c2
Event: 8.437 Thread 0x00000171fe1dd050 DEOPT PACKING pc=0x0000017187b2e028 sp=0x0000005b5dffe280
Event: 8.437 Thread 0x00000171fe1dd050 DEOPT UNPACKING pc=0x0000017180055c23 sp=0x0000005b5dffe208 mode 2
Event: 8.438 Thread 0x00000171f0b2a3c0 DEOPT PACKING pc=0x0000017180835456 sp=0x0000005b5c5fc910
Event: 8.438 Thread 0x00000171f0b2a3c0 DEOPT UNPACKING pc=0x0000017180056763 sp=0x0000005b5c5fbdb0 mode 0
Event: 8.732 Thread 0x00000171f0b2a3c0 Uncommon trap: trap_request=0xffffff45 fr.pc=0x0000017187b1cb98 relative=0x0000000000000438
Event: 8.732 Thread 0x00000171f0b2a3c0 Uncommon trap: reason=unstable_if action=reinterpret pc=0x0000017187b1cb98 method=java.util.regex.Matcher.match(II)Z @ 76 c2
Event: 8.732 Thread 0x00000171f0b2a3c0 DEOPT PACKING pc=0x0000017187b1cb98 sp=0x0000005b5c5fbad0
Event: 8.732 Thread 0x00000171f0b2a3c0 DEOPT UNPACKING pc=0x0000017180055c23 sp=0x0000005b5c5fba88 mode 2

Classes unloaded (0 events):
No events

Classes redefined (0 events):
No events

Internal exceptions (20 events):
Event: 1.467 Thread 0x00000171f0b2a3c0 Exception <a 'java/lang/NoSuchMethodError'{0x00000000ff5aceb8}: 'java.lang.Object java.lang.invoke.Invokers$Holder.invoker(java.lang.Object, java.lang.Object, java.lang.Object)'> (0x00000000ff5aceb8) 
thrown [t:\workspace\open\src\hotspot\share\interpreter\linkResolver.cpp, line 766]
Event: 1.469 Thread 0x00000171f0b2a3c0 Exception <a 'java/lang/NoSuchMethodError'{0x00000000ff5b5f88}: 'java.lang.Object java.lang.invoke.DirectMethodHandle$Holder.invokeStatic(java.lang.Object, java.lang.Object, int)'> (0x00000000ff5b5f88) 
thrown [t:\workspace\open\src\hotspot\share\interpreter\linkResolver.cpp, line 766]
Event: 1.470 Thread 0x00000171f0b2a3c0 Exception <a 'java/lang/NoSuchMethodError'{0x00000000ff5c1c78}: 'void java.lang.invoke.DelegatingMethodHandle$Holder.delegate(java.lang.Object, java.lang.Object, int, java.lang.Object)'> (0x00000000ff5c1c78) 
thrown [t:\workspace\open\src\hotspot\share\interpreter\linkResolver.cpp, line 766]
Event: 1.471 Thread 0x00000171f0b2a3c0 Exception <a 'java/lang/NoSuchMethodError'{0x00000000ff5c5dc0}: 'int java.lang.invoke.DirectMethodHandle$Holder.invokeSpecial(java.lang.Object, java.lang.Object, java.lang.Object)'> (0x00000000ff5c5dc0) 
thrown [t:\workspace\open\src\hotspot\share\interpreter\linkResolver.cpp, line 766]
Event: 1.473 Thread 0x00000171f0b2a3c0 Exception <a 'java/lang/NoSuchMethodError'{0x00000000ff5d8f08}: 'java.lang.Object java.lang.invoke.Invokers$Holder.invokeExact_MT(java.lang.Object, java.lang.Object, java.lang.Object, java.lang.Object)'> (0x00000000ff5d8f08) 
thrown [t:\workspace\open\src\hotspot\share\interpreter\linkResolver.cpp, line 766]
Event: 1.735 Thread 0x00000171f0b2a3c0 Exception <a 'java/lang/NoSuchMethodError'{0x00000000ffff4628}: 'void java.lang.invoke.DirectMethodHandle$Holder.invokeSpecial(java.lang.Object, java.lang.Object, java.lang.Object)'> (0x00000000ffff4628) 
thrown [t:\workspace\open\src\hotspot\share\interpreter\linkResolver.cpp, line 766]
Event: 1.748 Thread 0x00000171f0b2a3c0 Implicit null exception at 0x0000017187b2b60a to 0x0000017187b2bb3c
Event: 1.748 Thread 0x00000171f0b2a3c0 Implicit null exception at 0x0000017187b1f18f to 0x0000017187b1f6d0
Event: 1.773 Thread 0x00000171f0b2a3c0 Exception <a 'java/lang/NoSuchMethodError'{0x00000000ffdb0a00}: 'java.lang.Object java.lang.invoke.DirectMethodHandle$Holder.invokeStaticInit(java.lang.Object)'> (0x00000000ffdb0a00) 
thrown [t:\workspace\open\src\hotspot\share\interpreter\linkResolver.cpp, line 766]
Event: 1.942 Thread 0x00000171f0b2a3c0 Exception <a 'java/lang/NoSuchMethodError'{0x00000000ff98a028}: 'java.lang.Object java.lang.invoke.DirectMethodHandle$Holder.invokeStaticInit(java.lang.Object, int, int, int, int)'> (0x00000000ff98a028) 
thrown [t:\workspace\open\src\hotspot\share\interpreter\linkResolver.cpp, line 766]
Event: 2.049 Thread 0x00000171f0b2a3c0 Exception <a 'java/lang/NoSuchMethodError'{0x00000000ff9b2000}: 'java.lang.Object java.lang.invoke.DirectMethodHandle$Holder.invokeStaticInit(java.lang.Object, java.lang.Object, int, int, int, int)'> (0x00000000ff9b2000) 
thrown [t:\workspace\open\src\hotspot\share\interpreter\linkResolver.cpp, line 766]
Event: 2.214 Thread 0x00000171f0b2a3c0 Exception <a 'java/lang/NoSuchMethodError'{0x00000000ff9f8f58}: 'void java.lang.invoke.DirectMethodHandle$Holder.invokeStatic(java.lang.Object, java.lang.Object, java.lang.Object)'> (0x00000000ff9f8f58) 
thrown [t:\workspace\open\src\hotspot\share\interpreter\linkResolver.cpp, line 766]
Event: 2.237 Thread 0x00000171f0b2a3c0 Implicit null exception at 0x0000017187b04e72 to 0x0000017187b054b4
Event: 2.237 Thread 0x00000171f0b2a3c0 Implicit null exception at 0x0000017187b0c7f2 to 0x0000017187b0ce4c
Event: 2.246 Thread 0x00000171f0b2a3c0 Exception <a 'java/net/ConnectException'{0x00000000ff8c4d38}: Connection refused: no further information> (0x00000000ff8c4d38) 
thrown [t:\workspace\open\src\hotspot\share\prims\jni.cpp, line 535]
Event: 2.609 Thread 0x00000171fe18ad90 Exception <a 'java/lang/NoSuchMethodError'{0x00000000ff0da440}: 'void java.lang.invoke.DirectMethodHandle$Holder.invokeStatic(java.lang.Object, long)'> (0x00000000ff0da440) 
thrown [t:\workspace\open\src\hotspot\share\interpreter\linkResolver.cpp, line 766]
Event: 2.610 Thread 0x00000171fe18ad90 Exception <a 'java/lang/NoSuchMethodError'{0x00000000ff0dfd98}: 'java.lang.Object java.lang.invoke.DirectMethodHandle$Holder.newInvokeSpecial(java.lang.Object, long)'> (0x00000000ff0dfd98) 
thrown [t:\workspace\open\src\hotspot\share\interpreter\linkResolver.cpp, line 766]
Event: 2.612 Thread 0x00000171fe18ad90 Exception <a 'java/lang/NoSuchMethodError'{0x00000000ff0ea940}: 'java.lang.Object java.lang.invoke.DirectMethodHandle$Holder.invokeStaticInit(java.lang.Object, java.lang.Object, long, java.lang.Object)'> (0x00000000ff0ea940) 
thrown [t:\workspace\open\src\hotspot\share\interpreter\linkResolver.cpp, line 766]
Event: 2.613 Thread 0x00000171fe18ad90 Exception <a 'java/lang/NoSuchMethodError'{0x00000000ff0f0fc8}: 'java.lang.Object java.lang.invoke.DirectMethodHandle$Holder.newInvokeSpecial(java.lang.Object, java.lang.Object, long)'> (0x00000000ff0f0fc8) 
thrown [t:\workspace\open\src\hotspot\share\interpreter\linkResolver.cpp, line 766]
Event: 2.614 Thread 0x00000171fe18ad90 Exception <a 'java/lang/NoSuchMethodError'{0x00000000ff0f52b8}: 'java.lang.Object java.lang.invoke.Invokers$Holder.linkToTargetMethod(java.lang.Object, long, java.lang.Object)'> (0x00000000ff0f52b8) 
thrown [t:\workspace\open\src\hotspot\share\interpreter\linkResolver.cpp, line 766]

VM Operations (20 events):
Event: 39.950 Executing VM operation: HandshakeAllThreads
Event: 39.950 Executing VM operation: HandshakeAllThreads done
Event: 40.960 Executing VM operation: Cleanup
Event: 40.960 Executing VM operation: Cleanup done
Event: 48.929 Executing VM operation: HandshakeAllThreads
Event: 48.930 Executing VM operation: HandshakeAllThreads done
Event: 48.930 Executing VM operation: Cleanup
Event: 48.930 Executing VM operation: Cleanup done
Event: 49.943 Executing VM operation: Cleanup
Event: 49.943 Executing VM operation: Cleanup done
Event: 51.964 Executing VM operation: Cleanup
Event: 51.964 Executing VM operation: Cleanup done
Event: 52.964 Executing VM operation: Cleanup
Event: 52.964 Executing VM operation: Cleanup done
Event: 54.981 Executing VM operation: Cleanup
Event: 54.981 Executing VM operation: Cleanup done
Event: 58.004 Executing VM operation: Cleanup
Event: 58.004 Executing VM operation: Cleanup done
Event: 72.858 Executing VM operation: G1CollectForAllocation
Event: 72.873 Executing VM operation: G1CollectForAllocation done

Events (20 events):
Event: 72.851 loading class jdk/internal/logger/LazyLoggers$1
Event: 72.851 loading class jdk/internal/logger/LazyLoggers$1 done
Event: 72.851 loading class jdk/internal/logger/LazyLoggers$LazyLoggerFactories
Event: 72.851 loading class jdk/internal/logger/LazyLoggers$LazyLoggerFactories done
Event: 72.852 loading class jdk/internal/logger/LoggerFinderLoader
Event: 72.853 loading class jdk/internal/logger/LoggerFinderLoader done
Event: 72.854 loading class sun/util/logging/internal/LoggingProviderImpl$JULWrapper
Event: 72.854 loading class sun/util/logging/PlatformLogger$ConfigurableBridge$LoggerConfiguration
Event: 72.854 loading class sun/util/logging/PlatformLogger$ConfigurableBridge$LoggerConfiguration done
Event: 72.854 loading class sun/util/logging/internal/LoggingProviderImpl$JULWrapper done
Event: 72.855 loading class java/io/ObjectInputFilter
Event: 72.855 loading class java/io/ObjectInputFilter done
Event: 72.856 loading class java/io/ObjectInputFilter$Config$BuiltinFilterFactory
Event: 72.856 loading class java/io/ObjectInputFilter$Config$BuiltinFilterFactory done
Event: 72.856 loading class jdk/internal/access/JavaObjectInputFilterAccess
Event: 72.856 loading class jdk/internal/access/JavaObjectInputFilterAccess done
Event: 72.874 loading class java/lang/System$Logger$Level
Event: 72.874 loading class java/lang/System$Logger$Level done
Event: 72.874 loading class java/io/Bits
Event: 72.875 loading class java/io/Bits done


Dynamic libraries:
0x00007ff602dc0000 - 0x00007ff602dd0000 	C:\Program Files\Java\jdk-17.0.1\bin\java.exe
0x00007ff91c150000 - 0x00007ff91c348000 	C:\Windows\SYSTEM32\ntdll.dll
0x00007ff91b4a0000 - 0x00007ff91b55d000 	C:\Windows\System32\KERNEL32.DLL
0x00007ff919d10000 - 0x00007ff91a006000 	C:\Windows\System32\KERNELBASE.dll
0x00007ff919a90000 - 0x00007ff919b90000 	C:\Windows\System32\ucrtbase.dll
0x00007ff8f5d30000 - 0x00007ff8f5d48000 	C:\Program Files\Java\jdk-17.0.1\bin\jli.dll
0x00007ff8fb900000 - 0x00007ff8fb91a000 	C:\Program Files\Java\jdk-17.0.1\bin\VCRUNTIME140.dll
0x00007ff91ab90000 - 0x00007ff91ac43000 	C:\Windows\System32\ADVAPI32.dll
0x00007ff91a880000 - 0x00007ff91a91e000 	C:\Windows\System32\msvcrt.dll
0x00007ff91be30000 - 0x00007ff91becf000 	C:\Windows\System32\sechost.dll
0x00007ff91afb0000 - 0x00007ff91b0d6000 	C:\Windows\System32\RPCRT4.dll
0x00007ff91a010000 - 0x00007ff91a037000 	C:\Windows\System32\bcrypt.dll
0x00007ff91b0e0000 - 0x00007ff91b27e000 	C:\Windows\System32\USER32.dll
0x00007ff919ce0000 - 0x00007ff919d02000 	C:\Windows\System32\win32u.dll
0x00007ff91b470000 - 0x00007ff91b49c000 	C:\Windows\System32\GDI32.dll
0x00007ff919890000 - 0x00007ff9199aa000 	C:\Windows\System32\gdi32full.dll
0x00007ff919b90000 - 0x00007ff919c2d000 	C:\Windows\System32\msvcp_win.dll
0x00007ff904fe0000 - 0x00007ff90527a000 	C:\Windows\WinSxS\amd64_microsoft.windows.common-controls_6595b64144ccf1df_6.0.19041.3636_none_60b6a03d71f818d5\COMCTL32.dll
0x00007ff9126d0000 - 0x00007ff9126da000 	C:\Windows\SYSTEM32\VERSION.dll
0x00007ff91bd20000 - 0x00007ff91bd50000 	C:\Windows\System32\IMM32.DLL
0x00007ff902870000 - 0x00007ff90287c000 	C:\Program Files\Java\jdk-17.0.1\bin\vcruntime140_1.dll
0x00007ff8da130000 - 0x00007ff8da1bd000 	C:\Program Files\Java\jdk-17.0.1\bin\msvcp140.dll
0x00007ff8acbb0000 - 0x00007ff8ad76e000 	C:\Program Files\Java\jdk-17.0.1\bin\server\jvm.dll
0x00007ff91a850000 - 0x00007ff91a858000 	C:\Windows\System32\PSAPI.DLL
0x00007ff8f51b0000 - 0x00007ff8f51b9000 	C:\Windows\SYSTEM32\WSOCK32.dll
0x00007ff902a80000 - 0x00007ff902aa7000 	C:\Windows\SYSTEM32\WINMM.dll
0x00007ff91b400000 - 0x00007ff91b46b000 	C:\Windows\System32\WS2_32.dll
0x00007ff918000000 - 0x00007ff918012000 	C:\Windows\SYSTEM32\kernel.appcore.dll
0x00007ff8ffa40000 - 0x00007ff8ffa4a000 	C:\Program Files\Java\jdk-17.0.1\bin\jimage.dll
0x00007ff917be0000 - 0x00007ff917dc4000 	C:\Windows\SYSTEM32\DBGHELP.DLL
0x00007ff905680000 - 0x00007ff9056b4000 	C:\Windows\SYSTEM32\dbgcore.DLL
0x00007ff919a00000 - 0x00007ff919a82000 	C:\Windows\System32\bcryptPrimitives.dll
0x00007ff8f0cc0000 - 0x00007ff8f0ce5000 	C:\Program Files\Java\jdk-17.0.1\bin\java.dll
0x00007ff8da050000 - 0x00007ff8da126000 	C:\Program Files\Java\jdk-17.0.1\bin\svml.dll
0x00007ff91b560000 - 0x00007ff91bca5000 	C:\Windows\System32\SHELL32.dll
0x00007ff917380000 - 0x00007ff917b1b000 	C:\Windows\SYSTEM32\windows.storage.dll
0x00007ff91ac50000 - 0x00007ff91afa4000 	C:\Windows\System32\combase.dll
0x00007ff919250000 - 0x00007ff91927d000 	C:\Windows\SYSTEM32\Wldp.dll
0x00007ff91a7a0000 - 0x00007ff91a84d000 	C:\Windows\System32\SHCORE.dll
0x00007ff91aaa0000 - 0x00007ff91aaf5000 	C:\Windows\System32\shlwapi.dll
0x00007ff919750000 - 0x00007ff919775000 	C:\Windows\SYSTEM32\profapi.dll
0x00007ff8f04a0000 - 0x00007ff8f04b9000 	C:\Program Files\Java\jdk-17.0.1\bin\net.dll
0x00007ff913d70000 - 0x00007ff913e7a000 	C:\Windows\SYSTEM32\WINHTTP.dll
0x00007ff918fb0000 - 0x00007ff91901a000 	C:\Windows\system32\mswsock.dll
0x00007ff8f01e0000 - 0x00007ff8f01f5000 	C:\Program Files\Java\jdk-17.0.1\bin\nio.dll
0x00007ff8ee3f0000 - 0x00007ff8ee408000 	C:\Program Files\Java\jdk-17.0.1\bin\zip.dll
0x00007ff8f5ea0000 - 0x00007ff8f5eb0000 	C:\Program Files\Java\jdk-17.0.1\bin\verify.dll
0x00007ff8dccd0000 - 0x00007ff8dccf7000 	C:\Users\91939\.gradle\native\68d5fa5c4cc2d200863cafc0d521ce42e7d3e7ee720ec0a83991735586a16f82\windows-amd64\native-platform.dll
0x00007ff8f5b40000 - 0x00007ff8f5b4a000 	C:\Users\91939\.gradle\native\jansi\1.18\windows64\jansi.dll
0x00007ff8f5e40000 - 0x00007ff8f5e49000 	C:\Program Files\Java\jdk-17.0.1\bin\management.dll
0x00007ff8f5e20000 - 0x00007ff8f5e2b000 	C:\Program Files\Java\jdk-17.0.1\bin\management_ext.dll
0x00007ff9191a0000 - 0x00007ff9191b8000 	C:\Windows\SYSTEM32\CRYPTSP.dll
0x00007ff918870000 - 0x00007ff9188a4000 	C:\Windows\system32\rsaenh.dll
0x00007ff9196d0000 - 0x00007ff9196fe000 	C:\Windows\SYSTEM32\USERENV.dll
0x00007ff9191c0000 - 0x00007ff9191cc000 	C:\Windows\SYSTEM32\CRYPTBASE.dll
0x00007ff918c50000 - 0x00007ff918c8b000 	C:\Windows\SYSTEM32\IPHLPAPI.DLL
0x00007ff91bcb0000 - 0x00007ff91bcb8000 	C:\Windows\System32\NSI.dll
0x00007ff90b220000 - 0x00007ff90b237000 	C:\Windows\SYSTEM32\dhcpcsvc6.DLL
0x00007ff90ba40000 - 0x00007ff90ba5d000 	C:\Windows\SYSTEM32\dhcpcsvc.DLL
0x00007ff918ca0000 - 0x00007ff918d6a000 	C:\Windows\SYSTEM32\DNSAPI.dll
0x00007ff8f5b20000 - 0x00007ff8f5b2e000 	C:\Program Files\Java\jdk-17.0.1\bin\sunmscapi.dll
0x00007ff91a040000 - 0x00007ff91a19d000 	C:\Windows\System32\CRYPT32.dll
0x00007ff9192c0000 - 0x00007ff9192e8000 	C:\Windows\SYSTEM32\ncrypt.dll
0x00007ff919280000 - 0x00007ff9192bb000 	C:\Windows\SYSTEM32\NTASN1.dll
0x00007ff8f5aa0000 - 0x00007ff8f5aa7000 	C:\Windows\system32\wshunix.dll

dbghelp: loaded successfully - version: 4.0.5 - missing functions: none
symbol engine: initialized successfully - sym options: 0x614 - pdb path: .;C:\Program Files\Java\jdk-17.0.1\bin;C:\Windows\SYSTEM32;C:\Windows\WinSxS\amd64_microsoft.windows.common-controls_6595b64144ccf1df_6.0.19041.3636_none_60b6a03d71f818d5;C:\Program Files\Java\jdk-17.0.1\bin\server;C:\Users\91939\.gradle\native\68d5fa5c4cc2d200863cafc0d521ce42e7d3e7ee720ec0a83991735586a16f82\windows-amd64;C:\Users\91939\.gradle\native\jansi\1.18\windows64

VM Arguments:
jvm_args: -Xmx64m -Xms64m -Dorg.gradle.appname=gradlew 
java_command: org.gradle.wrapper.GradleWrapperMain app:installDebug -PreactNativeDevServerPort=8081
java_class_path (initial): C:\Users\91939\Desktop\apps\HighBro\android\\gradle\wrapper\gradle-wrapper.jar
Launcher Type: SUN_STANDARD

[Global flags]
     intx CICompilerCount                          = 3                                         {product} {ergonomic}
     uint ConcGCThreads                            = 1                                         {product} {ergonomic}
     uint G1ConcRefinementThreads                  = 4                                         {product} {ergonomic}
   size_t G1HeapRegionSize                         = 1048576                                   {product} {ergonomic}
    uintx GCDrainStackTargetSize                   = 64                                        {product} {ergonomic}
   size_t InitialHeapSize                          = 67108864                                  {product} {command line}
   size_t MarkStackSize                            = 4194304                                   {product} {ergonomic}
   size_t MaxHeapSize                              = 67108864                                  {product} {command line}
   size_t MaxNewSize                               = 39845888                                  {product} {ergonomic}
   size_t MinHeapDeltaBytes                        = 1048576                                   {product} {ergonomic}
   size_t MinHeapSize                              = 67108864                                  {product} {command line}
    uintx NonNMethodCodeHeapSize                   = 5832780                                {pd product} {ergonomic}
    uintx NonProfiledCodeHeapSize                  = 122912730                              {pd product} {ergonomic}
    uintx ProfiledCodeHeapSize                     = 122912730                              {pd product} {ergonomic}
    uintx ReservedCodeCacheSize                    = 251658240                              {pd product} {ergonomic}
     bool SegmentedCodeCache                       = true                                      {product} {ergonomic}
   size_t SoftMaxHeapSize                          = 67108864                               {manageable} {ergonomic}
     bool UseCompressedClassPointers               = true                           {product lp64_product} {ergonomic}
     bool UseCompressedOops                        = true                           {product lp64_product} {ergonomic}
     bool UseG1GC                                  = true                                      {product} {ergonomic}
     bool UseLargePagesIndividualAllocation        = false                                  {pd product} {ergonomic}

Logging:
Log output configuration:
 #0: stdout all=warning uptime,level,tags
 #1: stderr all=off uptime,level,tags

Environment Variables:
JAVA_HOME=C:\Program Files\Java\jdk-17.0.1
CLASSPATH=C:\Users\91939\Desktop\apps\HighBro\android\\gradle\wrapper\gradle-wrapper.jar
PATH=C:\Users\91939\Desktop\apps\HighBro\node_modules\.bin;C:\Users\91939\Desktop\apps\HighBro\node_modules\.bin;C:\Users\91939\Desktop\apps\node_modules\.bin;C:\Users\91939\Desktop\node_modules\.bin;C:\Users\91939\node_modules\.bin;C:\Users\node_modules\.bin;C:\node_modules\.bin;C:\Users\91939\AppData\Roaming\npm\node_modules\npm\node_modules\@npmcli\run-script\lib\node-gyp-bin;C:\Program Files\Common Files\Oracle\Java\javapath;C:\Program Files (x86)\Common Files\Intel\Shared Libraries\redist\intel64\compiler;C:\Windows\system32;C:\Windows;C:\Windows\System32\Wbem;C:\Windows\System32\WindowsPowerShell\v1.0\;C:\Windows\System32\OpenSSH\;C:\MinGW\bin;C:\Program Files\Git\cmd;C:\Program Files\Docker\Docker\resources\bin;C:\ProgramData\DockerDesktop\version-bin;C:\Users\91939\AppData\Local\Android\Sdk\platform-tools;C:\ProgramData\chocolatey\bin;C:\Program Files\nodejs\;C:\Users\91939\AppData\Local\Android\Sdk;C:\Users\91939\flutter\bin;%PNPM_HOME%;C:\Users\91939\AppData\Local\Programs\Python\Python310\Scripts\;C:\Users\91939\AppData\Local\Programs\Python\Python310\;C:\Users\91939\AppData\Local\Microsoft\WindowsApps;C:\Program Files\JetBrains\IntelliJ IDEA Community Edition 2021.2.3\bin;;C:\Users\91939\AppData\Local\GitHubDesktop\bin;C:\Users\91939\Dropbox\My PC (LAPTOP-JH16H4DN)\Downloads\Setup\apache-maven-3.8.6\bin;C:\flutter\bin;C:\Users\91939\AppData\Local\Programs\Microsoft VS Code\bin;C:\Users\91939\AppData\Roaming\npm;C:\Users\91939\AppData\Local\Android\Sdk;C:\Users\91939\AppData\Local\Android\Sdk\platform-tools;C:\Users\91939\AppData\Local\Android\Sdk\emulator;C:\Users\91939\AppData\Local\Android\Sdk\tools;C:\Users\91939\AppData\Local\Android\Sdk\tools\bin;C:\Program Files (x86)\MongoDB\Server\6.0\bin;C:\Program Files (x86)\MongoDB\Server\6.0\bin;C:\Program Files\MongoDB\Server\6.0\bin;C:\Users\91939\flutter\bin;
USERNAME=91939
LANG=en_US.UTF-8
OS=Windows_NT
PROCESSOR_IDENTIFIER=Intel64 Family 6 Model 140 Stepping 1, GenuineIntel



---------------  S Y S T E M  ---------------

OS:
 Windows 10 , 64 bit Build 19041 (10.0.19041.3636)
OS uptime: 0 days 20:09 hours
Hyper-V role detected

CPU: total 4 (initial active 4) (2 cores per cpu, 2 threads per core) family 6 model 140 stepping 1 microcode 0x86, cx8, cmov, fxsr, ht, mmx, 3dnowpref, sse, sse2, sse3, ssse3, sse4.1, sse4.2, popcnt, lzcnt, tsc, tscinvbit, avx, avx2, aes, erms, clmul, bmi1, bmi2, adx, avx512f, avx512dq, avx512cd, avx512bw, avx512vl, sha, fma, vzeroupper, avx512_vpopcntdq, avx512_vpclmulqdq, avx512_vaes, avx512_vnni, clflush, clflushopt, clwb, avx512_vbmi2, avx512_vbmi, hv

Memory: 4k page, system-wide physical 7886M (275M free)
TotalPageFile size 19886M (AvailPageFile size 193M)
current process WorkingSet (physical memory assigned to process): 67M, peak: 88M
current process commit charge ("private bytes"): 157M, peak: 159M

vm_info: Java HotSpot(TM) 64-Bit Server VM (17.0.1+12-LTS-39) for windows-amd64 JRE (17.0.1+12-LTS-39), built on Sep 27 2021 18:41:35 by "mach5one" with MS VC++ 16.8 (VS2019)

END.
