#
# There is insufficient memory for the Java Runtime Environment to continue.
# Native memory allocation (mmap) failed to map 65536 bytes for Failed to commit metaspace.
# Possible reasons:
#   The system is out of physical RAM or swap space
#   The process is running with CompressedOops enabled, and the Java Heap may be blocking the growth of the native heap
# Possible solutions:
#   Reduce memory load on the system
#   Increase physical memory or swap space
#   Check if swap backing store is full
#   Decrease Java heap size (-Xmx/-Xms)
#   Decrease Java thread stack sizes (-Xss)
#   Set larger code cache with -XX:ReservedCodeCacheSize=
#   JVM is running with Unscaled Compressed Oops mode in which the Java heap is
#     placed in the first 4GB address space. The Java Heap base address is the
#     maximum limit for the native heap growth. Please use -XX:HeapBaseMinAddress
#     to set the Java Heap base and to place the Java Heap above 4GB virtual address.
# This output file may be truncated or incomplete.
#
#  Out of Memory Error (virtualSpaceNode.cpp:110), pid=23836, tid=24656
#
# JRE version: Java(TM) SE Runtime Environment (17.0.1+12) (build 17.0.1+12-LTS-39)
# Java VM: Java HotSpot(TM) 64-Bit Server VM (17.0.1+12-LTS-39, mixed mode, sharing, tiered, compressed oops, compressed class ptrs, g1 gc, windows-amd64)
# No core dump will be written. Minidumps are not enabled by default on client versions of Windows
#

---------------  S U M M A R Y ------------

Command Line: -XX:MaxMetaspaceSize=512m --add-opens=java.base/java.util=ALL-UNNAMED --add-opens=java.base/java.lang=ALL-UNNAMED --add-opens=java.base/java.lang.invoke=ALL-UNNAMED --add-opens=java.prefs/java.util.prefs=ALL-UNNAMED --add-opens=java.base/java.nio.charset=ALL-UNNAMED --add-opens=java.base/java.net=ALL-UNNAMED --add-opens=java.base/java.util.concurrent.atomic=ALL-UNNAMED -Xmx2048m -Dfile.encoding=windows-1252 -Duser.country=IN -Duser.language=en -Duser.variant -javaagent:C:\Users\91939\.gradle\wrapper\dists\gradle-8.7-bin\bhs2wmbdwecv87pi65oeuq5iu\gradle-8.7\lib\agents\gradle-instrumentation-agent-8.7.jar org.gradle.launcher.daemon.bootstrap.GradleDaemon 8.7

Host: 11th Gen Intel(R) Core(TM) i3-1115G4 @ 3.00GHz, 4 cores, 7G,  Windows 10 , 64 bit Build 19041 (10.0.19041.3636)
Time: Mon Jun  3 21:17:05 2024 India Standard Time elapsed time: 13.889247 seconds (0d 0h 0m 13s)

---------------  T H R E A D  ---------------

Current thread (0x000001a783275da0):  JavaThread "Daemon worker" [_thread_in_vm, id=24656, stack(0x0000002430000000,0x0000002430100000)]

Stack: [0x0000002430000000,0x0000002430100000]
Native frames: (J=compiled Java code, j=interpreted, Vv=VM code, C=native code)
V  [jvm.dll+0x66fa1a]
V  [jvm.dll+0x7ce5a4]
V  [jvm.dll+0x7cfd4e]
V  [jvm.dll+0x7d03b3]
V  [jvm.dll+0x242b05]
V  [jvm.dll+0x7ca54b]
V  [jvm.dll+0x615b76]
V  [jvm.dll+0x1be19e]
V  [jvm.dll+0x6184b1]
V  [jvm.dll+0x616516]
V  [jvm.dll+0x627149]
V  [jvm.dll+0x620454]
V  [jvm.dll+0x37b831]
C  0x000001a7eb03c727

Java frames: (J=compiled Java code, j=interpreted, Vv=VM code)
j  com.google.common.cache.LocalCache$Segment.<init>(Lcom/google/common/cache/LocalCache;IJLcom/google/common/cache/AbstractCache$StatsCounter;)V+0
j  com.google.common.cache.LocalCache.createSegment(IJLcom/google/common/cache/AbstractCache$StatsCounter;)Lcom/google/common/cache/LocalCache$Segment;+9
j  com.google.common.cache.LocalCache.<init>(Lcom/google/common/cache/CacheBuilder;Lcom/google/common/cache/CacheLoader;)V+403
j  com.google.common.cache.LocalCache$LocalManualCache.<init>(Lcom/google/common/cache/CacheBuilder;)V+7
j  com.google.common.cache.CacheBuilder.build()Lcom/google/common/cache/Cache;+13
j  org.gradle.api.tasks.util.internal.CachingPatternSpecFactory.<init>()V+33
j  org.gradle.internal.service.scopes.GlobalScopeServices.createPatternSpecFactory(Lorg/gradle/internal/event/ListenerManager;)Lorg/gradle/api/tasks/util/internal/PatternSpecFactory;+4
v  ~StubRoutines::call_stub
j  jdk.internal.reflect.NativeMethodAccessorImpl.invoke0(Ljava/lang/reflect/Method;Ljava/lang/Object;[Ljava/lang/Object;)Ljava/lang/Object;+0 java.base@17.0.1
j  jdk.internal.reflect.NativeMethodAccessorImpl.invoke(Ljava/lang/Object;[Ljava/lang/Object;)Ljava/lang/Object;+133 java.base@17.0.1
J 1810 c1 jdk.internal.reflect.DelegatingMethodAccessorImpl.invoke(Ljava/lang/Object;[Ljava/lang/Object;)Ljava/lang/Object; java.base@17.0.1 (10 bytes) @ 0x000001a7eb96aac4 [0x000001a7eb96a9c0+0x0000000000000104]
J 1809 c1 java.lang.reflect.Method.invoke(Ljava/lang/Object;[Ljava/lang/Object;)Ljava/lang/Object; java.base@17.0.1 (65 bytes) @ 0x000001a7eb96a544 [0x000001a7eb96a200+0x0000000000000344]
j  org.gradle.internal.reflect.JavaMethod.invoke(Ljava/lang/Object;[Ljava/lang/Object;)Ljava/lang/Object;+6
j  org.gradle.internal.service.ReflectionBasedServiceMethod.invoke(Ljava/lang/Object;[Ljava/lang/Object;)Ljava/lang/Object;+6
j  org.gradle.internal.service.DefaultServiceRegistry$FactoryMethodService.invokeMethod([Ljava/lang/Object;)Ljava/lang/Object;+9
j  org.gradle.internal.service.DefaultServiceRegistry$FactoryService.createServiceInstance()Ljava/lang/Object;+7
j  org.gradle.internal.service.DefaultServiceRegistry$ManagedObjectServiceProvider.getInstance()Ljava/lang/Object;+24
j  org.gradle.internal.service.DefaultServiceRegistry$SingletonService.get()Ljava/lang/Object;+1
j  org.gradle.internal.service.DefaultServiceRegistry$FactoryService.assembleParameters()[Ljava/lang/Object;+44
j  org.gradle.internal.service.DefaultServiceRegistry$FactoryService.createServiceInstance()Ljava/lang/Object;+1
j  org.gradle.internal.service.DefaultServiceRegistry$ManagedObjectServiceProvider.getInstance()Ljava/lang/Object;+24
j  org.gradle.internal.service.DefaultServiceRegistry$SingletonService.get()Ljava/lang/Object;+1
j  org.gradle.internal.service.DefaultServiceRegistry$FactoryService.assembleParameters()[Ljava/lang/Object;+44
j  org.gradle.internal.service.DefaultServiceRegistry$FactoryService.createServiceInstance()Ljava/lang/Object;+1
j  org.gradle.internal.service.DefaultServiceRegistry$ManagedObjectServiceProvider.getInstance()Ljava/lang/Object;+24
j  org.gradle.internal.service.DefaultServiceRegistry$SingletonService.get()Ljava/lang/Object;+1
j  org.gradle.internal.service.DefaultServiceRegistry$FactoryService.assembleParameters()[Ljava/lang/Object;+44
j  org.gradle.internal.service.DefaultServiceRegistry$FactoryService.createServiceInstance()Ljava/lang/Object;+1
j  org.gradle.internal.service.DefaultServiceRegistry$ManagedObjectServiceProvider.getInstance()Ljava/lang/Object;+24
j  org.gradle.internal.service.DefaultServiceRegistry$SingletonService.get()Ljava/lang/Object;+1
j  org.gradle.internal.service.DefaultServiceRegistry$FactoryService.assembleParameters()[Ljava/lang/Object;+44
j  org.gradle.internal.service.DefaultServiceRegistry$FactoryService.createServiceInstance()Ljava/lang/Object;+1
j  org.gradle.internal.service.DefaultServiceRegistry$ManagedObjectServiceProvider.getInstance()Ljava/lang/Object;+24
j  org.gradle.internal.service.DefaultServiceRegistry$SingletonService.get()Ljava/lang/Object;+1
j  org.gradle.internal.service.DefaultServiceRegistry.applyConfigureMethod(Lorg/gradle/internal/service/ServiceMethod;Ljava/lang/Object;)V+125
j  org.gradle.internal.service.DefaultServiceRegistry.findProviderMethods(Ljava/lang/Object;)V+196
j  org.gradle.internal.service.DefaultServiceRegistry.addProvider(Ljava/lang/Object;)Lorg/gradle/internal/service/DefaultServiceRegistry;+6
j  org.gradle.internal.service.DefaultServiceRegistry$1.addProvider(Ljava/lang/Object;)V+5
j  org.gradle.internal.service.scopes.GradleUserHomeScopeServices.configure(Lorg/gradle/internal/service/ServiceRegistration;)V+13
j  java.lang.invoke.DirectMethodHandle$Holder.invokeVirtual(Ljava/lang/Object;Ljava/lang/Object;Ljava/lang/Object;)V+11 java.base@17.0.1
j  java.lang.invoke.LambdaForm$MH+0x0000000800c2ac00.invoke(Ljava/lang/Object;Ljava/lang/Object;)Ljava/lang/Object;+39 java.base@17.0.1
j  java.lang.invoke.LambdaForm$MH+0x0000000800c2a000.invoke(Ljava/lang/Object;Ljava/lang/Object;Ljava/lang/Object;)Ljava/lang/Object;+45 java.base@17.0.1
j  java.lang.invoke.LambdaForm$MH+0x0000000800c2b000.invokeExact_MT(Ljava/lang/Object;Ljava/lang/Object;Ljava/lang/Object;Ljava/lang/Object;)Ljava/lang/Object;+20 java.base@17.0.1
j  java.lang.invoke.MethodHandle.invokeWithArguments([Ljava/lang/Object;)Ljava/lang/Object;+28 java.base@17.0.1
j  org.gradle.internal.service.MethodHandleBasedServiceMethod.invoke(Ljava/lang/Object;[Ljava/lang/Object;)Ljava/lang/Object;+9
j  org.gradle.internal.service.DefaultServiceRegistry.applyConfigureMethod(Lorg/gradle/internal/service/ServiceMethod;Ljava/lang/Object;)V+140
j  org.gradle.internal.service.DefaultServiceRegistry.findProviderMethods(Ljava/lang/Object;)V+196
j  org.gradle.internal.service.DefaultServiceRegistry.addProvider(Ljava/lang/Object;)Lorg/gradle/internal/service/DefaultServiceRegistry;+6
j  org.gradle.internal.service.ServiceRegistryBuilder.build()Lorg/gradle/internal/service/ServiceRegistry;+86
j  org.gradle.internal.service.scopes.DefaultGradleUserHomeScopeServiceRegistry.getServicesFor(Ljava/io/File;)Lorg/gradle/internal/service/ServiceRegistry;+152
j  org.gradle.internal.session.BuildSessionState.<init>(Lorg/gradle/internal/service/scopes/GradleUserHomeScopeServiceRegistry;Lorg/gradle/internal/session/CrossBuildSessionState;Lorg/gradle/api/internal/StartParameterInternal;Lorg/gradle/initialization/BuildRequestMetaData;Lorg/gradle/internal/classpath/ClassPath;Lorg/gradle/initialization/BuildCancellationToken;Lorg/gradle/initialization/BuildClientMetaData;Lorg/gradle/initialization/BuildEventConsumer;)V+15
j  org.gradle.tooling.internal.provider.BuildSessionLifecycleBuildActionExecuter.execute(Lorg/gradle/internal/invocation/BuildAction;Lorg/gradle/launcher/exec/BuildActionParameters;Lorg/gradle/initialization/BuildRequestContext;)Lorg/gradle/launcher/exec/BuildActionResult;+86
j  org.gradle.tooling.internal.provider.BuildSessionLifecycleBuildActionExecuter.execute(Lorg/gradle/internal/invocation/BuildAction;Ljava/lang/Object;Ljava/lang/Object;)Lorg/gradle/launcher/exec/BuildActionResult;+10
j  org.gradle.tooling.internal.provider.StartParamsValidatingActionExecuter.execute(Lorg/gradle/internal/invocation/BuildAction;Lorg/gradle/launcher/exec/BuildActionParameters;Lorg/gradle/initialization/BuildRequestContext;)Lorg/gradle/launcher/exec/BuildActionResult;+203
j  org.gradle.tooling.internal.provider.StartParamsValidatingActionExecuter.execute(Lorg/gradle/internal/invocation/BuildAction;Ljava/lang/Object;Ljava/lang/Object;)Lorg/gradle/launcher/exec/BuildActionResult;+10
j  org.gradle.tooling.internal.provider.SessionFailureReportingActionExecuter.execute(Lorg/gradle/internal/invocation/BuildAction;Lorg/gradle/launcher/exec/BuildActionParameters;Lorg/gradle/initialization/BuildRequestContext;)Lorg/gradle/launcher/exec/BuildActionResult;+7
j  org.gradle.tooling.internal.provider.SessionFailureReportingActionExecuter.execute(Lorg/gradle/internal/invocation/BuildAction;Ljava/lang/Object;Ljava/lang/Object;)Lorg/gradle/launcher/exec/BuildActionResult;+10
j  org.gradle.tooling.internal.provider.SetupLoggingActionExecuter.execute(Lorg/gradle/internal/invocation/BuildAction;Lorg/gradle/launcher/exec/BuildActionParameters;Lorg/gradle/initialization/BuildRequestContext;)Lorg/gradle/launcher/exec/BuildActionResult;+50
j  org.gradle.tooling.internal.provider.SetupLoggingActionExecuter.execute(Lorg/gradle/internal/invocation/BuildAction;Ljava/lang/Object;Ljava/lang/Object;)Lorg/gradle/launcher/exec/BuildActionResult;+10
j  org.gradle.launcher.daemon.server.exec.ExecuteBuild.doBuild(Lorg/gradle/launcher/daemon/server/api/DaemonCommandExecution;Lorg/gradle/launcher/daemon/protocol/Build;)V+117
j  org.gradle.launcher.daemon.server.exec.BuildCommandOnly.execute(Lorg/gradle/launcher/daemon/server/api/DaemonCommandExecution;)V+49
j  org.gradle.launcher.daemon.server.api.DaemonCommandExecution.proceed()Z+23
j  org.gradle.launcher.daemon.server.exec.WatchForDisconnection.execute(Lorg/gradle/launcher/daemon/server/api/DaemonCommandExecution;)V+19
j  org.gradle.launcher.daemon.server.api.DaemonCommandExecution.proceed()Z+23
j  org.gradle.launcher.daemon.server.exec.ResetDeprecationLogger.execute(Lorg/gradle/launcher/daemon/server/api/DaemonCommandExecution;)V+7
j  org.gradle.launcher.daemon.server.api.DaemonCommandExecution.proceed()Z+23
j  org.gradle.launcher.daemon.server.exec.RequestStopIfSingleUsedDaemon.execute(Lorg/gradle/launcher/daemon/server/api/DaemonCommandExecution;)V+33
j  org.gradle.launcher.daemon.server.api.DaemonCommandExecution.proceed()Z+23
j  org.gradle.launcher.daemon.server.exec.ForwardClientInput$2.create()Ljava/lang/Void;+4
j  org.gradle.launcher.daemon.server.exec.ForwardClientInput$2.create()Ljava/lang/Object;+1
j  org.gradle.util.internal.Swapper.swap(Ljava/lang/Object;Lorg/gradle/internal/Factory;)Ljava/lang/Object;+21
j  org.gradle.launcher.daemon.server.exec.ForwardClientInput.execute(Lorg/gradle/launcher/daemon/server/api/DaemonCommandExecution;)V+63
j  org.gradle.launcher.daemon.server.api.DaemonCommandExecution.proceed()Z+23
j  org.gradle.launcher.daemon.server.exec.LogAndCheckHealth.execute(Lorg/gradle/launcher/daemon/server/api/DaemonCommandExecution;)V+51
j  org.gradle.launcher.daemon.server.api.DaemonCommandExecution.proceed()Z+23
j  org.gradle.launcher.daemon.server.exec.LogToClient.doBuild(Lorg/gradle/launcher/daemon/server/api/DaemonCommandExecution;Lorg/gradle/launcher/daemon/protocol/Build;)V+87
j  org.gradle.launcher.daemon.server.exec.BuildCommandOnly.execute(Lorg/gradle/launcher/daemon/server/api/DaemonCommandExecution;)V+49
j  org.gradle.launcher.daemon.server.api.DaemonCommandExecution.proceed()Z+23
j  org.gradle.launcher.daemon.server.exec.EstablishBuildEnvironment.doBuild(Lorg/gradle/launcher/daemon/server/api/DaemonCommandExecution;Lorg/gradle/launcher/daemon/protocol/Build;)V+356
j  org.gradle.launcher.daemon.server.exec.BuildCommandOnly.execute(Lorg/gradle/launcher/daemon/server/api/DaemonCommandExecution;)V+49
j  org.gradle.launcher.daemon.server.api.DaemonCommandExecution.proceed()Z+23
j  org.gradle.launcher.daemon.server.exec.StartBuildOrRespondWithBusy$1.run()V+44
j  org.gradle.launcher.daemon.server.DaemonStateCoordinator$1.run()V+4
j  org.gradle.internal.concurrent.ExecutorPolicy$CatchAndRecordFailures.onExecute(Ljava/lang/Runnable;)V+1
j  org.gradle.internal.concurrent.AbstractManagedExecutor$1.run()V+25
j  java.util.concurrent.ThreadPoolExecutor.runWorker(Ljava/util/concurrent/ThreadPoolExecutor$Worker;)V+92 java.base@17.0.1
j  java.util.concurrent.ThreadPoolExecutor$Worker.run()V+5 java.base@17.0.1
j  java.lang.Thread.run()V+11 java.base@17.0.1
v  ~StubRoutines::call_stub

---------------  P R O C E S S  ---------------

Threads class SMR info:
_java_thread_list=0x000001a7829c6e70, length=22, elements={
0x000001a7e382df00, 0x000001a7ff0a3970, 0x000001a7ff0a4430, 0x000001a7ff0b5330,
0x000001a7ff0b5df0, 0x000001a7ff0bb7e0, 0x000001a7ff0bc0a0, 0x000001a7ff0bcd40,
0x000001a7ff0c56f0, 0x000001a7ff0e8010, 0x000001a7ffc48110, 0x000001a7ffd21720,
0x000001a7e383d110, 0x000001a7830e5430, 0x000001a782b66750, 0x000001a782512cd0,
0x000001a7828e31f0, 0x000001a783429840, 0x000001a783275da0, 0x000001a78272a530,
0x000001a78272b3a0, 0x000001a78272d080
}

Java Threads: ( => current thread )
  0x000001a7e382df00 JavaThread "main" [_thread_blocked, id=25580, stack(0x000000242e400000,0x000000242e500000)]
  0x000001a7ff0a3970 JavaThread "Reference Handler" daemon [_thread_blocked, id=24756, stack(0x000000242eb00000,0x000000242ec00000)]
  0x000001a7ff0a4430 JavaThread "Finalizer" daemon [_thread_blocked, id=14276, stack(0x000000242ec00000,0x000000242ed00000)]
  0x000001a7ff0b5330 JavaThread "Signal Dispatcher" daemon [_thread_blocked, id=20036, stack(0x000000242ed00000,0x000000242ee00000)]
  0x000001a7ff0b5df0 JavaThread "Attach Listener" daemon [_thread_blocked, id=4084, stack(0x000000242ee00000,0x000000242ef00000)]
  0x000001a7ff0bb7e0 JavaThread "Service Thread" daemon [_thread_blocked, id=20064, stack(0x000000242ef00000,0x000000242f000000)]
  0x000001a7ff0bc0a0 JavaThread "Monitor Deflation Thread" daemon [_thread_blocked, id=25456, stack(0x000000242f000000,0x000000242f100000)]
  0x000001a7ff0bcd40 JavaThread "C2 CompilerThread0" daemon [_thread_blocked, id=25168, stack(0x000000242f100000,0x000000242f200000)]
  0x000001a7ff0c56f0 JavaThread "C1 CompilerThread0" daemon [_thread_blocked, id=20280, stack(0x000000242f200000,0x000000242f300000)]
  0x000001a7ff0e8010 JavaThread "Sweeper thread" daemon [_thread_blocked, id=5828, stack(0x000000242f300000,0x000000242f400000)]
  0x000001a7ffc48110 JavaThread "Common-Cleaner" daemon [_thread_blocked, id=10024, stack(0x000000242f400000,0x000000242f500000)]
  0x000001a7ffd21720 JavaThread "Notification Thread" daemon [_thread_blocked, id=5720, stack(0x000000242f500000,0x000000242f600000)]
  0x000001a7e383d110 JavaThread "Daemon health stats" [_thread_blocked, id=19948, stack(0x000000242fa00000,0x000000242fb00000)]
  0x000001a7830e5430 JavaThread "Incoming local TCP Connector on port 54279" [_thread_in_native, id=23952, stack(0x000000242fb00000,0x000000242fc00000)]
  0x000001a782b66750 JavaThread "Daemon periodic checks" [_thread_blocked, id=20600, stack(0x000000242fc00000,0x000000242fd00000)]
  0x000001a782512cd0 JavaThread "Daemon" [_thread_blocked, id=1132, stack(0x000000242fd00000,0x000000242fe00000)]
  0x000001a7828e31f0 JavaThread "Handler for socket connection from /127.0.0.1:54279 to /127.0.0.1:54282" [_thread_in_native, id=15504, stack(0x000000242fe00000,0x000000242ff00000)]
  0x000001a783429840 JavaThread "Cancel handler" [_thread_blocked, id=8664, stack(0x000000242ff00000,0x0000002430000000)]
=>0x000001a783275da0 JavaThread "Daemon worker" [_thread_in_vm, id=24656, stack(0x0000002430000000,0x0000002430100000)]
  0x000001a78272a530 JavaThread "Asynchronous log dispatcher for DefaultDaemonConnection: socket connection from /127.0.0.1:54279 to /127.0.0.1:54282" [_thread_blocked, id=6736, stack(0x0000002430100000,0x0000002430200000)]
  0x000001a78272b3a0 JavaThread "Stdin handler" [_thread_blocked, id=3528, stack(0x0000002430200000,0x0000002430300000)]
  0x000001a78272d080 JavaThread "Daemon client event forwarder" [_thread_blocked, id=21128, stack(0x0000002430300000,0x0000002430400000)]

Other Threads:
  0x000001a7ff09a010 VMThread "VM Thread" [stack: 0x000000242ea00000,0x000000242eb00000] [id=14744]
  0x000001a7ffcf6310 WatcherThread [stack: 0x000000242f600000,0x000000242f700000] [id=19592]
  0x000001a7e386b1a0 GCTaskThread "GC Thread#0" [stack: 0x000000242e500000,0x000000242e600000] [id=20724]
  0x000001a782064180 GCTaskThread "GC Thread#1" [stack: 0x000000242f700000,0x000000242f800000] [id=16524]
  0x000001a7820d43b0 GCTaskThread "GC Thread#2" [stack: 0x000000242f800000,0x000000242f900000] [id=24572]
  0x000001a782838440 GCTaskThread "GC Thread#3" [stack: 0x000000242f900000,0x000000242fa00000] [id=6148]
  0x000001a7e387d000 ConcurrentGCThread "G1 Main Marker" [stack: 0x000000242e600000,0x000000242e700000] [id=716]
  0x000001a7e387d920 ConcurrentGCThread "G1 Conc#0" [stack: 0x000000242e700000,0x000000242e800000] [id=4668]
  0x000001a7e38f1980 ConcurrentGCThread "G1 Refine#0" [stack: 0x000000242e800000,0x000000242e900000] [id=15272]
  0x000001a7e38f22b0 ConcurrentGCThread "G1 Service" [stack: 0x000000242e900000,0x000000242ea00000] [id=12508]

Threads with active compile tasks:

VM state: not at safepoint (normal execution)

VM Mutex/Monitor currently owned by a thread:  ([mutex/lock_event])
[0x000001a7e3828e60] Metaspace_lock - owner thread: 0x000001a783275da0

Heap address: 0x0000000080000000, size: 2048 MB, Compressed Oops mode: 32-bit

CDS archive(s) mapped at: [0x0000000800000000-0x0000000800bc0000-0x0000000800bc0000), size 12320768, SharedBaseAddress: 0x0000000800000000, ArchiveRelocationMode: 0.
Compressed class space mapped at: 0x0000000800c00000-0x000000081a800000, reserved size: 432013312
Narrow klass base: 0x0000000800000000, Narrow klass shift: 0, Narrow klass range: 0x100000000

GC Precious Log:
 CPUs: 4 total, 4 available
 Memory: 7886M
 Large Page Support: Disabled
 NUMA Support: Disabled
 Compressed Oops: Enabled (32-bit)
 Heap Region Size: 1M
 Heap Min Capacity: 8M
 Heap Initial Capacity: 124M
 Heap Max Capacity: 2G
 Pre-touch: Disabled
 Parallel Workers: 4
 Concurrent Workers: 1
 Concurrent Refinement Workers: 4
 Periodic GC: Disabled

Heap:
 garbage-first heap   total 126976K, used 63763K [0x0000000080000000, 0x0000000100000000)
  region size 1024K, 53 young (54272K), 1 survivors (1024K)
 Metaspace       used 10857K, committed 11008K, reserved 438272K
  class space    used 1466K, committed 1536K, reserved 421888K

Heap Regions: E=young(eden), S=young(survivor), O=old, HS=humongous(starts), HC=humongous(continues), CS=collection set, F=free, OA=open archive, CA=closed archive, TAMS=top-at-mark-start (previous, next)
|   0|0x0000000080000000, 0x0000000080100000, 0x0000000080100000|100%| O|  |TAMS 0x0000000080000000, 0x0000000080000000| Untracked 
|   1|0x0000000080100000, 0x0000000080200000, 0x0000000080200000|100%|HS|  |TAMS 0x0000000080100000, 0x0000000080100000| Complete 
|   2|0x0000000080200000, 0x0000000080300000, 0x0000000080300000|100%|HC|  |TAMS 0x0000000080200000, 0x0000000080200000| Complete 
|   3|0x0000000080300000, 0x0000000080400000, 0x0000000080400000|100%|HC|  |TAMS 0x0000000080300000, 0x0000000080300000| Complete 
|   4|0x0000000080400000, 0x0000000080500000, 0x0000000080500000|100%|HC|  |TAMS 0x0000000080400000, 0x0000000080400000| Complete 
|   5|0x0000000080500000, 0x0000000080600000, 0x0000000080600000|100%| O|  |TAMS 0x0000000080500000, 0x0000000080500000| Untracked 
|   6|0x0000000080600000, 0x0000000080700000, 0x0000000080700000|100%| O|  |TAMS 0x0000000080600000, 0x0000000080600000| Untracked 
|   7|0x0000000080700000, 0x0000000080800000, 0x0000000080800000|100%| O|  |TAMS 0x0000000080700000, 0x0000000080700000| Untracked 
|   8|0x0000000080800000, 0x0000000080900000, 0x0000000080900000|100%| O|  |TAMS 0x0000000080800000, 0x0000000080800000| Untracked 
|   9|0x0000000080900000, 0x0000000080a00000, 0x0000000080a00000|100%| O|  |TAMS 0x0000000080900000, 0x0000000080900000| Untracked 
|  10|0x0000000080a00000, 0x0000000080aabc00, 0x0000000080b00000| 67%| O|  |TAMS 0x0000000080a00000, 0x0000000080a00000| Untracked 
|  11|0x0000000080b00000, 0x0000000080c00000, 0x0000000080c00000|100%|HS|  |TAMS 0x0000000080b00000, 0x0000000080b00000| Complete 
|  12|0x0000000080c00000, 0x0000000080c00000, 0x0000000080d00000|  0%| F|  |TAMS 0x0000000080c00000, 0x0000000080c00000| Untracked 
|  13|0x0000000080d00000, 0x0000000080d00000, 0x0000000080e00000|  0%| F|  |TAMS 0x0000000080d00000, 0x0000000080d00000| Untracked 
|  14|0x0000000080e00000, 0x0000000080e00000, 0x0000000080f00000|  0%| F|  |TAMS 0x0000000080e00000, 0x0000000080e00000| Untracked 
|  15|0x0000000080f00000, 0x0000000080f00000, 0x0000000081000000|  0%| F|  |TAMS 0x0000000080f00000, 0x0000000080f00000| Untracked 
|  16|0x0000000081000000, 0x0000000081000000, 0x0000000081100000|  0%| F|  |TAMS 0x0000000081000000, 0x0000000081000000| Untracked 
|  17|0x0000000081100000, 0x0000000081100000, 0x0000000081200000|  0%| F|  |TAMS 0x0000000081100000, 0x0000000081100000| Untracked 
|  18|0x0000000081200000, 0x0000000081200000, 0x0000000081300000|  0%| F|  |TAMS 0x0000000081200000, 0x0000000081200000| Untracked 
|  19|0x0000000081300000, 0x0000000081300000, 0x0000000081400000|  0%| F|  |TAMS 0x0000000081300000, 0x0000000081300000| Untracked 
|  20|0x0000000081400000, 0x0000000081400000, 0x0000000081500000|  0%| F|  |TAMS 0x0000000081400000, 0x0000000081400000| Untracked 
|  21|0x0000000081500000, 0x0000000081500000, 0x0000000081600000|  0%| F|  |TAMS 0x0000000081500000, 0x0000000081500000| Untracked 
|  22|0x0000000081600000, 0x0000000081600000, 0x0000000081700000|  0%| F|  |TAMS 0x0000000081600000, 0x0000000081600000| Untracked 
|  23|0x0000000081700000, 0x0000000081700000, 0x0000000081800000|  0%| F|  |TAMS 0x0000000081700000, 0x0000000081700000| Untracked 
|  24|0x0000000081800000, 0x0000000081800000, 0x0000000081900000|  0%| F|  |TAMS 0x0000000081800000, 0x0000000081800000| Untracked 
|  25|0x0000000081900000, 0x0000000081900000, 0x0000000081a00000|  0%| F|  |TAMS 0x0000000081900000, 0x0000000081900000| Untracked 
|  26|0x0000000081a00000, 0x0000000081a00000, 0x0000000081b00000|  0%| F|  |TAMS 0x0000000081a00000, 0x0000000081a00000| Untracked 
|  27|0x0000000081b00000, 0x0000000081b00000, 0x0000000081c00000|  0%| F|  |TAMS 0x0000000081b00000, 0x0000000081b00000| Untracked 
|  28|0x0000000081c00000, 0x0000000081c00000, 0x0000000081d00000|  0%| F|  |TAMS 0x0000000081c00000, 0x0000000081c00000| Untracked 
|  29|0x0000000081d00000, 0x0000000081d00000, 0x0000000081e00000|  0%| F|  |TAMS 0x0000000081d00000, 0x0000000081d00000| Untracked 
|  30|0x0000000081e00000, 0x0000000081e00000, 0x0000000081f00000|  0%| F|  |TAMS 0x0000000081e00000, 0x0000000081e00000| Untracked 
|  31|0x0000000081f00000, 0x0000000081f00000, 0x0000000082000000|  0%| F|  |TAMS 0x0000000081f00000, 0x0000000081f00000| Untracked 
|  32|0x0000000082000000, 0x0000000082000000, 0x0000000082100000|  0%| F|  |TAMS 0x0000000082000000, 0x0000000082000000| Untracked 
|  33|0x0000000082100000, 0x0000000082100000, 0x0000000082200000|  0%| F|  |TAMS 0x0000000082100000, 0x0000000082100000| Untracked 
|  34|0x0000000082200000, 0x0000000082200000, 0x0000000082300000|  0%| F|  |TAMS 0x0000000082200000, 0x0000000082200000| Untracked 
|  35|0x0000000082300000, 0x0000000082300000, 0x0000000082400000|  0%| F|  |TAMS 0x0000000082300000, 0x0000000082300000| Untracked 
|  36|0x0000000082400000, 0x0000000082400000, 0x0000000082500000|  0%| F|  |TAMS 0x0000000082400000, 0x0000000082400000| Untracked 
|  37|0x0000000082500000, 0x0000000082500000, 0x0000000082600000|  0%| F|  |TAMS 0x0000000082500000, 0x0000000082500000| Untracked 
|  38|0x0000000082600000, 0x0000000082600000, 0x0000000082700000|  0%| F|  |TAMS 0x0000000082600000, 0x0000000082600000| Untracked 
|  39|0x0000000082700000, 0x0000000082700000, 0x0000000082800000|  0%| F|  |TAMS 0x0000000082700000, 0x0000000082700000| Untracked 
|  40|0x0000000082800000, 0x0000000082800000, 0x0000000082900000|  0%| F|  |TAMS 0x0000000082800000, 0x0000000082800000| Untracked 
|  41|0x0000000082900000, 0x0000000082900000, 0x0000000082a00000|  0%| F|  |TAMS 0x0000000082900000, 0x0000000082900000| Untracked 
|  42|0x0000000082a00000, 0x0000000082a00000, 0x0000000082b00000|  0%| F|  |TAMS 0x0000000082a00000, 0x0000000082a00000| Untracked 
|  43|0x0000000082b00000, 0x0000000082b00000, 0x0000000082c00000|  0%| F|  |TAMS 0x0000000082b00000, 0x0000000082b00000| Untracked 
|  44|0x0000000082c00000, 0x0000000082c00000, 0x0000000082d00000|  0%| F|  |TAMS 0x0000000082c00000, 0x0000000082c00000| Untracked 
|  45|0x0000000082d00000, 0x0000000082d00000, 0x0000000082e00000|  0%| F|  |TAMS 0x0000000082d00000, 0x0000000082d00000| Untracked 
|  46|0x0000000082e00000, 0x0000000082e00000, 0x0000000082f00000|  0%| F|  |TAMS 0x0000000082e00000, 0x0000000082e00000| Untracked 
|  47|0x0000000082f00000, 0x0000000082f00000, 0x0000000083000000|  0%| F|  |TAMS 0x0000000082f00000, 0x0000000082f00000| Untracked 
|  48|0x0000000083000000, 0x0000000083000000, 0x0000000083100000|  0%| F|  |TAMS 0x0000000083000000, 0x0000000083000000| Untracked 
|  49|0x0000000083100000, 0x0000000083100000, 0x0000000083200000|  0%| F|  |TAMS 0x0000000083100000, 0x0000000083100000| Untracked 
|  50|0x0000000083200000, 0x0000000083200000, 0x0000000083300000|  0%| F|  |TAMS 0x0000000083200000, 0x0000000083200000| Untracked 
|  51|0x0000000083300000, 0x0000000083300000, 0x0000000083400000|  0%| F|  |TAMS 0x0000000083300000, 0x0000000083300000| Untracked 
|  52|0x0000000083400000, 0x0000000083400000, 0x0000000083500000|  0%| F|  |TAMS 0x0000000083400000, 0x0000000083400000| Untracked 
|  53|0x0000000083500000, 0x0000000083500000, 0x0000000083600000|  0%| F|  |TAMS 0x0000000083500000, 0x0000000083500000| Untracked 
|  54|0x0000000083600000, 0x0000000083600000, 0x0000000083700000|  0%| F|  |TAMS 0x0000000083600000, 0x0000000083600000| Untracked 
|  55|0x0000000083700000, 0x0000000083700000, 0x0000000083800000|  0%| F|  |TAMS 0x0000000083700000, 0x0000000083700000| Untracked 
|  56|0x0000000083800000, 0x0000000083800000, 0x0000000083900000|  0%| F|  |TAMS 0x0000000083800000, 0x0000000083800000| Untracked 
|  57|0x0000000083900000, 0x0000000083900000, 0x0000000083a00000|  0%| F|  |TAMS 0x0000000083900000, 0x0000000083900000| Untracked 
|  58|0x0000000083a00000, 0x0000000083a00000, 0x0000000083b00000|  0%| F|  |TAMS 0x0000000083a00000, 0x0000000083a00000| Untracked 
|  59|0x0000000083b00000, 0x0000000083b00000, 0x0000000083c00000|  0%| F|  |TAMS 0x0000000083b00000, 0x0000000083b00000| Untracked 
|  60|0x0000000083c00000, 0x0000000083c00000, 0x0000000083d00000|  0%| F|  |TAMS 0x0000000083c00000, 0x0000000083c00000| Untracked 
|  61|0x0000000083d00000, 0x0000000083d00000, 0x0000000083e00000|  0%| F|  |TAMS 0x0000000083d00000, 0x0000000083d00000| Untracked 
|  62|0x0000000083e00000, 0x0000000083e00000, 0x0000000083f00000|  0%| F|  |TAMS 0x0000000083e00000, 0x0000000083e00000| Untracked 
|  63|0x0000000083f00000, 0x0000000083f00000, 0x0000000084000000|  0%| F|  |TAMS 0x0000000083f00000, 0x0000000083f00000| Untracked 
|  64|0x0000000084000000, 0x0000000084000000, 0x0000000084100000|  0%| F|  |TAMS 0x0000000084000000, 0x0000000084000000| Untracked 
|  65|0x0000000084100000, 0x0000000084100000, 0x0000000084200000|  0%| F|  |TAMS 0x0000000084100000, 0x0000000084100000| Untracked 
|  66|0x0000000084200000, 0x0000000084200000, 0x0000000084300000|  0%| F|  |TAMS 0x0000000084200000, 0x0000000084200000| Untracked 
|  67|0x0000000084300000, 0x0000000084300000, 0x0000000084400000|  0%| F|  |TAMS 0x0000000084300000, 0x0000000084300000| Untracked 
|  68|0x0000000084400000, 0x0000000084400000, 0x0000000084500000|  0%| F|  |TAMS 0x0000000084400000, 0x0000000084400000| Untracked 
|  69|0x0000000084500000, 0x0000000084500000, 0x0000000084600000|  0%| F|  |TAMS 0x0000000084500000, 0x0000000084500000| Untracked 
|  70|0x0000000084600000, 0x0000000084600000, 0x0000000084700000|  0%| F|  |TAMS 0x0000000084600000, 0x0000000084600000| Untracked 
|  71|0x0000000084700000, 0x000000008479d590, 0x0000000084800000| 61%| E|  |TAMS 0x0000000084700000, 0x0000000084700000| Complete 
|  72|0x0000000084800000, 0x0000000084900000, 0x0000000084900000|100%| E|CS|TAMS 0x0000000084800000, 0x0000000084800000| Complete 
|  73|0x0000000084900000, 0x0000000084a00000, 0x0000000084a00000|100%| E|CS|TAMS 0x0000000084900000, 0x0000000084900000| Complete 
|  74|0x0000000084a00000, 0x0000000084b00000, 0x0000000084b00000|100%| E|CS|TAMS 0x0000000084a00000, 0x0000000084a00000| Complete 
|  75|0x0000000084b00000, 0x0000000084c00000, 0x0000000084c00000|100%| E|CS|TAMS 0x0000000084b00000, 0x0000000084b00000| Complete 
|  76|0x0000000084c00000, 0x0000000084d00000, 0x0000000084d00000|100%| E|CS|TAMS 0x0000000084c00000, 0x0000000084c00000| Complete 
|  77|0x0000000084d00000, 0x0000000084e00000, 0x0000000084e00000|100%| E|CS|TAMS 0x0000000084d00000, 0x0000000084d00000| Complete 
|  78|0x0000000084e00000, 0x0000000084f00000, 0x0000000084f00000|100%| E|CS|TAMS 0x0000000084e00000, 0x0000000084e00000| Complete 
|  79|0x0000000084f00000, 0x0000000085000000, 0x0000000085000000|100%| E|CS|TAMS 0x0000000084f00000, 0x0000000084f00000| Complete 
|  80|0x0000000085000000, 0x0000000085100000, 0x0000000085100000|100%| E|CS|TAMS 0x0000000085000000, 0x0000000085000000| Complete 
|  81|0x0000000085100000, 0x0000000085200000, 0x0000000085200000|100%| E|CS|TAMS 0x0000000085100000, 0x0000000085100000| Complete 
|  82|0x0000000085200000, 0x0000000085300000, 0x0000000085300000|100%| E|CS|TAMS 0x0000000085200000, 0x0000000085200000| Complete 
|  83|0x0000000085300000, 0x0000000085400000, 0x0000000085400000|100%| E|CS|TAMS 0x0000000085300000, 0x0000000085300000| Complete 
|  84|0x0000000085400000, 0x0000000085500000, 0x0000000085500000|100%| E|CS|TAMS 0x0000000085400000, 0x0000000085400000| Complete 
|  85|0x0000000085500000, 0x0000000085600000, 0x0000000085600000|100%| E|CS|TAMS 0x0000000085500000, 0x0000000085500000| Complete 
|  86|0x0000000085600000, 0x0000000085700000, 0x0000000085700000|100%| E|CS|TAMS 0x0000000085600000, 0x0000000085600000| Complete 
|  87|0x0000000085700000, 0x0000000085800000, 0x0000000085800000|100%| E|CS|TAMS 0x0000000085700000, 0x0000000085700000| Complete 
|  88|0x0000000085800000, 0x0000000085900000, 0x0000000085900000|100%| E|CS|TAMS 0x0000000085800000, 0x0000000085800000| Complete 
|  89|0x0000000085900000, 0x0000000085a00000, 0x0000000085a00000|100%| E|CS|TAMS 0x0000000085900000, 0x0000000085900000| Complete 
|  90|0x0000000085a00000, 0x0000000085b00000, 0x0000000085b00000|100%| E|CS|TAMS 0x0000000085a00000, 0x0000000085a00000| Complete 
|  91|0x0000000085b00000, 0x0000000085c00000, 0x0000000085c00000|100%| E|CS|TAMS 0x0000000085b00000, 0x0000000085b00000| Complete 
|  92|0x0000000085c00000, 0x0000000085d00000, 0x0000000085d00000|100%| E|CS|TAMS 0x0000000085c00000, 0x0000000085c00000| Complete 
|  93|0x0000000085d00000, 0x0000000085e00000, 0x0000000085e00000|100%| E|CS|TAMS 0x0000000085d00000, 0x0000000085d00000| Complete 
|  94|0x0000000085e00000, 0x0000000085f00000, 0x0000000085f00000|100%| E|CS|TAMS 0x0000000085e00000, 0x0000000085e00000| Complete 
|  95|0x0000000085f00000, 0x0000000086000000, 0x0000000086000000|100%| E|CS|TAMS 0x0000000085f00000, 0x0000000085f00000| Complete 
|  96|0x0000000086000000, 0x0000000086100000, 0x0000000086100000|100%| E|CS|TAMS 0x0000000086000000, 0x0000000086000000| Complete 
|  97|0x0000000086100000, 0x0000000086200000, 0x0000000086200000|100%| E|CS|TAMS 0x0000000086100000, 0x0000000086100000| Complete 
|  98|0x0000000086200000, 0x0000000086299138, 0x0000000086300000| 59%| S|CS|TAMS 0x0000000086200000, 0x0000000086200000| Complete 
|  99|0x0000000086300000, 0x0000000086400000, 0x0000000086400000|100%| E|CS|TAMS 0x0000000086300000, 0x0000000086300000| Complete 
| 100|0x0000000086400000, 0x0000000086500000, 0x0000000086500000|100%| E|CS|TAMS 0x0000000086400000, 0x0000000086400000| Complete 
| 101|0x0000000086500000, 0x0000000086600000, 0x0000000086600000|100%| E|CS|TAMS 0x0000000086500000, 0x0000000086500000| Complete 
| 102|0x0000000086600000, 0x0000000086700000, 0x0000000086700000|100%| E|CS|TAMS 0x0000000086600000, 0x0000000086600000| Complete 
| 103|0x0000000086700000, 0x0000000086800000, 0x0000000086800000|100%| E|CS|TAMS 0x0000000086700000, 0x0000000086700000| Complete 
| 104|0x0000000086800000, 0x0000000086900000, 0x0000000086900000|100%| E|CS|TAMS 0x0000000086800000, 0x0000000086800000| Complete 
| 105|0x0000000086900000, 0x0000000086a00000, 0x0000000086a00000|100%| E|CS|TAMS 0x0000000086900000, 0x0000000086900000| Complete 
| 106|0x0000000086a00000, 0x0000000086b00000, 0x0000000086b00000|100%| E|CS|TAMS 0x0000000086a00000, 0x0000000086a00000| Complete 
| 107|0x0000000086b00000, 0x0000000086c00000, 0x0000000086c00000|100%| E|CS|TAMS 0x0000000086b00000, 0x0000000086b00000| Complete 
| 108|0x0000000086c00000, 0x0000000086d00000, 0x0000000086d00000|100%| E|CS|TAMS 0x0000000086c00000, 0x0000000086c00000| Complete 
| 109|0x0000000086d00000, 0x0000000086e00000, 0x0000000086e00000|100%| E|CS|TAMS 0x0000000086d00000, 0x0000000086d00000| Complete 
| 110|0x0000000086e00000, 0x0000000086f00000, 0x0000000086f00000|100%| E|CS|TAMS 0x0000000086e00000, 0x0000000086e00000| Complete 
| 111|0x0000000086f00000, 0x0000000087000000, 0x0000000087000000|100%| E|CS|TAMS 0x0000000086f00000, 0x0000000086f00000| Complete 
| 112|0x0000000087000000, 0x0000000087100000, 0x0000000087100000|100%| E|CS|TAMS 0x0000000087000000, 0x0000000087000000| Complete 
| 113|0x0000000087100000, 0x0000000087200000, 0x0000000087200000|100%| E|  |TAMS 0x0000000087100000, 0x0000000087100000| Complete 
| 114|0x0000000087200000, 0x0000000087300000, 0x0000000087300000|100%| E|CS|TAMS 0x0000000087200000, 0x0000000087200000| Complete 
| 115|0x0000000087300000, 0x0000000087400000, 0x0000000087400000|100%| E|CS|TAMS 0x0000000087300000, 0x0000000087300000| Complete 
| 116|0x0000000087400000, 0x0000000087500000, 0x0000000087500000|100%| E|CS|TAMS 0x0000000087400000, 0x0000000087400000| Complete 
| 117|0x0000000087500000, 0x0000000087600000, 0x0000000087600000|100%| E|CS|TAMS 0x0000000087500000, 0x0000000087500000| Complete 
| 118|0x0000000087600000, 0x0000000087700000, 0x0000000087700000|100%| E|CS|TAMS 0x0000000087600000, 0x0000000087600000| Complete 
| 119|0x0000000087700000, 0x0000000087800000, 0x0000000087800000|100%| E|CS|TAMS 0x0000000087700000, 0x0000000087700000| Complete 
| 120|0x0000000087800000, 0x0000000087900000, 0x0000000087900000|100%| E|CS|TAMS 0x0000000087800000, 0x0000000087800000| Complete 
| 121|0x0000000087900000, 0x0000000087a00000, 0x0000000087a00000|100%| E|CS|TAMS 0x0000000087900000, 0x0000000087900000| Complete 
| 122|0x0000000087a00000, 0x0000000087b00000, 0x0000000087b00000|100%| E|CS|TAMS 0x0000000087a00000, 0x0000000087a00000| Complete 
| 123|0x0000000087b00000, 0x0000000087c00000, 0x0000000087c00000|100%| E|CS|TAMS 0x0000000087b00000, 0x0000000087b00000| Complete 

Card table byte_map: [0x000001a7fa430000,0x000001a7fa830000] _byte_map_base: 0x000001a7fa030000

Marking Bits (Prev, Next): (CMBitMap*) 0x000001a7e386b6c0, (CMBitMap*) 0x000001a7e386b700
 Prev Bits: [0x000001a7fac30000, 0x000001a7fcc30000)
 Next Bits: [0x000001a7fcc30000, 0x000001a7fec30000)

Polling page: 0x000001a7e19d0000

Metaspace:

Usage:
  Non-class:      9.17 MB used.
      Class:      1.43 MB used.
       Both:     10.60 MB used.

Virtual space:
  Non-class space:       16.00 MB reserved,       9.25 MB ( 58%) committed,  2 nodes.
      Class space:      412.00 MB reserved,       1.50 MB ( <1%) committed,  1 nodes.
             Both:      428.00 MB reserved,      10.75 MB (  3%) committed. 

Chunk freelists:
   Non-Class:  1.86 MB
       Class:  2.38 MB
        Both:  4.23 MB

MaxMetaspaceSize: 512.00 MB
CompressedClassSpaceSize: 412.00 MB
Initial GC threshold: 21.00 MB
Current GC threshold: 21.00 MB
CDS: on
MetaspaceReclaimPolicy: balanced
 - commit_granule_bytes: 65536.
 - commit_granule_words: 8192.
 - virtual_space_node_default_size: 1048576.
 - enlarge_chunks_in_place: 1.
 - new_chunks_are_fully_committed: 0.
 - uncommit_free_chunks: 1.
 - use_allocation_guard: 0.
 - handle_deallocations: 1.


Internal statistics:

num_allocs_failed_limit: 0.
num_arena_births: 108.
num_arena_deaths: 0.
num_vsnodes_births: 3.
num_vsnodes_deaths: 0.
num_space_committed: 172.
num_space_uncommitted: 0.
num_chunks_returned_to_freelist: 0.
num_chunks_taken_from_freelist: 400.
num_chunk_merges: 0.
num_chunk_splits: 276.
num_chunks_enlarged: 215.
num_purges: 0.
num_inconsistent_stats: 0.

CodeHeap 'non-profiled nmethods': size=120000Kb used=1017Kb max_used=1017Kb free=118982Kb
 bounds [0x000001a7f2b00000, 0x000001a7f2d70000, 0x000001a7fa030000]
CodeHeap 'profiled nmethods': size=120000Kb used=3943Kb max_used=3943Kb free=116056Kb
 bounds [0x000001a7eb5d0000, 0x000001a7eb9b0000, 0x000001a7f2b00000]
CodeHeap 'non-nmethods': size=5760Kb used=1206Kb max_used=1219Kb free=4553Kb
 bounds [0x000001a7eb030000, 0x000001a7eb2a0000, 0x000001a7eb5d0000]
 total_blobs=2465 nmethods=1966 adapters=412
 compilation: enabled
              stopped_count=0, restarted_count=0
 full_count=0

Compilation events (20 events):
Event: 13.691 Thread 0x000001a7ff0c56f0 1959       3       java.lang.invoke.MethodHandleNatives::canBeCalledVirtual (50 bytes)
Event: 13.692 Thread 0x000001a7ff0c56f0 nmethod 1959 0x000001a7eb9a7590 code [0x000001a7eb9a7780, 0x000001a7eb9a7c48]
Event: 13.693 Thread 0x000001a7ff0c56f0 1961       3       com.google.common.collect.Iterators::forArray (51 bytes)
Event: 13.694 Thread 0x000001a7ff0c56f0 nmethod 1961 0x000001a7eb9a7e10 code [0x000001a7eb9a8040, 0x000001a7eb9a8838]
Event: 13.694 Thread 0x000001a7ff0c56f0 1962       3       com.google.common.base.Preconditions::checkArgument (13 bytes)
Event: 13.694 Thread 0x000001a7ff0c56f0 nmethod 1962 0x000001a7eb9a8b90 code [0x000001a7eb9a8d40, 0x000001a7eb9a8f28]
Event: 13.694 Thread 0x000001a7ff0c56f0 1963       3       com.google.common.base.Preconditions::checkPositionIndexes (29 bytes)
Event: 13.694 Thread 0x000001a7ff0c56f0 nmethod 1963 0x000001a7eb9a9010 code [0x000001a7eb9a91c0, 0x000001a7eb9a9458]
Event: 13.696 Thread 0x000001a7ff0c56f0 1964       3       com.google.common.base.Preconditions::checkNotNull (14 bytes)
Event: 13.696 Thread 0x000001a7ff0c56f0 nmethod 1964 0x000001a7eb9a9590 code [0x000001a7eb9a9740, 0x000001a7eb9a9928]
Event: 13.698 Thread 0x000001a7ff0bcd40 1965       4       java.util.HashMap$HashIterator::nextNode (100 bytes)
Event: 13.704 Thread 0x000001a7ff0bcd40 nmethod 1965 0x000001a7f2bfd690 code [0x000001a7f2bfd820, 0x000001a7f2bfdbf8]
Event: 13.706 Thread 0x000001a7ff0c56f0 1966       1       java.util.concurrent.locks.AbstractQueuedSynchronizer::getState (5 bytes)
Event: 13.707 Thread 0x000001a7ff0c56f0 nmethod 1966 0x000001a7f2bfdd90 code [0x000001a7f2bfdf20, 0x000001a7f2bfdff8]
Event: 13.742 Thread 0x000001a7ff0c56f0 1967       1       java.util.concurrent.locks.AbstractQueuedSynchronizer::setState (6 bytes)
Event: 13.742 Thread 0x000001a7ff0c56f0 nmethod 1967 0x000001a7f2bfe090 code [0x000001a7f2bfe220, 0x000001a7f2bfe2f8]
Event: 13.752 Thread 0x000001a7ff0c56f0 1968       3       sun.invoke.util.BytecodeDescriptor::unparse (24 bytes)
Event: 13.752 Thread 0x000001a7ff0c56f0 nmethod 1968 0x000001a7eb9a9a10 code [0x000001a7eb9a9bc0, 0x000001a7eb9a9dc8]
Event: 13.755 Thread 0x000001a7ff0bcd40 1969       4       java.lang.StringConcatHelper::newArray (26 bytes)
Event: 13.756 Thread 0x000001a7ff0bcd40 nmethod 1969 0x000001a7f2bfe390 code [0x000001a7f2bfe520, 0x000001a7f2bfe638]

GC Heap History (6 events):
Event: 2.750 GC heap before
{Heap before GC invocations=0 (full 0):
 garbage-first heap   total 126976K, used 12288K [0x0000000080000000, 0x0000000100000000)
  region size 1024K, 13 young (13312K), 0 survivors (0K)
 Metaspace       used 1016K, committed 1152K, reserved 430080K
  class space    used 76K, committed 128K, reserved 421888K
}
Event: 2.754 GC heap after
{Heap after GC invocations=1 (full 0):
 garbage-first heap   total 126976K, used 2939K [0x0000000080000000, 0x0000000100000000)
  region size 1024K, 2 young (2048K), 2 survivors (2048K)
 Metaspace       used 1016K, committed 1152K, reserved 430080K
  class space    used 76K, committed 128K, reserved 421888K
}
Event: 4.440 GC heap before
{Heap before GC invocations=1 (full 0):
 garbage-first heap   total 126976K, used 22395K [0x0000000080000000, 0x0000000100000000)
  region size 1024K, 18 young (18432K), 2 survivors (2048K)
 Metaspace       used 3417K, committed 3584K, reserved 430080K
  class space    used 423K, committed 512K, reserved 421888K
}
Event: 4.446 GC heap after
{Heap after GC invocations=2 (full 0):
 garbage-first heap   total 126976K, used 10547K [0x0000000080000000, 0x0000000100000000)
  region size 1024K, 3 young (3072K), 3 survivors (3072K)
 Metaspace       used 3417K, committed 3584K, reserved 430080K
  class space    used 423K, committed 512K, reserved 421888K
}
Event: 6.010 GC heap before
{Heap before GC invocations=2 (full 0):
 garbage-first heap   total 126976K, used 33075K [0x0000000080000000, 0x0000000100000000)
  region size 1024K, 25 young (25600K), 3 survivors (3072K)
 Metaspace       used 4018K, committed 4224K, reserved 430080K
  class space    used 491K, committed 576K, reserved 421888K
}
Event: 6.014 GC heap after
{Heap after GC invocations=3 (full 0):
 garbage-first heap   total 126976K, used 11539K [0x0000000080000000, 0x0000000100000000)
  region size 1024K, 1 young (1024K), 1 survivors (1024K)
 Metaspace       used 4018K, committed 4224K, reserved 430080K
  class space    used 491K, committed 576K, reserved 421888K
}

Deoptimization events (20 events):
Event: 13.283 Thread 0x000001a7830e5430 Uncommon trap: trap_request=0xffffffc6 fr.pc=0x000001a7f2b87d28 relative=0x0000000000000088
Event: 13.283 Thread 0x000001a7830e5430 Uncommon trap: reason=bimorphic_or_optimized_type_check action=maybe_recompile pc=0x000001a7f2b87d28 method=java.util.AbstractList$Itr.hasNext()Z @ 8 c2
Event: 13.283 Thread 0x000001a7830e5430 DEOPT PACKING pc=0x000001a7f2b87d28 sp=0x000000242fbfde90
Event: 13.283 Thread 0x000001a7830e5430 DEOPT UNPACKING pc=0x000001a7eb085c23 sp=0x000000242fbfde28 mode 2
Event: 13.283 Thread 0x000001a7830e5430 Uncommon trap: trap_request=0xffffffc6 fr.pc=0x000001a7f2b88138 relative=0x0000000000000118
Event: 13.283 Thread 0x000001a7830e5430 Uncommon trap: reason=bimorphic_or_optimized_type_check action=maybe_recompile pc=0x000001a7f2b88138 method=java.util.AbstractList$Itr.next()Ljava/lang/Object; @ 14 c2
Event: 13.283 Thread 0x000001a7830e5430 DEOPT PACKING pc=0x000001a7f2b88138 sp=0x000000242fbfde80
Event: 13.283 Thread 0x000001a7830e5430 DEOPT UNPACKING pc=0x000001a7eb085c23 sp=0x000000242fbfde18 mode 2
Event: 13.411 Thread 0x000001a7828e31f0 Uncommon trap: trap_request=0xffffff45 fr.pc=0x000001a7f2b8176c relative=0x00000000000009ac
Event: 13.411 Thread 0x000001a7828e31f0 Uncommon trap: reason=unstable_if action=reinterpret pc=0x000001a7f2b8176c method=java.util.regex.Matcher.reset()Ljava/util/regex/Matcher; @ 47 c2
Event: 13.411 Thread 0x000001a7828e31f0 DEOPT PACKING pc=0x000001a7f2b8176c sp=0x000000242fefdae0
Event: 13.411 Thread 0x000001a7828e31f0 DEOPT UNPACKING pc=0x000001a7eb085c23 sp=0x000000242fefda28 mode 2
Event: 13.411 Thread 0x000001a7828e31f0 Uncommon trap: trap_request=0xffffff45 fr.pc=0x000001a7f2b21694 relative=0x0000000000000434
Event: 13.411 Thread 0x000001a7828e31f0 Uncommon trap: reason=unstable_if action=reinterpret pc=0x000001a7f2b21694 method=java.util.regex.Matcher.match(II)Z @ 76 c2
Event: 13.411 Thread 0x000001a7828e31f0 DEOPT PACKING pc=0x000001a7f2b21694 sp=0x000000242fefdae0
Event: 13.411 Thread 0x000001a7828e31f0 DEOPT UNPACKING pc=0x000001a7eb085c23 sp=0x000000242fefdab0 mode 2
Event: 13.492 Thread 0x000001a783275da0 Uncommon trap: trap_request=0xffffff45 fr.pc=0x000001a7f2bc1b78 relative=0x0000000000001258
Event: 13.492 Thread 0x000001a783275da0 Uncommon trap: reason=unstable_if action=reinterpret pc=0x000001a7f2bc1b78 method=java.util.concurrent.ConcurrentHashMap.putVal(Ljava/lang/Object;Ljava/lang/Object;Z)Ljava/lang/Object; @ 256 c2
Event: 13.492 Thread 0x000001a783275da0 DEOPT PACKING pc=0x000001a7f2bc1b78 sp=0x00000024300fec30
Event: 13.492 Thread 0x000001a783275da0 DEOPT UNPACKING pc=0x000001a7eb085c23 sp=0x00000024300feba8 mode 2

Classes unloaded (0 events):
No events

Classes redefined (0 events):
No events

Internal exceptions (19 events):
Event: 0.562 Thread 0x000001a7e382df00 Exception <a 'java/lang/NoSuchMethodError'{0x0000000087983638}: 'int java.lang.invoke.DirectMethodHandle$Holder.invokeStaticInit(java.lang.Object, java.lang.Object)'> (0x0000000087983638) 
thrown [t:\workspace\open\src\hotspot\share\interpreter\linkResolver.cpp, line 766]
Event: 3.252 Thread 0x000001a7e382df00 Exception <a 'java/lang/NoClassDefFoundError'{0x0000000087704038}: org/slf4j/impl/StaticMarkerBinder> (0x0000000087704038) 
thrown [t:\workspace\open\src\hotspot\share\classfile\systemDictionary.cpp, line 245]
Event: 3.398 Thread 0x000001a7e382df00 Exception <a 'java/lang/NoSuchMethodError'{0x000000008757f8a8}: 'java.lang.Object java.lang.invoke.DirectMethodHandle$Holder.invokeVirtual(java.lang.Object, java.lang.Object, java.lang.Object, java.lang.Object, java.lang.Object, java.lang.Object, java.lang.Object)'> (0x000000008757f8a8) 
thrown [t:\workspace\open\src\hotspot\share\interpreter\linkResolver.cpp, line 766]
Event: 3.410 Thread 0x000001a7e382df00 Exception <a 'java/lang/NoSuchMethodError'{0x0000000087591458}: 'java.lang.Object java.lang.invoke.Invokers$Holder.invoker(java.lang.Object, java.lang.Object, java.lang.Object)'> (0x0000000087591458) 
thrown [t:\workspace\open\src\hotspot\share\interpreter\linkResolver.cpp, line 766]
Event: 3.416 Thread 0x000001a7e382df00 Exception <a 'java/lang/NoSuchMethodError'{0x000000008759a678}: 'java.lang.Object java.lang.invoke.DirectMethodHandle$Holder.invokeStatic(java.lang.Object, java.lang.Object, int)'> (0x000000008759a678) 
thrown [t:\workspace\open\src\hotspot\share\interpreter\linkResolver.cpp, line 766]
Event: 3.418 Thread 0x000001a7e382df00 Exception <a 'java/lang/NoSuchMethodError'{0x00000000875a6710}: 'void java.lang.invoke.DelegatingMethodHandle$Holder.delegate(java.lang.Object, java.lang.Object, int, java.lang.Object)'> (0x00000000875a6710) 
thrown [t:\workspace\open\src\hotspot\share\interpreter\linkResolver.cpp, line 766]
Event: 3.419 Thread 0x000001a7e382df00 Exception <a 'java/lang/NoSuchMethodError'{0x00000000875aa850}: 'int java.lang.invoke.DirectMethodHandle$Holder.invokeSpecial(java.lang.Object, java.lang.Object, java.lang.Object)'> (0x00000000875aa850) 
thrown [t:\workspace\open\src\hotspot\share\interpreter\linkResolver.cpp, line 766]
Event: 3.502 Thread 0x000001a7e382df00 Exception <a 'java/lang/NoSuchMethodError'{0x00000000875be128}: 'java.lang.Object java.lang.invoke.Invokers$Holder.invokeExact_MT(java.lang.Object, java.lang.Object, java.lang.Object, java.lang.Object)'> (0x00000000875be128) 
thrown [t:\workspace\open\src\hotspot\share\interpreter\linkResolver.cpp, line 766]
Event: 3.816 Thread 0x000001a7e382df00 Exception <a 'java/lang/NoSuchMethodError'{0x000000008728ff60}: 'int java.lang.invoke.DirectMethodHandle$Holder.invokeStatic(java.lang.Object)'> (0x000000008728ff60) 
thrown [t:\workspace\open\src\hotspot\share\interpreter\linkResolver.cpp, line 766]
Event: 3.817 Thread 0x000001a7e382df00 Exception <a 'java/lang/NoSuchMethodError'{0x0000000087293410}: 'int java.lang.invoke.DirectMethodHandle$Holder.invokeStaticInit(java.lang.Object)'> (0x0000000087293410) 
thrown [t:\workspace\open\src\hotspot\share\interpreter\linkResolver.cpp, line 766]
Event: 4.684 Thread 0x000001a7e382df00 Exception <a 'java/lang/NoSuchMethodError'{0x0000000087a2b550}: 'void java.lang.invoke.DirectMethodHandle$Holder.invokeInterface(java.lang.Object, java.lang.Object, java.lang.Object)'> (0x0000000087a2b550) 
thrown [t:\workspace\open\src\hotspot\share\interpreter\linkResolver.cpp, line 766]
Event: 11.640 Thread 0x000001a7e382df00 Exception <a 'java/lang/NoSuchMethodError'{0x0000000085b55068}: 'java.lang.Object java.lang.invoke.DirectMethodHandle$Holder.invokeStaticInit(java.lang.Object)'> (0x0000000085b55068) 
thrown [t:\workspace\open\src\hotspot\share\interpreter\linkResolver.cpp, line 766]
Event: 11.701 Thread 0x000001a7e382df00 Exception <a 'java/lang/NoSuchMethodError'{0x0000000085bddc78}: 'java.lang.Object java.lang.invoke.DirectMethodHandle$Holder.invokeInterface(java.lang.Object, java.lang.Object)'> (0x0000000085bddc78) 
thrown [t:\workspace\open\src\hotspot\share\interpreter\linkResolver.cpp, line 766]
Event: 12.049 Thread 0x000001a7e382df00 Exception <a 'java/lang/NoSuchMethodError'{0x00000000856fe588}: 'java.lang.Object java.lang.invoke.DirectMethodHandle$Holder.invokeStaticInit(java.lang.Object, int, int, int, int)'> (0x00000000856fe588) 
thrown [t:\workspace\open\src\hotspot\share\interpreter\linkResolver.cpp, line 766]
Event: 12.215 Thread 0x000001a7e382df00 Exception <a 'java/lang/NoSuchMethodError'{0x00000000855750d8}: 'java.lang.Object java.lang.invoke.DirectMethodHandle$Holder.invokeStaticInit(java.lang.Object, java.lang.Object, int, int, int, int)'> (0x00000000855750d8) 
thrown [t:\workspace\open\src\hotspot\share\interpreter\linkResolver.cpp, line 766]
Event: 12.966 Thread 0x000001a7e382df00 Exception <a 'java/lang/NoSuchMethodError'{0x0000000085368118}: 'void java.lang.invoke.DirectMethodHandle$Holder.invokeStatic(java.lang.Object, java.lang.Object, java.lang.Object)'> (0x0000000085368118) 
thrown [t:\workspace\open\src\hotspot\share\interpreter\linkResolver.cpp, line 766]
Event: 13.017 Thread 0x000001a7e382df00 Exception <a 'java/io/IOException'{0x000000008522f9a0}> (0x000000008522f9a0) 
thrown [t:\workspace\open\src\hotspot\share\prims\jni.cpp, line 516]
Event: 13.678 Thread 0x000001a783275da0 Exception <a 'java/lang/NoSuchMethodError'{0x0000000084bce188}: 'long java.lang.invoke.DirectMethodHandle$Holder.invokeInterface(java.lang.Object, java.lang.Object)'> (0x0000000084bce188) 
thrown [t:\workspace\open\src\hotspot\share\interpreter\linkResolver.cpp, line 766]
Event: 13.691 Thread 0x000001a783275da0 Exception <a 'java/lang/NoSuchMethodError'{0x0000000084a09848}: 'java.lang.Object java.lang.invoke.DirectMethodHandle$Holder.invokeVirtual(java.lang.Object, java.lang.Object, java.lang.Object)'> (0x0000000084a09848) 
thrown [t:\workspace\open\src\hotspot\share\interpreter\linkResolver.cpp, line 766]

VM Operations (20 events):
Event: 11.325 Executing VM operation: HandshakeAllThreads
Event: 11.325 Executing VM operation: HandshakeAllThreads done
Event: 11.446 Executing VM operation: HandshakeAllThreads
Event: 11.446 Executing VM operation: HandshakeAllThreads done
Event: 11.695 Executing VM operation: HandshakeAllThreads
Event: 11.695 Executing VM operation: HandshakeAllThreads done
Event: 11.796 Executing VM operation: HandshakeAllThreads
Event: 11.796 Executing VM operation: HandshakeAllThreads done
Event: 12.021 Executing VM operation: HandshakeAllThreads
Event: 12.021 Executing VM operation: HandshakeAllThreads done
Event: 12.209 Executing VM operation: HandshakeAllThreads
Event: 12.209 Executing VM operation: HandshakeAllThreads done
Event: 12.209 Executing VM operation: Cleanup
Event: 12.210 Executing VM operation: Cleanup done
Event: 12.964 Executing VM operation: HandshakeAllThreads
Event: 12.964 Executing VM operation: HandshakeAllThreads done
Event: 13.234 Executing VM operation: HandshakeAllThreads
Event: 13.234 Executing VM operation: HandshakeAllThreads done
Event: 13.234 Executing VM operation: Cleanup
Event: 13.235 Executing VM operation: Cleanup done

Events (20 events):
Event: 13.496 loading class jdk/internal/reflect/UnsafeQualifiedObjectFieldAccessorImpl done
Event: 13.497 loading class jdk/internal/reflect/UnsafeQualifiedStaticObjectFieldAccessorImpl
Event: 13.498 loading class jdk/internal/reflect/UnsafeQualifiedStaticFieldAccessorImpl
Event: 13.498 loading class jdk/internal/reflect/UnsafeQualifiedStaticFieldAccessorImpl done
Event: 13.498 loading class jdk/internal/reflect/UnsafeQualifiedStaticObjectFieldAccessorImpl done
Event: 13.508 loading class java/util/concurrent/CountDownLatch
Event: 13.508 loading class java/util/concurrent/CountDownLatch done
Event: 13.509 loading class java/util/concurrent/CountDownLatch$Sync
Event: 13.509 loading class java/util/concurrent/CountDownLatch$Sync done
Event: 13.511 Thread 0x000001a78272a530 Thread added: 0x000001a78272a530
Event: 13.511 loading class java/math/MathContext
Event: 13.512 loading class java/math/MathContext done
Event: 13.516 loading class java/io/PipedOutputStream
Event: 13.517 loading class java/io/PipedOutputStream done
Event: 13.517 loading class java/io/PipedInputStream
Event: 13.519 loading class java/io/PipedInputStream done
Event: 13.520 Thread 0x000001a78272b3a0 Thread added: 0x000001a78272b3a0
Event: 13.529 Thread 0x000001a78272d080 Thread added: 0x000001a78272d080
Event: 13.677 loading class java/util/function/LongSupplier
Event: 13.678 loading class java/util/function/LongSupplier done


Dynamic libraries:
0x00007ff7ee540000 - 0x00007ff7ee550000 	C:\Program Files\Java\jdk-17.0.1\bin\java.exe
0x00007ff996350000 - 0x00007ff996548000 	C:\Windows\SYSTEM32\ntdll.dll
0x00007ff994bd0000 - 0x00007ff994c8d000 	C:\Windows\System32\KERNEL32.DLL
0x00007ff993bc0000 - 0x00007ff993eb6000 	C:\Windows\System32\KERNELBASE.dll
0x00007ff9940d0000 - 0x00007ff9941d0000 	C:\Windows\System32\ucrtbase.dll
0x00007ff9540d0000 - 0x00007ff9540e8000 	C:\Program Files\Java\jdk-17.0.1\bin\jli.dll
0x00007ff994560000 - 0x00007ff994610000 	C:\Windows\System32\ADVAPI32.dll
0x00007ff996130000 - 0x00007ff9961ce000 	C:\Windows\System32\msvcrt.dll
0x00007ff995450000 - 0x00007ff9954f0000 	C:\Windows\System32\sechost.dll
0x00007ff995100000 - 0x00007ff995223000 	C:\Windows\System32\RPCRT4.dll
0x00007ff994300000 - 0x00007ff994327000 	C:\Windows\System32\bcrypt.dll
0x00007ff995c60000 - 0x00007ff995dff000 	C:\Windows\System32\USER32.dll
0x00007ff9941d0000 - 0x00007ff9941f2000 	C:\Windows\System32\win32u.dll
0x00007ff994b90000 - 0x00007ff994bbb000 	C:\Windows\System32\GDI32.dll
0x00007ff993a00000 - 0x00007ff993b17000 	C:\Windows\System32\gdi32full.dll
0x00007ff993b20000 - 0x00007ff993bbd000 	C:\Windows\System32\msvcp_win.dll
0x00007ff955920000 - 0x00007ff95593a000 	C:\Program Files\Java\jdk-17.0.1\bin\VCRUNTIME140.dll
0x00007ff97d0a0000 - 0x00007ff97d33a000 	C:\Windows\WinSxS\amd64_microsoft.windows.common-controls_6595b64144ccf1df_6.0.19041.3636_none_60b6a03d71f818d5\COMCTL32.dll
0x00007ff985ee0000 - 0x00007ff985eea000 	C:\Windows\SYSTEM32\VERSION.dll
0x00007ff994520000 - 0x00007ff994552000 	C:\Windows\System32\IMM32.DLL
0x00007ff9896b0000 - 0x00007ff9896bc000 	C:\Program Files\Java\jdk-17.0.1\bin\vcruntime140_1.dll
0x00007ff9264d0000 - 0x00007ff92655d000 	C:\Program Files\Java\jdk-17.0.1\bin\msvcp140.dll
0x00007ff8da0d0000 - 0x00007ff8dac8e000 	C:\Program Files\Java\jdk-17.0.1\bin\server\jvm.dll
0x00007ff994a40000 - 0x00007ff994a48000 	C:\Windows\System32\PSAPI.DLL
0x00007ff9750b0000 - 0x00007ff9750b9000 	C:\Windows\SYSTEM32\WSOCK32.dll
0x00007ff9953e0000 - 0x00007ff99544b000 	C:\Windows\System32\WS2_32.dll
0x00007ff982dc0000 - 0x00007ff982de7000 	C:\Windows\SYSTEM32\WINMM.dll
0x00007ff9921c0000 - 0x00007ff9921d2000 	C:\Windows\SYSTEM32\kernel.appcore.dll
0x00007ff9789e0000 - 0x00007ff9789ea000 	C:\Program Files\Java\jdk-17.0.1\bin\jimage.dll
0x00007ff991da0000 - 0x00007ff991f84000 	C:\Windows\SYSTEM32\DBGHELP.DLL
0x00007ff9771d0000 - 0x00007ff977204000 	C:\Windows\SYSTEM32\dbgcore.DLL
0x00007ff994200000 - 0x00007ff994282000 	C:\Windows\System32\bcryptPrimitives.dll
0x00007ff989b60000 - 0x00007ff989b6e000 	C:\Program Files\Java\jdk-17.0.1\bin\instrument.dll
0x00007ff933a70000 - 0x00007ff933a95000 	C:\Program Files\Java\jdk-17.0.1\bin\java.dll
0x00007ff8ff080000 - 0x00007ff8ff156000 	C:\Program Files\Java\jdk-17.0.1\bin\svml.dll
0x00007ff9954f0000 - 0x00007ff995c5b000 	C:\Windows\System32\SHELL32.dll
0x00007ff991540000 - 0x00007ff991cde000 	C:\Windows\SYSTEM32\windows.storage.dll
0x00007ff994610000 - 0x00007ff994963000 	C:\Windows\System32\combase.dll
0x00007ff993430000 - 0x00007ff99345e000 	C:\Windows\SYSTEM32\Wldp.dll
0x00007ff995ee0000 - 0x00007ff995fad000 	C:\Windows\System32\OLEAUT32.dll
0x00007ff996260000 - 0x00007ff99630d000 	C:\Windows\System32\SHCORE.dll
0x00007ff994380000 - 0x00007ff9943d5000 	C:\Windows\System32\shlwapi.dll
0x00007ff993930000 - 0x00007ff993953000 	C:\Windows\SYSTEM32\profapi.dll
0x00007ff94b110000 - 0x00007ff94b128000 	C:\Program Files\Java\jdk-17.0.1\bin\zip.dll
0x00007ff94e4a0000 - 0x00007ff94e4b9000 	C:\Program Files\Java\jdk-17.0.1\bin\net.dll
0x00007ff98d660000 - 0x00007ff98d76a000 	C:\Windows\SYSTEM32\WINHTTP.dll
0x00007ff993190000 - 0x00007ff9931fa000 	C:\Windows\system32\mswsock.dll
0x00007ff94df00000 - 0x00007ff94df15000 	C:\Program Files\Java\jdk-17.0.1\bin\nio.dll
0x00007ff989bf0000 - 0x00007ff989c00000 	C:\Program Files\Java\jdk-17.0.1\bin\verify.dll
0x00007ff94d700000 - 0x00007ff94d727000 	C:\Users\91939\.gradle\native\c067742578af261105cb4f569cf0c3c89f3d7b1fecec35dd04571415982c5e48\windows-amd64\native-platform.dll
0x00007ff92ca40000 - 0x00007ff92cb84000 	C:\Users\91939\.gradle\native\38dada09dfb8b06ba9b0570ebf7e218e3eb74d4ef43ca46872605cf95ebc2f47\windows-amd64\native-platform-file-events.dll
0x00007ff973f70000 - 0x00007ff973f79000 	C:\Program Files\Java\jdk-17.0.1\bin\management.dll
0x00007ff973d50000 - 0x00007ff973d5b000 	C:\Program Files\Java\jdk-17.0.1\bin\management_ext.dll
0x00007ff993380000 - 0x00007ff993398000 	C:\Windows\SYSTEM32\CRYPTSP.dll
0x00007ff992a40000 - 0x00007ff992a74000 	C:\Windows\system32\rsaenh.dll
0x00007ff9938b0000 - 0x00007ff9938de000 	C:\Windows\SYSTEM32\USERENV.dll
0x00007ff9933a0000 - 0x00007ff9933ac000 	C:\Windows\SYSTEM32\CRYPTBASE.dll
0x00007ff992e20000 - 0x00007ff992e5b000 	C:\Windows\SYSTEM32\IPHLPAPI.DLL
0x00007ff994bc0000 - 0x00007ff994bc8000 	C:\Windows\System32\NSI.dll
0x00007ff985260000 - 0x00007ff985277000 	C:\Windows\SYSTEM32\dhcpcsvc6.DLL
0x00007ff985dc0000 - 0x00007ff985ddd000 	C:\Windows\SYSTEM32\dhcpcsvc.DLL
0x00007ff992e60000 - 0x00007ff992f2b000 	C:\Windows\SYSTEM32\DNSAPI.dll
0x00007ff971030000 - 0x00007ff97103e000 	C:\Program Files\Java\jdk-17.0.1\bin\sunmscapi.dll
0x00007ff993ec0000 - 0x00007ff99401e000 	C:\Windows\System32\CRYPT32.dll
0x00007ff9934a0000 - 0x00007ff9934c8000 	C:\Windows\SYSTEM32\ncrypt.dll
0x00007ff993460000 - 0x00007ff99349b000 	C:\Windows\SYSTEM32\NTASN1.dll
0x00007ff9044d0000 - 0x00007ff9044d7000 	C:\Windows\system32\wshunix.dll

dbghelp: loaded successfully - version: 4.0.5 - missing functions: none
symbol engine: initialized successfully - sym options: 0x614 - pdb path: .;C:\Program Files\Java\jdk-17.0.1\bin;C:\Windows\SYSTEM32;C:\Windows\WinSxS\amd64_microsoft.windows.common-controls_6595b64144ccf1df_6.0.19041.3636_none_60b6a03d71f818d5;C:\Program Files\Java\jdk-17.0.1\bin\server;C:\Users\91939\.gradle\native\c067742578af261105cb4f569cf0c3c89f3d7b1fecec35dd04571415982c5e48\windows-amd64;C:\Users\91939\.gradle\native\38dada09dfb8b06ba9b0570ebf7e218e3eb74d4ef43ca46872605cf95ebc2f47\windows-amd64

VM Arguments:
jvm_args: -XX:MaxMetaspaceSize=512m --add-opens=java.base/java.util=ALL-UNNAMED --add-opens=java.base/java.lang=ALL-UNNAMED --add-opens=java.base/java.lang.invoke=ALL-UNNAMED --add-opens=java.prefs/java.util.prefs=ALL-UNNAMED --add-opens=java.base/java.nio.charset=ALL-UNNAMED --add-opens=java.base/java.net=ALL-UNNAMED --add-opens=java.base/java.util.concurrent.atomic=ALL-UNNAMED -Xmx2048m -Dfile.encoding=windows-1252 -Duser.country=IN -Duser.language=en -Duser.variant -javaagent:C:\Users\91939\.gradle\wrapper\dists\gradle-8.7-bin\bhs2wmbdwecv87pi65oeuq5iu\gradle-8.7\lib\agents\gradle-instrumentation-agent-8.7.jar 
java_command: org.gradle.launcher.daemon.bootstrap.GradleDaemon 8.7
java_class_path (initial): C:\Users\91939\.gradle\wrapper\dists\gradle-8.7-bin\bhs2wmbdwecv87pi65oeuq5iu\gradle-8.7\lib\gradle-launcher-8.7.jar
Launcher Type: SUN_STANDARD

[Global flags]
     intx CICompilerCount                          = 3                                         {product} {ergonomic}
   size_t CompressedClassSpaceSize                 = 432013312                                 {product} {ergonomic}
     uint ConcGCThreads                            = 1                                         {product} {ergonomic}
     uint G1ConcRefinementThreads                  = 4                                         {product} {ergonomic}
   size_t G1HeapRegionSize                         = 1048576                                   {product} {ergonomic}
    uintx GCDrainStackTargetSize                   = 64                                        {product} {ergonomic}
   size_t InitialHeapSize                          = 130023424                                 {product} {ergonomic}
   size_t MarkStackSize                            = 4194304                                   {product} {ergonomic}
   size_t MaxHeapSize                              = 2147483648                                {product} {command line}
   size_t MaxMetaspaceSize                         = 536870912                                 {product} {command line}
   size_t MaxNewSize                               = 1287651328                                {product} {ergonomic}
   size_t MinHeapDeltaBytes                        = 1048576                                   {product} {ergonomic}
   size_t MinHeapSize                              = 8388608                                   {product} {ergonomic}
    uintx NonNMethodCodeHeapSize                   = 5832780                                {pd product} {ergonomic}
    uintx NonProfiledCodeHeapSize                  = 122912730                              {pd product} {ergonomic}
    uintx ProfiledCodeHeapSize                     = 122912730                              {pd product} {ergonomic}
    uintx ReservedCodeCacheSize                    = 251658240                              {pd product} {ergonomic}
     bool SegmentedCodeCache                       = true                                      {product} {ergonomic}
   size_t SoftMaxHeapSize                          = 2147483648                             {manageable} {ergonomic}
     bool UseCompressedClassPointers               = true                           {product lp64_product} {ergonomic}
     bool UseCompressedOops                        = true                           {product lp64_product} {ergonomic}
     bool UseG1GC                                  = true                                      {product} {ergonomic}
     bool UseLargePagesIndividualAllocation        = false                                  {pd product} {ergonomic}

Logging:
Log output configuration:
 #0: stdout all=warning uptime,level,tags
 #1: stderr all=off uptime,level,tags

Environment Variables:
JAVA_HOME=C:\Program Files\Java\jdk-17.0.1
CLASSPATH=C:\Users\91939\Desktop\apps\HighBro\android\\gradle\wrapper\gradle-wrapper.jar
PATH=C:\Users\91939\Desktop\apps\HighBro\node_modules\.bin;C:\Users\91939\Desktop\apps\HighBro\node_modules\.bin;C:\Users\91939\Desktop\apps\node_modules\.bin;C:\Users\91939\Desktop\node_modules\.bin;C:\Users\91939\node_modules\.bin;C:\Users\node_modules\.bin;C:\node_modules\.bin;C:\Users\91939\AppData\Roaming\npm\node_modules\npm\node_modules\@npmcli\run-script\lib\node-gyp-bin;C:\Users\91939\Desktop\apps\HighBro\node_modules\.bin;C:\Users\91939\Desktop\apps\HighBro\node_modules\.bin;C:\Users\91939\Desktop\apps\node_modules\.bin;C:\Users\91939\Desktop\node_modules\.bin;C:\Users\91939\node_modules\.bin;C:\Users\node_modules\.bin;C:\node_modules\.bin;C:\Users\91939\AppData\Roaming\npm\node_modules\npm\node_modules\@npmcli\run-script\lib\node-gyp-bin;C:\Program Files\Common Files\Oracle\Java\javapath;C:\Program Files (x86)\Common Files\Intel\Shared Libraries\redist\intel64\compiler;C:\Windows\system32;C:\Windows;C:\Windows\System32\Wbem;C:\Windows\System32\WindowsPowerShell\v1.0\;C:\Windows\System32\OpenSSH\;C:\MinGW\bin;C:\Program Files\Git\cmd;C:\Program Files\Docker\Docker\resources\bin;C:\ProgramData\DockerDesktop\version-bin;C:\Users\91939\AppData\Local\Android\Sdk\platform-tools;C:\ProgramData\chocolatey\bin;C:\Program Files\nodejs\;C:\Users\91939\AppData\Local\Android\Sdk;C:\Users\91939\flutter\bin;%PNPM_HOME%;C:\Users\91939\AppData\Local\Programs\Python\Python310\Scripts\;C:\Users\91939\AppData\Local\Programs\Python\Python310\;C:\Users\91939\AppData\Local\Microsoft\WindowsApps;C:\Program Files\JetBrains\IntelliJ IDEA Community Edition 2021.2.3\bin;;C:\Users\91939\AppData\Local\GitHubDesktop\bin;C:\Users\91939\Dropbox\My PC (LAPTOP-JH16H4DN)\Downloads\Setup\apache-maven-3.8.6\bin;C:\flutter\bin;C:\Users\91939\AppData\Local\Programs\Microsoft VS Code\bin;C:\Users\91939\AppData\Roaming\npm;C:\Users\91939\AppData\Local\Android\Sdk;C:\Users\91939\AppData\Local\Android\Sdk\platform-tools;C:\Users\91939\AppData\Local\Android\Sdk\emulator;C:\Users\91939\AppData\Local\And
USERNAME=91939
LANG=en_US.UTF-8
OS=Windows_NT
PROCESSOR_IDENTIFIER=Intel64 Family 6 Model 140 Stepping 1, GenuineIntel



---------------  S Y S T E M  ---------------

OS:
 Windows 10 , 64 bit Build 19041 (10.0.19041.3636)
OS uptime: 4 days 1:14 hours
Hyper-V role detected

CPU: total 4 (initial active 4) (2 cores per cpu, 2 threads per core) family 6 model 140 stepping 1 microcode 0x86, cx8, cmov, fxsr, ht, mmx, 3dnowpref, sse, sse2, sse3, ssse3, sse4.1, sse4.2, popcnt, lzcnt, tsc, tscinvbit, avx, avx2, aes, erms, clmul, bmi1, bmi2, adx, avx512f, avx512dq, avx512cd, avx512bw, avx512vl, sha, fma, vzeroupper, avx512_vpopcntdq, avx512_vpclmulqdq, avx512_vaes, avx512_vnni, clflush, clflushopt, clwb, avx512_vbmi2, avx512_vbmi, hv

Memory: 4k page, system-wide physical 7886M (263M free)
TotalPageFile size 19886M (AvailPageFile size 0M)
current process WorkingSet (physical memory assigned to process): 130M, peak: 130M
current process commit charge ("private bytes"): 234M, peak: 243M

vm_info: Java HotSpot(TM) 64-Bit Server VM (17.0.1+12-LTS-39) for windows-amd64 JRE (17.0.1+12-LTS-39), built on Sep 27 2021 18:41:35 by "mach5one" with MS VC++ 16.8 (VS2019)

END.
