#
# A fatal error has been detected by the Java Runtime Environment:
#
#  EXCEPTION_ACCESS_VIOLATION (0xc0000005) at pc=0x00007ffc1a9a1be9, pid=21380, tid=26124
#
# JRE version:  (17.0.1+12) (build )
# Java VM: Java HotSpot(TM) 64-Bit Server VM (17.0.1+12-LTS-39, mixed mode, sharing, tiered, unknown gc, windows-amd64)
# Problematic frame:
# C  [jimage.dll+0x1be9]
#
# No core dump will be written. Minidumps are not enabled by default on client versions of Windows
#
#

---------------  S U M M A R Y ------------

Command Line: 

Host: 11th Gen Intel(R) Core(TM) i3-1115G4 @ 3.00GHz, 4 cores, 7G,  Windows 10 , 64 bit Build 19041 (10.0.19041.3636)
Time: Sat Mar 30 23:18:09 2024 India Standard Time elapsed time: 0.156387 seconds (0d 0h 0m 0s)

---------------  T H R E A D  ---------------

Current thread is native thread

Stack: [0x00000076bf600000,0x00000076bf700000],  sp=0x00000076bf6fd560,  free space=1013k
Native frames: (J=compiled Java code, j=interpreted, Vv=VM code, C=native code)
C  [jimage.dll+0x1be9]
C  [jimage.dll+0x1d77]
C  [jimage.dll+0x2655]
V  [jvm.dll+0x1ef12a]
V  [jvm.dll+0xae81e]
V  [jvm.dll+0x77f24c]
V  [jvm.dll+0x3e812f]
V  [jvm.dll+0x3e9bd1]
C  [jli.dll+0x527b]
C  [ucrtbase.dll+0x21bb2]
C  [KERNEL32.DLL+0x17344]
C  [ntdll.dll+0x526b1]


siginfo: EXCEPTION_ACCESS_VIOLATION (0xc0000005), reading address 0x00000000000142c4


Registers:
RAX=0x00000000000050aa, RBX=0x00000076bf6fd651, RCX=0x00007ffc1a9a6000, RDX=0x00000000000050aa
RSP=0x00000076bf6fd560, RBP=0x00000076bf6fd650, RSI=0x00000000000071a9, RDI=0x00000076bf6fd650
R8 =0x00007ffc1a9a4288, R9 =0x000000000000001c, R10=0x00007ffc1a910000, R11=0x00007ffc1a9a6000
R12=0x0000000000000000, R13=0x000001a74b3a3490, R14=0x00000076bf6fe6c0, R15=0x00007ffb817d13c8
RIP=0x00007ffc1a9a1be9, EFLAGS=0x0000000000010246

Top of Stack: (sp=0x00000076bf6fd560)
0x00000076bf6fd560:   0000000000000269 00000000000003ff
0x00000076bf6fd570:   000001a74b46e120 00000076bf6fd6d0
0x00000076bf6fd580:   000001a74b3b2650 00007ffc1a9a1d77
0x00000076bf6fd590:   000000000000000b 000001a74b3b2650
0x00000076bf6fd5a0:   00000076bf6fd5f1 0000000000000101
0x00000076bf6fd5b0:   00000000000006f5 000001a74b390150
0x00000076bf6fd5c0:   00000000000006f5 00000000000006f5
0x00000076bf6fd5d0:   00000000000006f5 000001a74b390000
0x00000076bf6fd5e0:   000001a74d5c0000 00007ffc2536e2a9
0x00000076bf6fd5f0:   000011d1ebf287b1 0000000046000345
0x00000076bf6fd600:   00007ffb817af9a0 0000000000000017
0x00000076bf6fd610:   000001a74b3b2650 00000076bf6fe6c0
0x00000076bf6fd620:   000000000000000b 00007ffc1a9a2655
0x00000076bf6fd630:   0000000000000751 0000000000000751
0x00000076bf6fd640:   0000000000000751 000001a74b390000
0x00000076bf6fd650:   61622e6176616a2f 692f6b646a2f6573 

Instructions: (pc=0x00007ffc1a9a1be9)
0x00007ffc1a9a1ae9:   48 85 c9 74 1d 80 3d 1b 45 00 00 00 74 06 48 8b
0x00007ffc1a9a1af9:   53 18 eb 04 48 8b 53 40 e8 ae 0e 00 00 48 83 63
0x00007ffc1a9a1b09:   48 00 8b 4b 0c 83 f9 ff 74 09 e8 e4 0c 00 00 83
0x00007ffc1a9a1b19:   4b 0c ff 48 8b 4b 70 48 85 c9 74 0f ba 10 00 00
0x00007ffc1a9a1b29:   00 e8 fd 0e 00 00 48 83 63 70 00 48 83 c4 20 5b
0x00007ffc1a9a1b39:   c3 cc cc 40 53 48 83 ec 20 48 8b d9 48 8d 0d d4
0x00007ffc1a9a1b49:   46 00 00 e8 b3 0c 00 00 83 6b 08 01 75 24 48 8b
0x00007ffc1a9a1b59:   d3 48 8d 0d b7 44 00 00 e8 22 08 00 00 48 8b cb
0x00007ffc1a9a1b69:   e8 de fe ff ff ba 78 00 00 00 48 8b cb e8 b1 0e
0x00007ffc1a9a1b79:   00 00 48 8d 0d 9e 46 00 00 48 83 c4 20 5b e9 80
0x00007ffc1a9a1b89:   0c 00 00 48 89 5c 24 08 48 89 74 24 10 57 48 83
0x00007ffc1a9a1b99:   ec 20 41 8b f1 4d 8b c8 48 8b fa 4c 8b d9 4d 85
0x00007ffc1a9a1ba9:   c0 74 78 85 f6 74 74 44 8a 12 48 8d 5a 01 48 8b
0x00007ffc1a9a1bb9:   d3 b8 93 01 00 01 eb 12 69 c0 93 01 00 01 41 0f
0x00007ffc1a9a1bc9:   b6 ca 44 8a 12 33 c1 48 ff c2 45 84 d2 75 e9 4d
0x00007ffc1a9a1bd9:   8b 03 0f ba f0 1f 33 d2 49 8b cb f7 f6 48 63 c2
0x00007ffc1a9a1be9:   41 8b 14 81 41 ff 50 08 85 c0 7e 24 8a 0f eb 10
0x00007ffc1a9a1bf9:   69 c0 93 01 00 01 0f b6 c9 33 c1 8a 0b 48 ff c3
0x00007ffc1a9a1c09:   84 c9 75 ec 0f ba f0 1f 33 d2 f7 f6 8b c2 eb 0e
0x00007ffc1a9a1c19:   79 09 83 c9 ff 2b c8 8b c1 eb 03 83 c8 ff 48 8b
0x00007ffc1a9a1c29:   5c 24 30 48 8b 74 24 38 48 83 c4 20 5f c3 cc 48
0x00007ffc1a9a1c39:   89 5c 24 08 48 89 74 24 10 57 48 83 ec 20 48 8b
0x00007ffc1a9a1c49:   f1 48 8d 0d cf 45 00 00 e8 ae 0b 00 00 33 ff 39
0x00007ffc1a9a1c59:   3d ba 43 00 00 76 24 48 8b 05 b9 43 00 00 48 8b
0x00007ffc1a9a1c69:   d6 48 8b 1c f8 48 8b 0b e8 64 1e 00 00 85 c0 74
0x00007ffc1a9a1c79:   2b ff c7 3b 3d 96 43 00 00 72 dc 33 db 48 8d 0d
0x00007ffc1a9a1c89:   93 45 00 00 e8 7a 0b 00 00 48 8b 74 24 38 48 8b
0x00007ffc1a9a1c99:   c3 48 8b 5c 24 30 48 83 c4 20 5f c3 ff 43 08 eb
0x00007ffc1a9a1ca9:   dc cc cc 48 89 5c 24 08 48 89 74 24 10 57 48 83
0x00007ffc1a9a1cb9:   ec 20 48 8b d9 48 8b f2 48 8b 49 10 49 8b f8 8b
0x00007ffc1a9a1cc9:   53 30 48 8b 01 ff 50 20 4c 8b 43 50 48 8b d6 48
0x00007ffc1a9a1cd9:   8b 4b 10 44 8b c8 e8 a8 fe ff ff 83 f8 ff 74 38 



---------------  P R O C E S S  ---------------

VM state: not at safepoint (not fully initialized)

VM Mutex/Monitor currently owned by a thread: None

GC Precious Log:
<Not initialized>


Dynamic libraries:
0x00007ff7d8420000 - 0x00007ff7d8430000 	C:\Program Files\Java\jdk-17.0.1\bin\java.exe
0x00007ffc25350000 - 0x00007ffc25548000 	C:\Windows\SYSTEM32\ntdll.dll
0x00007ffc233a0000 - 0x00007ffc2345d000 	C:\Windows\System32\KERNEL32.DLL
0x00007ffc230a0000 - 0x00007ffc23396000 	C:\Windows\System32\KERNELBASE.dll
0x00007ffc22e50000 - 0x00007ffc22f50000 	C:\Windows\System32\ucrtbase.dll
0x00007ffc1a8f0000 - 0x00007ffc1a908000 	C:\Program Files\Java\jdk-17.0.1\bin\jli.dll
0x00007ffc247a0000 - 0x00007ffc24853000 	C:\Windows\System32\ADVAPI32.dll
0x00007ffc24f50000 - 0x00007ffc24fee000 	C:\Windows\System32\msvcrt.dll
0x00007ffc235f0000 - 0x00007ffc2368f000 	C:\Windows\System32\sechost.dll
0x00007ffc250b0000 - 0x00007ffc251d6000 	C:\Windows\System32\RPCRT4.dll
0x00007ffc22ac0000 - 0x00007ffc22ae7000 	C:\Windows\System32\bcrypt.dll
0x00007ffc23690000 - 0x00007ffc2382e000 	C:\Windows\System32\USER32.dll
0x00007ffc22a20000 - 0x00007ffc22a42000 	C:\Windows\System32\win32u.dll
0x00007ffc23a00000 - 0x00007ffc23a2c000 	C:\Windows\System32\GDI32.dll
0x00007ffc22af0000 - 0x00007ffc22c0a000 	C:\Windows\System32\gdi32full.dll
0x00007ffc23000000 - 0x00007ffc2309d000 	C:\Windows\System32\msvcp_win.dll
0x00007ffc1a910000 - 0x00007ffc1a92a000 	C:\Program Files\Java\jdk-17.0.1\bin\VCRUNTIME140.dll
0x00007ffc0bd50000 - 0x00007ffc0bfea000 	C:\Windows\WinSxS\amd64_microsoft.windows.common-controls_6595b64144ccf1df_6.0.19041.3636_none_60b6a03d71f818d5\COMCTL32.dll
0x00007ffc15030000 - 0x00007ffc1503a000 	C:\Windows\SYSTEM32\VERSION.dll
0x00007ffc24f20000 - 0x00007ffc24f50000 	C:\Windows\System32\IMM32.DLL
0x00007ffc1a9c0000 - 0x00007ffc1a9cc000 	C:\Program Files\Java\jdk-17.0.1\bin\vcruntime140_1.dll
0x00007ffbe4450000 - 0x00007ffbe44dd000 	C:\Program Files\Java\jdk-17.0.1\bin\msvcp140.dll
0x00007ffb80f00000 - 0x00007ffb81abe000 	C:\Program Files\Java\jdk-17.0.1\bin\server\jvm.dll
0x00007ffc24e80000 - 0x00007ffc24e88000 	C:\Windows\System32\PSAPI.DLL
0x00007ffc02c90000 - 0x00007ffc02c99000 	C:\Windows\SYSTEM32\WSOCK32.dll
0x00007ffc23460000 - 0x00007ffc234cb000 	C:\Windows\System32\WS2_32.dll
0x00007ffc11920000 - 0x00007ffc11947000 	C:\Windows\SYSTEM32\WINMM.dll
0x00007ffc21200000 - 0x00007ffc21212000 	C:\Windows\SYSTEM32\kernel.appcore.dll
0x00007ffc1a9a0000 - 0x00007ffc1a9aa000 	C:\Program Files\Java\jdk-17.0.1\bin\jimage.dll
0x00007ffc204d0000 - 0x00007ffc206b4000 	C:\Windows\SYSTEM32\DBGHELP.DLL
0x00007ffc0c6f0000 - 0x00007ffc0c724000 	C:\Windows\SYSTEM32\dbgcore.DLL
0x00007ffc22d70000 - 0x00007ffc22df2000 	C:\Windows\System32\bcryptPrimitives.dll

dbghelp: loaded successfully - version: 4.0.5 - missing functions: none
symbol engine: initialized successfully - sym options: 0x614 - pdb path: .;C:\Program Files\Java\jdk-17.0.1\bin;C:\Windows\SYSTEM32;C:\Windows\WinSxS\amd64_microsoft.windows.common-controls_6595b64144ccf1df_6.0.19041.3636_none_60b6a03d71f818d5;C:\Program Files\Java\jdk-17.0.1\bin\server

VM Arguments:
java_command: <unknown>
java_class_path (initial): <not set>
Launcher Type: SUN_STANDARD

[Global flags]
     bool UseLargePagesIndividualAllocation        = false                                  {pd product} {ergonomic}

Logging:
Log output configuration:
 #0: stdout all=warning uptime,level,tags
 #1: stderr all=off uptime,level,tags

Environment Variables:
JAVA_HOME=C:\Program Files\Java\jdk-17.0.1
CLASSPATH=C:\Users\91939\Desktop\apps\HighBro\android\\gradle\wrapper\gradle-wrapper.jar
PATH=C:\Users\91939\Desktop\apps\HighBro\node_modules\.bin;C:\Users\91939\Desktop\apps\HighBro\node_modules\.bin;C:\Users\91939\Desktop\apps\node_modules\.bin;C:\Users\91939\Desktop\node_modules\.bin;C:\Users\91939\node_modules\.bin;C:\Users\node_modules\.bin;C:\node_modules\.bin;C:\Users\91939\AppData\Roaming\npm\node_modules\npm\node_modules\@npmcli\run-script\lib\node-gyp-bin;C:\Program Files\Common Files\Oracle\Java\javapath;C:\Program Files (x86)\Common Files\Intel\Shared Libraries\redist\intel64\compiler;C:\Windows\system32;C:\Windows;C:\Windows\System32\Wbem;C:\Windows\System32\WindowsPowerShell\v1.0\;C:\Windows\System32\OpenSSH\;C:\MinGW\bin;C:\Program Files\Git\cmd;C:\Program Files\Docker\Docker\resources\bin;C:\ProgramData\DockerDesktop\version-bin;C:\Users\91939\AppData\Local\Android\Sdk\platform-tools;C:\ProgramData\chocolatey\bin;C:\Program Files\nodejs\;C:\Users\91939\AppData\Local\Android\Sdk;C:\Users\91939\flutter\bin;%PNPM_HOME%;C:\Users\91939\AppData\Local\Programs\Python\Python310\Scripts\;C:\Users\91939\AppData\Local\Programs\Python\Python310\;C:\Users\91939\AppData\Local\Microsoft\WindowsApps;C:\Program Files\JetBrains\IntelliJ IDEA Community Edition 2021.2.3\bin;;C:\Users\91939\AppData\Local\GitHubDesktop\bin;C:\Users\91939\Dropbox\My PC (LAPTOP-JH16H4DN)\Downloads\Setup\apache-maven-3.8.6\bin;C:\flutter\bin;C:\Users\91939\AppData\Local\Programs\Microsoft VS Code\bin;C:\Users\91939\AppData\Roaming\npm;C:\Users\91939\AppData\Local\Android\Sdk;C:\Users\91939\AppData\Local\Android\Sdk\platform-tools;C:\Users\91939\AppData\Local\Android\Sdk\emulator;C:\Users\91939\AppData\Local\Android\Sdk\tools;C:\Users\91939\AppData\Local\Android\Sdk\tools\bin;C:\Program Files (x86)\MongoDB\Server\6.0\bin;C:\Program Files (x86)\MongoDB\Server\6.0\bin;C:\Program Files\MongoDB\Server\6.0\bin;C:\Users\91939\flutter\bin;
USERNAME=91939
LANG=en_US.UTF-8
OS=Windows_NT
PROCESSOR_IDENTIFIER=Intel64 Family 6 Model 140 Stepping 1, GenuineIntel



---------------  S Y S T E M  ---------------

OS:
 Windows 10 , 64 bit Build 19041 (10.0.19041.3636)
OS uptime: 5 days 21:36 hours

CPU: total 4 (initial active 0) 

Memory: 4k page, system-wide physical 7886M (94M free)
TotalPageFile size 19886M (AvailPageFile size 44M)
current process WorkingSet (physical memory assigned to process): 7M, peak: 7M
current process commit charge ("private bytes"): 3M, peak: 3M

vm_info: Java HotSpot(TM) 64-Bit Server VM (17.0.1+12-LTS-39) for windows-amd64 JRE (17.0.1+12-LTS-39), built on Sep 27 2021 18:41:35 by "mach5one" with MS VC++ 16.8 (VS2019)

END.
